# JRE version: OpenJDK Runtime Environment (8.0_202) (build 1.8.0_202-release-1483-b49-5587405)
# Java VM: OpenJDK 64-Bit Server VM (25.202-b49-5587405 mixed mode linux-amd64 compressed oops)
Heap:
 PSYoungGen      total 950784K, used 180880K [0x000000076ab00000, 0x00000007bbd00000, 0x00000007c0000000)
  eden space 631808K, 0% used [0x000000076ab00000,0x000000076ab00000,0x0000000791400000)
  from space 318976K, 56% used [0x00000007a5f00000,0x00000007b0fa43c0,0x00000007b9680000)
  to   space 338944K, 0% used [0x0000000791400000,0x0000000791400000,0x00000007a5f00000)
 ParOldGen       total 574976K, used 574545K [0x00000006c0000000, 0x00000006e3180000, 0x000000076ab00000)
  object space 574976K, 99% used [0x00000006c0000000,0x00000006e3114560,0x00000006e3180000)
 Metaspace       used 7009K, capacity 7632K, committed 7936K, reserved 1056768K
  class space    used 619K, capacity 648K, committed 768K, reserved 1048576K
GC Heap History (10 events):
Event: 36.218 GC heap after
Heap after GC invocations=20 (full 4):
 PSYoungGen      total 711168K, used 144491K [0x000000076ab00000, 0x00000007a3280000, 0x00000007c0000000)
  eden space 533504K, 0% used [0x000000076ab00000,0x000000076ab00000,0x000000078b400000)
  from space 177664K, 81% used [0x0000000797280000,0x000000079ff9ade8,0x00000007a2000000)
  to   space 195072K, 0% used [0x000000078b400000,0x000000078b400000,0x0000000797280000)
 ParOldGen       total 554496K, used 362461K [0x00000006c0000000, 0x00000006e1d80000, 0x000000076ab00000)
  object space 554496K, 65% used [0x00000006c0000000,0x00000006d61f76d0,0x00000006e1d80000)
 Metaspace       used 6575K, capacity 7280K, committed 7552K, reserved 1056768K
  class space    used 597K, capacity 616K, committed 640K, reserved 1048576K
}
Event: 38.789 GC heap before
{Heap before GC invocations=21 (full 4):
 PSYoungGen      total 711168K, used 677995K [0x000000076ab00000, 0x00000007a3280000, 0x00000007c0000000)
  eden space 533504K, 100% used [0x000000076ab00000,0x000000078b400000,0x000000078b400000)
  from space 177664K, 81% used [0x0000000797280000,0x000000079ff9ade8,0x00000007a2000000)
  to   space 195072K, 0% used [0x000000078b400000,0x000000078b400000,0x0000000797280000)
 ParOldGen       total 554496K, used 362461K [0x00000006c0000000, 0x00000006e1d80000, 0x000000076ab00000)
  object space 554496K, 65% used [0x00000006c0000000,0x00000006d61f76d0,0x00000006e1d80000)
 Metaspace       used 6581K, capacity 7280K, committed 7552K, reserved 1056768K
  class space    used 598K, capacity 616K, committed 640K, reserved 1048576K
Event: 39.219 GC heap after
Heap after GC invocations=21 (full 4):
 PSYoungGen      total 728576K, used 195059K [0x000000076ab00000, 0x00000007ac780000, 0x00000007c0000000)
  eden space 533504K, 0% used [0x000000076ab00000,0x000000076ab00000,0x000000078b400000)
  from space 195072K, 99% used [0x000000078b400000,0x000000079727cfb8,0x0000000797280000)
  to   space 237568K, 0% used [0x000000079df80000,0x000000079df80000,0x00000007ac780000)
 ParOldGen       total 554496K, used 390500K [0x00000006c0000000, 0x00000006e1d80000, 0x000000076ab00000)
  object space 554496K, 70% used [0x00000006c0000000,0x00000006d7d59070,0x00000006e1d80000)
 Metaspace       used 6581K, capacity 7280K, committed 7552K, reserved 1056768K
  class space    used 598K, capacity 616K, committed 640K, reserved 1048576K
}
Event: 41.695 GC heap before
{Heap before GC invocations=22 (full 4):
 PSYoungGen      total 728576K, used 728563K [0x000000076ab00000, 0x00000007ac780000, 0x00000007c0000000)
  eden space 533504K, 100% used [0x000000076ab00000,0x000000078b400000,0x000000078b400000)
  from space 195072K, 99% used [0x000000078b400000,0x000000079727cfb8,0x0000000797280000)
  to   space 237568K, 0% used [0x000000079df80000,0x000000079df80000,0x00000007ac780000)
 ParOldGen       total 554496K, used 390500K [0x00000006c0000000, 0x00000006e1d80000, 0x000000076ab00000)
  object space 554496K, 70% used [0x00000006c0000000,0x00000006d7d59070,0x00000006e1d80000)
 Metaspace       used 6586K, capacity 7280K, committed 7552K, reserved 1056768K
  class space    used 598K, capacity 616K, committed 640K, reserved 1048576K
Event: 42.398 GC heap after
Heap after GC invocations=22 (full 4):
 PSYoungGen      total 810496K, used 211401K [0x000000076ab00000, 0x00000007b0c00000, 0x00000007c0000000)
  eden space 572928K, 0% used [0x000000076ab00000,0x000000076ab00000,0x000000078da80000)
  from space 237568K, 88% used [0x000000079df80000,0x00000007aadf2670,0x00000007ac780000)
  to   space 267264K, 0% used [0x000000078da80000,0x000000078da80000,0x000000079df80000)
 ParOldGen       total 554496K, used 456123K [0x00000006c0000000, 0x00000006e1d80000, 0x000000076ab00000)
  object space 554496K, 82% used [0x00000006c0000000,0x00000006dbd6ef58,0x00000006e1d80000)
 Metaspace       used 6586K, capacity 7280K, committed 7552K, reserved 1056768K
  class space    used 598K, capacity 616K, committed 640K, reserved 1048576K
}
Event: 46.385 GC heap before
{Heap before GC invocations=23 (full 4):
 PSYoungGen      total 810496K, used 784329K [0x000000076ab00000, 0x00000007b0c00000, 0x00000007c0000000)
  eden space 572928K, 100% used [0x000000076ab00000,0x000000078da80000,0x000000078da80000)
  from space 237568K, 88% used [0x000000079df80000,0x00000007aadf2670,0x00000007ac780000)
  to   space 267264K, 0% used [0x000000078da80000,0x000000078da80000,0x000000079df80000)
 ParOldGen       total 554496K, used 456123K [0x00000006c0000000, 0x00000006e1d80000, 0x000000076ab00000)
  object space 554496K, 82% used [0x00000006c0000000,0x00000006dbd6ef58,0x00000006e1d80000)
 Metaspace       used 6586K, capacity 7280K, committed 7552K, reserved 1056768K
  class space    used 598K, capacity 616K, committed 640K, reserved 1048576K
Event: 46.685 GC heap after
Heap after GC invocations=23 (full 4):
 PSYoungGen      total 840192K, used 267235K [0x000000076ab00000, 0x00000007b9680000, 0x00000007c0000000)
  eden space 572928K, 0% used [0x000000076ab00000,0x000000076ab00000,0x000000078da80000)
  from space 267264K, 99% used [0x000000078da80000,0x000000079df78c20,0x000000079df80000)
  to   space 318976K, 0% used [0x00000007a5f00000,0x00000007a5f00000,0x00000007b9680000)
 ParOldGen       total 554496K, used 476007K [0x00000006c0000000, 0x00000006e1d80000, 0x000000076ab00000)
  object space 554496K, 85% used [0x00000006c0000000,0x00000006dd0d9fb0,0x00000006e1d80000)
 Metaspace       used 6586K, capacity 7280K, committed 7552K, reserved 1056768K
  class space    used 598K, capacity 616K, committed 640K, reserved 1048576K
}
Event: 53.055 GC heap before
{Heap before GC invocations=24 (full 4):
 PSYoungGen      total 840192K, used 840163K [0x000000076ab00000, 0x00000007b9680000, 0x00000007c0000000)
  eden space 572928K, 100% used [0x000000076ab00000,0x000000078da80000,0x000000078da80000)
  from space 267264K, 99% used [0x000000078da80000,0x000000079df78c20,0x000000079df80000)
  to   space 318976K, 0% used [0x00000007a5f00000,0x00000007a5f00000,0x00000007b9680000)
 ParOldGen       total 554496K, used 476007K [0x00000006c0000000, 0x00000006e1d80000, 0x000000076ab00000)
  object space 554496K, 85% used [0x00000006c0000000,0x00000006dd0d9fb0,0x00000006e1d80000)
 Metaspace       used 7009K, capacity 7632K, committed 7936K, reserved 1056768K
  class space    used 619K, capacity 648K, committed 768K, reserved 1048576K
Event: 53.863 GC heap after
Heap after GC invocations=24 (full 4):
 PSYoungGen      total 950784K, used 228823K [0x000000076ab00000, 0x00000007bbd00000, 0x00000007c0000000)
  eden space 631808K, 0% used [0x000000076ab00000,0x000000076ab00000,0x0000000791400000)
  from space 318976K, 71% used [0x00000007a5f00000,0x00000007b3e75dd0,0x00000007b9680000)
  to   space 338944K, 0% used [0x0000000791400000,0x0000000791400000,0x00000007a5f00000)
 ParOldGen       total 574976K, used 574388K [0x00000006c0000000, 0x00000006e3180000, 0x000000076ab00000)
  object space 574976K, 99% used [0x00000006c0000000,0x00000006e30ed1a8,0x00000006e3180000)
 Metaspace       used 7009K, capacity 7632K, committed 7936K, reserved 1056768K
  class space    used 619K, capacity 648K, committed 768K, reserved 1048576K
}
Event: 53.864 GC heap before
{Heap before GC invocations=25 (full 5):
 PSYoungGen      total 950784K, used 228823K [0x000000076ab00000, 0x00000007bbd00000, 0x00000007c0000000)
  eden space 631808K, 0% used [0x000000076ab00000,0x000000076ab00000,0x0000000791400000)
  from space 318976K, 71% used [0x00000007a5f00000,0x00000007b3e75dd0,0x00000007b9680000)
  to   space 338944K, 0% used [0x0000000791400000,0x0000000791400000,0x00000007a5f00000)
 ParOldGen       total 574976K, used 574388K [0x00000006c0000000, 0x00000006e3180000, 0x000000076ab00000)
  object space 574976K, 99% used [0x00000006c0000000,0x00000006e30ed1a8,0x00000006e3180000)
 Metaspace       used 7009K, capacity 7632K, committed 7936K, reserved 1056768K
  class space    used 619K, capacity 648K, committed 768K, reserved 1048576K

