# JRE version: OpenJDK Runtime Environment (8.0_202) (build 1.8.0_202-release-1483-b49-5587405)
# Java VM: OpenJDK 64-Bit Server VM (25.202-b49-5587405 mixed mode linux-amd64 compressed oops)
Heap:
 PSYoungGen      total 659456K, used 72041K [0x000000076ab00000, 0x00000007a7b80000, 0x00000007c0000000)
  eden space 506368K, 0% used [0x000000076ab00000,0x000000076ab00000,0x0000000789980000)
  from space 153088K, 47% used [0x0000000789980000,0x000000078dfda7d0,0x0000000792f00000)
  to   space 151552K, 0% used [0x000000079e780000,0x000000079e780000,0x00000007a7b80000)
 ParOldGen       total 390656K, used 390507K [0x00000006c0000000, 0x00000006d7d80000, 0x000000076ab00000)
  object space 390656K, 99% used [0x00000006c0000000,0x00000006d7d5ae38,0x00000006d7d80000)
 Metaspace       used 6624K, capacity 7344K, committed 7552K, reserved 1056768K
  class space    used 598K, capacity 616K, committed 640K, reserved 1048576K
GC Heap History (10 events):
Event: 11.745 GC heap after
Heap after GC invocations=14 (full 2):
 PSYoungGen      total 505856K, used 92970K [0x000000076ab00000, 0x0000000792d80000, 0x00000007c0000000)
  eden space 404480K, 0% used [0x000000076ab00000,0x000000076ab00000,0x0000000783600000)
  from space 101376K, 91% used [0x000000078a700000,0x00000007901caad8,0x0000000790a00000)
  to   space 115712K, 0% used [0x0000000783600000,0x0000000783600000,0x000000078a700000)
 ParOldGen       total 216576K, used 197795K [0x00000006c0000000, 0x00000006cd380000, 0x000000076ab00000)
  object space 216576K, 91% used [0x00000006c0000000,0x00000006cc128cc0,0x00000006cd380000)
 Metaspace       used 6599K, capacity 7280K, committed 7552K, reserved 1056768K
  class space    used 597K, capacity 616K, committed 640K, reserved 1048576K
}
Event: 11.745 GC heap before
{Heap before GC invocations=15 (full 3):
 PSYoungGen      total 505856K, used 92970K [0x000000076ab00000, 0x0000000792d80000, 0x00000007c0000000)
  eden space 404480K, 0% used [0x000000076ab00000,0x000000076ab00000,0x0000000783600000)
  from space 101376K, 91% used [0x000000078a700000,0x00000007901caad8,0x0000000790a00000)
  to   space 115712K, 0% used [0x0000000783600000,0x0000000783600000,0x000000078a700000)
 ParOldGen       total 216576K, used 197795K [0x00000006c0000000, 0x00000006cd380000, 0x000000076ab00000)
  object space 216576K, 91% used [0x00000006c0000000,0x00000006cc128cc0,0x00000006cd380000)
 Metaspace       used 6599K, capacity 7280K, committed 7552K, reserved 1056768K
  class space    used 597K, capacity 616K, committed 640K, reserved 1048576K
Event: 13.388 GC heap after
Heap after GC invocations=15 (full 3):
 PSYoungGen      total 505856K, used 55869K [0x000000076ab00000, 0x0000000792d80000, 0x00000007c0000000)
  eden space 404480K, 0% used [0x000000076ab00000,0x000000076ab00000,0x0000000783600000)
  from space 101376K, 55% used [0x000000078a700000,0x000000078dd8f770,0x0000000790a00000)
  to   space 115712K, 0% used [0x0000000783600000,0x0000000783600000,0x000000078a700000)
 ParOldGen       total 343552K, used 216287K [0x00000006c0000000, 0x00000006d4f80000, 0x000000076ab00000)
  object space 343552K, 62% used [0x00000006c0000000,0x00000006cd337df8,0x00000006d4f80000)
 Metaspace       used 6599K, capacity 7280K, committed 7552K, reserved 1056768K
  class space    used 597K, capacity 616K, committed 640K, reserved 1048576K
}
Event: 16.793 GC heap before
{Heap before GC invocations=16 (full 3):
 PSYoungGen      total 505856K, used 460349K [0x000000076ab00000, 0x0000000792d80000, 0x00000007c0000000)
  eden space 404480K, 100% used [0x000000076ab00000,0x0000000783600000,0x0000000783600000)
  from space 101376K, 55% used [0x000000078a700000,0x000000078dd8f770,0x0000000790a00000)
  to   space 115712K, 0% used [0x0000000783600000,0x0000000783600000,0x000000078a700000)
 ParOldGen       total 343552K, used 216287K [0x00000006c0000000, 0x00000006d4f80000, 0x000000076ab00000)
  object space 343552K, 62% used [0x00000006c0000000,0x00000006cd337df8,0x00000006d4f80000)
 Metaspace       used 6613K, capacity 7344K, committed 7552K, reserved 1056768K
  class space    used 598K, capacity 616K, committed 640K, reserved 1048576K
Event: 21.070 GC heap after
Heap after GC invocations=16 (full 3):
 PSYoungGen      total 520192K, used 115685K [0x000000076ab00000, 0x000000079b380000, 0x00000007c0000000)
  eden space 404480K, 0% used [0x000000076ab00000,0x000000076ab00000,0x0000000783600000)
  from space 115712K, 99% used [0x0000000783600000,0x000000078a6f9600,0x000000078a700000)
  to   space 135680K, 0% used [0x0000000792f00000,0x0000000792f00000,0x000000079b380000)
 ParOldGen       total 343552K, used 218167K [0x00000006c0000000, 0x00000006d4f80000, 0x000000076ab00000)
  object space 343552K, 63% used [0x00000006c0000000,0x00000006cd50de50,0x00000006d4f80000)
 Metaspace       used 6613K, capacity 7344K, committed 7552K, reserved 1056768K
  class space    used 598K, capacity 616K, committed 640K, reserved 1048576K
}
Event: 22.751 GC heap before
{Heap before GC invocations=17 (full 3):
 PSYoungGen      total 520192K, used 520165K [0x000000076ab00000, 0x000000079b380000, 0x00000007c0000000)
  eden space 404480K, 100% used [0x000000076ab00000,0x0000000783600000,0x0000000783600000)
  from space 115712K, 99% used [0x0000000783600000,0x000000078a6f9600,0x000000078a700000)
  to   space 135680K, 0% used [0x0000000792f00000,0x0000000792f00000,0x000000079b380000)
 ParOldGen       total 343552K, used 218167K [0x00000006c0000000, 0x00000006d4f80000, 0x000000076ab00000)
  object space 343552K, 63% used [0x00000006c0000000,0x00000006cd50de50,0x00000006d4f80000)
 Metaspace       used 6619K, capacity 7344K, committed 7552K, reserved 1056768K
  class space    used 598K, capacity 616K, committed 640K, reserved 1048576K
Event: 30.862 GC heap after
Heap after GC invocations=17 (full 3):
 PSYoungGen      total 642048K, used 120414K [0x000000076ab00000, 0x000000079f580000, 0x00000007c0000000)
  eden space 506368K, 0% used [0x000000076ab00000,0x000000076ab00000,0x0000000789980000)
  from space 135680K, 88% used [0x0000000792f00000,0x000000079a497ba0,0x000000079b380000)
  to   space 153088K, 0% used [0x0000000789980000,0x0000000789980000,0x0000000792f00000)
 ParOldGen       total 343552K, used 272555K [0x00000006c0000000, 0x00000006d4f80000, 0x000000076ab00000)
  object space 343552K, 79% used [0x00000006c0000000,0x00000006d0a2ad08,0x00000006d4f80000)
 Metaspace       used 6619K, capacity 7344K, committed 7552K, reserved 1056768K
  class space    used 598K, capacity 616K, committed 640K, reserved 1048576K
}
Event: 32.499 GC heap before
{Heap before GC invocations=18 (full 3):
 PSYoungGen      total 642048K, used 626782K [0x000000076ab00000, 0x000000079f580000, 0x00000007c0000000)
  eden space 506368K, 100% used [0x000000076ab00000,0x0000000789980000,0x0000000789980000)
  from space 135680K, 88% used [0x0000000792f00000,0x000000079a497ba0,0x000000079b380000)
  to   space 153088K, 0% used [0x0000000789980000,0x0000000789980000,0x0000000792f00000)
 ParOldGen       total 343552K, used 272555K [0x00000006c0000000, 0x00000006d4f80000, 0x000000076ab00000)
  object space 343552K, 79% used [0x00000006c0000000,0x00000006d0a2ad08,0x00000006d4f80000)
 Metaspace       used 6624K, capacity 7344K, committed 7552K, reserved 1056768K
  class space    used 598K, capacity 616K, committed 640K, reserved 1048576K
Event: 33.458 GC heap after
Heap after GC invocations=18 (full 3):
 PSYoungGen      total 659456K, used 79176K [0x000000076ab00000, 0x00000007a7b80000, 0x00000007c0000000)
  eden space 506368K, 0% used [0x000000076ab00000,0x000000076ab00000,0x0000000789980000)
  from space 153088K, 51% used [0x0000000789980000,0x000000078e6d23c0,0x0000000792f00000)
  to   space 151552K, 0% used [0x000000079e780000,0x000000079e780000,0x00000007a7b80000)
 ParOldGen       total 390656K, used 389867K [0x00000006c0000000, 0x00000006d7d80000, 0x000000076ab00000)
  object space 390656K, 99% used [0x00000006c0000000,0x00000006d7cbad48,0x00000006d7d80000)
 Metaspace       used 6624K, capacity 7344K, committed 7552K, reserved 1056768K
  class space    used 598K, capacity 616K, committed 640K, reserved 1048576K
}
Event: 33.458 GC heap before
{Heap before GC invocations=19 (full 4):
 PSYoungGen      total 659456K, used 79176K [0x000000076ab00000, 0x00000007a7b80000, 0x00000007c0000000)
  eden space 506368K, 0% used [0x000000076ab00000,0x000000076ab00000,0x0000000789980000)
  from space 153088K, 51% used [0x0000000789980000,0x000000078e6d23c0,0x0000000792f00000)
  to   space 151552K, 0% used [0x000000079e780000,0x000000079e780000,0x00000007a7b80000)
 ParOldGen       total 390656K, used 389867K [0x00000006c0000000, 0x00000006d7d80000, 0x000000076ab00000)
  object space 390656K, 99% used [0x00000006c0000000,0x00000006d7cbad48,0x00000006d7d80000)
 Metaspace       used 6624K, capacity 7344K, committed 7552K, reserved 1056768K
  class space    used 598K, capacity 616K, committed 640K, reserved 1048576K

