# JRE version: OpenJDK Runtime Environment (8.0_202) (build 1.8.0_202-release-1483-b49-5587405)
# Java VM: OpenJDK 64-Bit Server VM (25.202-b49-5587405 mixed mode linux-amd64 compressed oops)
Heap:
 PSYoungGen      total 753664K, used 103876K [0x000000076ab00000, 0x00000007a8800000, 0x00000007c0000000)
  eden space 555520K, 0% used [0x000000076ab00000,0x000000076ab00000,0x000000078c980000)
  from space 198144K, 52% used [0x0000000799b80000,0x00000007a00f1020,0x00000007a5d00000)
  to   space 215040K, 0% used [0x000000078c980000,0x000000078c980000,0x0000000799b80000)
 ParOldGen       total 547840K, used 547607K [0x00000006c0000000, 0x00000006e1700000, 0x000000076ab00000)
  object space 547840K, 99% used [0x00000006c0000000,0x00000006e16c5db0,0x00000006e1700000)
 Metaspace       used 6654K, capacity 7344K, committed 7552K, reserved 1056768K
  class space    used 599K, capacity 616K, committed 640K, reserved 1048576K
GC Heap History (10 events):
Event: 17.448 GC heap after
Heap after GC invocations=18 (full 3):
 PSYoungGen      total 560128K, used 127474K [0x000000076ab00000, 0x000000079e300000, 0x00000007c0000000)
  eden space 432640K, 0% used [0x000000076ab00000,0x000000076ab00000,0x0000000785180000)
  from space 127488K, 99% used [0x0000000785180000,0x000000078cdfcb20,0x000000078ce00000)
  to   space 162816K, 0% used [0x0000000794400000,0x0000000794400000,0x000000079e300000)
 ParOldGen       total 356864K, used 330249K [0x00000006c0000000, 0x00000006d5c80000, 0x000000076ab00000)
  object space 356864K, 92% used [0x00000006c0000000,0x00000006d42824f8,0x00000006d5c80000)
 Metaspace       used 6635K, capacity 7344K, committed 7552K, reserved 1056768K
  class space    used 597K, capacity 616K, committed 640K, reserved 1048576K
}
Event: 17.448 GC heap before
{Heap before GC invocations=19 (full 4):
 PSYoungGen      total 560128K, used 127474K [0x000000076ab00000, 0x000000079e300000, 0x00000007c0000000)
  eden space 432640K, 0% used [0x000000076ab00000,0x000000076ab00000,0x0000000785180000)
  from space 127488K, 99% used [0x0000000785180000,0x000000078cdfcb20,0x000000078ce00000)
  to   space 162816K, 0% used [0x0000000794400000,0x0000000794400000,0x000000079e300000)
 ParOldGen       total 356864K, used 330249K [0x00000006c0000000, 0x00000006d5c80000, 0x000000076ab00000)
  object space 356864K, 92% used [0x00000006c0000000,0x00000006d42824f8,0x00000006d5c80000)
 Metaspace       used 6635K, capacity 7344K, committed 7552K, reserved 1056768K
  class space    used 597K, capacity 616K, committed 640K, reserved 1048576K
Event: 20.047 GC heap after
Heap after GC invocations=19 (full 4):
 PSYoungGen      total 560128K, used 83106K [0x000000076ab00000, 0x000000079e300000, 0x00000007c0000000)
  eden space 432640K, 0% used [0x000000076ab00000,0x000000076ab00000,0x0000000785180000)
  from space 127488K, 65% used [0x0000000785180000,0x000000078a2a8ba0,0x000000078ce00000)
  to   space 162816K, 0% used [0x0000000794400000,0x0000000794400000,0x000000079e300000)
 ParOldGen       total 547840K, used 356641K [0x00000006c0000000, 0x00000006e1700000, 0x000000076ab00000)
  object space 547840K, 65% used [0x00000006c0000000,0x00000006d5c486e8,0x00000006e1700000)
 Metaspace       used 6635K, capacity 7344K, committed 7552K, reserved 1056768K
  class space    used 597K, capacity 616K, committed 640K, reserved 1048576K
}
Event: 21.358 GC heap before
{Heap before GC invocations=20 (full 4):
 PSYoungGen      total 560128K, used 515746K [0x000000076ab00000, 0x000000079e300000, 0x00000007c0000000)
  eden space 432640K, 100% used [0x000000076ab00000,0x0000000785180000,0x0000000785180000)
  from space 127488K, 65% used [0x0000000785180000,0x000000078a2a8ba0,0x000000078ce00000)
  to   space 162816K, 0% used [0x0000000794400000,0x0000000794400000,0x000000079e300000)
 ParOldGen       total 547840K, used 356641K [0x00000006c0000000, 0x00000006e1700000, 0x000000076ab00000)
  object space 547840K, 65% used [0x00000006c0000000,0x00000006d5c486e8,0x00000006e1700000)
 Metaspace       used 6644K, capacity 7344K, committed 7552K, reserved 1056768K
  class space    used 598K, capacity 616K, committed 640K, reserved 1048576K
Event: 21.657 GC heap after
Heap after GC invocations=20 (full 4):
 PSYoungGen      total 669696K, used 101005K [0x000000076ab00000, 0x000000079e200000, 0x00000007c0000000)
  eden space 507904K, 0% used [0x000000076ab00000,0x000000076ab00000,0x0000000789b00000)
  from space 161792K, 62% used [0x0000000794400000,0x000000079a6a3418,0x000000079e200000)
  to   space 167424K, 0% used [0x0000000789b00000,0x0000000789b00000,0x0000000793e80000)
 ParOldGen       total 547840K, used 405685K [0x00000006c0000000, 0x00000006e1700000, 0x000000076ab00000)
  object space 547840K, 74% used [0x00000006c0000000,0x00000006d8c2d768,0x00000006e1700000)
 Metaspace       used 6644K, capacity 7344K, committed 7552K, reserved 1056768K
  class space    used 598K, capacity 616K, committed 640K, reserved 1048576K
}
Event: 23.018 GC heap before
{Heap before GC invocations=21 (full 4):
 PSYoungGen      total 669696K, used 608909K [0x000000076ab00000, 0x000000079e200000, 0x00000007c0000000)
  eden space 507904K, 100% used [0x000000076ab00000,0x0000000789b00000,0x0000000789b00000)
  from space 161792K, 62% used [0x0000000794400000,0x000000079a6a3418,0x000000079e200000)
  to   space 167424K, 0% used [0x0000000789b00000,0x0000000789b00000,0x0000000793e80000)
 ParOldGen       total 547840K, used 405685K [0x00000006c0000000, 0x00000006e1700000, 0x000000076ab00000)
  object space 547840K, 74% used [0x00000006c0000000,0x00000006d8c2d768,0x00000006e1700000)
 Metaspace       used 6646K, capacity 7344K, committed 7552K, reserved 1056768K
  class space    used 598K, capacity 616K, committed 640K, reserved 1048576K
Event: 23.257 GC heap after
Heap after GC invocations=21 (full 4):
 PSYoungGen      total 675328K, used 167402K [0x000000076ab00000, 0x00000007a5d00000, 0x00000007c0000000)
  eden space 507904K, 0% used [0x000000076ab00000,0x000000076ab00000,0x0000000789b00000)
  from space 167424K, 99% used [0x0000000789b00000,0x0000000793e7ab50,0x0000000793e80000)
  to   space 198144K, 0% used [0x0000000799b80000,0x0000000799b80000,0x00000007a5d00000)
 ParOldGen       total 547840K, used 414251K [0x00000006c0000000, 0x00000006e1700000, 0x000000076ab00000)
  object space 547840K, 75% used [0x00000006c0000000,0x00000006d948af20,0x00000006e1700000)
 Metaspace       used 6646K, capacity 7344K, committed 7552K, reserved 1056768K
  class space    used 598K, capacity 616K, committed 640K, reserved 1048576K
}
Event: 24.683 GC heap before
{Heap before GC invocations=22 (full 4):
 PSYoungGen      total 675328K, used 675306K [0x000000076ab00000, 0x00000007a5d00000, 0x00000007c0000000)
  eden space 507904K, 100% used [0x000000076ab00000,0x0000000789b00000,0x0000000789b00000)
  from space 167424K, 99% used [0x0000000789b00000,0x0000000793e7ab50,0x0000000793e80000)
  to   space 198144K, 0% used [0x0000000799b80000,0x0000000799b80000,0x00000007a5d00000)
 ParOldGen       total 547840K, used 414369K [0x00000006c0000000, 0x00000006e1700000, 0x000000076ab00000)
  object space 547840K, 75% used [0x00000006c0000000,0x00000006d94a8540,0x00000006e1700000)
 Metaspace       used 6654K, capacity 7344K, committed 7552K, reserved 1056768K
  class space    used 599K, capacity 616K, committed 640K, reserved 1048576K
Event: 25.094 GC heap after
Heap after GC invocations=22 (full 4):
 PSYoungGen      total 753664K, used 154135K [0x000000076ab00000, 0x00000007a8800000, 0x00000007c0000000)
  eden space 555520K, 0% used [0x000000076ab00000,0x000000076ab00000,0x000000078c980000)
  from space 198144K, 77% used [0x0000000799b80000,0x00000007a3205e38,0x00000007a5d00000)
  to   space 215040K, 0% used [0x000000078c980000,0x000000078c980000,0x0000000799b80000)
 ParOldGen       total 547840K, used 507550K [0x00000006c0000000, 0x00000006e1700000, 0x000000076ab00000)
  object space 547840K, 92% used [0x00000006c0000000,0x00000006defa7840,0x00000006e1700000)
 Metaspace       used 6654K, capacity 7344K, committed 7552K, reserved 1056768K
  class space    used 599K, capacity 616K, committed 640K, reserved 1048576K
}
Event: 25.094 GC heap before
{Heap before GC invocations=23 (full 5):
 PSYoungGen      total 753664K, used 154135K [0x000000076ab00000, 0x00000007a8800000, 0x00000007c0000000)
  eden space 555520K, 0% used [0x000000076ab00000,0x000000076ab00000,0x000000078c980000)
  from space 198144K, 77% used [0x0000000799b80000,0x00000007a3205e38,0x00000007a5d00000)
  to   space 215040K, 0% used [0x000000078c980000,0x000000078c980000,0x0000000799b80000)
 ParOldGen       total 547840K, used 507550K [0x00000006c0000000, 0x00000006e1700000, 0x000000076ab00000)
  object space 547840K, 92% used [0x00000006c0000000,0x00000006defa7840,0x00000006e1700000)
 Metaspace       used 6654K, capacity 7344K, committed 7552K, reserved 1056768K
  class space    used 599K, capacity 616K, committed 640K, reserved 1048576K

