# JRE version: OpenJDK Runtime Environment (8.0_202) (build 1.8.0_202-release-1483-b49-5587405)
# Java VM: OpenJDK 64-Bit Server VM (25.202-b49-5587405 mixed mode linux-amd64 compressed oops)
Heap:
 PSYoungGen      total 825856K, used 0K [0x000000076ab00000, 0x00000007acc80000, 0x00000007c0000000)
  eden space 597504K, 0% used [0x000000076ab00000,0x000000076ab00000,0x000000078f280000)
  from space 228352K, 0% used [0x000000079ed80000,0x000000079ed80000,0x00000007acc80000)
  to   space 242688K, 0% used [0x000000078f280000,0x000000078f280000,0x000000079df80000)
 ParOldGen       total 790528K, used 740678K [0x00000006c0000000, 0x00000006f0400000, 0x000000076ab00000)
  object space 790528K, 93% used [0x00000006c0000000,0x00000006ed3519c0,0x00000006f0400000)
 Metaspace       used 7048K, capacity 7632K, committed 7936K, reserved 1056768K
  class space    used 618K, capacity 648K, committed 768K, reserved 1048576K
GC Heap History (10 events):
Event: 35.392 GC heap after
Heap after GC invocations=25 (full 4):
 PSYoungGen      total 646144K, used 179215K [0x000000076ab00000, 0x00000007a7880000, 0x00000007c0000000)
  eden space 422912K, 0% used [0x000000076ab00000,0x000000076ab00000,0x0000000784800000)
  from space 223232K, 80% used [0x0000000784800000,0x000000078f703e78,0x0000000792200000)
  to   space 244224K, 0% used [0x0000000798a00000,0x0000000798a00000,0x00000007a7880000)
 ParOldGen       total 555008K, used 457876K [0x00000006c0000000, 0x00000006e1e00000, 0x000000076ab00000)
  object space 555008K, 82% used [0x00000006c0000000,0x00000006dbf253b0,0x00000006e1e00000)
 Metaspace       used 6626K, capacity 7344K, committed 7552K, reserved 1056768K
  class space    used 598K, capacity 616K, committed 640K, reserved 1048576K
}
Event: 36.846 GC heap before
{Heap before GC invocations=26 (full 4):
 PSYoungGen      total 646144K, used 602127K [0x000000076ab00000, 0x00000007a7880000, 0x00000007c0000000)
  eden space 422912K, 100% used [0x000000076ab00000,0x0000000784800000,0x0000000784800000)
  from space 223232K, 80% used [0x0000000784800000,0x000000078f703e78,0x0000000792200000)
  to   space 244224K, 0% used [0x0000000798a00000,0x0000000798a00000,0x00000007a7880000)
 ParOldGen       total 555008K, used 457876K [0x00000006c0000000, 0x00000006e1e00000, 0x000000076ab00000)
  object space 555008K, 82% used [0x00000006c0000000,0x00000006dbf253b0,0x00000006e1e00000)
 Metaspace       used 6627K, capacity 7344K, committed 7552K, reserved 1056768K
  class space    used 598K, capacity 616K, committed 640K, reserved 1048576K
Event: 41.683 GC heap after
Heap after GC invocations=26 (full 4):
 PSYoungGen      total 735232K, used 180993K [0x000000076ab00000, 0x00000007aa880000, 0x00000007c0000000)
  eden space 491008K, 0% used [0x000000076ab00000,0x000000076ab00000,0x0000000788a80000)
  from space 244224K, 74% used [0x0000000798a00000,0x00000007a3ac0788,0x00000007a7880000)
  to   space 261632K, 0% used [0x0000000788a80000,0x0000000788a80000,0x0000000798a00000)
 ParOldGen       total 555008K, used 517001K [0x00000006c0000000, 0x00000006e1e00000, 0x000000076ab00000)
  object space 555008K, 93% used [0x00000006c0000000,0x00000006df8e2580,0x00000006e1e00000)
 Metaspace       used 6627K, capacity 7344K, committed 7552K, reserved 1056768K
  class space    used 598K, capacity 616K, committed 640K, reserved 1048576K
}
Event: 41.708 GC heap before
{Heap before GC invocations=27 (full 5):
 PSYoungGen      total 735232K, used 180993K [0x000000076ab00000, 0x00000007aa880000, 0x00000007c0000000)
  eden space 491008K, 0% used [0x000000076ab00000,0x000000076ab00000,0x0000000788a80000)
  from space 244224K, 74% used [0x0000000798a00000,0x00000007a3ac0788,0x00000007a7880000)
  to   space 261632K, 0% used [0x0000000788a80000,0x0000000788a80000,0x0000000798a00000)
 ParOldGen       total 555008K, used 517001K [0x00000006c0000000, 0x00000006e1e00000, 0x000000076ab00000)
  object space 555008K, 93% used [0x00000006c0000000,0x00000006df8e2580,0x00000006e1e00000)
 Metaspace       used 6627K, capacity 7344K, committed 7552K, reserved 1056768K
  class space    used 598K, capacity 616K, committed 640K, reserved 1048576K
Event: 46.339 GC heap after
Heap after GC invocations=27 (full 5):
 PSYoungGen      total 735232K, used 135125K [0x000000076ab00000, 0x00000007aa880000, 0x00000007c0000000)
  eden space 491008K, 0% used [0x000000076ab00000,0x000000076ab00000,0x0000000788a80000)
  from space 244224K, 55% used [0x0000000798a00000,0x00000007a0df55a8,0x00000007a7880000)
  to   space 261632K, 0% used [0x0000000788a80000,0x0000000788a80000,0x0000000798a00000)
 ParOldGen       total 790528K, used 554685K [0x00000006c0000000, 0x00000006f0400000, 0x000000076ab00000)
  object space 790528K, 70% used [0x00000006c0000000,0x00000006e1daf7a8,0x00000006f0400000)
 Metaspace       used 6627K, capacity 7344K, committed 7552K, reserved 1056768K
  class space    used 598K, capacity 616K, committed 640K, reserved 1048576K
}
Event: 47.371 GC heap before
{Heap before GC invocations=28 (full 5):
 PSYoungGen      total 735232K, used 626133K [0x000000076ab00000, 0x00000007aa880000, 0x00000007c0000000)
  eden space 491008K, 100% used [0x000000076ab00000,0x0000000788a80000,0x0000000788a80000)
  from space 244224K, 55% used [0x0000000798a00000,0x00000007a0df55a8,0x00000007a7880000)
  to   space 261632K, 0% used [0x0000000788a80000,0x0000000788a80000,0x0000000798a00000)
 ParOldGen       total 790528K, used 554685K [0x00000006c0000000, 0x00000006f0400000, 0x000000076ab00000)
  object space 790528K, 70% used [0x00000006c0000000,0x00000006e1daf7a8,0x00000006f0400000)
 Metaspace       used 6627K, capacity 7344K, committed 7552K, reserved 1056768K
  class space    used 598K, capacity 616K, committed 640K, reserved 1048576K
Event: 47.861 GC heap after
Heap after GC invocations=28 (full 5):
 PSYoungGen      total 752640K, used 124484K [0x000000076ab00000, 0x00000007ae580000, 0x00000007c0000000)
  eden space 491008K, 0% used [0x000000076ab00000,0x000000076ab00000,0x0000000788a80000)
  from space 261632K, 47% used [0x0000000788a80000,0x00000007904111a0,0x0000000798a00000)
  to   space 253952K, 0% used [0x000000079ed80000,0x000000079ed80000,0x00000007ae580000)
 ParOldGen       total 790528K, used 635315K [0x00000006c0000000, 0x00000006f0400000, 0x000000076ab00000)
  object space 790528K, 80% used [0x00000006c0000000,0x00000006e6c6cdc8,0x00000006f0400000)
 Metaspace       used 6627K, capacity 7344K, committed 7552K, reserved 1056768K
  class space    used 598K, capacity 616K, committed 640K, reserved 1048576K
}
Event: 52.765 GC heap before
{Heap before GC invocations=29 (full 5):
 PSYoungGen      total 752640K, used 615492K [0x000000076ab00000, 0x00000007ae580000, 0x00000007c0000000)
  eden space 491008K, 100% used [0x000000076ab00000,0x0000000788a80000,0x0000000788a80000)
  from space 261632K, 47% used [0x0000000788a80000,0x00000007904111a0,0x0000000798a00000)
  to   space 253952K, 0% used [0x000000079ed80000,0x000000079ed80000,0x00000007ae580000)
 ParOldGen       total 790528K, used 635315K [0x00000006c0000000, 0x00000006f0400000, 0x000000076ab00000)
  object space 790528K, 80% used [0x00000006c0000000,0x00000006e6c6cdc8,0x00000006f0400000)
 Metaspace       used 7048K, capacity 7632K, committed 7936K, reserved 1056768K
  class space    used 618K, capacity 648K, committed 768K, reserved 1048576K
Event: 54.359 GC heap after
Heap after GC invocations=29 (full 5):
 PSYoungGen      total 825856K, used 84282K [0x000000076ab00000, 0x00000007acc80000, 0x00000007c0000000)
  eden space 597504K, 0% used [0x000000076ab00000,0x000000076ab00000,0x000000078f280000)
  from space 228352K, 36% used [0x000000079ed80000,0x00000007a3fceaf0,0x00000007acc80000)
  to   space 242688K, 0% used [0x000000078f280000,0x000000078f280000,0x000000079df80000)
 ParOldGen       total 790528K, used 755117K [0x00000006c0000000, 0x00000006f0400000, 0x000000076ab00000)
  object space 790528K, 95% used [0x00000006c0000000,0x00000006ee16b410,0x00000006f0400000)
 Metaspace       used 7048K, capacity 7632K, committed 7936K, reserved 1056768K
  class space    used 618K, capacity 648K, committed 768K, reserved 1048576K
}
Event: 54.369 GC heap before
{Heap before GC invocations=30 (full 6):
 PSYoungGen      total 825856K, used 84282K [0x000000076ab00000, 0x00000007acc80000, 0x00000007c0000000)
  eden space 597504K, 0% used [0x000000076ab00000,0x000000076ab00000,0x000000078f280000)
  from space 228352K, 36% used [0x000000079ed80000,0x00000007a3fceaf0,0x00000007acc80000)
  to   space 242688K, 0% used [0x000000078f280000,0x000000078f280000,0x000000079df80000)
 ParOldGen       total 790528K, used 755117K [0x00000006c0000000, 0x00000006f0400000, 0x000000076ab00000)
  object space 790528K, 95% used [0x00000006c0000000,0x00000006ee16b410,0x00000006f0400000)
 Metaspace       used 7048K, capacity 7632K, committed 7936K, reserved 1056768K
  class space    used 618K, capacity 648K, committed 768K, reserved 1048576K

