# JRE version: OpenJDK Runtime Environment (8.0_202) (build 1.8.0_202-release-1483-b49-5587405)
# Java VM: OpenJDK 64-Bit Server VM (25.202-b49-5587405 mixed mode linux-amd64 compressed oops)
Heap:
 PSYoungGen      total 987648K, used 79041K [0x000000076ab00000, 0x00000007b1e00000, 0x00000007c0000000)
  eden space 818688K, 0% used [0x000000076ab00000,0x000000076ab00000,0x000000079ca80000)
  from space 168960K, 46% used [0x00000007a6d80000,0x00000007abab0650,0x00000007b1280000)
  to   space 166912K, 0% used [0x000000079ca80000,0x000000079ca80000,0x00000007a6d80000)
 ParOldGen       total 476160K, used 475857K [0x00000006c0000000, 0x00000006dd100000, 0x000000076ab00000)
  object space 476160K, 99% used [0x00000006c0000000,0x00000006dd0b4488,0x00000006dd100000)
 Metaspace       used 6596K, capacity 7280K, committed 7552K, reserved 1056768K
  class space    used 598K, capacity 616K, committed 640K, reserved 1048576K
GC Heap History (10 events):
Event: 40.213 GC heap after
Heap after GC invocations=16 (full 3):
 PSYoungGen      total 540672K, used 92390K [0x000000076ab00000, 0x00000007a3200000, 0x00000007c0000000)
  eden space 408064K, 0% used [0x000000076ab00000,0x000000076ab00000,0x0000000783980000)
  from space 132608K, 69% used [0x0000000783980000,0x00000007893b9be0,0x000000078bb00000)
  to   space 167936K, 0% used [0x0000000798e00000,0x0000000798e00000,0x00000007a3200000)
 ParOldGen       total 342528K, used 233308K [0x00000006c0000000, 0x00000006d4e80000, 0x000000076ab00000)
  object space 342528K, 68% used [0x00000006c0000000,0x00000006ce3d72c8,0x00000006d4e80000)
 Metaspace       used 6580K, capacity 7280K, committed 7552K, reserved 1056768K
  class space    used 597K, capacity 616K, committed 640K, reserved 1048576K
}
Event: 42.766 GC heap before
{Heap before GC invocations=17 (full 3):
 PSYoungGen      total 540672K, used 500454K [0x000000076ab00000, 0x00000007a3200000, 0x00000007c0000000)
  eden space 408064K, 100% used [0x000000076ab00000,0x0000000783980000,0x0000000783980000)
  from space 132608K, 69% used [0x0000000783980000,0x00000007893b9be0,0x000000078bb00000)
  to   space 167936K, 0% used [0x0000000798e00000,0x0000000798e00000,0x00000007a3200000)
 ParOldGen       total 342528K, used 233308K [0x00000006c0000000, 0x00000006d4e80000, 0x000000076ab00000)
  object space 342528K, 68% used [0x00000006c0000000,0x00000006ce3d72c8,0x00000006d4e80000)
 Metaspace       used 6587K, capacity 7280K, committed 7552K, reserved 1056768K
  class space    used 597K, capacity 616K, committed 640K, reserved 1048576K
Event: 44.780 GC heap after
Heap after GC invocations=17 (full 3):
 PSYoungGen      total 753152K, used 99352K [0x000000076ab00000, 0x00000007a3c00000, 0x00000007c0000000)
  eden space 585216K, 0% used [0x000000076ab00000,0x000000076ab00000,0x000000078e680000)
  from space 167936K, 59% used [0x0000000798e00000,0x000000079ef06348,0x00000007a3200000)
  to   space 171520K, 0% used [0x000000078e680000,0x000000078e680000,0x0000000798e00000)
 ParOldGen       total 342528K, used 289454K [0x00000006c0000000, 0x00000006d4e80000, 0x000000076ab00000)
  object space 342528K, 84% used [0x00000006c0000000,0x00000006d1aaba68,0x00000006d4e80000)
 Metaspace       used 6587K, capacity 7280K, committed 7552K, reserved 1056768K
  class space    used 597K, capacity 616K, committed 640K, reserved 1048576K
}
Event: 44.780 GC heap before
{Heap before GC invocations=18 (full 4):
 PSYoungGen      total 753152K, used 99352K [0x000000076ab00000, 0x00000007a3c00000, 0x00000007c0000000)
  eden space 585216K, 0% used [0x000000076ab00000,0x000000076ab00000,0x000000078e680000)
  from space 167936K, 59% used [0x0000000798e00000,0x000000079ef06348,0x00000007a3200000)
  to   space 171520K, 0% used [0x000000078e680000,0x000000078e680000,0x0000000798e00000)
 ParOldGen       total 342528K, used 289454K [0x00000006c0000000, 0x00000006d4e80000, 0x000000076ab00000)
  object space 342528K, 84% used [0x00000006c0000000,0x00000006d1aaba68,0x00000006d4e80000)
 Metaspace       used 6587K, capacity 7280K, committed 7552K, reserved 1056768K
  class space    used 597K, capacity 616K, committed 640K, reserved 1048576K
Event: 46.554 GC heap after
Heap after GC invocations=18 (full 4):
 PSYoungGen      total 753152K, used 43276K [0x000000076ab00000, 0x00000007a3c00000, 0x00000007c0000000)
  eden space 585216K, 0% used [0x000000076ab00000,0x000000076ab00000,0x000000078e680000)
  from space 167936K, 25% used [0x0000000798e00000,0x000000079b8430d8,0x00000007a3200000)
  to   space 171520K, 0% used [0x000000078e680000,0x000000078e680000,0x0000000798e00000)
 ParOldGen       total 476160K, used 342385K [0x00000006c0000000, 0x00000006dd100000, 0x000000076ab00000)
  object space 476160K, 71% used [0x00000006c0000000,0x00000006d4e5c418,0x00000006dd100000)
 Metaspace       used 6587K, capacity 7280K, committed 7552K, reserved 1056768K
  class space    used 597K, capacity 616K, committed 640K, reserved 1048576K
}
Event: 48.745 GC heap before
{Heap before GC invocations=19 (full 4):
 PSYoungGen      total 753152K, used 628492K [0x000000076ab00000, 0x00000007a3c00000, 0x00000007c0000000)
  eden space 585216K, 100% used [0x000000076ab00000,0x000000078e680000,0x000000078e680000)
  from space 167936K, 25% used [0x0000000798e00000,0x000000079b8430d8,0x00000007a3200000)
  to   space 171520K, 0% used [0x000000078e680000,0x000000078e680000,0x0000000798e00000)
 ParOldGen       total 476160K, used 342385K [0x00000006c0000000, 0x00000006dd100000, 0x000000076ab00000)
  object space 476160K, 71% used [0x00000006c0000000,0x00000006d4e5c418,0x00000006dd100000)
 Metaspace       used 6590K, capacity 7280K, committed 7552K, reserved 1056768K
  class space    used 598K, capacity 616K, committed 640K, reserved 1048576K
Event: 49.351 GC heap after
Heap after GC invocations=19 (full 4):
 PSYoungGen      total 756736K, used 87587K [0x000000076ab00000, 0x00000007b1280000, 0x00000007c0000000)
  eden space 585216K, 0% used [0x000000076ab00000,0x000000076ab00000,0x000000078e680000)
  from space 171520K, 51% used [0x000000078e680000,0x0000000793c08fa8,0x0000000798e00000)
  to   space 168960K, 0% used [0x00000007a6d80000,0x00000007a6d80000,0x00000007b1280000)
 ParOldGen       total 476160K, used 383736K [0x00000006c0000000, 0x00000006dd100000, 0x000000076ab00000)
  object space 476160K, 80% used [0x00000006c0000000,0x00000006d76be020,0x00000006dd100000)
 Metaspace       used 6590K, capacity 7280K, committed 7552K, reserved 1056768K
  class space    used 598K, capacity 616K, committed 640K, reserved 1048576K
}
Event: 51.688 GC heap before
{Heap before GC invocations=20 (full 4):
 PSYoungGen      total 756736K, used 672803K [0x000000076ab00000, 0x00000007b1280000, 0x00000007c0000000)
  eden space 585216K, 100% used [0x000000076ab00000,0x000000078e680000,0x000000078e680000)
  from space 171520K, 51% used [0x000000078e680000,0x0000000793c08fa8,0x0000000798e00000)
  to   space 168960K, 0% used [0x00000007a6d80000,0x00000007a6d80000,0x00000007b1280000)
 ParOldGen       total 476160K, used 383736K [0x00000006c0000000, 0x00000006dd100000, 0x000000076ab00000)
  object space 476160K, 80% used [0x00000006c0000000,0x00000006d76be020,0x00000006dd100000)
 Metaspace       used 6596K, capacity 7280K, committed 7552K, reserved 1056768K
  class space    used 598K, capacity 616K, committed 640K, reserved 1048576K
Event: 56.878 GC heap after
Heap after GC invocations=20 (full 4):
 PSYoungGen      total 987648K, used 88674K [0x000000076ab00000, 0x00000007b1e00000, 0x00000007c0000000)
  eden space 818688K, 0% used [0x000000076ab00000,0x000000076ab00000,0x000000079ca80000)
  from space 168960K, 52% used [0x00000007a6d80000,0x00000007ac418808,0x00000007b1280000)
  to   space 166912K, 0% used [0x000000079ca80000,0x000000079ca80000,0x00000007a6d80000)
 ParOldGen       total 476160K, used 468253K [0x00000006c0000000, 0x00000006dd100000, 0x000000076ab00000)
  object space 476160K, 98% used [0x00000006c0000000,0x00000006dc9475a0,0x00000006dd100000)
 Metaspace       used 6596K, capacity 7280K, committed 7552K, reserved 1056768K
  class space    used 598K, capacity 616K, committed 640K, reserved 1048576K
}
Event: 57.483 GC heap before
{Heap before GC invocations=21 (full 5):
 PSYoungGen      total 987648K, used 88674K [0x000000076ab00000, 0x00000007b1e00000, 0x00000007c0000000)
  eden space 818688K, 0% used [0x000000076ab00000,0x000000076ab00000,0x000000079ca80000)
  from space 168960K, 52% used [0x00000007a6d80000,0x00000007ac418808,0x00000007b1280000)
  to   space 166912K, 0% used [0x000000079ca80000,0x000000079ca80000,0x00000007a6d80000)
 ParOldGen       total 476160K, used 468253K [0x00000006c0000000, 0x00000006dd100000, 0x000000076ab00000)
  object space 476160K, 98% used [0x00000006c0000000,0x00000006dc9475a0,0x00000006dd100000)
 Metaspace       used 6596K, capacity 7280K, committed 7552K, reserved 1056768K
  class space    used 598K, capacity 616K, committed 640K, reserved 1048576K

