# JRE version: OpenJDK Runtime Environment (8.0_202) (build 1.8.0_202-release-1483-b49-5587405)
# Java VM: OpenJDK 64-Bit Server VM (25.202-b49-5587405 mixed mode linux-amd64 compressed oops)
Heap:
 PSYoungGen      total 770048K, used 51716K [0x000000076ab00000, 0x00000007a9280000, 0x00000007c0000000)
  eden space 555520K, 0% used [0x000000076ab00000,0x000000076ab00000,0x000000078c980000)
  from space 214528K, 24% used [0x000000079a580000,0x000000079d801340,0x00000007a7700000)
  to   space 225280K, 0% used [0x000000078c980000,0x000000078c980000,0x000000079a580000)
 ParOldGen       total 558592K, used 558459K [0x00000006c0000000, 0x00000006e2180000, 0x000000076ab00000)
  object space 558592K, 99% used [0x00000006c0000000,0x00000006e215ec00,0x00000006e2180000)
 Metaspace       used 6467K, capacity 7344K, committed 7552K, reserved 1056768K
  class space    used 585K, capacity 616K, committed 640K, reserved 1048576K
GC Heap History (10 events):
Event: 15.799 GC heap after
Heap after GC invocations=18 (full 3):
 PSYoungGen      total 572416K, used 135657K [0x000000076ab00000, 0x000000079e380000, 0x00000007c0000000)
  eden space 436736K, 0% used [0x000000076ab00000,0x000000076ab00000,0x0000000785580000)
  from space 135680K, 99% used [0x0000000785580000,0x000000078d9fa720,0x000000078da00000)
  to   space 162816K, 0% used [0x0000000794480000,0x0000000794480000,0x000000079e380000)
 ParOldGen       total 364032K, used 279772K [0x00000006c0000000, 0x00000006d6380000, 0x000000076ab00000)
  object space 364032K, 76% used [0x00000006c0000000,0x00000006d1137238,0x00000006d6380000)
 Metaspace       used 6464K, capacity 7344K, committed 7552K, reserved 1056768K
  class space    used 585K, capacity 616K, committed 640K, reserved 1048576K
}
Event: 17.238 GC heap before
{Heap before GC invocations=19 (full 3):
 PSYoungGen      total 572416K, used 572393K [0x000000076ab00000, 0x000000079e380000, 0x00000007c0000000)
  eden space 436736K, 100% used [0x000000076ab00000,0x0000000785580000,0x0000000785580000)
  from space 135680K, 99% used [0x0000000785580000,0x000000078d9fa720,0x000000078da00000)
  to   space 162816K, 0% used [0x0000000794480000,0x0000000794480000,0x000000079e380000)
 ParOldGen       total 364032K, used 279772K [0x00000006c0000000, 0x00000006d6380000, 0x000000076ab00000)
  object space 364032K, 76% used [0x00000006c0000000,0x00000006d1137238,0x00000006d6380000)
 Metaspace       used 6466K, capacity 7344K, committed 7552K, reserved 1056768K
  class space    used 585K, capacity 616K, committed 640K, reserved 1048576K
Event: 17.578 GC heap after
Heap after GC invocations=19 (full 3):
 PSYoungGen      total 666112K, used 128078K [0x000000076ab00000, 0x00000007a0d00000, 0x00000007c0000000)
  eden space 503296K, 0% used [0x000000076ab00000,0x000000076ab00000,0x0000000789680000)
  from space 162816K, 78% used [0x0000000794480000,0x000000079c193858,0x000000079e380000)
  to   space 178176K, 0% used [0x0000000789680000,0x0000000789680000,0x0000000794480000)
 ParOldGen       total 364032K, used 352911K [0x00000006c0000000, 0x00000006d6380000, 0x000000076ab00000)
  object space 364032K, 96% used [0x00000006c0000000,0x00000006d58a3c28,0x00000006d6380000)
 Metaspace       used 6466K, capacity 7344K, committed 7552K, reserved 1056768K
  class space    used 585K, capacity 616K, committed 640K, reserved 1048576K
}
Event: 17.578 GC heap before
{Heap before GC invocations=20 (full 4):
 PSYoungGen      total 666112K, used 128078K [0x000000076ab00000, 0x00000007a0d00000, 0x00000007c0000000)
  eden space 503296K, 0% used [0x000000076ab00000,0x000000076ab00000,0x0000000789680000)
  from space 162816K, 78% used [0x0000000794480000,0x000000079c193858,0x000000079e380000)
  to   space 178176K, 0% used [0x0000000789680000,0x0000000789680000,0x0000000794480000)
 ParOldGen       total 364032K, used 352911K [0x00000006c0000000, 0x00000006d6380000, 0x000000076ab00000)
  object space 364032K, 96% used [0x00000006c0000000,0x00000006d58a3c28,0x00000006d6380000)
 Metaspace       used 6466K, capacity 7344K, committed 7552K, reserved 1056768K
  class space    used 585K, capacity 616K, committed 640K, reserved 1048576K
Event: 20.233 GC heap after
Heap after GC invocations=20 (full 4):
 PSYoungGen      total 666112K, used 109122K [0x000000076ab00000, 0x00000007a0d00000, 0x00000007c0000000)
  eden space 503296K, 0% used [0x000000076ab00000,0x000000076ab00000,0x0000000789680000)
  from space 162816K, 67% used [0x0000000794480000,0x000000079af10b68,0x000000079e380000)
  to   space 178176K, 0% used [0x0000000789680000,0x0000000789680000,0x0000000794480000)
 ParOldGen       total 558592K, used 363882K [0x00000006c0000000, 0x00000006e2180000, 0x000000076ab00000)
  object space 558592K, 65% used [0x00000006c0000000,0x00000006d635aae0,0x00000006e2180000)
 Metaspace       used 6466K, capacity 7344K, committed 7552K, reserved 1056768K
  class space    used 585K, capacity 616K, committed 640K, reserved 1048576K
}
Event: 21.937 GC heap before
{Heap before GC invocations=21 (full 4):
 PSYoungGen      total 666112K, used 612418K [0x000000076ab00000, 0x00000007a0d00000, 0x00000007c0000000)
  eden space 503296K, 100% used [0x000000076ab00000,0x0000000789680000,0x0000000789680000)
  from space 162816K, 67% used [0x0000000794480000,0x000000079af10b68,0x000000079e380000)
  to   space 178176K, 0% used [0x0000000789680000,0x0000000789680000,0x0000000794480000)
 ParOldGen       total 558592K, used 363882K [0x00000006c0000000, 0x00000006e2180000, 0x000000076ab00000)
  object space 558592K, 65% used [0x00000006c0000000,0x00000006d635aae0,0x00000006e2180000)
 Metaspace       used 6467K, capacity 7344K, committed 7552K, reserved 1056768K
  class space    used 585K, capacity 616K, committed 640K, reserved 1048576K
Event: 22.345 GC heap after
Heap after GC invocations=21 (full 4):
 PSYoungGen      total 681472K, used 178164K [0x000000076ab00000, 0x00000007a7700000, 0x00000007c0000000)
  eden space 503296K, 0% used [0x000000076ab00000,0x000000076ab00000,0x0000000789680000)
  from space 178176K, 99% used [0x0000000789680000,0x000000079447d228,0x0000000794480000)
  to   space 214528K, 0% used [0x000000079a580000,0x000000079a580000,0x00000007a7700000)
 ParOldGen       total 558592K, used 381452K [0x00000006c0000000, 0x00000006e2180000, 0x000000076ab00000)
  object space 558592K, 68% used [0x00000006c0000000,0x00000006d74831b0,0x00000006e2180000)
 Metaspace       used 6467K, capacity 7344K, committed 7552K, reserved 1056768K
  class space    used 585K, capacity 616K, committed 640K, reserved 1048576K
}
Event: 23.996 GC heap before
{Heap before GC invocations=22 (full 4):
 PSYoungGen      total 681472K, used 681460K [0x000000076ab00000, 0x00000007a7700000, 0x00000007c0000000)
  eden space 503296K, 100% used [0x000000076ab00000,0x0000000789680000,0x0000000789680000)
  from space 178176K, 99% used [0x0000000789680000,0x000000079447d228,0x0000000794480000)
  to   space 214528K, 0% used [0x000000079a580000,0x000000079a580000,0x00000007a7700000)
 ParOldGen       total 558592K, used 381452K [0x00000006c0000000, 0x00000006e2180000, 0x000000076ab00000)
  object space 558592K, 68% used [0x00000006c0000000,0x00000006d74831b0,0x00000006e2180000)
 Metaspace       used 6467K, capacity 7344K, committed 7552K, reserved 1056768K
  class space    used 585K, capacity 616K, committed 640K, reserved 1048576K
Event: 24.378 GC heap after
Heap after GC invocations=22 (full 4):
 PSYoungGen      total 770048K, used 144314K [0x000000076ab00000, 0x00000007a9280000, 0x00000007c0000000)
  eden space 555520K, 0% used [0x000000076ab00000,0x000000076ab00000,0x000000078c980000)
  from space 214528K, 67% used [0x000000079a580000,0x00000007a326e928,0x00000007a7700000)
  to   space 225280K, 0% used [0x000000078c980000,0x000000078c980000,0x000000079a580000)
 ParOldGen       total 558592K, used 487386K [0x00000006c0000000, 0x00000006e2180000, 0x000000076ab00000)
  object space 558592K, 87% used [0x00000006c0000000,0x00000006ddbf6b30,0x00000006e2180000)
 Metaspace       used 6467K, capacity 7344K, committed 7552K, reserved 1056768K
  class space    used 585K, capacity 616K, committed 640K, reserved 1048576K
}
Event: 24.378 GC heap before
{Heap before GC invocations=23 (full 5):
 PSYoungGen      total 770048K, used 144314K [0x000000076ab00000, 0x00000007a9280000, 0x00000007c0000000)
  eden space 555520K, 0% used [0x000000076ab00000,0x000000076ab00000,0x000000078c980000)
  from space 214528K, 67% used [0x000000079a580000,0x00000007a326e928,0x00000007a7700000)
  to   space 225280K, 0% used [0x000000078c980000,0x000000078c980000,0x000000079a580000)
 ParOldGen       total 558592K, used 487386K [0x00000006c0000000, 0x00000006e2180000, 0x000000076ab00000)
  object space 558592K, 87% used [0x00000006c0000000,0x00000006ddbf6b30,0x00000006e2180000)
 Metaspace       used 6467K, capacity 7344K, committed 7552K, reserved 1056768K
  class space    used 585K, capacity 616K, committed 640K, reserved 1048576K

