# JRE version: OpenJDK Runtime Environment (8.0_202) (build 1.8.0_202-release-1483-b49-5587405)
# Java VM: OpenJDK 64-Bit Server VM (25.202-b49-5587405 mixed mode linux-amd64 compressed oops)
Heap:
 PSYoungGen      total 763904K, used 8278K [0x000000076ab00000, 0x00000007a1080000, 0x00000007c0000000)
  eden space 656896K, 0% used [0x000000076ab00000,0x000000076ab00000,0x0000000792c80000)
  from space 107008K, 7% used [0x0000000799b00000,0x000000079a315a60,0x00000007a0380000)
  to   space 113152K, 0% used [0x0000000792c80000,0x0000000792c80000,0x0000000799b00000)
 ParOldGen       total 762880K, used 762811K [0x00000006c0000000, 0x00000006ee900000, 0x000000076ab00000)
  object space 762880K, 99% used [0x00000006c0000000,0x00000006ee8eeca8,0x00000006ee900000)
 Metaspace       used 6660K, capacity 7344K, committed 7552K, reserved 1056768K
  class space    used 600K, capacity 616K, committed 640K, reserved 1048576K
GC Heap History (10 events):
Event: 45.817 GC heap after
Heap after GC invocations=25 (full 5):
 PSYoungGen      total 542720K, used 69513K [0x000000076ab00000, 0x0000000798500000, 0x00000007c0000000)
  eden space 459264K, 0% used [0x000000076ab00000,0x000000076ab00000,0x0000000786b80000)
  from space 83456K, 83% used [0x0000000786b80000,0x000000078af62530,0x000000078bd00000)
  to   space 90624K, 0% used [0x0000000792c80000,0x0000000792c80000,0x0000000798500000)
 ParOldGen       total 558592K, used 480513K [0x00000006c0000000, 0x00000006e2180000, 0x000000076ab00000)
  object space 558592K, 86% used [0x00000006c0000000,0x00000006dd540570,0x00000006e2180000)
 Metaspace       used 6602K, capacity 7344K, committed 7552K, reserved 1056768K
  class space    used 598K, capacity 616K, committed 640K, reserved 1048576K
}
Event: 47.071 GC heap before
{Heap before GC invocations=26 (full 5):
 PSYoungGen      total 542720K, used 528777K [0x000000076ab00000, 0x0000000798500000, 0x00000007c0000000)
  eden space 459264K, 100% used [0x000000076ab00000,0x0000000786b80000,0x0000000786b80000)
  from space 83456K, 83% used [0x0000000786b80000,0x000000078af62530,0x000000078bd00000)
  to   space 90624K, 0% used [0x0000000792c80000,0x0000000792c80000,0x0000000798500000)
 ParOldGen       total 558592K, used 480513K [0x00000006c0000000, 0x00000006e2180000, 0x000000076ab00000)
  object space 558592K, 86% used [0x00000006c0000000,0x00000006dd540570,0x00000006e2180000)
 Metaspace       used 6607K, capacity 7344K, committed 7552K, reserved 1056768K
  class space    used 598K, capacity 616K, committed 640K, reserved 1048576K
Event: 47.301 GC heap after
Heap after GC invocations=26 (full 5):
 PSYoungGen      total 647168K, used 73291K [0x000000076ab00000, 0x0000000798980000, 0x00000007c0000000)
  eden space 556544K, 0% used [0x000000076ab00000,0x000000076ab00000,0x000000078ca80000)
  from space 90624K, 80% used [0x0000000792c80000,0x0000000797412d60,0x0000000798500000)
  to   space 97792K, 0% used [0x000000078ca80000,0x000000078ca80000,0x0000000792a00000)
 ParOldGen       total 558592K, used 547226K [0x00000006c0000000, 0x00000006e2180000, 0x000000076ab00000)
  object space 558592K, 97% used [0x00000006c0000000,0x00000006e1666a28,0x00000006e2180000)
 Metaspace       used 6607K, capacity 7344K, committed 7552K, reserved 1056768K
  class space    used 598K, capacity 616K, committed 640K, reserved 1048576K
}
Event: 47.302 GC heap before
{Heap before GC invocations=27 (full 6):
 PSYoungGen      total 647168K, used 73291K [0x000000076ab00000, 0x0000000798980000, 0x00000007c0000000)
  eden space 556544K, 0% used [0x000000076ab00000,0x000000076ab00000,0x000000078ca80000)
  from space 90624K, 80% used [0x0000000792c80000,0x0000000797412d60,0x0000000798500000)
  to   space 97792K, 0% used [0x000000078ca80000,0x000000078ca80000,0x0000000792a00000)
 ParOldGen       total 558592K, used 547226K [0x00000006c0000000, 0x00000006e2180000, 0x000000076ab00000)
  object space 558592K, 97% used [0x00000006c0000000,0x00000006e1666a28,0x00000006e2180000)
 Metaspace       used 6607K, capacity 7344K, committed 7552K, reserved 1056768K
  class space    used 598K, capacity 616K, committed 640K, reserved 1048576K
Event: 51.033 GC heap after
Heap after GC invocations=27 (full 6):
 PSYoungGen      total 647168K, used 57544K [0x000000076ab00000, 0x0000000798980000, 0x00000007c0000000)
  eden space 556544K, 0% used [0x000000076ab00000,0x000000076ab00000,0x000000078ca80000)
  from space 90624K, 63% used [0x0000000792c80000,0x00000007964b2220,0x0000000798500000)
  to   space 97792K, 0% used [0x000000078ca80000,0x000000078ca80000,0x0000000792a00000)
 ParOldGen       total 762880K, used 558573K [0x00000006c0000000, 0x00000006ee900000, 0x000000076ab00000)
  object space 762880K, 73% used [0x00000006c0000000,0x00000006e217b6d8,0x00000006ee900000)
 Metaspace       used 6607K, capacity 7344K, committed 7552K, reserved 1056768K
  class space    used 598K, capacity 616K, committed 640K, reserved 1048576K
}
Event: 52.732 GC heap before
{Heap before GC invocations=28 (full 6):
 PSYoungGen      total 647168K, used 614088K [0x000000076ab00000, 0x0000000798980000, 0x00000007c0000000)
  eden space 556544K, 100% used [0x000000076ab00000,0x000000078ca80000,0x000000078ca80000)
  from space 90624K, 63% used [0x0000000792c80000,0x00000007964b2220,0x0000000798500000)
  to   space 97792K, 0% used [0x000000078ca80000,0x000000078ca80000,0x0000000792a00000)
 ParOldGen       total 762880K, used 558573K [0x00000006c0000000, 0x00000006ee900000, 0x000000076ab00000)
  object space 762880K, 73% used [0x00000006c0000000,0x00000006e217b6d8,0x00000006ee900000)
 Metaspace       used 6608K, capacity 7344K, committed 7552K, reserved 1056768K
  class space    used 598K, capacity 616K, committed 640K, reserved 1048576K
Event: 53.309 GC heap after
Heap after GC invocations=28 (full 6):
 PSYoungGen      total 654336K, used 83348K [0x000000076ab00000, 0x00000007a0380000, 0x00000007c0000000)
  eden space 556544K, 0% used [0x000000076ab00000,0x000000076ab00000,0x000000078ca80000)
  from space 97792K, 85% used [0x000000078ca80000,0x0000000791be53e0,0x0000000792a00000)
  to   space 107008K, 0% used [0x0000000799b00000,0x0000000799b00000,0x00000007a0380000)
 ParOldGen       total 762880K, used 612855K [0x00000006c0000000, 0x00000006ee900000, 0x000000076ab00000)
  object space 762880K, 80% used [0x00000006c0000000,0x00000006e567dc48,0x00000006ee900000)
 Metaspace       used 6608K, capacity 7344K, committed 7552K, reserved 1056768K
  class space    used 598K, capacity 616K, committed 640K, reserved 1048576K
}
Event: 56.039 GC heap before
{Heap before GC invocations=29 (full 6):
 PSYoungGen      total 654336K, used 639892K [0x000000076ab00000, 0x00000007a0380000, 0x00000007c0000000)
  eden space 556544K, 100% used [0x000000076ab00000,0x000000078ca80000,0x000000078ca80000)
  from space 97792K, 85% used [0x000000078ca80000,0x0000000791be53e0,0x0000000792a00000)
  to   space 107008K, 0% used [0x0000000799b00000,0x0000000799b00000,0x00000007a0380000)
 ParOldGen       total 762880K, used 612855K [0x00000006c0000000, 0x00000006ee900000, 0x000000076ab00000)
  object space 762880K, 80% used [0x00000006c0000000,0x00000006e567dc48,0x00000006ee900000)
 Metaspace       used 6660K, capacity 7344K, committed 7552K, reserved 1056768K
  class space    used 600K, capacity 616K, committed 640K, reserved 1048576K
Event: 56.832 GC heap after
Heap after GC invocations=29 (full 6):
 PSYoungGen      total 763904K, used 81249K [0x000000076ab00000, 0x00000007a1080000, 0x00000007c0000000)
  eden space 656896K, 0% used [0x000000076ab00000,0x000000076ab00000,0x0000000792c80000)
  from space 107008K, 75% used [0x0000000799b00000,0x000000079ea58518,0x00000007a0380000)
  to   space 113152K, 0% used [0x0000000792c80000,0x0000000792c80000,0x0000000799b00000)
 ParOldGen       total 762880K, used 692659K [0x00000006c0000000, 0x00000006ee900000, 0x000000076ab00000)
  object space 762880K, 90% used [0x00000006c0000000,0x00000006ea46cf58,0x00000006ee900000)
 Metaspace       used 6660K, capacity 7344K, committed 7552K, reserved 1056768K
  class space    used 600K, capacity 616K, committed 640K, reserved 1048576K
}
Event: 56.882 GC heap before
{Heap before GC invocations=30 (full 7):
 PSYoungGen      total 763904K, used 81249K [0x000000076ab00000, 0x00000007a1080000, 0x00000007c0000000)
  eden space 656896K, 0% used [0x000000076ab00000,0x000000076ab00000,0x0000000792c80000)
  from space 107008K, 75% used [0x0000000799b00000,0x000000079ea58518,0x00000007a0380000)
  to   space 113152K, 0% used [0x0000000792c80000,0x0000000792c80000,0x0000000799b00000)
 ParOldGen       total 762880K, used 692659K [0x00000006c0000000, 0x00000006ee900000, 0x000000076ab00000)
  object space 762880K, 90% used [0x00000006c0000000,0x00000006ea46cf58,0x00000006ee900000)
 Metaspace       used 6660K, capacity 7344K, committed 7552K, reserved 1056768K
  class space    used 600K, capacity 616K, committed 640K, reserved 1048576K

