# JRE version: OpenJDK Runtime Environment (8.0_202) (build 1.8.0_202-release-1483-b49-5587405)
# Java VM: OpenJDK 64-Bit Server VM (25.202-b49-5587405 mixed mode linux-amd64 compressed oops)
Heap:
 PSYoungGen      total 575488K, used 65845K [0x000000076ab00000, 0x0000000799e80000, 0x00000007c0000000)
  eden space 478720K, 0% used [0x000000076ab00000,0x000000076ab00000,0x0000000787e80000)
  from space 96768K, 68% used [0x000000078f300000,0x000000079334d4c8,0x0000000795180000)
  to   space 119296K, 0% used [0x0000000787e80000,0x0000000787e80000,0x000000078f300000)
 ParOldGen       total 219648K, used 219313K [0x00000006c0000000, 0x00000006cd680000, 0x000000076ab00000)
  object space 219648K, 99% used [0x00000006c0000000,0x00000006cd62c6d0,0x00000006cd680000)
 Metaspace       used 6574K, capacity 7280K, committed 7552K, reserved 1056768K
  class space    used 596K, capacity 616K, committed 640K, reserved 1048576K
GC Heap History (10 events):
Event: 8.992 GC heap after
Heap after GC invocations=10 (full 1):
 PSYoungGen      total 404992K, used 53247K [0x000000076ab00000, 0x000000078cb00000, 0x00000007c0000000)
  eden space 351744K, 0% used [0x000000076ab00000,0x000000076ab00000,0x0000000780280000)
  from space 53248K, 99% used [0x0000000780280000,0x000000078367fda0,0x0000000783680000)
  to   space 69632K, 0% used [0x0000000788700000,0x0000000788700000,0x000000078cb00000)
 ParOldGen       total 135680K, used 92106K [0x00000006c0000000, 0x00000006c8480000, 0x000000076ab00000)
  object space 135680K, 67% used [0x00000006c0000000,0x00000006c59f2a40,0x00000006c8480000)
 Metaspace       used 6467K, capacity 7280K, committed 7552K, reserved 1056768K
  class space    used 593K, capacity 616K, committed 640K, reserved 1048576K
}
Event: 11.037 GC heap before
{Heap before GC invocations=11 (full 1):
 PSYoungGen      total 404992K, used 404991K [0x000000076ab00000, 0x000000078cb00000, 0x00000007c0000000)
  eden space 351744K, 100% used [0x000000076ab00000,0x0000000780280000,0x0000000780280000)
  from space 53248K, 99% used [0x0000000780280000,0x000000078367fda0,0x0000000783680000)
  to   space 69632K, 0% used [0x0000000788700000,0x0000000788700000,0x000000078cb00000)
 ParOldGen       total 135680K, used 92106K [0x00000006c0000000, 0x00000006c8480000, 0x000000076ab00000)
  object space 135680K, 67% used [0x00000006c0000000,0x00000006c59f2a40,0x00000006c8480000)
 Metaspace       used 6540K, capacity 7280K, committed 7552K, reserved 1056768K
  class space    used 595K, capacity 616K, committed 640K, reserved 1048576K
Event: 12.881 GC heap after
Heap after GC invocations=11 (full 1):
 PSYoungGen      total 462336K, used 69616K [0x000000076ab00000, 0x0000000795480000, 0x00000007c0000000)
  eden space 392704K, 0% used [0x000000076ab00000,0x000000076ab00000,0x0000000782a80000)
  from space 69632K, 99% used [0x0000000788700000,0x000000078cafc160,0x000000078cb00000)
  to   space 94720K, 0% used [0x0000000782a80000,0x0000000782a80000,0x0000000788700000)
 ParOldGen       total 135680K, used 129537K [0x00000006c0000000, 0x00000006c8480000, 0x000000076ab00000)
  object space 135680K, 95% used [0x00000006c0000000,0x00000006c7e805e0,0x00000006c8480000)
 Metaspace       used 6540K, capacity 7280K, committed 7552K, reserved 1056768K
  class space    used 595K, capacity 616K, committed 640K, reserved 1048576K
}
Event: 12.900 GC heap before
{Heap before GC invocations=12 (full 2):
 PSYoungGen      total 462336K, used 69616K [0x000000076ab00000, 0x0000000795480000, 0x00000007c0000000)
  eden space 392704K, 0% used [0x000000076ab00000,0x000000076ab00000,0x0000000782a80000)
  from space 69632K, 99% used [0x0000000788700000,0x000000078cafc160,0x000000078cb00000)
  to   space 94720K, 0% used [0x0000000782a80000,0x0000000782a80000,0x0000000788700000)
 ParOldGen       total 135680K, used 129537K [0x00000006c0000000, 0x00000006c8480000, 0x000000076ab00000)
  object space 135680K, 95% used [0x00000006c0000000,0x00000006c7e805e0,0x00000006c8480000)
 Metaspace       used 6540K, capacity 7280K, committed 7552K, reserved 1056768K
  class space    used 595K, capacity 616K, committed 640K, reserved 1048576K
Event: 16.326 GC heap after
Heap after GC invocations=12 (full 2):
 PSYoungGen      total 462336K, used 40840K [0x000000076ab00000, 0x0000000795480000, 0x00000007c0000000)
  eden space 392704K, 0% used [0x000000076ab00000,0x000000076ab00000,0x0000000782a80000)
  from space 69632K, 58% used [0x0000000788700000,0x000000078aee21c8,0x000000078cb00000)
  to   space 94720K, 0% used [0x0000000782a80000,0x0000000782a80000,0x0000000788700000)
 ParOldGen       total 219648K, used 135611K [0x00000006c0000000, 0x00000006cd680000, 0x000000076ab00000)
  object space 219648K, 61% used [0x00000006c0000000,0x00000006c846ec70,0x00000006cd680000)
 Metaspace       used 6540K, capacity 7280K, committed 7552K, reserved 1056768K
  class space    used 595K, capacity 616K, committed 640K, reserved 1048576K
}
Event: 47.115 GC heap before
{Heap before GC invocations=13 (full 2):
 PSYoungGen      total 462336K, used 433544K [0x000000076ab00000, 0x0000000795480000, 0x00000007c0000000)
  eden space 392704K, 100% used [0x000000076ab00000,0x0000000782a80000,0x0000000782a80000)
  from space 69632K, 58% used [0x0000000788700000,0x000000078aee21c8,0x000000078cb00000)
  to   space 94720K, 0% used [0x0000000782a80000,0x0000000782a80000,0x0000000788700000)
 ParOldGen       total 219648K, used 135611K [0x00000006c0000000, 0x00000006cd680000, 0x000000076ab00000)
  object space 219648K, 61% used [0x00000006c0000000,0x00000006c846ec70,0x00000006cd680000)
 Metaspace       used 6562K, capacity 7280K, committed 7552K, reserved 1056768K
  class space    used 596K, capacity 616K, committed 640K, reserved 1048576K
Event: 47.283 GC heap after
Heap after GC invocations=13 (full 2):
 PSYoungGen      total 487424K, used 56436K [0x000000076ab00000, 0x0000000795180000, 0x00000007c0000000)
  eden space 392704K, 0% used [0x000000076ab00000,0x000000076ab00000,0x0000000782a80000)
  from space 94720K, 59% used [0x0000000782a80000,0x000000078619d048,0x0000000788700000)
  to   space 96768K, 0% used [0x000000078f300000,0x000000078f300000,0x0000000795180000)
 ParOldGen       total 219648K, used 175410K [0x00000006c0000000, 0x00000006cd680000, 0x000000076ab00000)
  object space 219648K, 79% used [0x00000006c0000000,0x00000006cab4c970,0x00000006cd680000)
 Metaspace       used 6562K, capacity 7280K, committed 7552K, reserved 1056768K
  class space    used 596K, capacity 616K, committed 640K, reserved 1048576K
}
Event: 49.000 GC heap before
{Heap before GC invocations=14 (full 2):
 PSYoungGen      total 487424K, used 449140K [0x000000076ab00000, 0x0000000795180000, 0x00000007c0000000)
  eden space 392704K, 100% used [0x000000076ab00000,0x0000000782a80000,0x0000000782a80000)
  from space 94720K, 59% used [0x0000000782a80000,0x000000078619d048,0x0000000788700000)
  to   space 96768K, 0% used [0x000000078f300000,0x000000078f300000,0x0000000795180000)
 ParOldGen       total 219648K, used 175410K [0x00000006c0000000, 0x00000006cd680000, 0x000000076ab00000)
  object space 219648K, 79% used [0x00000006c0000000,0x00000006cab4c970,0x00000006cd680000)
 Metaspace       used 6574K, capacity 7280K, committed 7552K, reserved 1056768K
  class space    used 596K, capacity 616K, committed 640K, reserved 1048576K
Event: 52.475 GC heap after
Heap after GC invocations=14 (full 2):
 PSYoungGen      total 575488K, used 96762K [0x000000076ab00000, 0x0000000799e80000, 0x00000007c0000000)
  eden space 478720K, 0% used [0x000000076ab00000,0x000000076ab00000,0x0000000787e80000)
  from space 96768K, 99% used [0x000000078f300000,0x000000079517e9b0,0x0000000795180000)
  to   space 119296K, 0% used [0x0000000787e80000,0x0000000787e80000,0x000000078f300000)
 ParOldGen       total 219648K, used 192888K [0x00000006c0000000, 0x00000006cd680000, 0x000000076ab00000)
  object space 219648K, 87% used [0x00000006c0000000,0x00000006cbc5e2e8,0x00000006cd680000)
 Metaspace       used 6574K, capacity 7280K, committed 7552K, reserved 1056768K
  class space    used 596K, capacity 616K, committed 640K, reserved 1048576K
}
Event: 52.480 GC heap before
{Heap before GC invocations=15 (full 3):
 PSYoungGen      total 575488K, used 96762K [0x000000076ab00000, 0x0000000799e80000, 0x00000007c0000000)
  eden space 478720K, 0% used [0x000000076ab00000,0x000000076ab00000,0x0000000787e80000)
  from space 96768K, 99% used [0x000000078f300000,0x000000079517e9b0,0x0000000795180000)
  to   space 119296K, 0% used [0x0000000787e80000,0x0000000787e80000,0x000000078f300000)
 ParOldGen       total 219648K, used 192888K [0x00000006c0000000, 0x00000006cd680000, 0x000000076ab00000)
  object space 219648K, 87% used [0x00000006c0000000,0x00000006cbc5e2e8,0x00000006cd680000)
 Metaspace       used 6574K, capacity 7280K, committed 7552K, reserved 1056768K
  class space    used 596K, capacity 616K, committed 640K, reserved 1048576K

