# JRE version: OpenJDK Runtime Environment (8.0_202) (build 1.8.0_202-release-1483-b49-5587405)
# Java VM: OpenJDK 64-Bit Server VM (25.202-b49-5587405 mixed mode linux-amd64 compressed oops)
Heap:
 PSYoungGen      total 676352K, used 55540K [0x000000076ab00000, 0x000000079a380000, 0x00000007c0000000)
  eden space 586240K, 0% used [0x000000076ab00000,0x000000076ab00000,0x000000078e780000)
  from space 90112K, 61% used [0x0000000794b80000,0x00000007981bd058,0x000000079a380000)
  to   space 96256K, 0% used [0x000000078e780000,0x000000078e780000,0x0000000794580000)
 ParOldGen       total 344576K, used 344513K [0x00000006c0000000, 0x00000006d5080000, 0x000000076ab00000)
  object space 344576K, 99% used [0x00000006c0000000,0x00000006d5070710,0x00000006d5080000)
 Metaspace       used 6607K, capacity 7344K, committed 7552K, reserved 1056768K
  class space    used 597K, capacity 616K, committed 640K, reserved 1048576K
GC Heap History (10 events):
Event: 14.600 GC heap after
Heap after GC invocations=13 (full 2):
 PSYoungGen      total 423936K, used 49594K [0x000000076ab00000, 0x000000078ff00000, 0x00000007c0000000)
  eden space 347648K, 0% used [0x000000076ab00000,0x000000076ab00000,0x000000077fe80000)
  from space 76288K, 65% used [0x000000077fe80000,0x0000000782eeebc0,0x0000000784900000)
  to   space 79360K, 0% used [0x000000078b180000,0x000000078b180000,0x000000078ff00000)
 ParOldGen       total 216576K, used 179208K [0x00000006c0000000, 0x00000006cd380000, 0x000000076ab00000)
  object space 216576K, 82% used [0x00000006c0000000,0x00000006caf02260,0x00000006cd380000)
 Metaspace       used 6572K, capacity 7280K, committed 7552K, reserved 1056768K
  class space    used 595K, capacity 616K, committed 640K, reserved 1048576K
}
Event: 14.600 GC heap before
{Heap before GC invocations=14 (full 3):
 PSYoungGen      total 423936K, used 49594K [0x000000076ab00000, 0x000000078ff00000, 0x00000007c0000000)
  eden space 347648K, 0% used [0x000000076ab00000,0x000000076ab00000,0x000000077fe80000)
  from space 76288K, 65% used [0x000000077fe80000,0x0000000782eeebc0,0x0000000784900000)
  to   space 79360K, 0% used [0x000000078b180000,0x000000078b180000,0x000000078ff00000)
 ParOldGen       total 216576K, used 179208K [0x00000006c0000000, 0x00000006cd380000, 0x000000076ab00000)
  object space 216576K, 82% used [0x00000006c0000000,0x00000006caf02260,0x00000006cd380000)
 Metaspace       used 6572K, capacity 7280K, committed 7552K, reserved 1056768K
  class space    used 595K, capacity 616K, committed 640K, reserved 1048576K
Event: 15.707 GC heap after
Heap after GC invocations=14 (full 3):
 PSYoungGen      total 423936K, used 9014K [0x000000076ab00000, 0x000000078ff00000, 0x00000007c0000000)
  eden space 347648K, 0% used [0x000000076ab00000,0x000000076ab00000,0x000000077fe80000)
  from space 76288K, 11% used [0x000000077fe80000,0x000000078074d8d8,0x0000000784900000)
  to   space 79360K, 0% used [0x000000078b180000,0x000000078b180000,0x000000078ff00000)
 ParOldGen       total 340992K, used 216554K [0x00000006c0000000, 0x00000006d4d00000, 0x000000076ab00000)
  object space 340992K, 63% used [0x00000006c0000000,0x00000006cd37a838,0x00000006d4d00000)
 Metaspace       used 6572K, capacity 7280K, committed 7552K, reserved 1056768K
  class space    used 595K, capacity 616K, committed 640K, reserved 1048576K
}
Event: 17.298 GC heap before
{Heap before GC invocations=15 (full 3):
 PSYoungGen      total 423936K, used 356662K [0x000000076ab00000, 0x000000078ff00000, 0x00000007c0000000)
  eden space 347648K, 100% used [0x000000076ab00000,0x000000077fe80000,0x000000077fe80000)
  from space 76288K, 11% used [0x000000077fe80000,0x000000078074d8d8,0x0000000784900000)
  to   space 79360K, 0% used [0x000000078b180000,0x000000078b180000,0x000000078ff00000)
 ParOldGen       total 340992K, used 216554K [0x00000006c0000000, 0x00000006d4d00000, 0x000000076ab00000)
  object space 340992K, 63% used [0x00000006c0000000,0x00000006cd37a838,0x00000006d4d00000)
 Metaspace       used 6588K, capacity 7280K, committed 7552K, reserved 1056768K
  class space    used 596K, capacity 616K, committed 640K, reserved 1048576K
Event: 18.648 GC heap after
Heap after GC invocations=15 (full 3):
 PSYoungGen      total 527360K, used 54570K [0x000000076ab00000, 0x0000000790f80000, 0x00000007c0000000)
  eden space 448000K, 0% used [0x000000076ab00000,0x000000076ab00000,0x0000000786080000)
  from space 79360K, 68% used [0x000000078b180000,0x000000078e6caa88,0x000000078ff00000)
  to   space 82944K, 0% used [0x0000000786080000,0x0000000786080000,0x000000078b180000)
 ParOldGen       total 340992K, used 224626K [0x00000006c0000000, 0x00000006d4d00000, 0x000000076ab00000)
  object space 340992K, 65% used [0x00000006c0000000,0x00000006cdb5ca48,0x00000006d4d00000)
 Metaspace       used 6588K, capacity 7280K, committed 7552K, reserved 1056768K
  class space    used 596K, capacity 616K, committed 640K, reserved 1048576K
}
Event: 21.207 GC heap before
{Heap before GC invocations=16 (full 3):
 PSYoungGen      total 527360K, used 502570K [0x000000076ab00000, 0x0000000790f80000, 0x00000007c0000000)
  eden space 448000K, 100% used [0x000000076ab00000,0x0000000786080000,0x0000000786080000)
  from space 79360K, 68% used [0x000000078b180000,0x000000078e6caa88,0x000000078ff00000)
  to   space 82944K, 0% used [0x0000000786080000,0x0000000786080000,0x000000078b180000)
 ParOldGen       total 340992K, used 224626K [0x00000006c0000000, 0x00000006d4d00000, 0x000000076ab00000)
  object space 340992K, 65% used [0x00000006c0000000,0x00000006cdb5ca48,0x00000006d4d00000)
 Metaspace       used 6599K, capacity 7280K, committed 7552K, reserved 1056768K
  class space    used 596K, capacity 616K, committed 640K, reserved 1048576K
Event: 22.058 GC heap after
Heap after GC invocations=16 (full 3):
 PSYoungGen      total 530944K, used 69520K [0x000000076ab00000, 0x000000079a480000, 0x00000007c0000000)
  eden space 448000K, 0% used [0x000000076ab00000,0x000000076ab00000,0x0000000786080000)
  from space 82944K, 83% used [0x0000000786080000,0x000000078a464320,0x000000078b180000)
  to   space 91136K, 0% used [0x0000000794b80000,0x0000000794b80000,0x000000079a480000)
 ParOldGen       total 340992K, used 277184K [0x00000006c0000000, 0x00000006d4d00000, 0x000000076ab00000)
  object space 340992K, 81% used [0x00000006c0000000,0x00000006d0eb0290,0x00000006d4d00000)
 Metaspace       used 6599K, capacity 7280K, committed 7552K, reserved 1056768K
  class space    used 596K, capacity 616K, committed 640K, reserved 1048576K
}
Event: 24.913 GC heap before
{Heap before GC invocations=17 (full 3):
 PSYoungGen      total 530944K, used 517520K [0x000000076ab00000, 0x000000079a480000, 0x00000007c0000000)
  eden space 448000K, 100% used [0x000000076ab00000,0x0000000786080000,0x0000000786080000)
  from space 82944K, 83% used [0x0000000786080000,0x000000078a464320,0x000000078b180000)
  to   space 91136K, 0% used [0x0000000794b80000,0x0000000794b80000,0x000000079a480000)
 ParOldGen       total 340992K, used 277184K [0x00000006c0000000, 0x00000006d4d00000, 0x000000076ab00000)
  object space 340992K, 81% used [0x00000006c0000000,0x00000006d0eb0290,0x00000006d4d00000)
 Metaspace       used 6607K, capacity 7344K, committed 7552K, reserved 1056768K
  class space    used 597K, capacity 616K, committed 640K, reserved 1048576K
Event: 25.575 GC heap after
Heap after GC invocations=17 (full 3):
 PSYoungGen      total 676352K, used 65570K [0x000000076ab00000, 0x000000079a380000, 0x00000007c0000000)
  eden space 586240K, 0% used [0x000000076ab00000,0x000000076ab00000,0x000000078e780000)
  from space 90112K, 72% used [0x0000000794b80000,0x0000000798b88880,0x000000079a380000)
  to   space 96256K, 0% used [0x000000078e780000,0x000000078e780000,0x0000000794580000)
 ParOldGen       total 344576K, used 344158K [0x00000006c0000000, 0x00000006d5080000, 0x000000076ab00000)
  object space 344576K, 99% used [0x00000006c0000000,0x00000006d5017b50,0x00000006d5080000)
 Metaspace       used 6607K, capacity 7344K, committed 7552K, reserved 1056768K
  class space    used 597K, capacity 616K, committed 640K, reserved 1048576K
}
Event: 26.790 GC heap before
{Heap before GC invocations=18 (full 4):
 PSYoungGen      total 676352K, used 65570K [0x000000076ab00000, 0x000000079a380000, 0x00000007c0000000)
  eden space 586240K, 0% used [0x000000076ab00000,0x000000076ab00000,0x000000078e780000)
  from space 90112K, 72% used [0x0000000794b80000,0x0000000798b88880,0x000000079a380000)
  to   space 96256K, 0% used [0x000000078e780000,0x000000078e780000,0x0000000794580000)
 ParOldGen       total 344576K, used 344158K [0x00000006c0000000, 0x00000006d5080000, 0x000000076ab00000)
  object space 344576K, 99% used [0x00000006c0000000,0x00000006d5017b50,0x00000006d5080000)
 Metaspace       used 6607K, capacity 7344K, committed 7552K, reserved 1056768K
  class space    used 597K, capacity 616K, committed 640K, reserved 1048576K

