# JRE version: OpenJDK Runtime Environment (8.0_202) (build 1.8.0_202-release-1483-b49-5587405)
# Java VM: OpenJDK 64-Bit Server VM (25.202-b49-5587405 mixed mode linux-amd64 compressed oops)
Heap:
 PSYoungGen      total 892416K, used 266625K [0x000000076ab00000, 0x00000007bc880000, 0x00000007c0000000)
  eden space 555008K, 0% used [0x000000076ab00000,0x000000076ab00000,0x000000078c900000)
  from space 337408K, 79% used [0x00000007a3500000,0x00000007b3960698,0x00000007b7e80000)
  to   space 372736K, 0% used [0x000000078c900000,0x000000078c900000,0x00000007a3500000)
 ParOldGen       total 516096K, used 515848K [0x00000006c0000000, 0x00000006df800000, 0x000000076ab00000)
  object space 516096K, 99% used [0x00000006c0000000,0x00000006df7c22b8,0x00000006df800000)
 Metaspace       used 6658K, capacity 7344K, committed 7552K, reserved 1056768K
  class space    used 599K, capacity 616K, committed 640K, reserved 1048576K
GC Heap History (10 events):
Event: 36.092 GC heap after
Heap after GC invocations=20 (full 4):
 PSYoungGen      total 675840K, used 160307K [0x000000076ab00000, 0x00000007a8680000, 0x00000007c0000000)
  eden space 481792K, 0% used [0x000000076ab00000,0x000000076ab00000,0x0000000788180000)
  from space 194048K, 82% used [0x0000000796b00000,0x00000007a078cff0,0x00000007a2880000)
  to   space 239104K, 0% used [0x0000000788180000,0x0000000788180000,0x0000000796b00000)
 ParOldGen       total 513536K, used 342048K [0x00000006c0000000, 0x00000006df580000, 0x000000076ab00000)
  object space 513536K, 66% used [0x00000006c0000000,0x00000006d4e082a8,0x00000006df580000)
 Metaspace       used 6594K, capacity 7344K, committed 7552K, reserved 1056768K
  class space    used 597K, capacity 616K, committed 640K, reserved 1048576K
}
Event: 38.412 GC heap before
{Heap before GC invocations=21 (full 4):
 PSYoungGen      total 675840K, used 642099K [0x000000076ab00000, 0x00000007a8680000, 0x00000007c0000000)
  eden space 481792K, 100% used [0x000000076ab00000,0x0000000788180000,0x0000000788180000)
  from space 194048K, 82% used [0x0000000796b00000,0x00000007a078cff0,0x00000007a2880000)
  to   space 239104K, 0% used [0x0000000788180000,0x0000000788180000,0x0000000796b00000)
 ParOldGen       total 513536K, used 342048K [0x00000006c0000000, 0x00000006df580000, 0x000000076ab00000)
  object space 513536K, 66% used [0x00000006c0000000,0x00000006d4e082a8,0x00000006df580000)
 Metaspace       used 6596K, capacity 7344K, committed 7552K, reserved 1056768K
  class space    used 597K, capacity 616K, committed 640K, reserved 1048576K
Event: 38.968 GC heap after
Heap after GC invocations=21 (full 4):
 PSYoungGen      total 720896K, used 154676K [0x000000076ab00000, 0x00000007aa880000, 0x00000007c0000000)
  eden space 481792K, 0% used [0x000000076ab00000,0x000000076ab00000,0x0000000788180000)
  from space 239104K, 64% used [0x0000000788180000,0x000000079188d010,0x0000000796b00000)
  to   space 249344K, 0% used [0x000000079b500000,0x000000079b500000,0x00000007aa880000)
 ParOldGen       total 513536K, used 421977K [0x00000006c0000000, 0x00000006df580000, 0x000000076ab00000)
  object space 513536K, 82% used [0x00000006c0000000,0x00000006d9c16580,0x00000006df580000)
 Metaspace       used 6596K, capacity 7344K, committed 7552K, reserved 1056768K
  class space    used 597K, capacity 616K, committed 640K, reserved 1048576K
}
Event: 41.243 GC heap before
{Heap before GC invocations=22 (full 4):
 PSYoungGen      total 720896K, used 636468K [0x000000076ab00000, 0x00000007aa880000, 0x00000007c0000000)
  eden space 481792K, 100% used [0x000000076ab00000,0x0000000788180000,0x0000000788180000)
  from space 239104K, 64% used [0x0000000788180000,0x000000079188d010,0x0000000796b00000)
  to   space 249344K, 0% used [0x000000079b500000,0x000000079b500000,0x00000007aa880000)
 ParOldGen       total 513536K, used 421977K [0x00000006c0000000, 0x00000006df580000, 0x000000076ab00000)
  object space 513536K, 82% used [0x00000006c0000000,0x00000006d9c16580,0x00000006df580000)
 Metaspace       used 6604K, capacity 7344K, committed 7552K, reserved 1056768K
  class space    used 597K, capacity 616K, committed 640K, reserved 1048576K
Event: 41.632 GC heap after
Heap after GC invocations=22 (full 4):
 PSYoungGen      total 762880K, used 226962K [0x000000076ab00000, 0x00000007aec80000, 0x00000007c0000000)
  eden space 513536K, 0% used [0x000000076ab00000,0x000000076ab00000,0x000000078a080000)
  from space 249344K, 91% used [0x000000079b500000,0x00000007a92a4be8,0x00000007aa880000)
  to   space 283136K, 0% used [0x000000078a080000,0x000000078a080000,0x000000079b500000)
 ParOldGen       total 513536K, used 421977K [0x00000006c0000000, 0x00000006df580000, 0x000000076ab00000)
  object space 513536K, 82% used [0x00000006c0000000,0x00000006d9c16580,0x00000006df580000)
 Metaspace       used 6604K, capacity 7344K, committed 7552K, reserved 1056768K
  class space    used 597K, capacity 616K, committed 640K, reserved 1048576K
}
Event: 44.008 GC heap before
{Heap before GC invocations=23 (full 4):
 PSYoungGen      total 762880K, used 740498K [0x000000076ab00000, 0x00000007aec80000, 0x00000007c0000000)
  eden space 513536K, 100% used [0x000000076ab00000,0x000000078a080000,0x000000078a080000)
  from space 249344K, 91% used [0x000000079b500000,0x00000007a92a4be8,0x00000007aa880000)
  to   space 283136K, 0% used [0x000000078a080000,0x000000078a080000,0x000000079b500000)
 ParOldGen       total 513536K, used 421977K [0x00000006c0000000, 0x00000006df580000, 0x000000076ab00000)
  object space 513536K, 82% used [0x00000006c0000000,0x00000006d9c16580,0x00000006df580000)
 Metaspace       used 6605K, capacity 7344K, committed 7552K, reserved 1056768K
  class space    used 598K, capacity 616K, committed 640K, reserved 1048576K
Event: 44.515 GC heap after
Heap after GC invocations=23 (full 4):
 PSYoungGen      total 796672K, used 283132K [0x000000076ab00000, 0x00000007b7e80000, 0x00000007c0000000)
  eden space 513536K, 0% used [0x000000076ab00000,0x000000076ab00000,0x000000078a080000)
  from space 283136K, 99% used [0x000000078a080000,0x000000079b4ff220,0x000000079b500000)
  to   space 337408K, 0% used [0x00000007a3500000,0x00000007a3500000,0x00000007b7e80000)
 ParOldGen       total 513536K, used 439867K [0x00000006c0000000, 0x00000006df580000, 0x000000076ab00000)
  object space 513536K, 85% used [0x00000006c0000000,0x00000006dad8ef28,0x00000006df580000)
 Metaspace       used 6605K, capacity 7344K, committed 7552K, reserved 1056768K
  class space    used 598K, capacity 616K, committed 640K, reserved 1048576K
}
Event: 47.529 GC heap before
{Heap before GC invocations=24 (full 4):
 PSYoungGen      total 796672K, used 796668K [0x000000076ab00000, 0x00000007b7e80000, 0x00000007c0000000)
  eden space 513536K, 100% used [0x000000076ab00000,0x000000078a080000,0x000000078a080000)
  from space 283136K, 99% used [0x000000078a080000,0x000000079b4ff220,0x000000079b500000)
  to   space 337408K, 0% used [0x00000007a3500000,0x00000007a3500000,0x00000007b7e80000)
 ParOldGen       total 513536K, used 439867K [0x00000006c0000000, 0x00000006df580000, 0x000000076ab00000)
  object space 513536K, 85% used [0x00000006c0000000,0x00000006dad8ef28,0x00000006df580000)
 Metaspace       used 6658K, capacity 7344K, committed 7552K, reserved 1056768K
  class space    used 599K, capacity 616K, committed 640K, reserved 1048576K
Event: 48.306 GC heap after
Heap after GC invocations=24 (full 4):
 PSYoungGen      total 892416K, used 278742K [0x000000076ab00000, 0x00000007bc880000, 0x00000007c0000000)
  eden space 555008K, 0% used [0x000000076ab00000,0x000000076ab00000,0x000000078c900000)
  from space 337408K, 82% used [0x00000007a3500000,0x00000007b4535ac8,0x00000007b7e80000)
  to   space 372736K, 0% used [0x000000078c900000,0x000000078c900000,0x00000007a3500000)
 ParOldGen       total 516096K, used 515755K [0x00000006c0000000, 0x00000006df800000, 0x000000076ab00000)
  object space 516096K, 99% used [0x00000006c0000000,0x00000006df7aae58,0x00000006df800000)
 Metaspace       used 6658K, capacity 7344K, committed 7552K, reserved 1056768K
  class space    used 599K, capacity 616K, committed 640K, reserved 1048576K
}
Event: 48.306 GC heap before
{Heap before GC invocations=25 (full 5):
 PSYoungGen      total 892416K, used 278742K [0x000000076ab00000, 0x00000007bc880000, 0x00000007c0000000)
  eden space 555008K, 0% used [0x000000076ab00000,0x000000076ab00000,0x000000078c900000)
  from space 337408K, 82% used [0x00000007a3500000,0x00000007b4535ac8,0x00000007b7e80000)
  to   space 372736K, 0% used [0x000000078c900000,0x000000078c900000,0x00000007a3500000)
 ParOldGen       total 516096K, used 515755K [0x00000006c0000000, 0x00000006df800000, 0x000000076ab00000)
  object space 516096K, 99% used [0x00000006c0000000,0x00000006df7aae58,0x00000006df800000)
 Metaspace       used 6658K, capacity 7344K, committed 7552K, reserved 1056768K
  class space    used 599K, capacity 616K, committed 640K, reserved 1048576K

