# JRE version: OpenJDK Runtime Environment (8.0_202) (build 1.8.0_202-release-1483-b49-5587405)
# Java VM: OpenJDK 64-Bit Server VM (25.202-b49-5587405 mixed mode linux-amd64 compressed oops)
Heap:
 PSYoungGen      total 106496K, used 15333K [0x000000076ab00000, 0x0000000772700000, 0x00000007c0000000)
  eden space 91136K, 0% used [0x000000076ab00000,0x000000076ab00000,0x0000000770400000)
  from space 15360K, 99% used [0x0000000770400000,0x00000007712f97b0,0x0000000771300000)
  to   space 10240K, 0% used [0x0000000771300000,0x0000000771300000,0x0000000771d00000)
 ParOldGen       total 62976K, used 40530K [0x00000006c0000000, 0x00000006c3d80000, 0x000000076ab00000)
  object space 62976K, 64% used [0x00000006c0000000,0x00000006c2794a58,0x00000006c3d80000)
 Metaspace       used 6181K, capacity 7088K, committed 7296K, reserved 1056768K
  class space    used 594K, capacity 616K, committed 640K, reserved 1048576K
GC Heap History (10 events):
Event: 1.549 GC heap after
Heap after GC invocations=2 (full 0):
 PSYoungGen      total 27648K, used 3571K [0x000000076ab00000, 0x000000076e100000, 0x00000007c0000000)
  eden space 24064K, 0% used [0x000000076ab00000,0x000000076ab00000,0x000000076c280000)
  from space 3584K, 99% used [0x000000076c600000,0x000000076c97cf18,0x000000076c980000)
  to   space 3584K, 0% used [0x000000076c280000,0x000000076c280000,0x000000076c600000)
 ParOldGen       total 62976K, used 5736K [0x00000006c0000000, 0x00000006c3d80000, 0x000000076ab00000)
  object space 62976K, 9% used [0x00000006c0000000,0x00000006c059a0f0,0x00000006c3d80000)
 Metaspace       used 5668K, capacity 6832K, committed 7040K, reserved 1056768K
  class space    used 561K, capacity 616K, committed 640K, reserved 1048576K
}
Event: 1.781 GC heap before
{Heap before GC invocations=3 (full 0):
 PSYoungGen      total 27648K, used 27635K [0x000000076ab00000, 0x000000076e100000, 0x00000007c0000000)
  eden space 24064K, 100% used [0x000000076ab00000,0x000000076c280000,0x000000076c280000)
  from space 3584K, 99% used [0x000000076c600000,0x000000076c97cf18,0x000000076c980000)
  to   space 3584K, 0% used [0x000000076c280000,0x000000076c280000,0x000000076c600000)
 ParOldGen       total 62976K, used 5736K [0x00000006c0000000, 0x00000006c3d80000, 0x000000076ab00000)
  object space 62976K, 9% used [0x00000006c0000000,0x00000006c059a0f0,0x00000006c3d80000)
 Metaspace       used 5823K, capacity 6896K, committed 7040K, reserved 1056768K
  class space    used 579K, capacity 616K, committed 640K, reserved 1048576K
Event: 1.795 GC heap after
Heap after GC invocations=3 (full 0):
 PSYoungGen      total 27648K, used 3552K [0x000000076ab00000, 0x000000076e100000, 0x00000007c0000000)
  eden space 24064K, 0% used [0x000000076ab00000,0x000000076ab00000,0x000000076c280000)
  from space 3584K, 99% used [0x000000076c280000,0x000000076c5f8018,0x000000076c600000)
  to   space 3584K, 0% used [0x000000076dd80000,0x000000076dd80000,0x000000076e100000)
 ParOldGen       total 62976K, used 9947K [0x00000006c0000000, 0x00000006c3d80000, 0x000000076ab00000)
  object space 62976K, 15% used [0x00000006c0000000,0x00000006c09b6ea8,0x00000006c3d80000)
 Metaspace       used 5823K, capacity 6896K, committed 7040K, reserved 1056768K
  class space    used 579K, capacity 616K, committed 640K, reserved 1048576K
}
Event: 1.957 GC heap before
{Heap before GC invocations=4 (full 0):
 PSYoungGen      total 27648K, used 27616K [0x000000076ab00000, 0x000000076e100000, 0x00000007c0000000)
  eden space 24064K, 100% used [0x000000076ab00000,0x000000076c280000,0x000000076c280000)
  from space 3584K, 99% used [0x000000076c280000,0x000000076c5f8018,0x000000076c600000)
  to   space 3584K, 0% used [0x000000076dd80000,0x000000076dd80000,0x000000076e100000)
 ParOldGen       total 62976K, used 9947K [0x00000006c0000000, 0x00000006c3d80000, 0x000000076ab00000)
  object space 62976K, 15% used [0x00000006c0000000,0x00000006c09b6ea8,0x00000006c3d80000)
 Metaspace       used 5851K, capacity 6960K, committed 7040K, reserved 1056768K
  class space    used 579K, capacity 616K, committed 640K, reserved 1048576K
Event: 1.971 GC heap after
Heap after GC invocations=4 (full 0):
 PSYoungGen      total 51712K, used 3552K [0x000000076ab00000, 0x000000076e100000, 0x00000007c0000000)
  eden space 48128K, 0% used [0x000000076ab00000,0x000000076ab00000,0x000000076da00000)
  from space 3584K, 99% used [0x000000076dd80000,0x000000076e0f8018,0x000000076e100000)
  to   space 3584K, 0% used [0x000000076da00000,0x000000076da00000,0x000000076dd80000)
 ParOldGen       total 62976K, used 13078K [0x00000006c0000000, 0x00000006c3d80000, 0x000000076ab00000)
  object space 62976K, 20% used [0x00000006c0000000,0x00000006c0cc5a70,0x00000006c3d80000)
 Metaspace       used 5851K, capacity 6960K, committed 7040K, reserved 1056768K
  class space    used 579K, capacity 616K, committed 640K, reserved 1048576K
}
Event: 2.335 GC heap before
{Heap before GC invocations=5 (full 0):
 PSYoungGen      total 51712K, used 51680K [0x000000076ab00000, 0x000000076e100000, 0x00000007c0000000)
  eden space 48128K, 100% used [0x000000076ab00000,0x000000076da00000,0x000000076da00000)
  from space 3584K, 99% used [0x000000076dd80000,0x000000076e0f8018,0x000000076e100000)
  to   space 3584K, 0% used [0x000000076da00000,0x000000076da00000,0x000000076dd80000)
 ParOldGen       total 62976K, used 13078K [0x00000006c0000000, 0x00000006c3d80000, 0x000000076ab00000)
  object space 62976K, 20% used [0x00000006c0000000,0x00000006c0cc5a70,0x00000006c3d80000)
 Metaspace       used 5944K, capacity 7024K, committed 7296K, reserved 1056768K
  class space    used 579K, capacity 616K, committed 640K, reserved 1048576K
Event: 2.369 GC heap after
Heap after GC invocations=5 (full 0):
 PSYoungGen      total 51712K, used 3581K [0x000000076ab00000, 0x0000000771d00000, 0x00000007c0000000)
  eden space 48128K, 0% used [0x000000076ab00000,0x000000076ab00000,0x000000076da00000)
  from space 3584K, 99% used [0x000000076da00000,0x000000076dd7f5c0,0x000000076dd80000)
  to   space 10240K, 0% used [0x0000000771300000,0x0000000771300000,0x0000000771d00000)
 ParOldGen       total 62976K, used 19330K [0x00000006c0000000, 0x00000006c3d80000, 0x000000076ab00000)
  object space 62976K, 30% used [0x00000006c0000000,0x00000006c12e09d0,0x00000006c3d80000)
 Metaspace       used 5944K, capacity 7024K, committed 7296K, reserved 1056768K
  class space    used 579K, capacity 616K, committed 640K, reserved 1048576K
}
Event: 2.725 GC heap before
{Heap before GC invocations=6 (full 0):
 PSYoungGen      total 51712K, used 51709K [0x000000076ab00000, 0x0000000771d00000, 0x00000007c0000000)
  eden space 48128K, 100% used [0x000000076ab00000,0x000000076da00000,0x000000076da00000)
  from space 3584K, 99% used [0x000000076da00000,0x000000076dd7f5c0,0x000000076dd80000)
  to   space 10240K, 0% used [0x0000000771300000,0x0000000771300000,0x0000000771d00000)
 ParOldGen       total 62976K, used 19330K [0x00000006c0000000, 0x00000006c3d80000, 0x000000076ab00000)
  object space 62976K, 30% used [0x00000006c0000000,0x00000006c12e09d0,0x00000006c3d80000)
 Metaspace       used 6144K, capacity 7088K, committed 7296K, reserved 1056768K
  class space    used 594K, capacity 616K, committed 640K, reserved 1048576K
Event: 2.775 GC heap after
Heap after GC invocations=6 (full 0):
 PSYoungGen      total 101376K, used 10227K [0x000000076ab00000, 0x0000000772700000, 0x00000007c0000000)
  eden space 91136K, 0% used [0x000000076ab00000,0x000000076ab00000,0x0000000770400000)
  from space 10240K, 99% used [0x0000000771300000,0x0000000771cfcff0,0x0000000771d00000)
  to   space 15360K, 0% used [0x0000000770400000,0x0000000770400000,0x0000000771300000)
 ParOldGen       total 62976K, used 26108K [0x00000006c0000000, 0x00000006c3d80000, 0x000000076ab00000)
  object space 62976K, 41% used [0x00000006c0000000,0x00000006c197f0a0,0x00000006c3d80000)
 Metaspace       used 6144K, capacity 7088K, committed 7296K, reserved 1056768K
  class space    used 594K, capacity 616K, committed 640K, reserved 1048576K
}
Event: 3.671 GC heap before
{Heap before GC invocations=7 (full 0):
 PSYoungGen      total 101376K, used 101363K [0x000000076ab00000, 0x0000000772700000, 0x00000007c0000000)
  eden space 91136K, 100% used [0x000000076ab00000,0x0000000770400000,0x0000000770400000)
  from space 10240K, 99% used [0x0000000771300000,0x0000000771cfcff0,0x0000000771d00000)
  to   space 15360K, 0% used [0x0000000770400000,0x0000000770400000,0x0000000771300000)
 ParOldGen       total 62976K, used 26108K [0x00000006c0000000, 0x00000006c3d80000, 0x000000076ab00000)
  object space 62976K, 41% used [0x00000006c0000000,0x00000006c197f0a0,0x00000006c3d80000)
 Metaspace       used 6181K, capacity 7088K, committed 7296K, reserved 1056768K
  class space    used 594K, capacity 616K, committed 640K, reserved 1048576K

