# JRE version: OpenJDK Runtime Environment (8.0_202) (build 1.8.0_202-release-1483-b49-5587405)
# Java VM: OpenJDK 64-Bit Server VM (25.202-b49-5587405 mixed mode linux-amd64 compressed oops)
Heap:
 PSYoungGen      total 781824K, used 186059K [0x000000076ab00000, 0x00000007b3480000, 0x00000007c0000000)
  eden space 486400K, 0% used [0x000000076ab00000,0x000000076ab00000,0x0000000788600000)
  from space 295424K, 62% used [0x0000000788600000,0x0000000793bb2c00,0x000000079a680000)
  to   space 308736K, 0% used [0x00000007a0700000,0x00000007a0700000,0x00000007b3480000)
 ParOldGen       total 587264K, used 586818K [0x00000006c0000000, 0x00000006e3d80000, 0x000000076ab00000)
  object space 587264K, 99% used [0x00000006c0000000,0x00000006e3d10b20,0x00000006e3d80000)
 Metaspace       used 6704K, capacity 7344K, committed 7552K, reserved 1056768K
  class space    used 600K, capacity 616K, committed 640K, reserved 1048576K
GC Heap History (10 events):
Event: 19.994 GC heap after
Heap after GC invocations=23 (full 4):
 PSYoungGen      total 593408K, used 150728K [0x000000076ab00000, 0x000000079f300000, 0x00000007c0000000)
  eden space 436224K, 0% used [0x000000076ab00000,0x000000076ab00000,0x0000000785500000)
  from space 157184K, 95% used [0x0000000785500000,0x000000078e8322a0,0x000000078ee80000)
  to   space 180736K, 0% used [0x0000000794280000,0x0000000794280000,0x000000079f300000)
 ParOldGen       total 553472K, used 361871K [0x00000006c0000000, 0x00000006e1c80000, 0x000000076ab00000)
  object space 553472K, 65% used [0x00000006c0000000,0x00000006d6163d20,0x00000006e1c80000)
 Metaspace       used 6646K, capacity 7344K, committed 7552K, reserved 1056768K
  class space    used 598K, capacity 616K, committed 640K, reserved 1048576K
}
Event: 21.139 GC heap before
{Heap before GC invocations=24 (full 4):
 PSYoungGen      total 593408K, used 586952K [0x000000076ab00000, 0x000000079f300000, 0x00000007c0000000)
  eden space 436224K, 100% used [0x000000076ab00000,0x0000000785500000,0x0000000785500000)
  from space 157184K, 95% used [0x0000000785500000,0x000000078e8322a0,0x000000078ee80000)
  to   space 180736K, 0% used [0x0000000794280000,0x0000000794280000,0x000000079f300000)
 ParOldGen       total 553472K, used 361871K [0x00000006c0000000, 0x00000006e1c80000, 0x000000076ab00000)
  object space 553472K, 65% used [0x00000006c0000000,0x00000006d6163d20,0x00000006e1c80000)
 Metaspace       used 6646K, capacity 7344K, committed 7552K, reserved 1056768K
  class space    used 598K, capacity 616K, committed 640K, reserved 1048576K
Event: 21.487 GC heap after
Heap after GC invocations=24 (full 4):
 PSYoungGen      total 636928K, used 180724K [0x000000076ab00000, 0x00000007a4d00000, 0x00000007c0000000)
  eden space 456192K, 0% used [0x000000076ab00000,0x000000076ab00000,0x0000000786880000)
  from space 180736K, 99% used [0x0000000794280000,0x000000079f2fd3b8,0x000000079f300000)
  to   space 223232K, 0% used [0x0000000786880000,0x0000000786880000,0x0000000794280000)
 ParOldGen       total 553472K, used 395566K [0x00000006c0000000, 0x00000006e1c80000, 0x000000076ab00000)
  object space 553472K, 71% used [0x00000006c0000000,0x00000006d824b828,0x00000006e1c80000)
 Metaspace       used 6646K, capacity 7344K, committed 7552K, reserved 1056768K
  class space    used 598K, capacity 616K, committed 640K, reserved 1048576K
}
Event: 22.643 GC heap before
{Heap before GC invocations=25 (full 4):
 PSYoungGen      total 636928K, used 636916K [0x000000076ab00000, 0x00000007a4d00000, 0x00000007c0000000)
  eden space 456192K, 100% used [0x000000076ab00000,0x0000000786880000,0x0000000786880000)
  from space 180736K, 99% used [0x0000000794280000,0x000000079f2fd3b8,0x000000079f300000)
  to   space 223232K, 0% used [0x0000000786880000,0x0000000786880000,0x0000000794280000)
 ParOldGen       total 553472K, used 395566K [0x00000006c0000000, 0x00000006e1c80000, 0x000000076ab00000)
  object space 553472K, 71% used [0x00000006c0000000,0x00000006d824b828,0x00000006e1c80000)
 Metaspace       used 6652K, capacity 7344K, committed 7552K, reserved 1056768K
  class space    used 599K, capacity 616K, committed 640K, reserved 1048576K
Event: 22.927 GC heap after
Heap after GC invocations=25 (full 4):
 PSYoungGen      total 679424K, used 194668K [0x000000076ab00000, 0x00000007a9a80000, 0x00000007c0000000)
  eden space 456192K, 0% used [0x000000076ab00000,0x000000076ab00000,0x0000000786880000)
  from space 223232K, 87% used [0x0000000786880000,0x000000079269b1f8,0x0000000794280000)
  to   space 249856K, 0% used [0x000000079a680000,0x000000079a680000,0x00000007a9a80000)
 ParOldGen       total 553472K, used 452973K [0x00000006c0000000, 0x00000006e1c80000, 0x000000076ab00000)
  object space 553472K, 81% used [0x00000006c0000000,0x00000006dba5b5f8,0x00000006e1c80000)
 Metaspace       used 6652K, capacity 7344K, committed 7552K, reserved 1056768K
  class space    used 599K, capacity 616K, committed 640K, reserved 1048576K
}
Event: 24.239 GC heap before
{Heap before GC invocations=26 (full 4):
 PSYoungGen      total 679424K, used 650860K [0x000000076ab00000, 0x00000007a9a80000, 0x00000007c0000000)
  eden space 456192K, 100% used [0x000000076ab00000,0x0000000786880000,0x0000000786880000)
  from space 223232K, 87% used [0x0000000786880000,0x000000079269b1f8,0x0000000794280000)
  to   space 249856K, 0% used [0x000000079a680000,0x000000079a680000,0x00000007a9a80000)
 ParOldGen       total 553472K, used 452973K [0x00000006c0000000, 0x00000006e1c80000, 0x000000076ab00000)
  object space 553472K, 81% used [0x00000006c0000000,0x00000006dba5b5f8,0x00000006e1c80000)
 Metaspace       used 6653K, capacity 7344K, committed 7552K, reserved 1056768K
  class space    used 599K, capacity 616K, committed 640K, reserved 1048576K
Event: 24.624 GC heap after
Heap after GC invocations=26 (full 4):
 PSYoungGen      total 736256K, used 249855K [0x000000076ab00000, 0x00000007af700000, 0x00000007c0000000)
  eden space 486400K, 0% used [0x000000076ab00000,0x000000076ab00000,0x0000000788600000)
  from space 249856K, 99% used [0x000000079a680000,0x00000007a9a7fef0,0x00000007a9a80000)
  to   space 295424K, 0% used [0x0000000788600000,0x0000000788600000,0x000000079a680000)
 ParOldGen       total 553472K, used 462850K [0x00000006c0000000, 0x00000006e1c80000, 0x000000076ab00000)
  object space 553472K, 83% used [0x00000006c0000000,0x00000006dc400980,0x00000006e1c80000)
 Metaspace       used 6653K, capacity 7344K, committed 7552K, reserved 1056768K
  class space    used 599K, capacity 616K, committed 640K, reserved 1048576K
}
Event: 26.336 GC heap before
{Heap before GC invocations=27 (full 4):
 PSYoungGen      total 736256K, used 736255K [0x000000076ab00000, 0x00000007af700000, 0x00000007c0000000)
  eden space 486400K, 100% used [0x000000076ab00000,0x0000000788600000,0x0000000788600000)
  from space 249856K, 99% used [0x000000079a680000,0x00000007a9a7fef0,0x00000007a9a80000)
  to   space 295424K, 0% used [0x0000000788600000,0x0000000788600000,0x000000079a680000)
 ParOldGen       total 553472K, used 462850K [0x00000006c0000000, 0x00000006e1c80000, 0x000000076ab00000)
  object space 553472K, 83% used [0x00000006c0000000,0x00000006dc400980,0x00000006e1c80000)
 Metaspace       used 6704K, capacity 7344K, committed 7552K, reserved 1056768K
  class space    used 600K, capacity 616K, committed 640K, reserved 1048576K
Event: 26.748 GC heap after
Heap after GC invocations=27 (full 4):
 PSYoungGen      total 781824K, used 197273K [0x000000076ab00000, 0x00000007b3480000, 0x00000007c0000000)
  eden space 486400K, 0% used [0x000000076ab00000,0x000000076ab00000,0x0000000788600000)
  from space 295424K, 66% used [0x0000000788600000,0x00000007946a65a0,0x000000079a680000)
  to   space 308736K, 0% used [0x00000007a0700000,0x00000007a0700000,0x00000007b3480000)
 ParOldGen       total 587264K, used 586910K [0x00000006c0000000, 0x00000006e3d80000, 0x000000076ab00000)
  object space 587264K, 99% used [0x00000006c0000000,0x00000006e3d27ba8,0x00000006e3d80000)
 Metaspace       used 6704K, capacity 7344K, committed 7552K, reserved 1056768K
  class space    used 600K, capacity 616K, committed 640K, reserved 1048576K
}
Event: 26.748 GC heap before
{Heap before GC invocations=28 (full 5):
 PSYoungGen      total 781824K, used 197273K [0x000000076ab00000, 0x00000007b3480000, 0x00000007c0000000)
  eden space 486400K, 0% used [0x000000076ab00000,0x000000076ab00000,0x0000000788600000)
  from space 295424K, 66% used [0x0000000788600000,0x00000007946a65a0,0x000000079a680000)
  to   space 308736K, 0% used [0x00000007a0700000,0x00000007a0700000,0x00000007b3480000)
 ParOldGen       total 587264K, used 586910K [0x00000006c0000000, 0x00000006e3d80000, 0x000000076ab00000)
  object space 587264K, 99% used [0x00000006c0000000,0x00000006e3d27ba8,0x00000006e3d80000)
 Metaspace       used 6704K, capacity 7344K, committed 7552K, reserved 1056768K
  class space    used 600K, capacity 616K, committed 640K, reserved 1048576K

