# JRE version: OpenJDK Runtime Environment (8.0_202) (build 1.8.0_202-release-1483-b49-5587405)
# Java VM: OpenJDK 64-Bit Server VM (25.202-b49-5587405 mixed mode linux-amd64 compressed oops)
Heap:
 PSYoungGen      total 494592K, used 20694K [0x000000076ab00000, 0x0000000799d80000, 0x00000007c0000000)
  eden space 395264K, 0% used [0x000000076ab00000,0x000000076ab00000,0x0000000782d00000)
  from space 99328K, 20% used [0x0000000782d00000,0x0000000784135a08,0x0000000788e00000)
  to   space 102912K, 0% used [0x0000000793900000,0x0000000793900000,0x0000000799d80000)
 ParOldGen       total 214016K, used 213853K [0x00000006c0000000, 0x00000006cd100000, 0x000000076ab00000)
  object space 214016K, 99% used [0x00000006c0000000,0x00000006cd0d7568,0x00000006cd100000)
 Metaspace       used 6577K, capacity 7280K, committed 7552K, reserved 1056768K
  class space    used 597K, capacity 616K, committed 640K, reserved 1048576K
GC Heap History (10 events):
Event: 11.624 GC heap after
Heap after GC invocations=9 (full 1):
 PSYoungGen      total 350208K, used 40965K [0x000000076ab00000, 0x0000000786e80000, 0x00000007c0000000)
  eden space 308736K, 0% used [0x000000076ab00000,0x000000076ab00000,0x000000077d880000)
  from space 41472K, 98% used [0x0000000784600000,0x0000000786e014f0,0x0000000786e80000)
  to   space 54272K, 0% used [0x0000000780480000,0x0000000780480000,0x0000000783980000)
 ParOldGen       total 130560K, used 70475K [0x00000006c0000000, 0x00000006c7f80000, 0x000000076ab00000)
  object space 130560K, 53% used [0x00000006c0000000,0x00000006c44d2f80,0x00000006c7f80000)
 Metaspace       used 6424K, capacity 7216K, committed 7296K, reserved 1056768K
  class space    used 595K, capacity 616K, committed 640K, reserved 1048576K
}
Event: 16.298 GC heap before
{Heap before GC invocations=10 (full 1):
 PSYoungGen      total 350208K, used 349701K [0x000000076ab00000, 0x0000000786e80000, 0x00000007c0000000)
  eden space 308736K, 100% used [0x000000076ab00000,0x000000077d880000,0x000000077d880000)
  from space 41472K, 98% used [0x0000000784600000,0x0000000786e014f0,0x0000000786e80000)
  to   space 54272K, 0% used [0x0000000780480000,0x0000000780480000,0x0000000783980000)
 ParOldGen       total 130560K, used 70475K [0x00000006c0000000, 0x00000006c7f80000, 0x000000076ab00000)
  object space 130560K, 53% used [0x00000006c0000000,0x00000006c44d2f80,0x00000006c7f80000)
 Metaspace       used 6502K, capacity 7280K, committed 7552K, reserved 1056768K
  class space    used 595K, capacity 616K, committed 640K, reserved 1048576K
Event: 16.920 GC heap after
Heap after GC invocations=10 (full 1):
 PSYoungGen      total 408064K, used 54268K [0x000000076ab00000, 0x000000078d480000, 0x00000007c0000000)
  eden space 353792K, 0% used [0x000000076ab00000,0x000000076ab00000,0x0000000780480000)
  from space 54272K, 99% used [0x0000000780480000,0x000000078397f210,0x0000000783980000)
  to   space 72192K, 0% used [0x0000000788e00000,0x0000000788e00000,0x000000078d480000)
 ParOldGen       total 130560K, used 91947K [0x00000006c0000000, 0x00000006c7f80000, 0x000000076ab00000)
  object space 130560K, 70% used [0x00000006c0000000,0x00000006c59caf58,0x00000006c7f80000)
 Metaspace       used 6502K, capacity 7280K, committed 7552K, reserved 1056768K
  class space    used 595K, capacity 616K, committed 640K, reserved 1048576K
}
Event: 34.305 GC heap before
{Heap before GC invocations=11 (full 1):
 PSYoungGen      total 408064K, used 408060K [0x000000076ab00000, 0x000000078d480000, 0x00000007c0000000)
  eden space 353792K, 100% used [0x000000076ab00000,0x0000000780480000,0x0000000780480000)
  from space 54272K, 99% used [0x0000000780480000,0x000000078397f210,0x0000000783980000)
  to   space 72192K, 0% used [0x0000000788e00000,0x0000000788e00000,0x000000078d480000)
 ParOldGen       total 130560K, used 91947K [0x00000006c0000000, 0x00000006c7f80000, 0x000000076ab00000)
  object space 130560K, 70% used [0x00000006c0000000,0x00000006c59caf58,0x00000006c7f80000)
 Metaspace       used 6544K, capacity 7280K, committed 7552K, reserved 1056768K
  class space    used 596K, capacity 616K, committed 640K, reserved 1048576K
Event: 47.220 GC heap after
Heap after GC invocations=11 (full 1):
 PSYoungGen      total 467456K, used 72176K [0x000000076ab00000, 0x0000000795200000, 0x00000007c0000000)
  eden space 395264K, 0% used [0x000000076ab00000,0x000000076ab00000,0x0000000782d00000)
  from space 72192K, 99% used [0x0000000788e00000,0x000000078d47c0d8,0x000000078d480000)
  to   space 99328K, 0% used [0x0000000782d00000,0x0000000782d00000,0x0000000788e00000)
 ParOldGen       total 133632K, used 133482K [0x00000006c0000000, 0x00000006c8280000, 0x000000076ab00000)
  object space 133632K, 99% used [0x00000006c0000000,0x00000006c825abc8,0x00000006c8280000)
 Metaspace       used 6544K, capacity 7280K, committed 7552K, reserved 1056768K
  class space    used 596K, capacity 616K, committed 640K, reserved 1048576K
}
Event: 47.245 GC heap before
{Heap before GC invocations=12 (full 2):
 PSYoungGen      total 467456K, used 72176K [0x000000076ab00000, 0x0000000795200000, 0x00000007c0000000)
  eden space 395264K, 0% used [0x000000076ab00000,0x000000076ab00000,0x0000000782d00000)
  from space 72192K, 99% used [0x0000000788e00000,0x000000078d47c0d8,0x000000078d480000)
  to   space 99328K, 0% used [0x0000000782d00000,0x0000000782d00000,0x0000000788e00000)
 ParOldGen       total 133632K, used 133482K [0x00000006c0000000, 0x00000006c8280000, 0x000000076ab00000)
  object space 133632K, 99% used [0x00000006c0000000,0x00000006c825abc8,0x00000006c8280000)
 Metaspace       used 6544K, capacity 7280K, committed 7552K, reserved 1056768K
  class space    used 596K, capacity 616K, committed 640K, reserved 1048576K
Event: 48.776 GC heap after
Heap after GC invocations=12 (full 2):
 PSYoungGen      total 467456K, used 49518K [0x000000076ab00000, 0x0000000795200000, 0x00000007c0000000)
  eden space 395264K, 0% used [0x000000076ab00000,0x000000076ab00000,0x0000000782d00000)
  from space 72192K, 68% used [0x0000000788e00000,0x000000078be5ba48,0x000000078d480000)
  to   space 99328K, 0% used [0x0000000782d00000,0x0000000782d00000,0x0000000788e00000)
 ParOldGen       total 214016K, used 133613K [0x00000006c0000000, 0x00000006cd100000, 0x000000076ab00000)
  object space 214016K, 62% used [0x00000006c0000000,0x00000006c827b6b8,0x00000006cd100000)
 Metaspace       used 6544K, capacity 7280K, committed 7552K, reserved 1056768K
  class space    used 596K, capacity 616K, committed 640K, reserved 1048576K
}
Event: 50.749 GC heap before
{Heap before GC invocations=13 (full 2):
 PSYoungGen      total 467456K, used 444782K [0x000000076ab00000, 0x0000000795200000, 0x00000007c0000000)
  eden space 395264K, 100% used [0x000000076ab00000,0x0000000782d00000,0x0000000782d00000)
  from space 72192K, 68% used [0x0000000788e00000,0x000000078be5ba48,0x000000078d480000)
  to   space 99328K, 0% used [0x0000000782d00000,0x0000000782d00000,0x0000000788e00000)
 ParOldGen       total 214016K, used 133613K [0x00000006c0000000, 0x00000006cd100000, 0x000000076ab00000)
  object space 214016K, 62% used [0x00000006c0000000,0x00000006c827b6b8,0x00000006cd100000)
 Metaspace       used 6577K, capacity 7280K, committed 7552K, reserved 1056768K
  class space    used 597K, capacity 616K, committed 640K, reserved 1048576K
Event: 51.065 GC heap after
Heap after GC invocations=13 (full 2):
 PSYoungGen      total 494592K, used 62853K [0x000000076ab00000, 0x0000000799d80000, 0x00000007c0000000)
  eden space 395264K, 0% used [0x000000076ab00000,0x000000076ab00000,0x0000000782d00000)
  from space 99328K, 63% used [0x0000000782d00000,0x0000000786a614e0,0x0000000788e00000)
  to   space 102912K, 0% used [0x0000000793900000,0x0000000793900000,0x0000000799d80000)
 ParOldGen       total 214016K, used 182936K [0x00000006c0000000, 0x00000006cd100000, 0x000000076ab00000)
  object space 214016K, 85% used [0x00000006c0000000,0x00000006cb2a6118,0x00000006cd100000)
 Metaspace       used 6577K, capacity 7280K, committed 7552K, reserved 1056768K
  class space    used 597K, capacity 616K, committed 640K, reserved 1048576K
}
Event: 51.065 GC heap before
{Heap before GC invocations=14 (full 3):
 PSYoungGen      total 494592K, used 62853K [0x000000076ab00000, 0x0000000799d80000, 0x00000007c0000000)
  eden space 395264K, 0% used [0x000000076ab00000,0x000000076ab00000,0x0000000782d00000)
  from space 99328K, 63% used [0x0000000782d00000,0x0000000786a614e0,0x0000000788e00000)
  to   space 102912K, 0% used [0x0000000793900000,0x0000000793900000,0x0000000799d80000)
 ParOldGen       total 214016K, used 182936K [0x00000006c0000000, 0x00000006cd100000, 0x000000076ab00000)
  object space 214016K, 85% used [0x00000006c0000000,0x00000006cb2a6118,0x00000006cd100000)
 Metaspace       used 6577K, capacity 7280K, committed 7552K, reserved 1056768K
  class space    used 597K, capacity 616K, committed 640K, reserved 1048576K

