# JRE version: OpenJDK Runtime Environment (8.0_202) (build 1.8.0_202-release-1483-b49-5587405)
# Java VM: OpenJDK 64-Bit Server VM (25.202-b49-5587405 mixed mode linux-amd64 compressed oops)
Heap:
 PSYoungGen      total 807424K, used 137622K [0x000000076ab00000, 0x00000007b4800000, 0x00000007c0000000)
  eden space 524288K, 0% used [0x000000076ab00000,0x000000076ab00000,0x000000078ab00000)
  from space 283136K, 48% used [0x000000078ab00000,0x0000000793165bc8,0x000000079bf80000)
  to   space 299520K, 0% used [0x00000007a2380000,0x00000007a2380000,0x00000007b4800000)
 ParOldGen       total 580096K, used 578535K [0x00000006c0000000, 0x00000006e3680000, 0x000000076ab00000)
  object space 580096K, 99% used [0x00000006c0000000,0x00000006e34f9f78,0x00000006e3680000)
 Metaspace       used 6653K, capacity 7344K, committed 7552K, reserved 1056768K
  class space    used 599K, capacity 616K, committed 640K, reserved 1048576K
GC Heap History (10 events):
Event: 20.075 GC heap after
Heap after GC invocations=19 (full 3):
 PSYoungGen      total 697344K, used 129580K [0x000000076ab00000, 0x00000007a3400000, 0x00000007c0000000)
  eden space 509952K, 0% used [0x000000076ab00000,0x000000076ab00000,0x0000000789d00000)
  from space 187392K, 69% used [0x0000000795e80000,0x000000079dd0b3e8,0x00000007a1580000)
  to   space 198144K, 0% used [0x0000000789d00000,0x0000000789d00000,0x0000000795e80000)
 ParOldGen       total 376320K, used 376238K [0x00000006c0000000, 0x00000006d6f80000, 0x000000076ab00000)
  object space 376320K, 99% used [0x00000006c0000000,0x00000006d6f6ba60,0x00000006d6f80000)
 Metaspace       used 6642K, capacity 7344K, committed 7552K, reserved 1056768K
  class space    used 598K, capacity 616K, committed 640K, reserved 1048576K
}
Event: 20.075 GC heap before
{Heap before GC invocations=20 (full 4):
 PSYoungGen      total 697344K, used 129580K [0x000000076ab00000, 0x00000007a3400000, 0x00000007c0000000)
  eden space 509952K, 0% used [0x000000076ab00000,0x000000076ab00000,0x0000000789d00000)
  from space 187392K, 69% used [0x0000000795e80000,0x000000079dd0b3e8,0x00000007a1580000)
  to   space 198144K, 0% used [0x0000000789d00000,0x0000000789d00000,0x0000000795e80000)
 ParOldGen       total 376320K, used 376238K [0x00000006c0000000, 0x00000006d6f80000, 0x000000076ab00000)
  object space 376320K, 99% used [0x00000006c0000000,0x00000006d6f6ba60,0x00000006d6f80000)
 Metaspace       used 6642K, capacity 7344K, committed 7552K, reserved 1056768K
  class space    used 598K, capacity 616K, committed 640K, reserved 1048576K
Event: 23.171 GC heap after
Heap after GC invocations=20 (full 4):
 PSYoungGen      total 697344K, used 120171K [0x000000076ab00000, 0x00000007a3400000, 0x00000007c0000000)
  eden space 509952K, 0% used [0x000000076ab00000,0x000000076ab00000,0x0000000789d00000)
  from space 187392K, 64% used [0x0000000795e80000,0x000000079d3dae30,0x00000007a1580000)
  to   space 198144K, 0% used [0x0000000789d00000,0x0000000789d00000,0x0000000795e80000)
 ParOldGen       total 580096K, used 376120K [0x00000006c0000000, 0x00000006e3680000, 0x000000076ab00000)
  object space 580096K, 64% used [0x00000006c0000000,0x00000006d6f4e1c8,0x00000006e3680000)
 Metaspace       used 6642K, capacity 7344K, committed 7552K, reserved 1056768K
  class space    used 598K, capacity 616K, committed 640K, reserved 1048576K
}
Event: 24.624 GC heap before
{Heap before GC invocations=21 (full 4):
 PSYoungGen      total 697344K, used 630123K [0x000000076ab00000, 0x00000007a3400000, 0x00000007c0000000)
  eden space 509952K, 100% used [0x000000076ab00000,0x0000000789d00000,0x0000000789d00000)
  from space 187392K, 64% used [0x0000000795e80000,0x000000079d3dae30,0x00000007a1580000)
  to   space 198144K, 0% used [0x0000000789d00000,0x0000000789d00000,0x0000000795e80000)
 ParOldGen       total 580096K, used 376120K [0x00000006c0000000, 0x00000006e3680000, 0x000000076ab00000)
  object space 580096K, 64% used [0x00000006c0000000,0x00000006d6f4e1c8,0x00000006e3680000)
 Metaspace       used 6645K, capacity 7344K, committed 7552K, reserved 1056768K
  class space    used 598K, capacity 616K, committed 640K, reserved 1048576K
Event: 24.926 GC heap after
Heap after GC invocations=21 (full 4):
 PSYoungGen      total 708096K, used 192016K [0x000000076ab00000, 0x00000007a9f80000, 0x00000007c0000000)
  eden space 509952K, 0% used [0x000000076ab00000,0x000000076ab00000,0x0000000789d00000)
  from space 198144K, 96% used [0x0000000789d00000,0x00000007958840b0,0x0000000795e80000)
  to   space 229376K, 0% used [0x000000079bf80000,0x000000079bf80000,0x00000007a9f80000)
 ParOldGen       total 580096K, used 376120K [0x00000006c0000000, 0x00000006e3680000, 0x000000076ab00000)
  object space 580096K, 64% used [0x00000006c0000000,0x00000006d6f4e1c8,0x00000006e3680000)
 Metaspace       used 6645K, capacity 7344K, committed 7552K, reserved 1056768K
  class space    used 598K, capacity 616K, committed 640K, reserved 1048576K
}
Event: 26.400 GC heap before
{Heap before GC invocations=22 (full 4):
 PSYoungGen      total 708096K, used 701968K [0x000000076ab00000, 0x00000007a9f80000, 0x00000007c0000000)
  eden space 509952K, 100% used [0x000000076ab00000,0x0000000789d00000,0x0000000789d00000)
  from space 198144K, 96% used [0x0000000789d00000,0x00000007958840b0,0x0000000795e80000)
  to   space 229376K, 0% used [0x000000079bf80000,0x000000079bf80000,0x00000007a9f80000)
 ParOldGen       total 580096K, used 376120K [0x00000006c0000000, 0x00000006e3680000, 0x000000076ab00000)
  object space 580096K, 64% used [0x00000006c0000000,0x00000006d6f4e1c8,0x00000006e3680000)
 Metaspace       used 6652K, capacity 7344K, committed 7552K, reserved 1056768K
  class space    used 599K, capacity 616K, committed 640K, reserved 1048576K
Event: 26.838 GC heap after
Heap after GC invocations=22 (full 4):
 PSYoungGen      total 753664K, used 229350K [0x000000076ab00000, 0x00000007b1400000, 0x00000007c0000000)
  eden space 524288K, 0% used [0x000000076ab00000,0x000000076ab00000,0x000000078ab00000)
  from space 229376K, 99% used [0x000000079bf80000,0x00000007a9f79b20,0x00000007a9f80000)
  to   space 283136K, 0% used [0x000000078ab00000,0x000000078ab00000,0x000000079bf80000)
 ParOldGen       total 580096K, used 416184K [0x00000006c0000000, 0x00000006e3680000, 0x000000076ab00000)
  object space 580096K, 71% used [0x00000006c0000000,0x00000006d966e1d8,0x00000006e3680000)
 Metaspace       used 6652K, capacity 7344K, committed 7552K, reserved 1056768K
  class space    used 599K, capacity 616K, committed 640K, reserved 1048576K
}
Event: 28.513 GC heap before
{Heap before GC invocations=23 (full 4):
 PSYoungGen      total 753664K, used 753638K [0x000000076ab00000, 0x00000007b1400000, 0x00000007c0000000)
  eden space 524288K, 100% used [0x000000076ab00000,0x000000078ab00000,0x000000078ab00000)
  from space 229376K, 99% used [0x000000079bf80000,0x00000007a9f79b20,0x00000007a9f80000)
  to   space 283136K, 0% used [0x000000078ab00000,0x000000078ab00000,0x000000079bf80000)
 ParOldGen       total 580096K, used 416184K [0x00000006c0000000, 0x00000006e3680000, 0x000000076ab00000)
  object space 580096K, 71% used [0x00000006c0000000,0x00000006d966e1d8,0x00000006e3680000)
 Metaspace       used 6653K, capacity 7344K, committed 7552K, reserved 1056768K
  class space    used 599K, capacity 616K, committed 640K, reserved 1048576K
Event: 28.885 GC heap after
Heap after GC invocations=23 (full 4):
 PSYoungGen      total 807424K, used 197704K [0x000000076ab00000, 0x00000007b4800000, 0x00000007c0000000)
  eden space 524288K, 0% used [0x000000076ab00000,0x000000076ab00000,0x000000078ab00000)
  from space 283136K, 69% used [0x000000078ab00000,0x0000000796c12198,0x000000079bf80000)
  to   space 299520K, 0% used [0x00000007a2380000,0x00000007a2380000,0x00000007b4800000)
 ParOldGen       total 580096K, used 526236K [0x00000006c0000000, 0x00000006e3680000, 0x000000076ab00000)
  object space 580096K, 90% used [0x00000006c0000000,0x00000006e01e7228,0x00000006e3680000)
 Metaspace       used 6653K, capacity 7344K, committed 7552K, reserved 1056768K
  class space    used 599K, capacity 616K, committed 640K, reserved 1048576K
}
Event: 28.885 GC heap before
{Heap before GC invocations=24 (full 5):
 PSYoungGen      total 807424K, used 197704K [0x000000076ab00000, 0x00000007b4800000, 0x00000007c0000000)
  eden space 524288K, 0% used [0x000000076ab00000,0x000000076ab00000,0x000000078ab00000)
  from space 283136K, 69% used [0x000000078ab00000,0x0000000796c12198,0x000000079bf80000)
  to   space 299520K, 0% used [0x00000007a2380000,0x00000007a2380000,0x00000007b4800000)
 ParOldGen       total 580096K, used 526236K [0x00000006c0000000, 0x00000006e3680000, 0x000000076ab00000)
  object space 580096K, 90% used [0x00000006c0000000,0x00000006e01e7228,0x00000006e3680000)
 Metaspace       used 6653K, capacity 7344K, committed 7552K, reserved 1056768K
  class space    used 599K, capacity 616K, committed 640K, reserved 1048576K

