# JRE version: OpenJDK Runtime Environment (8.0_202) (build 1.8.0_202-release-1483-b49-5587405)
# Java VM: OpenJDK 64-Bit Server VM (25.202-b49-5587405 mixed mode linux-amd64 compressed oops)
Heap:
 PSYoungGen      total 753152K, used 0K [0x000000076ab00000, 0x00000007ade00000, 0x00000007c0000000)
  eden space 504832K, 0% used [0x000000076ab00000,0x000000076ab00000,0x0000000789800000)
  from space 248320K, 0% used [0x0000000789800000,0x0000000789800000,0x0000000798a80000)
  to   space 257024K, 0% used [0x000000079e300000,0x000000079e300000,0x00000007ade00000)
 ParOldGen       total 763392K, used 661080K [0x00000006c0000000, 0x00000006ee980000, 0x000000076ab00000)
  object space 763392K, 86% used [0x00000006c0000000,0x00000006e8596218,0x00000006ee980000)
 Metaspace       used 7056K, capacity 7634K, committed 7936K, reserved 1056768K
  class space    used 620K, capacity 650K, committed 768K, reserved 1048576K
GC Heap History (10 events):
Event: 25.877 GC heap after
Heap after GC invocations=24 (full 5):
 PSYoungGen      total 605696K, used 33916K [0x000000076ab00000, 0x000000079e480000, 0x00000007c0000000)
  eden space 453120K, 0% used [0x000000076ab00000,0x000000076ab00000,0x0000000786580000)
  from space 152576K, 22% used [0x0000000786580000,0x000000078869f338,0x000000078fa80000)
  to   space 168448K, 0% used [0x0000000794000000,0x0000000794000000,0x000000079e480000)
 ParOldGen       total 763392K, used 523324K [0x00000006c0000000, 0x00000006ee980000, 0x000000076ab00000)
  object space 763392K, 68% used [0x00000006c0000000,0x00000006dff0f050,0x00000006ee980000)
 Metaspace       used 6618K, capacity 7344K, committed 7552K, reserved 1056768K
  class space    used 598K, capacity 616K, committed 640K, reserved 1048576K
}
Event: 27.110 GC heap before
{Heap before GC invocations=25 (full 5):
 PSYoungGen      total 605696K, used 487036K [0x000000076ab00000, 0x000000079e480000, 0x00000007c0000000)
  eden space 453120K, 100% used [0x000000076ab00000,0x0000000786580000,0x0000000786580000)
  from space 152576K, 22% used [0x0000000786580000,0x000000078869f338,0x000000078fa80000)
  to   space 168448K, 0% used [0x0000000794000000,0x0000000794000000,0x000000079e480000)
 ParOldGen       total 763392K, used 523324K [0x00000006c0000000, 0x00000006ee980000, 0x000000076ab00000)
  object space 763392K, 68% used [0x00000006c0000000,0x00000006dff0f050,0x00000006ee980000)
 Metaspace       used 6627K, capacity 7344K, committed 7552K, reserved 1056768K
  class space    used 599K, capacity 616K, committed 640K, reserved 1048576K
Event: 27.477 GC heap after
Heap after GC invocations=25 (full 5):
 PSYoungGen      total 667648K, used 101232K [0x000000076ab00000, 0x000000079e300000, 0x00000007c0000000)
  eden space 500736K, 0% used [0x000000076ab00000,0x000000076ab00000,0x0000000789400000)
  from space 166912K, 60% used [0x0000000794000000,0x000000079a2dc200,0x000000079e300000)
  to   space 171520K, 0% used [0x0000000789400000,0x0000000789400000,0x0000000793b80000)
 ParOldGen       total 763392K, used 523324K [0x00000006c0000000, 0x00000006ee980000, 0x000000076ab00000)
  object space 763392K, 68% used [0x00000006c0000000,0x00000006dff0f050,0x00000006ee980000)
 Metaspace       used 6627K, capacity 7344K, committed 7552K, reserved 1056768K
  class space    used 599K, capacity 616K, committed 640K, reserved 1048576K
}
Event: 28.815 GC heap before
{Heap before GC invocations=26 (full 5):
 PSYoungGen      total 667648K, used 601968K [0x000000076ab00000, 0x000000079e300000, 0x00000007c0000000)
  eden space 500736K, 100% used [0x000000076ab00000,0x0000000789400000,0x0000000789400000)
  from space 166912K, 60% used [0x0000000794000000,0x000000079a2dc200,0x000000079e300000)
  to   space 171520K, 0% used [0x0000000789400000,0x0000000789400000,0x0000000793b80000)
 ParOldGen       total 763392K, used 523324K [0x00000006c0000000, 0x00000006ee980000, 0x000000076ab00000)
  object space 763392K, 68% used [0x00000006c0000000,0x00000006dff0f050,0x00000006ee980000)
 Metaspace       used 6629K, capacity 7344K, committed 7552K, reserved 1056768K
  class space    used 599K, capacity 616K, committed 640K, reserved 1048576K
Event: 28.987 GC heap after
Heap after GC invocations=26 (full 5):
 PSYoungGen      total 672256K, used 171491K [0x000000076ab00000, 0x00000007a4d80000, 0x00000007c0000000)
  eden space 500736K, 0% used [0x000000076ab00000,0x000000076ab00000,0x0000000789400000)
  from space 171520K, 99% used [0x0000000789400000,0x0000000793b78f08,0x0000000793b80000)
  to   space 199680K, 0% used [0x0000000798a80000,0x0000000798a80000,0x00000007a4d80000)
 ParOldGen       total 763392K, used 525015K [0x00000006c0000000, 0x00000006ee980000, 0x000000076ab00000)
  object space 763392K, 68% used [0x00000006c0000000,0x00000006e00b5f68,0x00000006ee980000)
 Metaspace       used 6629K, capacity 7344K, committed 7552K, reserved 1056768K
  class space    used 599K, capacity 616K, committed 640K, reserved 1048576K
}
Event: 30.274 GC heap before
{Heap before GC invocations=27 (full 5):
 PSYoungGen      total 672256K, used 672227K [0x000000076ab00000, 0x00000007a4d80000, 0x00000007c0000000)
  eden space 500736K, 100% used [0x000000076ab00000,0x0000000789400000,0x0000000789400000)
  from space 171520K, 99% used [0x0000000789400000,0x0000000793b78f08,0x0000000793b80000)
  to   space 199680K, 0% used [0x0000000798a80000,0x0000000798a80000,0x00000007a4d80000)
 ParOldGen       total 763392K, used 525015K [0x00000006c0000000, 0x00000006ee980000, 0x000000076ab00000)
  object space 763392K, 68% used [0x00000006c0000000,0x00000006e00b5f68,0x00000006ee980000)
 Metaspace       used 6631K, capacity 7344K, committed 7552K, reserved 1056768K
  class space    used 599K, capacity 616K, committed 640K, reserved 1048576K
Event: 30.865 GC heap after
Heap after GC invocations=27 (full 5):
 PSYoungGen      total 704512K, used 199648K [0x000000076ab00000, 0x00000007abc00000, 0x00000007c0000000)
  eden space 504832K, 0% used [0x000000076ab00000,0x000000076ab00000,0x0000000789800000)
  from space 199680K, 99% used [0x0000000798a80000,0x00000007a4d783f8,0x00000007a4d80000)
  to   space 248320K, 0% used [0x0000000789800000,0x0000000789800000,0x0000000798a80000)
 ParOldGen       total 763392K, used 568388K [0x00000006c0000000, 0x00000006ee980000, 0x000000076ab00000)
  object space 763392K, 74% used [0x00000006c0000000,0x00000006e2b11170,0x00000006ee980000)
 Metaspace       used 6631K, capacity 7344K, committed 7552K, reserved 1056768K
  class space    used 599K, capacity 616K, committed 640K, reserved 1048576K
}
Event: 36.355 GC heap before
{Heap before GC invocations=28 (full 5):
 PSYoungGen      total 704512K, used 704480K [0x000000076ab00000, 0x00000007abc00000, 0x00000007c0000000)
  eden space 504832K, 100% used [0x000000076ab00000,0x0000000789800000,0x0000000789800000)
  from space 199680K, 99% used [0x0000000798a80000,0x00000007a4d783f8,0x00000007a4d80000)
  to   space 248320K, 0% used [0x0000000789800000,0x0000000789800000,0x0000000798a80000)
 ParOldGen       total 763392K, used 568388K [0x00000006c0000000, 0x00000006ee980000, 0x000000076ab00000)
  object space 763392K, 74% used [0x00000006c0000000,0x00000006e2b11170,0x00000006ee980000)
 Metaspace       used 7056K, capacity 7634K, committed 7936K, reserved 1056768K
  class space    used 620K, capacity 650K, committed 768K, reserved 1048576K
Event: 39.872 GC heap after
Heap after GC invocations=28 (full 5):
 PSYoungGen      total 753152K, used 160608K [0x000000076ab00000, 0x00000007ade00000, 0x00000007c0000000)
  eden space 504832K, 0% used [0x000000076ab00000,0x000000076ab00000,0x0000000789800000)
  from space 248320K, 64% used [0x0000000789800000,0x00000007934d8000,0x0000000798a80000)
  to   space 257024K, 0% used [0x000000079e300000,0x000000079e300000,0x00000007ade00000)
 ParOldGen       total 763392K, used 682289K [0x00000006c0000000, 0x00000006ee980000, 0x000000076ab00000)
  object space 763392K, 89% used [0x00000006c0000000,0x00000006e9a4c4d8,0x00000006ee980000)
 Metaspace       used 7056K, capacity 7634K, committed 7936K, reserved 1056768K
  class space    used 620K, capacity 650K, committed 768K, reserved 1048576K
}
Event: 40.137 GC heap before
{Heap before GC invocations=29 (full 6):
 PSYoungGen      total 753152K, used 160608K [0x000000076ab00000, 0x00000007ade00000, 0x00000007c0000000)
  eden space 504832K, 0% used [0x000000076ab00000,0x000000076ab00000,0x0000000789800000)
  from space 248320K, 64% used [0x0000000789800000,0x00000007934d8000,0x0000000798a80000)
  to   space 257024K, 0% used [0x000000079e300000,0x000000079e300000,0x00000007ade00000)
 ParOldGen       total 763392K, used 682289K [0x00000006c0000000, 0x00000006ee980000, 0x000000076ab00000)
  object space 763392K, 89% used [0x00000006c0000000,0x00000006e9a4c4d8,0x00000006ee980000)
 Metaspace       used 7056K, capacity 7634K, committed 7936K, reserved 1056768K
  class space    used 620K, capacity 650K, committed 768K, reserved 1048576K

