# JRE version: OpenJDK Runtime Environment (8.0_202) (build 1.8.0_202-release-1483-b49-5587405)
# Java VM: OpenJDK 64-Bit Server VM (25.202-b49-5587405 mixed mode linux-amd64 compressed oops)
Heap:
 PSYoungGen      total 737280K, used 185231K [0x000000076ab00000, 0x00000007afd00000, 0x00000007c0000000)
  eden space 457216K, 0% used [0x000000076ab00000,0x000000076ab00000,0x0000000786980000)
  from space 280064K, 66% used [0x0000000786980000,0x0000000791e63d78,0x0000000797b00000)
  to   space 293888K, 0% used [0x000000079de00000,0x000000079de00000,0x00000007afd00000)
 ParOldGen       total 572928K, used 568508K [0x00000006c0000000, 0x00000006e2f80000, 0x000000076ab00000)
  object space 572928K, 99% used [0x00000006c0000000,0x00000006e2b2f078,0x00000006e2f80000)
 Metaspace       used 6654K, capacity 7344K, committed 7552K, reserved 1056768K
  class space    used 599K, capacity 616K, committed 640K, reserved 1048576K
GC Heap History (10 events):
Event: 29.531 GC heap after
Heap after GC invocations=23 (full 4):
 PSYoungGen      total 572416K, used 143694K [0x000000076ab00000, 0x000000079d080000, 0x00000007c0000000)
  eden space 417280K, 0% used [0x000000076ab00000,0x000000076ab00000,0x0000000784280000)
  from space 155136K, 92% used [0x0000000784280000,0x000000078ced3a78,0x000000078da00000)
  to   space 176640K, 0% used [0x0000000792400000,0x0000000792400000,0x000000079d080000)
 ParOldGen       total 560128K, used 364462K [0x00000006c0000000, 0x00000006e2300000, 0x000000076ab00000)
  object space 560128K, 65% used [0x00000006c0000000,0x00000006d63ebb08,0x00000006e2300000)
 Metaspace       used 6644K, capacity 7344K, committed 7552K, reserved 1056768K
  class space    used 598K, capacity 616K, committed 640K, reserved 1048576K
}
Event: 30.998 GC heap before
{Heap before GC invocations=24 (full 4):
 PSYoungGen      total 572416K, used 560974K [0x000000076ab00000, 0x000000079d080000, 0x00000007c0000000)
  eden space 417280K, 100% used [0x000000076ab00000,0x0000000784280000,0x0000000784280000)
  from space 155136K, 92% used [0x0000000784280000,0x000000078ced3a78,0x000000078da00000)
  to   space 176640K, 0% used [0x0000000792400000,0x0000000792400000,0x000000079d080000)
 ParOldGen       total 560128K, used 364462K [0x00000006c0000000, 0x00000006e2300000, 0x000000076ab00000)
  object space 560128K, 65% used [0x00000006c0000000,0x00000006d63ebb08,0x00000006e2300000)
 Metaspace       used 6644K, capacity 7344K, committed 7552K, reserved 1056768K
  class space    used 598K, capacity 616K, committed 640K, reserved 1048576K
Event: 31.422 GC heap after
Heap after GC invocations=24 (full 4):
 PSYoungGen      total 608768K, used 176609K [0x000000076ab00000, 0x00000007a2400000, 0x00000007c0000000)
  eden space 432128K, 0% used [0x000000076ab00000,0x000000076ab00000,0x0000000785100000)
  from space 176640K, 99% used [0x0000000792400000,0x000000079d078420,0x000000079d080000)
  to   space 216064K, 0% used [0x0000000785100000,0x0000000785100000,0x0000000792400000)
 ParOldGen       total 560128K, used 392581K [0x00000006c0000000, 0x00000006e2300000, 0x000000076ab00000)
  object space 560128K, 70% used [0x00000006c0000000,0x00000006d7f61400,0x00000006e2300000)
 Metaspace       used 6644K, capacity 7344K, committed 7552K, reserved 1056768K
  class space    used 598K, capacity 616K, committed 640K, reserved 1048576K
}
Event: 33.076 GC heap before
{Heap before GC invocations=25 (full 4):
 PSYoungGen      total 608768K, used 608737K [0x000000076ab00000, 0x00000007a2400000, 0x00000007c0000000)
  eden space 432128K, 100% used [0x000000076ab00000,0x0000000785100000,0x0000000785100000)
  from space 176640K, 99% used [0x0000000792400000,0x000000079d078420,0x000000079d080000)
  to   space 216064K, 0% used [0x0000000785100000,0x0000000785100000,0x0000000792400000)
 ParOldGen       total 560128K, used 392581K [0x00000006c0000000, 0x00000006e2300000, 0x000000076ab00000)
  object space 560128K, 70% used [0x00000006c0000000,0x00000006d7f61400,0x00000006e2300000)
 Metaspace       used 6652K, capacity 7344K, committed 7552K, reserved 1056768K
  class space    used 599K, capacity 616K, committed 640K, reserved 1048576K
Event: 33.475 GC heap after
Heap after GC invocations=25 (full 4):
 PSYoungGen      total 648192K, used 180244K [0x000000076ab00000, 0x00000007a6480000, 0x00000007c0000000)
  eden space 432128K, 0% used [0x000000076ab00000,0x000000076ab00000,0x0000000785100000)
  from space 216064K, 83% used [0x0000000785100000,0x0000000790105098,0x0000000792400000)
  to   space 239104K, 0% used [0x0000000797b00000,0x0000000797b00000,0x00000007a6480000)
 ParOldGen       total 560128K, used 456425K [0x00000006c0000000, 0x00000006e2300000, 0x000000076ab00000)
  object space 560128K, 81% used [0x00000006c0000000,0x00000006dbdba6c8,0x00000006e2300000)
 Metaspace       used 6652K, capacity 7344K, committed 7552K, reserved 1056768K
  class space    used 599K, capacity 616K, committed 640K, reserved 1048576K
}
Event: 35.059 GC heap before
{Heap before GC invocations=26 (full 4):
 PSYoungGen      total 648192K, used 612372K [0x000000076ab00000, 0x00000007a6480000, 0x00000007c0000000)
  eden space 432128K, 100% used [0x000000076ab00000,0x0000000785100000,0x0000000785100000)
  from space 216064K, 83% used [0x0000000785100000,0x0000000790105098,0x0000000792400000)
  to   space 239104K, 0% used [0x0000000797b00000,0x0000000797b00000,0x00000007a6480000)
 ParOldGen       total 560128K, used 456425K [0x00000006c0000000, 0x00000006e2300000, 0x000000076ab00000)
  object space 560128K, 81% used [0x00000006c0000000,0x00000006dbdba6c8,0x00000006e2300000)
 Metaspace       used 6653K, capacity 7344K, committed 7552K, reserved 1056768K
  class space    used 599K, capacity 616K, committed 640K, reserved 1048576K
Event: 35.434 GC heap after
Heap after GC invocations=26 (full 4):
 PSYoungGen      total 696320K, used 239077K [0x000000076ab00000, 0x00000007ab600000, 0x00000007c0000000)
  eden space 457216K, 0% used [0x000000076ab00000,0x000000076ab00000,0x0000000786980000)
  from space 239104K, 99% used [0x0000000797b00000,0x00000007a64794c8,0x00000007a6480000)
  to   space 280064K, 0% used [0x0000000786980000,0x0000000786980000,0x0000000797b00000)
 ParOldGen       total 560128K, used 459306K [0x00000006c0000000, 0x00000006e2300000, 0x000000076ab00000)
  object space 560128K, 82% used [0x00000006c0000000,0x00000006dc08a920,0x00000006e2300000)
 Metaspace       used 6653K, capacity 7344K, committed 7552K, reserved 1056768K
  class space    used 599K, capacity 616K, committed 640K, reserved 1048576K
}
Event: 37.019 GC heap before
{Heap before GC invocations=27 (full 4):
 PSYoungGen      total 696320K, used 696293K [0x000000076ab00000, 0x00000007ab600000, 0x00000007c0000000)
  eden space 457216K, 100% used [0x000000076ab00000,0x0000000786980000,0x0000000786980000)
  from space 239104K, 99% used [0x0000000797b00000,0x00000007a64794c8,0x00000007a6480000)
  to   space 280064K, 0% used [0x0000000786980000,0x0000000786980000,0x0000000797b00000)
 ParOldGen       total 560128K, used 459306K [0x00000006c0000000, 0x00000006e2300000, 0x000000076ab00000)
  object space 560128K, 82% used [0x00000006c0000000,0x00000006dc08a920,0x00000006e2300000)
 Metaspace       used 6654K, capacity 7344K, committed 7552K, reserved 1056768K
  class space    used 599K, capacity 616K, committed 640K, reserved 1048576K
Event: 38.392 GC heap after
Heap after GC invocations=27 (full 4):
 PSYoungGen      total 737280K, used 191799K [0x000000076ab00000, 0x00000007afd00000, 0x00000007c0000000)
  eden space 457216K, 0% used [0x000000076ab00000,0x000000076ab00000,0x0000000786980000)
  from space 280064K, 68% used [0x0000000786980000,0x00000007924cde58,0x0000000797b00000)
  to   space 293888K, 0% used [0x000000079de00000,0x000000079de00000,0x00000007afd00000)
 ParOldGen       total 572928K, used 572618K [0x00000006c0000000, 0x00000006e2f80000, 0x000000076ab00000)
  object space 572928K, 99% used [0x00000006c0000000,0x00000006e2f32b90,0x00000006e2f80000)
 Metaspace       used 6654K, capacity 7344K, committed 7552K, reserved 1056768K
  class space    used 599K, capacity 616K, committed 640K, reserved 1048576K
}
Event: 38.434 GC heap before
{Heap before GC invocations=28 (full 5):
 PSYoungGen      total 737280K, used 191799K [0x000000076ab00000, 0x00000007afd00000, 0x00000007c0000000)
  eden space 457216K, 0% used [0x000000076ab00000,0x000000076ab00000,0x0000000786980000)
  from space 280064K, 68% used [0x0000000786980000,0x00000007924cde58,0x0000000797b00000)
  to   space 293888K, 0% used [0x000000079de00000,0x000000079de00000,0x00000007afd00000)
 ParOldGen       total 572928K, used 572618K [0x00000006c0000000, 0x00000006e2f80000, 0x000000076ab00000)
  object space 572928K, 99% used [0x00000006c0000000,0x00000006e2f32b90,0x00000006e2f80000)
 Metaspace       used 6654K, capacity 7344K, committed 7552K, reserved 1056768K
  class space    used 599K, capacity 616K, committed 640K, reserved 1048576K

