# JRE version: OpenJDK Runtime Environment (8.0_202) (build 1.8.0_202-release-1483-b49-5587405)
# Java VM: OpenJDK 64-Bit Server VM (25.202-b49-5587405 mixed mode linux-amd64 compressed oops)
Heap:
 PSYoungGen      total 806400K, used 285179K [0x000000076ab00000, 0x00000007b0280000, 0x00000007c0000000)
  eden space 521216K, 0% used [0x000000076ab00000,0x000000076ab00000,0x000000078a800000)
  from space 285184K, 99% used [0x000000078a800000,0x000000079be7ef20,0x000000079be80000)
  to   space 246272K, 0% used [0x000000079be80000,0x000000079be80000,0x00000007aaf00000)
 ParOldGen       total 529408K, used 443847K [0x00000006c0000000, 0x00000006e0500000, 0x000000076ab00000)
  object space 529408K, 83% used [0x00000006c0000000,0x00000006db171f30,0x00000006e0500000)
 Metaspace       used 6624K, capacity 7344K, committed 7552K, reserved 1056768K
  class space    used 599K, capacity 616K, committed 640K, reserved 1048576K
GC Heap History (10 events):
Event: 22.898 GC heap after
Heap after GC invocations=18 (full 3):
 PSYoungGen      total 584192K, used 157229K [0x000000076ab00000, 0x00000007a1600000, 0x00000007c0000000)
  eden space 425984K, 0% used [0x000000076ab00000,0x000000076ab00000,0x0000000784b00000)
  from space 158208K, 99% used [0x0000000784b00000,0x000000078e48b620,0x000000078e580000)
  to   space 184832K, 0% used [0x0000000796180000,0x0000000796180000,0x00000007a1600000)
 ParOldGen       total 353280K, used 288168K [0x00000006c0000000, 0x00000006d5900000, 0x000000076ab00000)
  object space 353280K, 81% used [0x00000006c0000000,0x00000006d196a1d8,0x00000006d5900000)
 Metaspace       used 6601K, capacity 7280K, committed 7552K, reserved 1056768K
  class space    used 597K, capacity 616K, committed 640K, reserved 1048576K
}
Event: 24.086 GC heap before
{Heap before GC invocations=19 (full 3):
 PSYoungGen      total 584192K, used 583213K [0x000000076ab00000, 0x00000007a1600000, 0x00000007c0000000)
  eden space 425984K, 100% used [0x000000076ab00000,0x0000000784b00000,0x0000000784b00000)
  from space 158208K, 99% used [0x0000000784b00000,0x000000078e48b620,0x000000078e580000)
  to   space 184832K, 0% used [0x0000000796180000,0x0000000796180000,0x00000007a1600000)
 ParOldGen       total 353280K, used 288168K [0x00000006c0000000, 0x00000006d5900000, 0x000000076ab00000)
  object space 353280K, 81% used [0x00000006c0000000,0x00000006d196a1d8,0x00000006d5900000)
 Metaspace       used 6612K, capacity 7280K, committed 7552K, reserved 1056768K
  class space    used 598K, capacity 616K, committed 640K, reserved 1048576K
Event: 24.503 GC heap after
Heap after GC invocations=19 (full 3):
 PSYoungGen      total 666112K, used 184802K [0x000000076ab00000, 0x00000007a7d00000, 0x00000007c0000000)
  eden space 481280K, 0% used [0x000000076ab00000,0x000000076ab00000,0x0000000788100000)
  from space 184832K, 99% used [0x0000000796180000,0x00000007a15f8a48,0x00000007a1600000)
  to   space 229888K, 0% used [0x0000000788100000,0x0000000788100000,0x0000000796180000)
 ParOldGen       total 353280K, used 324765K [0x00000006c0000000, 0x00000006d5900000, 0x000000076ab00000)
  object space 353280K, 91% used [0x00000006c0000000,0x00000006d3d27740,0x00000006d5900000)
 Metaspace       used 6612K, capacity 7280K, committed 7552K, reserved 1056768K
  class space    used 598K, capacity 616K, committed 640K, reserved 1048576K
}
Event: 24.503 GC heap before
{Heap before GC invocations=20 (full 4):
 PSYoungGen      total 666112K, used 184802K [0x000000076ab00000, 0x00000007a7d00000, 0x00000007c0000000)
  eden space 481280K, 0% used [0x000000076ab00000,0x000000076ab00000,0x0000000788100000)
  from space 184832K, 99% used [0x0000000796180000,0x00000007a15f8a48,0x00000007a1600000)
  to   space 229888K, 0% used [0x0000000788100000,0x0000000788100000,0x0000000796180000)
 ParOldGen       total 353280K, used 324765K [0x00000006c0000000, 0x00000006d5900000, 0x000000076ab00000)
  object space 353280K, 91% used [0x00000006c0000000,0x00000006d3d27740,0x00000006d5900000)
 Metaspace       used 6612K, capacity 7280K, committed 7552K, reserved 1056768K
  class space    used 598K, capacity 616K, committed 640K, reserved 1048576K
Event: 26.628 GC heap after
Heap after GC invocations=20 (full 4):
 PSYoungGen      total 666112K, used 152963K [0x000000076ab00000, 0x00000007a7d00000, 0x00000007c0000000)
  eden space 481280K, 0% used [0x000000076ab00000,0x000000076ab00000,0x0000000788100000)
  from space 184832K, 82% used [0x0000000796180000,0x000000079f6e0c20,0x00000007a1600000)
  to   space 229888K, 0% used [0x0000000788100000,0x0000000788100000,0x0000000796180000)
 ParOldGen       total 529408K, used 352936K [0x00000006c0000000, 0x00000006e0500000, 0x000000076ab00000)
  object space 529408K, 66% used [0x00000006c0000000,0x00000006d58aa3b8,0x00000006e0500000)
 Metaspace       used 6612K, capacity 7280K, committed 7552K, reserved 1056768K
  class space    used 598K, capacity 616K, committed 640K, reserved 1048576K
}
Event: 27.910 GC heap before
{Heap before GC invocations=21 (full 4):
 PSYoungGen      total 666112K, used 634243K [0x000000076ab00000, 0x00000007a7d00000, 0x00000007c0000000)
  eden space 481280K, 100% used [0x000000076ab00000,0x0000000788100000,0x0000000788100000)
  from space 184832K, 82% used [0x0000000796180000,0x000000079f6e0c20,0x00000007a1600000)
  to   space 229888K, 0% used [0x0000000788100000,0x0000000788100000,0x0000000796180000)
 ParOldGen       total 529408K, used 352936K [0x00000006c0000000, 0x00000006e0500000, 0x000000076ab00000)
  object space 529408K, 66% used [0x00000006c0000000,0x00000006d58aa3b8,0x00000006e0500000)
 Metaspace       used 6616K, capacity 7344K, committed 7552K, reserved 1056768K
  class space    used 599K, capacity 616K, committed 640K, reserved 1048576K
Event: 28.337 GC heap after
Heap after GC invocations=21 (full 4):
 PSYoungGen      total 711168K, used 166211K [0x000000076ab00000, 0x00000007aaf00000, 0x00000007c0000000)
  eden space 481280K, 0% used [0x000000076ab00000,0x000000076ab00000,0x0000000788100000)
  from space 229888K, 72% used [0x0000000788100000,0x0000000792350c00,0x0000000796180000)
  to   space 246272K, 0% used [0x000000079be80000,0x000000079be80000,0x00000007aaf00000)
 ParOldGen       total 529408K, used 416429K [0x00000006c0000000, 0x00000006e0500000, 0x000000076ab00000)
  object space 529408K, 78% used [0x00000006c0000000,0x00000006d96ab4f0,0x00000006e0500000)
 Metaspace       used 6616K, capacity 7344K, committed 7552K, reserved 1056768K
  class space    used 599K, capacity 616K, committed 640K, reserved 1048576K
}
Event: 29.847 GC heap before
{Heap before GC invocations=22 (full 4):
 PSYoungGen      total 711168K, used 647491K [0x000000076ab00000, 0x00000007aaf00000, 0x00000007c0000000)
  eden space 481280K, 100% used [0x000000076ab00000,0x0000000788100000,0x0000000788100000)
  from space 229888K, 72% used [0x0000000788100000,0x0000000792350c00,0x0000000796180000)
  to   space 246272K, 0% used [0x000000079be80000,0x000000079be80000,0x00000007aaf00000)
 ParOldGen       total 529408K, used 416429K [0x00000006c0000000, 0x00000006e0500000, 0x000000076ab00000)
  object space 529408K, 78% used [0x00000006c0000000,0x00000006d96ab4f0,0x00000006e0500000)
 Metaspace       used 6624K, capacity 7344K, committed 7552K, reserved 1056768K
  class space    used 599K, capacity 616K, committed 640K, reserved 1048576K
Event: 30.337 GC heap after
Heap after GC invocations=22 (full 4):
 PSYoungGen      total 767488K, used 239781K [0x000000076ab00000, 0x00000007b0280000, 0x00000007c0000000)
  eden space 521216K, 0% used [0x000000076ab00000,0x000000076ab00000,0x000000078a800000)
  from space 246272K, 97% used [0x000000079be80000,0x00000007aa8a9520,0x00000007aaf00000)
  to   space 285184K, 0% used [0x000000078a800000,0x000000078a800000,0x000000079be80000)
 ParOldGen       total 529408K, used 416429K [0x00000006c0000000, 0x00000006e0500000, 0x000000076ab00000)
  object space 529408K, 78% used [0x00000006c0000000,0x00000006d96ab4f0,0x00000006e0500000)
 Metaspace       used 6624K, capacity 7344K, committed 7552K, reserved 1056768K
  class space    used 599K, capacity 616K, committed 640K, reserved 1048576K
}
Event: 32.500 GC heap before
{Heap before GC invocations=23 (full 4):
 PSYoungGen      total 767488K, used 760997K [0x000000076ab00000, 0x00000007b0280000, 0x00000007c0000000)
  eden space 521216K, 100% used [0x000000076ab00000,0x000000078a800000,0x000000078a800000)
  from space 246272K, 97% used [0x000000079be80000,0x00000007aa8a9520,0x00000007aaf00000)
  to   space 285184K, 0% used [0x000000078a800000,0x000000078a800000,0x000000079be80000)
 ParOldGen       total 529408K, used 416429K [0x00000006c0000000, 0x00000006e0500000, 0x000000076ab00000)
  object space 529408K, 78% used [0x00000006c0000000,0x00000006d96ab4f0,0x00000006e0500000)
 Metaspace       used 6624K, capacity 7344K, committed 7552K, reserved 1056768K
  class space    used 599K, capacity 616K, committed 640K, reserved 1048576K

