# JRE version: OpenJDK Runtime Environment (8.0_202) (build 1.8.0_202-release-1483-b49-5587405)
# Java VM: OpenJDK 64-Bit Server VM (25.202-b49-5587405 mixed mode linux-amd64 compressed oops)
Heap:
 PSYoungGen      total 662528K, used 58483K [0x000000076ab00000, 0x00000007a1700000, 0x00000007c0000000)
  eden space 506880K, 0% used [0x000000076ab00000,0x000000076ab00000,0x0000000789a00000)
  from space 155648K, 37% used [0x0000000789a00000,0x000000078d31cec0,0x0000000793200000)
  to   space 148992K, 0% used [0x0000000798580000,0x0000000798580000,0x00000007a1700000)
 ParOldGen       total 737280K, used 736917K [0x00000006c0000000, 0x00000006ed000000, 0x000000076ab00000)
  object space 737280K, 99% used [0x00000006c0000000,0x00000006ecfa54b8,0x00000006ed000000)
 Metaspace       used 6686K, capacity 7344K, committed 7552K, reserved 1056768K
  class space    used 600K, capacity 616K, committed 640K, reserved 1048576K
GC Heap History (10 events):
Event: 23.689 GC heap after
Heap after GC invocations=21 (full 5):
 PSYoungGen      total 532992K, used 61189K [0x000000076ab00000, 0x0000000796480000, 0x00000007c0000000)
  eden space 416256K, 0% used [0x000000076ab00000,0x000000076ab00000,0x0000000784180000)
  from space 116736K, 52% used [0x0000000784180000,0x0000000787d41660,0x000000078b380000)
  to   space 115200K, 0% used [0x000000078f400000,0x000000078f400000,0x0000000796480000)
 ParOldGen       total 696320K, used 484166K [0x00000006c0000000, 0x00000006ea800000, 0x000000076ab00000)
  object space 696320K, 69% used [0x00000006c0000000,0x00000006dd8d1bc0,0x00000006ea800000)
 Metaspace       used 6625K, capacity 7344K, committed 7552K, reserved 1056768K
  class space    used 598K, capacity 616K, committed 640K, reserved 1048576K
}
Event: 24.884 GC heap before
{Heap before GC invocations=22 (full 5):
 PSYoungGen      total 532992K, used 477445K [0x000000076ab00000, 0x0000000796480000, 0x00000007c0000000)
  eden space 416256K, 100% used [0x000000076ab00000,0x0000000784180000,0x0000000784180000)
  from space 116736K, 52% used [0x0000000784180000,0x0000000787d41660,0x000000078b380000)
  to   space 115200K, 0% used [0x000000078f400000,0x000000078f400000,0x0000000796480000)
 ParOldGen       total 696320K, used 484166K [0x00000006c0000000, 0x00000006ea800000, 0x000000076ab00000)
  object space 696320K, 69% used [0x00000006c0000000,0x00000006dd8d1bc0,0x00000006ea800000)
 Metaspace       used 6629K, capacity 7344K, committed 7552K, reserved 1056768K
  class space    used 599K, capacity 616K, committed 640K, reserved 1048576K
Event: 25.245 GC heap after
Heap after GC invocations=22 (full 5):
 PSYoungGen      total 579072K, used 115192K [0x000000076ab00000, 0x0000000797e00000, 0x00000007c0000000)
  eden space 463872K, 0% used [0x000000076ab00000,0x000000076ab00000,0x0000000787000000)
  from space 115200K, 99% used [0x000000078f400000,0x000000079647e0c8,0x0000000796480000)
  to   space 135168K, 0% used [0x0000000787000000,0x0000000787000000,0x000000078f400000)
 ParOldGen       total 696320K, used 487802K [0x00000006c0000000, 0x00000006ea800000, 0x000000076ab00000)
  object space 696320K, 70% used [0x00000006c0000000,0x00000006ddc5ea78,0x00000006ea800000)
 Metaspace       used 6629K, capacity 7344K, committed 7552K, reserved 1056768K
  class space    used 599K, capacity 616K, committed 640K, reserved 1048576K
}
Event: 26.647 GC heap before
{Heap before GC invocations=23 (full 5):
 PSYoungGen      total 579072K, used 579064K [0x000000076ab00000, 0x0000000797e00000, 0x00000007c0000000)
  eden space 463872K, 100% used [0x000000076ab00000,0x0000000787000000,0x0000000787000000)
  from space 115200K, 99% used [0x000000078f400000,0x000000079647e0c8,0x0000000796480000)
  to   space 135168K, 0% used [0x0000000787000000,0x0000000787000000,0x000000078f400000)
 ParOldGen       total 696320K, used 487802K [0x00000006c0000000, 0x00000006ea800000, 0x000000076ab00000)
  object space 696320K, 70% used [0x00000006c0000000,0x00000006ddc5ea78,0x00000006ea800000)
 Metaspace       used 6633K, capacity 7344K, committed 7552K, reserved 1056768K
  class space    used 599K, capacity 616K, committed 640K, reserved 1048576K
Event: 27.018 GC heap after
Heap after GC invocations=23 (full 5):
 PSYoungGen      total 599040K, used 73765K [0x000000076ab00000, 0x000000079b500000, 0x00000007c0000000)
  eden space 463872K, 0% used [0x000000076ab00000,0x000000076ab00000,0x0000000787000000)
  from space 135168K, 54% used [0x0000000787000000,0x000000078b809658,0x000000078f400000)
  to   space 134144K, 0% used [0x0000000793200000,0x0000000793200000,0x000000079b500000)
 ParOldGen       total 696320K, used 602823K [0x00000006c0000000, 0x00000006ea800000, 0x000000076ab00000)
  object space 696320K, 86% used [0x00000006c0000000,0x00000006e4cb1d88,0x00000006ea800000)
 Metaspace       used 6633K, capacity 7344K, committed 7552K, reserved 1056768K
  class space    used 599K, capacity 616K, committed 640K, reserved 1048576K
}
Event: 28.483 GC heap before
{Heap before GC invocations=24 (full 5):
 PSYoungGen      total 599040K, used 537637K [0x000000076ab00000, 0x000000079b500000, 0x00000007c0000000)
  eden space 463872K, 100% used [0x000000076ab00000,0x0000000787000000,0x0000000787000000)
  from space 135168K, 54% used [0x0000000787000000,0x000000078b809658,0x000000078f400000)
  to   space 134144K, 0% used [0x0000000793200000,0x0000000793200000,0x000000079b500000)
 ParOldGen       total 696320K, used 602823K [0x00000006c0000000, 0x00000006ea800000, 0x000000076ab00000)
  object space 696320K, 86% used [0x00000006c0000000,0x00000006e4cb1d88,0x00000006ea800000)
 Metaspace       used 6633K, capacity 7344K, committed 7552K, reserved 1056768K
  class space    used 599K, capacity 616K, committed 640K, reserved 1048576K
Event: 29.392 GC heap after
Heap after GC invocations=24 (full 5):
 PSYoungGen      total 641024K, used 134129K [0x000000076ab00000, 0x000000079ec00000, 0x00000007c0000000)
  eden space 506880K, 0% used [0x000000076ab00000,0x000000076ab00000,0x0000000789a00000)
  from space 134144K, 99% used [0x0000000793200000,0x000000079b4fc4b0,0x000000079b500000)
  to   space 155648K, 0% used [0x0000000789a00000,0x0000000789a00000,0x0000000793200000)
 ParOldGen       total 696320K, used 604051K [0x00000006c0000000, 0x00000006ea800000, 0x000000076ab00000)
  object space 696320K, 86% used [0x00000006c0000000,0x00000006e4de4e70,0x00000006ea800000)
 Metaspace       used 6633K, capacity 7344K, committed 7552K, reserved 1056768K
  class space    used 599K, capacity 616K, committed 640K, reserved 1048576K
}
Event: 34.879 GC heap before
{Heap before GC invocations=25 (full 5):
 PSYoungGen      total 641024K, used 641009K [0x000000076ab00000, 0x000000079ec00000, 0x00000007c0000000)
  eden space 506880K, 100% used [0x000000076ab00000,0x0000000789a00000,0x0000000789a00000)
  from space 134144K, 99% used [0x0000000793200000,0x000000079b4fc4b0,0x000000079b500000)
  to   space 155648K, 0% used [0x0000000789a00000,0x0000000789a00000,0x0000000793200000)
 ParOldGen       total 696320K, used 604051K [0x00000006c0000000, 0x00000006ea800000, 0x000000076ab00000)
  object space 696320K, 86% used [0x00000006c0000000,0x00000006e4de4e70,0x00000006ea800000)
 Metaspace       used 6686K, capacity 7344K, committed 7552K, reserved 1056768K
  class space    used 600K, capacity 616K, committed 640K, reserved 1048576K
Event: 37.870 GC heap after
Heap after GC invocations=25 (full 5):
 PSYoungGen      total 662528K, used 71721K [0x000000076ab00000, 0x00000007a1700000, 0x00000007c0000000)
  eden space 506880K, 0% used [0x000000076ab00000,0x000000076ab00000,0x0000000789a00000)
  from space 155648K, 46% used [0x0000000789a00000,0x000000078e00a520,0x0000000793200000)
  to   space 148992K, 0% used [0x0000000798580000,0x0000000798580000,0x00000007a1700000)
 ParOldGen       total 737280K, used 736918K [0x00000006c0000000, 0x00000006ed000000, 0x000000076ab00000)
  object space 737280K, 99% used [0x00000006c0000000,0x00000006ecfa5910,0x00000006ed000000)
 Metaspace       used 6686K, capacity 7344K, committed 7552K, reserved 1056768K
  class space    used 600K, capacity 616K, committed 640K, reserved 1048576K
}
Event: 37.908 GC heap before
{Heap before GC invocations=26 (full 6):
 PSYoungGen      total 662528K, used 71721K [0x000000076ab00000, 0x00000007a1700000, 0x00000007c0000000)
  eden space 506880K, 0% used [0x000000076ab00000,0x000000076ab00000,0x0000000789a00000)
  from space 155648K, 46% used [0x0000000789a00000,0x000000078e00a520,0x0000000793200000)
  to   space 148992K, 0% used [0x0000000798580000,0x0000000798580000,0x00000007a1700000)
 ParOldGen       total 737280K, used 736918K [0x00000006c0000000, 0x00000006ed000000, 0x000000076ab00000)
  object space 737280K, 99% used [0x00000006c0000000,0x00000006ecfa5910,0x00000006ed000000)
 Metaspace       used 6686K, capacity 7344K, committed 7552K, reserved 1056768K
  class space    used 600K, capacity 616K, committed 640K, reserved 1048576K

