# JRE version: OpenJDK Runtime Environment (8.0_202) (build 1.8.0_202-release-1483-b49-5587405)
# Java VM: OpenJDK 64-Bit Server VM (25.202-b49-5587405 mixed mode linux-amd64 compressed oops)
Heap:
 PSYoungGen      total 859648K, used 74581K [0x000000076ab00000, 0x00000007a9f80000, 0x00000007c0000000)
  eden space 678400K, 0% used [0x000000076ab00000,0x000000076ab00000,0x0000000794180000)
  from space 181248K, 41% used [0x000000079ee80000,0x00000007a3755650,0x00000007a9f80000)
  to   space 177152K, 0% used [0x0000000794180000,0x0000000794180000,0x000000079ee80000)
 ParOldGen       total 653824K, used 653795K [0x00000006c0000000, 0x00000006e7e80000, 0x000000076ab00000)
  object space 653824K, 99% used [0x00000006c0000000,0x00000006e7e78d08,0x00000006e7e80000)
 Metaspace       used 6645K, capacity 7344K, committed 7552K, reserved 1056768K
  class space    used 599K, capacity 616K, committed 640K, reserved 1048576K
GC Heap History (10 events):
Event: 24.670 GC heap after
Heap after GC invocations=21 (full 4):
 PSYoungGen      total 662528K, used 114145K [0x000000076ab00000, 0x00000007a2400000, 0x00000007c0000000)
  eden space 548352K, 0% used [0x000000076ab00000,0x000000076ab00000,0x000000078c280000)
  from space 114176K, 99% used [0x000000078c280000,0x00000007931f86b8,0x0000000793200000)
  to   space 146432K, 0% used [0x0000000799500000,0x0000000799500000,0x00000007a2400000)
 ParOldGen       total 411136K, used 370236K [0x00000006c0000000, 0x00000006d9180000, 0x000000076ab00000)
  object space 411136K, 90% used [0x00000006c0000000,0x00000006d698f0a8,0x00000006d9180000)
 Metaspace       used 6627K, capacity 7280K, committed 7552K, reserved 1056768K
  class space    used 597K, capacity 616K, committed 640K, reserved 1048576K
}
Event: 24.670 GC heap before
{Heap before GC invocations=22 (full 5):
 PSYoungGen      total 662528K, used 114145K [0x000000076ab00000, 0x00000007a2400000, 0x00000007c0000000)
  eden space 548352K, 0% used [0x000000076ab00000,0x000000076ab00000,0x000000078c280000)
  from space 114176K, 99% used [0x000000078c280000,0x00000007931f86b8,0x0000000793200000)
  to   space 146432K, 0% used [0x0000000799500000,0x0000000799500000,0x00000007a2400000)
 ParOldGen       total 411136K, used 370236K [0x00000006c0000000, 0x00000006d9180000, 0x000000076ab00000)
  object space 411136K, 90% used [0x00000006c0000000,0x00000006d698f0a8,0x00000006d9180000)
 Metaspace       used 6627K, capacity 7280K, committed 7552K, reserved 1056768K
  class space    used 597K, capacity 616K, committed 640K, reserved 1048576K
Event: 27.033 GC heap after
Heap after GC invocations=22 (full 5):
 PSYoungGen      total 662528K, used 68856K [0x000000076ab00000, 0x00000007a2400000, 0x00000007c0000000)
  eden space 548352K, 0% used [0x000000076ab00000,0x000000076ab00000,0x000000078c280000)
  from space 114176K, 60% used [0x000000078c280000,0x00000007905be1f0,0x0000000793200000)
  to   space 146432K, 0% used [0x0000000799500000,0x0000000799500000,0x00000007a2400000)
 ParOldGen       total 584704K, used 410912K [0x00000006c0000000, 0x00000006e3b00000, 0x000000076ab00000)
  object space 584704K, 70% used [0x00000006c0000000,0x00000006d91480b8,0x00000006e3b00000)
 Metaspace       used 6627K, capacity 7280K, committed 7552K, reserved 1056768K
  class space    used 597K, capacity 616K, committed 640K, reserved 1048576K
}
Event: 28.670 GC heap before
{Heap before GC invocations=23 (full 5):
 PSYoungGen      total 662528K, used 617208K [0x000000076ab00000, 0x00000007a2400000, 0x00000007c0000000)
  eden space 548352K, 100% used [0x000000076ab00000,0x000000078c280000,0x000000078c280000)
  from space 114176K, 60% used [0x000000078c280000,0x00000007905be1f0,0x0000000793200000)
  to   space 146432K, 0% used [0x0000000799500000,0x0000000799500000,0x00000007a2400000)
 ParOldGen       total 584704K, used 410912K [0x00000006c0000000, 0x00000006e3b00000, 0x000000076ab00000)
  object space 584704K, 70% used [0x00000006c0000000,0x00000006d91480b8,0x00000006e3b00000)
 Metaspace       used 6638K, capacity 7344K, committed 7552K, reserved 1056768K
  class space    used 598K, capacity 616K, committed 640K, reserved 1048576K
Event: 28.984 GC heap after
Heap after GC invocations=23 (full 5):
 PSYoungGen      total 745472K, used 83548K [0x000000076ab00000, 0x00000007a1c80000, 0x00000007c0000000)
  eden space 606720K, 0% used [0x000000076ab00000,0x000000076ab00000,0x000000078fb80000)
  from space 138752K, 60% used [0x0000000799500000,0x000000079e697290,0x00000007a1c80000)
  to   space 147968K, 0% used [0x000000078fb80000,0x000000078fb80000,0x0000000798c00000)
 ParOldGen       total 584704K, used 480375K [0x00000006c0000000, 0x00000006e3b00000, 0x000000076ab00000)
  object space 584704K, 82% used [0x00000006c0000000,0x00000006dd51de20,0x00000006e3b00000)
 Metaspace       used 6638K, capacity 7344K, committed 7552K, reserved 1056768K
  class space    used 598K, capacity 616K, committed 640K, reserved 1048576K
}
Event: 30.960 GC heap before
{Heap before GC invocations=24 (full 5):
 PSYoungGen      total 745472K, used 690268K [0x000000076ab00000, 0x00000007a1c80000, 0x00000007c0000000)
  eden space 606720K, 100% used [0x000000076ab00000,0x000000078fb80000,0x000000078fb80000)
  from space 138752K, 60% used [0x0000000799500000,0x000000079e697290,0x00000007a1c80000)
  to   space 147968K, 0% used [0x000000078fb80000,0x000000078fb80000,0x0000000798c00000)
 ParOldGen       total 584704K, used 480375K [0x00000006c0000000, 0x00000006e3b00000, 0x000000076ab00000)
  object space 584704K, 82% used [0x00000006c0000000,0x00000006dd51de20,0x00000006e3b00000)
 Metaspace       used 6643K, capacity 7344K, committed 7552K, reserved 1056768K
  class space    used 599K, capacity 616K, committed 640K, reserved 1048576K
Event: 31.216 GC heap after
Heap after GC invocations=24 (full 5):
 PSYoungGen      total 754688K, used 147962K [0x000000076ab00000, 0x00000007aa000000, 0x00000007c0000000)
  eden space 606720K, 0% used [0x000000076ab00000,0x000000076ab00000,0x000000078fb80000)
  from space 147968K, 99% used [0x000000078fb80000,0x0000000798bfead8,0x0000000798c00000)
  to   space 181760K, 0% used [0x000000079ee80000,0x000000079ee80000,0x00000007aa000000)
 ParOldGen       total 584704K, used 505597K [0x00000006c0000000, 0x00000006e3b00000, 0x000000076ab00000)
  object space 584704K, 86% used [0x00000006c0000000,0x00000006dedbf748,0x00000006e3b00000)
 Metaspace       used 6643K, capacity 7344K, committed 7552K, reserved 1056768K
  class space    used 599K, capacity 616K, committed 640K, reserved 1048576K
}
Event: 33.028 GC heap before
{Heap before GC invocations=25 (full 5):
 PSYoungGen      total 754688K, used 754682K [0x000000076ab00000, 0x00000007aa000000, 0x00000007c0000000)
  eden space 606720K, 100% used [0x000000076ab00000,0x000000078fb80000,0x000000078fb80000)
  from space 147968K, 99% used [0x000000078fb80000,0x0000000798bfead8,0x0000000798c00000)
  to   space 181760K, 0% used [0x000000079ee80000,0x000000079ee80000,0x00000007aa000000)
 ParOldGen       total 584704K, used 505597K [0x00000006c0000000, 0x00000006e3b00000, 0x000000076ab00000)
  object space 584704K, 86% used [0x00000006c0000000,0x00000006dedbf748,0x00000006e3b00000)
 Metaspace       used 6645K, capacity 7344K, committed 7552K, reserved 1056768K
  class space    used 599K, capacity 616K, committed 640K, reserved 1048576K
Event: 33.409 GC heap after
Heap after GC invocations=25 (full 5):
 PSYoungGen      total 859648K, used 86898K [0x000000076ab00000, 0x00000007a9f80000, 0x00000007c0000000)
  eden space 678400K, 0% used [0x000000076ab00000,0x000000076ab00000,0x0000000794180000)
  from space 181248K, 47% used [0x000000079ee80000,0x00000007a435ca28,0x00000007a9f80000)
  to   space 177152K, 0% used [0x0000000794180000,0x0000000794180000,0x000000079ee80000)
 ParOldGen       total 653824K, used 653768K [0x00000006c0000000, 0x00000006e7e80000, 0x000000076ab00000)
  object space 653824K, 99% used [0x00000006c0000000,0x00000006e7e722c0,0x00000006e7e80000)
 Metaspace       used 6645K, capacity 7344K, committed 7552K, reserved 1056768K
  class space    used 599K, capacity 616K, committed 640K, reserved 1048576K
}
Event: 33.409 GC heap before
{Heap before GC invocations=26 (full 6):
 PSYoungGen      total 859648K, used 86898K [0x000000076ab00000, 0x00000007a9f80000, 0x00000007c0000000)
  eden space 678400K, 0% used [0x000000076ab00000,0x000000076ab00000,0x0000000794180000)
  from space 181248K, 47% used [0x000000079ee80000,0x00000007a435ca28,0x00000007a9f80000)
  to   space 177152K, 0% used [0x0000000794180000,0x0000000794180000,0x000000079ee80000)
 ParOldGen       total 653824K, used 653768K [0x00000006c0000000, 0x00000006e7e80000, 0x000000076ab00000)
  object space 653824K, 99% used [0x00000006c0000000,0x00000006e7e722c0,0x00000006e7e80000)
 Metaspace       used 6645K, capacity 7344K, committed 7552K, reserved 1056768K
  class space    used 599K, capacity 616K, committed 640K, reserved 1048576K

