# JRE version: OpenJDK Runtime Environment (8.0_202) (build 1.8.0_202-release-1483-b49-5587405)
# Java VM: OpenJDK 64-Bit Server VM (25.202-b49-5587405 mixed mode linux-amd64 compressed oops)
Heap:
 PSYoungGen      total 747520K, used 0K [0x000000076ab00000, 0x00000007a2900000, 0x00000007c0000000)
  eden space 599552K, 0% used [0x000000076ab00000,0x000000076ab00000,0x000000078f480000)
  from space 147968K, 0% used [0x0000000798080000,0x0000000798080000,0x00000007a1100000)
  to   space 143360K, 0% used [0x000000078f480000,0x000000078f480000,0x0000000798080000)
 ParOldGen       total 752640K, used 748634K [0x00000006c0000000, 0x00000006edf00000, 0x000000076ab00000)
  object space 752640K, 99% used [0x00000006c0000000,0x00000006edb16bd8,0x00000006edf00000)
 Metaspace       used 6605K, capacity 7344K, committed 7552K, reserved 1056768K
  class space    used 599K, capacity 616K, committed 640K, reserved 1048576K
GC Heap History (10 events):
Event: 29.428 GC heap after
Heap after GC invocations=20 (full 4):
 PSYoungGen      total 561664K, used 65264K [0x000000076ab00000, 0x000000079c480000, 0x00000007c0000000)
  eden space 436224K, 0% used [0x000000076ab00000,0x000000076ab00000,0x0000000785500000)
  from space 125440K, 52% used [0x0000000785500000,0x00000007894bc0b8,0x000000078cf80000)
  to   space 123392K, 0% used [0x0000000794c00000,0x0000000794c00000,0x000000079c480000)
 ParOldGen       total 536576K, used 485724K [0x00000006c0000000, 0x00000006e0c00000, 0x000000076ab00000)
  object space 536576K, 90% used [0x00000006c0000000,0x00000006dda57160,0x00000006e0c00000)
 Metaspace       used 6596K, capacity 7344K, committed 7552K, reserved 1056768K
  class space    used 598K, capacity 616K, committed 640K, reserved 1048576K
}
Event: 29.428 GC heap before
{Heap before GC invocations=21 (full 5):
 PSYoungGen      total 561664K, used 65264K [0x000000076ab00000, 0x000000079c480000, 0x00000007c0000000)
  eden space 436224K, 0% used [0x000000076ab00000,0x000000076ab00000,0x0000000785500000)
  from space 125440K, 52% used [0x0000000785500000,0x00000007894bc0b8,0x000000078cf80000)
  to   space 123392K, 0% used [0x0000000794c00000,0x0000000794c00000,0x000000079c480000)
 ParOldGen       total 536576K, used 485724K [0x00000006c0000000, 0x00000006e0c00000, 0x000000076ab00000)
  object space 536576K, 90% used [0x00000006c0000000,0x00000006dda57160,0x00000006e0c00000)
 Metaspace       used 6596K, capacity 7344K, committed 7552K, reserved 1056768K
  class space    used 598K, capacity 616K, committed 640K, reserved 1048576K
Event: 32.131 GC heap after
Heap after GC invocations=21 (full 5):
 PSYoungGen      total 561664K, used 8702K [0x000000076ab00000, 0x000000079c480000, 0x00000007c0000000)
  eden space 436224K, 0% used [0x000000076ab00000,0x000000076ab00000,0x0000000785500000)
  from space 125440K, 6% used [0x0000000785500000,0x0000000785d7f8b8,0x000000078cf80000)
  to   space 123392K, 0% used [0x0000000794c00000,0x0000000794c00000,0x000000079c480000)
 ParOldGen       total 752640K, used 536325K [0x00000006c0000000, 0x00000006edf00000, 0x000000076ab00000)
  object space 752640K, 71% used [0x00000006c0000000,0x00000006e0bc1598,0x00000006edf00000)
 Metaspace       used 6596K, capacity 7344K, committed 7552K, reserved 1056768K
  class space    used 598K, capacity 616K, committed 640K, reserved 1048576K
}
Event: 33.332 GC heap before
{Heap before GC invocations=22 (full 5):
 PSYoungGen      total 561664K, used 444926K [0x000000076ab00000, 0x000000079c480000, 0x00000007c0000000)
  eden space 436224K, 100% used [0x000000076ab00000,0x0000000785500000,0x0000000785500000)
  from space 125440K, 6% used [0x0000000785500000,0x0000000785d7f8b8,0x000000078cf80000)
  to   space 123392K, 0% used [0x0000000794c00000,0x0000000794c00000,0x000000079c480000)
 ParOldGen       total 752640K, used 536325K [0x00000006c0000000, 0x00000006edf00000, 0x000000076ab00000)
  object space 752640K, 71% used [0x00000006c0000000,0x00000006e0bc1598,0x00000006edf00000)
 Metaspace       used 6601K, capacity 7344K, committed 7552K, reserved 1056768K
  class space    used 599K, capacity 616K, committed 640K, reserved 1048576K
Event: 33.657 GC heap after
Heap after GC invocations=22 (full 5):
 PSYoungGen      total 577536K, used 64811K [0x000000076ab00000, 0x0000000798c00000, 0x00000007c0000000)
  eden space 512000K, 0% used [0x000000076ab00000,0x000000076ab00000,0x0000000789f00000)
  from space 65536K, 98% used [0x0000000794c00000,0x0000000798b4ac28,0x0000000798c00000)
  to   space 121344K, 0% used [0x0000000789f00000,0x0000000789f00000,0x0000000791580000)
 ParOldGen       total 752640K, used 542742K [0x00000006c0000000, 0x00000006edf00000, 0x000000076ab00000)
  object space 752640K, 72% used [0x00000006c0000000,0x00000006e1205ae0,0x00000006edf00000)
 Metaspace       used 6601K, capacity 7344K, committed 7552K, reserved 1056768K
  class space    used 599K, capacity 616K, committed 640K, reserved 1048576K
}
Event: 35.161 GC heap before
{Heap before GC invocations=23 (full 5):
 PSYoungGen      total 577536K, used 576811K [0x000000076ab00000, 0x0000000798c00000, 0x00000007c0000000)
  eden space 512000K, 100% used [0x000000076ab00000,0x0000000789f00000,0x0000000789f00000)
  from space 65536K, 98% used [0x0000000794c00000,0x0000000798b4ac28,0x0000000798c00000)
  to   space 121344K, 0% used [0x0000000789f00000,0x0000000789f00000,0x0000000791580000)
 ParOldGen       total 752640K, used 542742K [0x00000006c0000000, 0x00000006edf00000, 0x000000076ab00000)
  object space 752640K, 72% used [0x00000006c0000000,0x00000006e1205ae0,0x00000006edf00000)
 Metaspace       used 6605K, capacity 7344K, committed 7552K, reserved 1056768K
  class space    used 599K, capacity 616K, committed 640K, reserved 1048576K
Event: 35.343 GC heap after
Heap after GC invocations=23 (full 5):
 PSYoungGen      total 633344K, used 121312K [0x000000076ab00000, 0x00000007a1100000, 0x00000007c0000000)
  eden space 512000K, 0% used [0x000000076ab00000,0x000000076ab00000,0x0000000789f00000)
  from space 121344K, 99% used [0x0000000789f00000,0x0000000791578170,0x0000000791580000)
  to   space 147968K, 0% used [0x0000000798080000,0x0000000798080000,0x00000007a1100000)
 ParOldGen       total 752640K, used 564966K [0x00000006c0000000, 0x00000006edf00000, 0x000000076ab00000)
  object space 752640K, 75% used [0x00000006c0000000,0x00000006e27b9970,0x00000006edf00000)
 Metaspace       used 6605K, capacity 7344K, committed 7552K, reserved 1056768K
  class space    used 599K, capacity 616K, committed 640K, reserved 1048576K
}
Event: 36.657 GC heap before
{Heap before GC invocations=24 (full 5):
 PSYoungGen      total 633344K, used 633312K [0x000000076ab00000, 0x00000007a1100000, 0x00000007c0000000)
  eden space 512000K, 100% used [0x000000076ab00000,0x0000000789f00000,0x0000000789f00000)
  from space 121344K, 99% used [0x0000000789f00000,0x0000000791578170,0x0000000791580000)
  to   space 147968K, 0% used [0x0000000798080000,0x0000000798080000,0x00000007a1100000)
 ParOldGen       total 752640K, used 564966K [0x00000006c0000000, 0x00000006edf00000, 0x000000076ab00000)
  object space 752640K, 75% used [0x00000006c0000000,0x00000006e27b9970,0x00000006edf00000)
 Metaspace       used 6605K, capacity 7344K, committed 7552K, reserved 1056768K
  class space    used 599K, capacity 616K, committed 640K, reserved 1048576K
Event: 45.123 GC heap after
Heap after GC invocations=24 (full 5):
 PSYoungGen      total 747520K, used 71969K [0x000000076ab00000, 0x00000007a2900000, 0x00000007c0000000)
  eden space 599552K, 0% used [0x000000076ab00000,0x000000076ab00000,0x000000078f480000)
  from space 147968K, 48% used [0x0000000798080000,0x000000079c6c8590,0x00000007a1100000)
  to   space 143360K, 0% used [0x000000078f480000,0x000000078f480000,0x0000000798080000)
 ParOldGen       total 752640K, used 684415K [0x00000006c0000000, 0x00000006edf00000, 0x000000076ab00000)
  object space 752640K, 90% used [0x00000006c0000000,0x00000006e9c5fca8,0x00000006edf00000)
 Metaspace       used 6605K, capacity 7344K, committed 7552K, reserved 1056768K
  class space    used 599K, capacity 616K, committed 640K, reserved 1048576K
}
Event: 45.189 GC heap before
{Heap before GC invocations=25 (full 6):
 PSYoungGen      total 747520K, used 71969K [0x000000076ab00000, 0x00000007a2900000, 0x00000007c0000000)
  eden space 599552K, 0% used [0x000000076ab00000,0x000000076ab00000,0x000000078f480000)
  from space 147968K, 48% used [0x0000000798080000,0x000000079c6c8590,0x00000007a1100000)
  to   space 143360K, 0% used [0x000000078f480000,0x000000078f480000,0x0000000798080000)
 ParOldGen       total 752640K, used 684415K [0x00000006c0000000, 0x00000006edf00000, 0x000000076ab00000)
  object space 752640K, 90% used [0x00000006c0000000,0x00000006e9c5fca8,0x00000006edf00000)
 Metaspace       used 6605K, capacity 7344K, committed 7552K, reserved 1056768K
  class space    used 599K, capacity 616K, committed 640K, reserved 1048576K

