# JRE version: OpenJDK Runtime Environment (8.0_202) (build 1.8.0_202-release-1483-b49-5587405)
# Java VM: OpenJDK 64-Bit Server VM (25.202-b49-5587405 mixed mode linux-amd64 compressed oops)
Heap:
 PSYoungGen      total 797184K, used 47882K [0x000000076ab00000, 0x00000007ac500000, 0x00000007c0000000)
  eden space 655872K, 0% used [0x000000076ab00000,0x000000076ab00000,0x0000000792b80000)
  from space 141312K, 33% used [0x0000000792b80000,0x0000000795a42a40,0x000000079b580000)
  to   space 142848K, 0% used [0x00000007a3980000,0x00000007a3980000,0x00000007ac500000)
 ParOldGen       total 758784K, used 758459K [0x00000006c0000000, 0x00000006ee500000, 0x000000076ab00000)
  object space 758784K, 99% used [0x00000006c0000000,0x00000006ee4aef20,0x00000006ee500000)
 Metaspace       used 6824K, capacity 7410K, committed 7552K, reserved 1056768K
  class space    used 607K, capacity 618K, committed 640K, reserved 1048576K
GC Heap History (10 events):
Event: 44.847 GC heap after
Heap after GC invocations=24 (full 4):
 PSYoungGen      total 677376K, used 65951K [0x000000076ab00000, 0x000000079db00000, 0x00000007c0000000)
  eden space 545792K, 0% used [0x000000076ab00000,0x000000076ab00000,0x000000078c000000)
  from space 131584K, 50% used [0x0000000795a80000,0x0000000799ae7fe0,0x000000079db00000)
  to   space 144896K, 0% used [0x000000078c000000,0x000000078c000000,0x0000000794d80000)
 ParOldGen       total 534528K, used 512243K [0x00000006c0000000, 0x00000006e0a00000, 0x000000076ab00000)
  object space 534528K, 95% used [0x00000006c0000000,0x00000006df43ce60,0x00000006e0a00000)
 Metaspace       used 6638K, capacity 7344K, committed 7552K, reserved 1056768K
  class space    used 598K, capacity 616K, committed 640K, reserved 1048576K
}
Event: 44.847 GC heap before
{Heap before GC invocations=25 (full 5):
 PSYoungGen      total 677376K, used 65951K [0x000000076ab00000, 0x000000079db00000, 0x00000007c0000000)
  eden space 545792K, 0% used [0x000000076ab00000,0x000000076ab00000,0x000000078c000000)
  from space 131584K, 50% used [0x0000000795a80000,0x0000000799ae7fe0,0x000000079db00000)
  to   space 144896K, 0% used [0x000000078c000000,0x000000078c000000,0x0000000794d80000)
 ParOldGen       total 534528K, used 512243K [0x00000006c0000000, 0x00000006e0a00000, 0x000000076ab00000)
  object space 534528K, 95% used [0x00000006c0000000,0x00000006df43ce60,0x00000006e0a00000)
 Metaspace       used 6638K, capacity 7344K, committed 7552K, reserved 1056768K
  class space    used 598K, capacity 616K, committed 640K, reserved 1048576K
Event: 49.552 GC heap after
Heap after GC invocations=25 (full 5):
 PSYoungGen      total 677376K, used 42066K [0x000000076ab00000, 0x000000079db00000, 0x00000007c0000000)
  eden space 545792K, 0% used [0x000000076ab00000,0x000000076ab00000,0x000000078c000000)
  from space 131584K, 31% used [0x0000000795a80000,0x0000000798394b48,0x000000079db00000)
  to   space 144896K, 0% used [0x000000078c000000,0x000000078c000000,0x0000000794d80000)
 ParOldGen       total 758784K, used 534042K [0x00000006c0000000, 0x00000006ee500000, 0x000000076ab00000)
  object space 758784K, 70% used [0x00000006c0000000,0x00000006e0986850,0x00000006ee500000)
 Metaspace       used 6638K, capacity 7344K, committed 7552K, reserved 1056768K
  class space    used 598K, capacity 616K, committed 640K, reserved 1048576K
}
Event: 50.966 GC heap before
{Heap before GC invocations=26 (full 5):
 PSYoungGen      total 677376K, used 587858K [0x000000076ab00000, 0x000000079db00000, 0x00000007c0000000)
  eden space 545792K, 100% used [0x000000076ab00000,0x000000078c000000,0x000000078c000000)
  from space 131584K, 31% used [0x0000000795a80000,0x0000000798394b48,0x000000079db00000)
  to   space 144896K, 0% used [0x000000078c000000,0x000000078c000000,0x0000000794d80000)
 ParOldGen       total 758784K, used 534042K [0x00000006c0000000, 0x00000006ee500000, 0x000000076ab00000)
  object space 758784K, 70% used [0x00000006c0000000,0x00000006e0986850,0x00000006ee500000)
 Metaspace       used 6645K, capacity 7344K, committed 7552K, reserved 1056768K
  class space    used 599K, capacity 616K, committed 640K, reserved 1048576K
Event: 51.504 GC heap after
Heap after GC invocations=26 (full 5):
 PSYoungGen      total 690688K, used 83970K [0x000000076ab00000, 0x00000007a4280000, 0x00000007c0000000)
  eden space 545792K, 0% used [0x000000076ab00000,0x000000076ab00000,0x000000078c000000)
  from space 144896K, 57% used [0x000000078c000000,0x00000007912009f8,0x0000000794d80000)
  to   space 144384K, 0% used [0x000000079b580000,0x000000079b580000,0x00000007a4280000)
 ParOldGen       total 758784K, used 574239K [0x00000006c0000000, 0x00000006ee500000, 0x000000076ab00000)
  object space 758784K, 75% used [0x00000006c0000000,0x00000006e30c7f90,0x00000006ee500000)
 Metaspace       used 6645K, capacity 7344K, committed 7552K, reserved 1056768K
  class space    used 599K, capacity 616K, committed 640K, reserved 1048576K
}
Event: 53.003 GC heap before
{Heap before GC invocations=27 (full 5):
 PSYoungGen      total 690688K, used 629762K [0x000000076ab00000, 0x00000007a4280000, 0x00000007c0000000)
  eden space 545792K, 100% used [0x000000076ab00000,0x000000078c000000,0x000000078c000000)
  from space 144896K, 57% used [0x000000078c000000,0x00000007912009f8,0x0000000794d80000)
  to   space 144384K, 0% used [0x000000079b580000,0x000000079b580000,0x00000007a4280000)
 ParOldGen       total 758784K, used 574239K [0x00000006c0000000, 0x00000006ee500000, 0x000000076ab00000)
  object space 758784K, 75% used [0x00000006c0000000,0x00000006e30c7f90,0x00000006ee500000)
 Metaspace       used 6645K, capacity 7344K, committed 7552K, reserved 1056768K
  class space    used 599K, capacity 616K, committed 640K, reserved 1048576K
Event: 54.219 GC heap after
Heap after GC invocations=27 (full 5):
 PSYoungGen      total 800256K, used 77897K [0x000000076ab00000, 0x00000007a4700000, 0x00000007c0000000)
  eden space 655872K, 0% used [0x000000076ab00000,0x000000076ab00000,0x0000000792b80000)
  from space 144384K, 53% used [0x000000079b580000,0x00000007a0192498,0x00000007a4280000)
  to   space 141312K, 0% used [0x0000000792b80000,0x0000000792b80000,0x000000079b580000)
 ParOldGen       total 758784K, used 655905K [0x00000006c0000000, 0x00000006ee500000, 0x000000076ab00000)
  object space 758784K, 86% used [0x00000006c0000000,0x00000006e8088538,0x00000006ee500000)
 Metaspace       used 6645K, capacity 7344K, committed 7552K, reserved 1056768K
  class space    used 599K, capacity 616K, committed 640K, reserved 1048576K
}
Event: 60.191 GC heap before
{Heap before GC invocations=28 (full 5):
 PSYoungGen      total 800256K, used 733769K [0x000000076ab00000, 0x00000007a4700000, 0x00000007c0000000)
  eden space 655872K, 100% used [0x000000076ab00000,0x0000000792b80000,0x0000000792b80000)
  from space 144384K, 53% used [0x000000079b580000,0x00000007a0192498,0x00000007a4280000)
  to   space 141312K, 0% used [0x0000000792b80000,0x0000000792b80000,0x000000079b580000)
 ParOldGen       total 758784K, used 655905K [0x00000006c0000000, 0x00000006ee500000, 0x000000076ab00000)
  object space 758784K, 86% used [0x00000006c0000000,0x00000006e8088538,0x00000006ee500000)
 Metaspace       used 6824K, capacity 7410K, committed 7552K, reserved 1056768K
  class space    used 607K, capacity 618K, committed 640K, reserved 1048576K
Event: 61.380 GC heap after
Heap after GC invocations=28 (full 5):
 PSYoungGen      total 797184K, used 90403K [0x000000076ab00000, 0x00000007ac500000, 0x00000007c0000000)
  eden space 655872K, 0% used [0x000000076ab00000,0x000000076ab00000,0x0000000792b80000)
  from space 141312K, 63% used [0x0000000792b80000,0x00000007983c8da8,0x000000079b580000)
  to   space 142848K, 0% used [0x00000007a3980000,0x00000007a3980000,0x00000007ac500000)
 ParOldGen       total 758784K, used 729110K [0x00000006c0000000, 0x00000006ee500000, 0x000000076ab00000)
  object space 758784K, 96% used [0x00000006c0000000,0x00000006ec805be0,0x00000006ee500000)
 Metaspace       used 6824K, capacity 7410K, committed 7552K, reserved 1056768K
  class space    used 607K, capacity 618K, committed 640K, reserved 1048576K
}
Event: 61.381 GC heap before
{Heap before GC invocations=29 (full 6):
 PSYoungGen      total 797184K, used 90403K [0x000000076ab00000, 0x00000007ac500000, 0x00000007c0000000)
  eden space 655872K, 0% used [0x000000076ab00000,0x000000076ab00000,0x0000000792b80000)
  from space 141312K, 63% used [0x0000000792b80000,0x00000007983c8da8,0x000000079b580000)
  to   space 142848K, 0% used [0x00000007a3980000,0x00000007a3980000,0x00000007ac500000)
 ParOldGen       total 758784K, used 729110K [0x00000006c0000000, 0x00000006ee500000, 0x000000076ab00000)
  object space 758784K, 96% used [0x00000006c0000000,0x00000006ec805be0,0x00000006ee500000)
 Metaspace       used 6824K, capacity 7410K, committed 7552K, reserved 1056768K
  class space    used 607K, capacity 618K, committed 640K, reserved 1048576K

