# JRE version: OpenJDK Runtime Environment (8.0_202) (build 1.8.0_202-release-1483-b49-5587405)
# Java VM: OpenJDK 64-Bit Server VM (25.202-b49-5587405 mixed mode linux-amd64 compressed oops)
Heap:
 PSYoungGen      total 718336K, used 85275K [0x000000076ab00000, 0x00000007a8c00000, 0x00000007c0000000)
  eden space 555520K, 0% used [0x000000076ab00000,0x000000076ab00000,0x000000078c980000)
  from space 162816K, 52% used [0x0000000799100000,0x000000079e446d30,0x00000007a3000000)
  to   space 204288K, 0% used [0x000000078c980000,0x000000078c980000,0x0000000799100000)
 ParOldGen       total 567296K, used 566846K [0x00000006c0000000, 0x00000006e2a00000, 0x000000076ab00000)
  object space 567296K, 99% used [0x00000006c0000000,0x00000006e298f9d8,0x00000006e2a00000)
 Metaspace       used 6458K, capacity 7344K, committed 7552K, reserved 1056768K
  class space    used 585K, capacity 616K, committed 640K, reserved 1048576K
GC Heap History (10 events):
Event: 22.116 GC heap after
Heap after GC invocations=20 (full 4):
 PSYoungGen      total 576512K, used 3308K [0x000000076ab00000, 0x0000000796b00000, 0x00000007c0000000)
  eden space 478208K, 0% used [0x000000076ab00000,0x000000076ab00000,0x0000000787e00000)
  from space 98304K, 3% used [0x000000078e300000,0x000000078e63b008,0x0000000794300000)
  to   space 103424K, 0% used [0x0000000787e00000,0x0000000787e00000,0x000000078e300000)
 ParOldGen       total 567296K, used 371393K [0x00000006c0000000, 0x00000006e2a00000, 0x000000076ab00000)
  object space 567296K, 65% used [0x00000006c0000000,0x00000006d6ab0690,0x00000006e2a00000)
 Metaspace       used 6447K, capacity 7344K, committed 7552K, reserved 1056768K
  class space    used 585K, capacity 616K, committed 640K, reserved 1048576K
}
Event: 23.941 GC heap before
{Heap before GC invocations=21 (full 4):
 PSYoungGen      total 576512K, used 481516K [0x000000076ab00000, 0x0000000796b00000, 0x00000007c0000000)
  eden space 478208K, 100% used [0x000000076ab00000,0x0000000787e00000,0x0000000787e00000)
  from space 98304K, 3% used [0x000000078e300000,0x000000078e63b008,0x0000000794300000)
  to   space 103424K, 0% used [0x0000000787e00000,0x0000000787e00000,0x000000078e300000)
 ParOldGen       total 567296K, used 371393K [0x00000006c0000000, 0x00000006e2a00000, 0x000000076ab00000)
  object space 567296K, 65% used [0x00000006c0000000,0x00000006d6ab0690,0x00000006e2a00000)
 Metaspace       used 6452K, capacity 7344K, committed 7552K, reserved 1056768K
  class space    used 585K, capacity 616K, committed 640K, reserved 1048576K
Event: 24.209 GC heap after
Heap after GC invocations=21 (full 4):
 PSYoungGen      total 581632K, used 74246K [0x000000076ab00000, 0x0000000798e00000, 0x00000007c0000000)
  eden space 478208K, 0% used [0x000000076ab00000,0x000000076ab00000,0x0000000787e00000)
  from space 103424K, 71% used [0x0000000787e00000,0x000000078c681ba8,0x000000078e300000)
  to   space 110080K, 0% used [0x0000000792280000,0x0000000792280000,0x0000000798e00000)
 ParOldGen       total 567296K, used 371393K [0x00000006c0000000, 0x00000006e2a00000, 0x000000076ab00000)
  object space 567296K, 65% used [0x00000006c0000000,0x00000006d6ab0690,0x00000006e2a00000)
 Metaspace       used 6452K, capacity 7344K, committed 7552K, reserved 1056768K
  class space    used 585K, capacity 616K, committed 640K, reserved 1048576K
}
Event: 26.034 GC heap before
{Heap before GC invocations=22 (full 4):
 PSYoungGen      total 581632K, used 552454K [0x000000076ab00000, 0x0000000798e00000, 0x00000007c0000000)
  eden space 478208K, 100% used [0x000000076ab00000,0x0000000787e00000,0x0000000787e00000)
  from space 103424K, 71% used [0x0000000787e00000,0x000000078c681ba8,0x000000078e300000)
  to   space 110080K, 0% used [0x0000000792280000,0x0000000792280000,0x0000000798e00000)
 ParOldGen       total 567296K, used 371393K [0x00000006c0000000, 0x00000006e2a00000, 0x000000076ab00000)
  object space 567296K, 65% used [0x00000006c0000000,0x00000006d6ab0690,0x00000006e2a00000)
 Metaspace       used 6453K, capacity 7344K, committed 7552K, reserved 1056768K
  class space    used 585K, capacity 616K, committed 640K, reserved 1048576K
Event: 26.396 GC heap after
Heap after GC invocations=22 (full 4):
 PSYoungGen      total 614400K, used 110073K [0x000000076ab00000, 0x000000079d000000, 0x00000007c0000000)
  eden space 504320K, 0% used [0x000000076ab00000,0x000000076ab00000,0x0000000789780000)
  from space 110080K, 99% used [0x0000000792280000,0x0000000798dfe460,0x0000000798e00000)
  to   space 142336K, 0% used [0x0000000789780000,0x0000000789780000,0x0000000792280000)
 ParOldGen       total 567296K, used 409864K [0x00000006c0000000, 0x00000006e2a00000, 0x000000076ab00000)
  object space 567296K, 72% used [0x00000006c0000000,0x00000006d9042238,0x00000006e2a00000)
 Metaspace       used 6453K, capacity 7344K, committed 7552K, reserved 1056768K
  class space    used 585K, capacity 616K, committed 640K, reserved 1048576K
}
Event: 28.236 GC heap before
{Heap before GC invocations=23 (full 4):
 PSYoungGen      total 614400K, used 614393K [0x000000076ab00000, 0x000000079d000000, 0x00000007c0000000)
  eden space 504320K, 100% used [0x000000076ab00000,0x0000000789780000,0x0000000789780000)
  from space 110080K, 99% used [0x0000000792280000,0x0000000798dfe460,0x0000000798e00000)
  to   space 142336K, 0% used [0x0000000789780000,0x0000000789780000,0x0000000792280000)
 ParOldGen       total 567296K, used 409864K [0x00000006c0000000, 0x00000006e2a00000, 0x000000076ab00000)
  object space 567296K, 72% used [0x00000006c0000000,0x00000006d9042238,0x00000006e2a00000)
 Metaspace       used 6453K, capacity 7344K, committed 7552K, reserved 1056768K
  class space    used 585K, capacity 616K, committed 640K, reserved 1048576K
Event: 30.717 GC heap after
Heap after GC invocations=23 (full 4):
 PSYoungGen      total 646656K, used 132826K [0x000000076ab00000, 0x00000007a3000000, 0x00000007c0000000)
  eden space 504320K, 0% used [0x000000076ab00000,0x000000076ab00000,0x0000000789780000)
  from space 142336K, 93% used [0x0000000789780000,0x0000000791936b78,0x0000000792280000)
  to   space 162816K, 0% used [0x0000000799100000,0x0000000799100000,0x00000007a3000000)
 ParOldGen       total 567296K, used 460311K [0x00000006c0000000, 0x00000006e2a00000, 0x000000076ab00000)
  object space 567296K, 81% used [0x00000006c0000000,0x00000006dc185d08,0x00000006e2a00000)
 Metaspace       used 6453K, capacity 7344K, committed 7552K, reserved 1056768K
  class space    used 585K, capacity 616K, committed 640K, reserved 1048576K
}
Event: 32.840 GC heap before
{Heap before GC invocations=24 (full 4):
 PSYoungGen      total 646656K, used 637146K [0x000000076ab00000, 0x00000007a3000000, 0x00000007c0000000)
  eden space 504320K, 100% used [0x000000076ab00000,0x0000000789780000,0x0000000789780000)
  from space 142336K, 93% used [0x0000000789780000,0x0000000791936b78,0x0000000792280000)
  to   space 162816K, 0% used [0x0000000799100000,0x0000000799100000,0x00000007a3000000)
 ParOldGen       total 567296K, used 460311K [0x00000006c0000000, 0x00000006e2a00000, 0x000000076ab00000)
  object space 567296K, 81% used [0x00000006c0000000,0x00000006dc185d08,0x00000006e2a00000)
 Metaspace       used 6458K, capacity 7344K, committed 7552K, reserved 1056768K
  class space    used 585K, capacity 616K, committed 640K, reserved 1048576K
Event: 34.915 GC heap after
Heap after GC invocations=24 (full 4):
 PSYoungGen      total 718336K, used 162791K [0x000000076ab00000, 0x00000007a8c00000, 0x00000007c0000000)
  eden space 555520K, 0% used [0x000000076ab00000,0x000000076ab00000,0x000000078c980000)
  from space 162816K, 99% used [0x0000000799100000,0x00000007a2ff9c48,0x00000007a3000000)
  to   space 204288K, 0% used [0x000000078c980000,0x000000078c980000,0x0000000799100000)
 ParOldGen       total 567296K, used 498326K [0x00000006c0000000, 0x00000006e2a00000, 0x000000076ab00000)
  object space 567296K, 87% used [0x00000006c0000000,0x00000006de6a5bd0,0x00000006e2a00000)
 Metaspace       used 6458K, capacity 7344K, committed 7552K, reserved 1056768K
  class space    used 585K, capacity 616K, committed 640K, reserved 1048576K
}
Event: 34.939 GC heap before
{Heap before GC invocations=25 (full 5):
 PSYoungGen      total 718336K, used 162791K [0x000000076ab00000, 0x00000007a8c00000, 0x00000007c0000000)
  eden space 555520K, 0% used [0x000000076ab00000,0x000000076ab00000,0x000000078c980000)
  from space 162816K, 99% used [0x0000000799100000,0x00000007a2ff9c48,0x00000007a3000000)
  to   space 204288K, 0% used [0x000000078c980000,0x000000078c980000,0x0000000799100000)
 ParOldGen       total 567296K, used 498326K [0x00000006c0000000, 0x00000006e2a00000, 0x000000076ab00000)
  object space 567296K, 87% used [0x00000006c0000000,0x00000006de6a5bd0,0x00000006e2a00000)
 Metaspace       used 6458K, capacity 7344K, committed 7552K, reserved 1056768K
  class space    used 585K, capacity 616K, committed 640K, reserved 1048576K

