# JRE version: OpenJDK Runtime Environment (8.0_202) (build 1.8.0_202-release-1483-b49-5587405)
# Java VM: OpenJDK 64-Bit Server VM (25.202-b49-5587405 mixed mode linux-amd64 compressed oops)
Heap:
 PSYoungGen      total 759296K, used 0K [0x000000076ab00000, 0x00000007a2200000, 0x00000007c0000000)
  eden space 615424K, 0% used [0x000000076ab00000,0x000000076ab00000,0x0000000790400000)
  from space 143872K, 0% used [0x0000000799580000,0x0000000799580000,0x00000007a2200000)
  to   space 146432K, 0% used [0x0000000790400000,0x0000000790400000,0x0000000799300000)
 ParOldGen       total 743424K, used 731023K [0x00000006c0000000, 0x00000006ed600000, 0x000000076ab00000)
  object space 743424K, 98% used [0x00000006c0000000,0x00000006ec9e3c08,0x00000006ed600000)
 Metaspace       used 6636K, capacity 7344K, committed 7552K, reserved 1056768K
  class space    used 599K, capacity 616K, committed 640K, reserved 1048576K
GC Heap History (10 events):
Event: 27.305 GC heap after
Heap after GC invocations=23 (full 4):
 PSYoungGen      total 553472K, used 108816K [0x000000076ab00000, 0x000000079ad80000, 0x00000007c0000000)
  eden space 434688K, 0% used [0x000000076ab00000,0x000000076ab00000,0x0000000785380000)
  from space 118784K, 91% used [0x0000000785380000,0x000000078bdc41d8,0x000000078c780000)
  to   space 134144K, 0% used [0x0000000792a80000,0x0000000792a80000,0x000000079ad80000)
 ParOldGen       total 527872K, used 421997K [0x00000006c0000000, 0x00000006e0380000, 0x000000076ab00000)
  object space 527872K, 79% used [0x00000006c0000000,0x00000006d9c1b4b0,0x00000006e0380000)
 Metaspace       used 6625K, capacity 7344K, committed 7552K, reserved 1056768K
  class space    used 598K, capacity 616K, committed 640K, reserved 1048576K
}
Event: 29.017 GC heap before
{Heap before GC invocations=24 (full 4):
 PSYoungGen      total 553472K, used 543504K [0x000000076ab00000, 0x000000079ad80000, 0x00000007c0000000)
  eden space 434688K, 100% used [0x000000076ab00000,0x0000000785380000,0x0000000785380000)
  from space 118784K, 91% used [0x0000000785380000,0x000000078bdc41d8,0x000000078c780000)
  to   space 134144K, 0% used [0x0000000792a80000,0x0000000792a80000,0x000000079ad80000)
 ParOldGen       total 527872K, used 421997K [0x00000006c0000000, 0x00000006e0380000, 0x000000076ab00000)
  object space 527872K, 79% used [0x00000006c0000000,0x00000006d9c1b4b0,0x00000006e0380000)
 Metaspace       used 6628K, capacity 7344K, committed 7552K, reserved 1056768K
  class space    used 599K, capacity 616K, committed 640K, reserved 1048576K
Event: 34.767 GC heap after
Heap after GC invocations=24 (full 4):
 PSYoungGen      total 634880K, used 129304K [0x000000076ab00000, 0x000000079e680000, 0x00000007c0000000)
  eden space 500736K, 0% used [0x000000076ab00000,0x000000076ab00000,0x0000000789400000)
  from space 134144K, 96% used [0x0000000792a80000,0x000000079a8c61e8,0x000000079ad80000)
  to   space 154112K, 0% used [0x0000000789400000,0x0000000789400000,0x0000000792a80000)
 ParOldGen       total 527872K, used 465301K [0x00000006c0000000, 0x00000006e0380000, 0x000000076ab00000)
  object space 527872K, 88% used [0x00000006c0000000,0x00000006dc6656e0,0x00000006e0380000)
 Metaspace       used 6628K, capacity 7344K, committed 7552K, reserved 1056768K
  class space    used 599K, capacity 616K, committed 640K, reserved 1048576K
}
Event: 34.819 GC heap before
{Heap before GC invocations=25 (full 5):
 PSYoungGen      total 634880K, used 129304K [0x000000076ab00000, 0x000000079e680000, 0x00000007c0000000)
  eden space 500736K, 0% used [0x000000076ab00000,0x000000076ab00000,0x0000000789400000)
  from space 134144K, 96% used [0x0000000792a80000,0x000000079a8c61e8,0x000000079ad80000)
  to   space 154112K, 0% used [0x0000000789400000,0x0000000789400000,0x0000000792a80000)
 ParOldGen       total 527872K, used 465301K [0x00000006c0000000, 0x00000006e0380000, 0x000000076ab00000)
  object space 527872K, 88% used [0x00000006c0000000,0x00000006dc6656e0,0x00000006e0380000)
 Metaspace       used 6628K, capacity 7344K, committed 7552K, reserved 1056768K
  class space    used 599K, capacity 616K, committed 640K, reserved 1048576K
Event: 38.458 GC heap after
Heap after GC invocations=25 (full 5):
 PSYoungGen      total 634880K, used 61377K [0x000000076ab00000, 0x000000079e680000, 0x00000007c0000000)
  eden space 500736K, 0% used [0x000000076ab00000,0x000000076ab00000,0x0000000789400000)
  from space 134144K, 45% used [0x0000000792a80000,0x00000007966707e8,0x000000079ad80000)
  to   space 154112K, 0% used [0x0000000789400000,0x0000000789400000,0x0000000792a80000)
 ParOldGen       total 743424K, used 527707K [0x00000006c0000000, 0x00000006ed600000, 0x000000076ab00000)
  object space 743424K, 70% used [0x00000006c0000000,0x00000006e0356f48,0x00000006ed600000)
 Metaspace       used 6628K, capacity 7344K, committed 7552K, reserved 1056768K
  class space    used 599K, capacity 616K, committed 640K, reserved 1048576K
}
Event: 40.731 GC heap before
{Heap before GC invocations=26 (full 5):
 PSYoungGen      total 634880K, used 562113K [0x000000076ab00000, 0x000000079e680000, 0x00000007c0000000)
  eden space 500736K, 100% used [0x000000076ab00000,0x0000000789400000,0x0000000789400000)
  from space 134144K, 45% used [0x0000000792a80000,0x00000007966707e8,0x000000079ad80000)
  to   space 154112K, 0% used [0x0000000789400000,0x0000000789400000,0x0000000792a80000)
 ParOldGen       total 743424K, used 527707K [0x00000006c0000000, 0x00000006ed600000, 0x000000076ab00000)
  object space 743424K, 70% used [0x00000006c0000000,0x00000006e0356f48,0x00000006ed600000)
 Metaspace       used 6635K, capacity 7344K, committed 7552K, reserved 1056768K
  class space    used 599K, capacity 616K, committed 640K, reserved 1048576K
Event: 41.089 GC heap after
Heap after GC invocations=26 (full 5):
 PSYoungGen      total 654848K, used 79993K [0x000000076ab00000, 0x00000007a2a00000, 0x00000007c0000000)
  eden space 500736K, 0% used [0x000000076ab00000,0x000000076ab00000,0x0000000789400000)
  from space 154112K, 51% used [0x0000000789400000,0x000000078e21e778,0x0000000792a80000)
  to   space 152064K, 0% used [0x0000000799580000,0x0000000799580000,0x00000007a2a00000)
 ParOldGen       total 743424K, used 586010K [0x00000006c0000000, 0x00000006ed600000, 0x000000076ab00000)
  object space 743424K, 78% used [0x00000006c0000000,0x00000006e3c46a78,0x00000006ed600000)
 Metaspace       used 6635K, capacity 7344K, committed 7552K, reserved 1056768K
  class space    used 599K, capacity 616K, committed 640K, reserved 1048576K
}
Event: 42.590 GC heap before
{Heap before GC invocations=27 (full 5):
 PSYoungGen      total 654848K, used 580729K [0x000000076ab00000, 0x00000007a2a00000, 0x00000007c0000000)
  eden space 500736K, 100% used [0x000000076ab00000,0x0000000789400000,0x0000000789400000)
  from space 154112K, 51% used [0x0000000789400000,0x000000078e21e778,0x0000000792a80000)
  to   space 152064K, 0% used [0x0000000799580000,0x0000000799580000,0x00000007a2a00000)
 ParOldGen       total 743424K, used 586010K [0x00000006c0000000, 0x00000006ed600000, 0x000000076ab00000)
  object space 743424K, 78% used [0x00000006c0000000,0x00000006e3c46a78,0x00000006ed600000)
 Metaspace       used 6636K, capacity 7344K, committed 7552K, reserved 1056768K
  class space    used 599K, capacity 616K, committed 640K, reserved 1048576K
Event: 43.453 GC heap after
Heap after GC invocations=27 (full 5):
 PSYoungGen      total 759296K, used 72022K [0x000000076ab00000, 0x00000007a2200000, 0x00000007c0000000)
  eden space 615424K, 0% used [0x000000076ab00000,0x000000076ab00000,0x0000000790400000)
  from space 143872K, 50% used [0x0000000799580000,0x000000079dbd59a0,0x00000007a2200000)
  to   space 146432K, 0% used [0x0000000790400000,0x0000000790400000,0x0000000799300000)
 ParOldGen       total 743424K, used 663562K [0x00000006c0000000, 0x00000006ed600000, 0x000000076ab00000)
  object space 743424K, 89% used [0x00000006c0000000,0x00000006e8802a80,0x00000006ed600000)
 Metaspace       used 6636K, capacity 7344K, committed 7552K, reserved 1056768K
  class space    used 599K, capacity 616K, committed 640K, reserved 1048576K
}
Event: 43.459 GC heap before
{Heap before GC invocations=28 (full 6):
 PSYoungGen      total 759296K, used 72022K [0x000000076ab00000, 0x00000007a2200000, 0x00000007c0000000)
  eden space 615424K, 0% used [0x000000076ab00000,0x000000076ab00000,0x0000000790400000)
  from space 143872K, 50% used [0x0000000799580000,0x000000079dbd59a0,0x00000007a2200000)
  to   space 146432K, 0% used [0x0000000790400000,0x0000000790400000,0x0000000799300000)
 ParOldGen       total 743424K, used 663562K [0x00000006c0000000, 0x00000006ed600000, 0x000000076ab00000)
  object space 743424K, 89% used [0x00000006c0000000,0x00000006e8802a80,0x00000006ed600000)
 Metaspace       used 6636K, capacity 7344K, committed 7552K, reserved 1056768K
  class space    used 599K, capacity 616K, committed 640K, reserved 1048576K

