# JRE version: OpenJDK Runtime Environment (8.0_202) (build 1.8.0_202-release-1483-b49-5587405)
# Java VM: OpenJDK 64-Bit Server VM (25.202-b49-5587405 mixed mode linux-amd64 compressed oops)
Heap:
 PSYoungGen      total 879616K, used 107335K [0x000000076ab00000, 0x00000007a8d80000, 0x00000007c0000000)
  eden space 740864K, 0% used [0x000000076ab00000,0x000000076ab00000,0x0000000797e80000)
  from space 138752K, 77% used [0x0000000797e80000,0x000000079e751fb8,0x00000007a0600000)
  to   space 130560K, 0% used [0x00000007a0d00000,0x00000007a0d00000,0x00000007a8c80000)
 ParOldGen       total 796672K, used 679011K [0x00000006c0000000, 0x00000006f0a00000, 0x000000076ab00000)
  object space 796672K, 85% used [0x00000006c0000000,0x00000006e9718c40,0x00000006f0a00000)
 Metaspace       used 6704K, capacity 7344K, committed 7552K, reserved 1056768K
  class space    used 600K, capacity 616K, committed 640K, reserved 1048576K
GC Heap History (10 events):
Event: 26.355 GC heap after
Heap after GC invocations=19 (full 4):
 PSYoungGen      total 569344K, used 60108K [0x000000076ab00000, 0x000000079e480000, 0x00000007c0000000)
  eden space 450048K, 0% used [0x000000076ab00000,0x000000076ab00000,0x0000000786280000)
  from space 119296K, 50% used [0x0000000786280000,0x0000000789d333a0,0x000000078d700000)
  to   space 119296K, 0% used [0x0000000797000000,0x0000000797000000,0x000000079e480000)
 ParOldGen       total 568320K, used 376186K [0x00000006c0000000, 0x00000006e2b00000, 0x000000076ab00000)
  object space 568320K, 66% used [0x00000006c0000000,0x00000006d6f5e968,0x00000006e2b00000)
 Metaspace       used 6629K, capacity 7344K, committed 7552K, reserved 1056768K
  class space    used 597K, capacity 616K, committed 640K, reserved 1048576K
}
Event: 28.459 GC heap before
{Heap before GC invocations=20 (full 4):
 PSYoungGen      total 569344K, used 510156K [0x000000076ab00000, 0x000000079e480000, 0x00000007c0000000)
  eden space 450048K, 100% used [0x000000076ab00000,0x0000000786280000,0x0000000786280000)
  from space 119296K, 50% used [0x0000000786280000,0x0000000789d333a0,0x000000078d700000)
  to   space 119296K, 0% used [0x0000000797000000,0x0000000797000000,0x000000079e480000)
 ParOldGen       total 568320K, used 376186K [0x00000006c0000000, 0x00000006e2b00000, 0x000000076ab00000)
  object space 568320K, 66% used [0x00000006c0000000,0x00000006d6f5e968,0x00000006e2b00000)
 Metaspace       used 6641K, capacity 7344K, committed 7552K, reserved 1056768K
  class space    used 598K, capacity 616K, committed 640K, reserved 1048576K
Event: 32.276 GC heap after
Heap after GC invocations=20 (full 4):
 PSYoungGen      total 723968K, used 72621K [0x000000076ab00000, 0x000000079e700000, 0x00000007c0000000)
  eden space 604672K, 0% used [0x000000076ab00000,0x000000076ab00000,0x000000078f980000)
  from space 119296K, 60% used [0x0000000797000000,0x000000079b6eb608,0x000000079e480000)
  to   space 121344K, 0% used [0x000000078f980000,0x000000078f980000,0x0000000797000000)
 ParOldGen       total 568320K, used 433986K [0x00000006c0000000, 0x00000006e2b00000, 0x000000076ab00000)
  object space 568320K, 76% used [0x00000006c0000000,0x00000006da7d08a0,0x00000006e2b00000)
 Metaspace       used 6641K, capacity 7344K, committed 7552K, reserved 1056768K
  class space    used 598K, capacity 616K, committed 640K, reserved 1048576K
}
Event: 34.286 GC heap before
{Heap before GC invocations=21 (full 4):
 PSYoungGen      total 723968K, used 677293K [0x000000076ab00000, 0x000000079e700000, 0x00000007c0000000)
  eden space 604672K, 100% used [0x000000076ab00000,0x000000078f980000,0x000000078f980000)
  from space 119296K, 60% used [0x0000000797000000,0x000000079b6eb608,0x000000079e480000)
  to   space 121344K, 0% used [0x000000078f980000,0x000000078f980000,0x0000000797000000)
 ParOldGen       total 568320K, used 433986K [0x00000006c0000000, 0x00000006e2b00000, 0x000000076ab00000)
  object space 568320K, 76% used [0x00000006c0000000,0x00000006da7d08a0,0x00000006e2b00000)
 Metaspace       used 6646K, capacity 7344K, committed 7552K, reserved 1056768K
  class space    used 599K, capacity 616K, committed 640K, reserved 1048576K
Event: 37.259 GC heap after
Heap after GC invocations=21 (full 4):
 PSYoungGen      total 726016K, used 94962K [0x000000076ab00000, 0x00000007a8c80000, 0x00000007c0000000)
  eden space 604672K, 0% used [0x000000076ab00000,0x000000076ab00000,0x000000078f980000)
  from space 121344K, 78% used [0x000000078f980000,0x000000079563cae0,0x0000000797000000)
  to   space 130560K, 0% used [0x00000007a0d00000,0x00000007a0d00000,0x00000007a8c80000)
 ParOldGen       total 568320K, used 498568K [0x00000006c0000000, 0x00000006e2b00000, 0x000000076ab00000)
  object space 568320K, 87% used [0x00000006c0000000,0x00000006de6e2278,0x00000006e2b00000)
 Metaspace       used 6646K, capacity 7344K, committed 7552K, reserved 1056768K
  class space    used 599K, capacity 616K, committed 640K, reserved 1048576K
}
Event: 37.272 GC heap before
{Heap before GC invocations=22 (full 5):
 PSYoungGen      total 726016K, used 94962K [0x000000076ab00000, 0x00000007a8c80000, 0x00000007c0000000)
  eden space 604672K, 0% used [0x000000076ab00000,0x000000076ab00000,0x000000078f980000)
  from space 121344K, 78% used [0x000000078f980000,0x000000079563cae0,0x0000000797000000)
  to   space 130560K, 0% used [0x00000007a0d00000,0x00000007a0d00000,0x00000007a8c80000)
 ParOldGen       total 568320K, used 498568K [0x00000006c0000000, 0x00000006e2b00000, 0x000000076ab00000)
  object space 568320K, 87% used [0x00000006c0000000,0x00000006de6e2278,0x00000006e2b00000)
 Metaspace       used 6646K, capacity 7344K, committed 7552K, reserved 1056768K
  class space    used 599K, capacity 616K, committed 640K, reserved 1048576K
Event: 42.496 GC heap after
Heap after GC invocations=22 (full 5):
 PSYoungGen      total 726016K, used 23476K [0x000000076ab00000, 0x00000007a8c80000, 0x00000007c0000000)
  eden space 604672K, 0% used [0x000000076ab00000,0x000000076ab00000,0x000000078f980000)
  from space 121344K, 19% used [0x000000078f980000,0x000000079106d308,0x0000000797000000)
  to   space 130560K, 0% used [0x00000007a0d00000,0x00000007a0d00000,0x00000007a8c80000)
 ParOldGen       total 796672K, used 568119K [0x00000006c0000000, 0x00000006f0a00000, 0x000000076ab00000)
  object space 796672K, 71% used [0x00000006c0000000,0x00000006e2acdcd0,0x00000006f0a00000)
 Metaspace       used 6646K, capacity 7344K, committed 7552K, reserved 1056768K
  class space    used 599K, capacity 616K, committed 640K, reserved 1048576K
}
Event: 44.517 GC heap before
{Heap before GC invocations=23 (full 5):
 PSYoungGen      total 726016K, used 628148K [0x000000076ab00000, 0x00000007a8c80000, 0x00000007c0000000)
  eden space 604672K, 100% used [0x000000076ab00000,0x000000078f980000,0x000000078f980000)
  from space 121344K, 19% used [0x000000078f980000,0x000000079106d308,0x0000000797000000)
  to   space 130560K, 0% used [0x00000007a0d00000,0x00000007a0d00000,0x00000007a8c80000)
 ParOldGen       total 796672K, used 568119K [0x00000006c0000000, 0x00000006f0a00000, 0x000000076ab00000)
  object space 796672K, 71% used [0x00000006c0000000,0x00000006e2acdcd0,0x00000006f0a00000)
 Metaspace       used 6653K, capacity 7344K, committed 7552K, reserved 1056768K
  class space    used 599K, capacity 616K, committed 640K, reserved 1048576K
Event: 45.770 GC heap after
Heap after GC invocations=23 (full 5):
 PSYoungGen      total 871424K, used 97223K [0x000000076ab00000, 0x00000007a8d80000, 0x00000007c0000000)
  eden space 740864K, 0% used [0x000000076ab00000,0x000000076ab00000,0x0000000797e80000)
  from space 130560K, 74% used [0x00000007a0d00000,0x00000007a6bf1eb8,0x00000007a8c80000)
  to   space 138752K, 0% used [0x0000000797e80000,0x0000000797e80000,0x00000007a0600000)
 ParOldGen       total 796672K, used 586527K [0x00000006c0000000, 0x00000006f0a00000, 0x000000076ab00000)
  object space 796672K, 73% used [0x00000006c0000000,0x00000006e3cc7d28,0x00000006f0a00000)
 Metaspace       used 6653K, capacity 7344K, committed 7552K, reserved 1056768K
  class space    used 599K, capacity 616K, committed 640K, reserved 1048576K
}
Event: 48.496 GC heap before
{Heap before GC invocations=24 (full 5):
 PSYoungGen      total 871424K, used 838087K [0x000000076ab00000, 0x00000007a8d80000, 0x00000007c0000000)
  eden space 740864K, 100% used [0x000000076ab00000,0x0000000797e80000,0x0000000797e80000)
  from space 130560K, 74% used [0x00000007a0d00000,0x00000007a6bf1eb8,0x00000007a8c80000)
  to   space 138752K, 0% used [0x0000000797e80000,0x0000000797e80000,0x00000007a0600000)
 ParOldGen       total 796672K, used 586527K [0x00000006c0000000, 0x00000006f0a00000, 0x000000076ab00000)
  object space 796672K, 73% used [0x00000006c0000000,0x00000006e3cc7d28,0x00000006f0a00000)
 Metaspace       used 6704K, capacity 7344K, committed 7552K, reserved 1056768K
  class space    used 600K, capacity 616K, committed 640K, reserved 1048576K

