# JRE version: OpenJDK Runtime Environment (8.0_202) (build 1.8.0_202-release-1483-b49-5587405)
# Java VM: OpenJDK 64-Bit Server VM (25.202-b49-5587405 mixed mode linux-amd64 compressed oops)
Heap:
 PSYoungGen      total 759808K, used 276981K [0x000000076ab00000, 0x00000007aba80000, 0x00000007c0000000)
  eden space 482816K, 0% used [0x000000076ab00000,0x000000076ab00000,0x0000000788280000)
  from space 276992K, 99% used [0x0000000788280000,0x00000007990fd568,0x0000000799100000)
  to   space 243200K, 0% used [0x0000000799100000,0x0000000799100000,0x00000007a7e80000)
 ParOldGen       total 715264K, used 502945K [0x00000006c0000000, 0x00000006eba80000, 0x000000076ab00000)
  object space 715264K, 70% used [0x00000006c0000000,0x00000006deb28690,0x00000006eba80000)
 Metaspace       used 6712K, capacity 7344K, committed 7552K, reserved 1056768K
  class space    used 600K, capacity 616K, committed 640K, reserved 1048576K
GC Heap History (10 events):
Event: 19.948 GC heap after
Heap after GC invocations=23 (full 4):
 PSYoungGen      total 594432K, used 148190K [0x000000076ab00000, 0x000000079ec80000, 0x00000007c0000000)
  eden space 435712K, 0% used [0x000000076ab00000,0x000000076ab00000,0x0000000785480000)
  from space 158720K, 93% used [0x0000000785480000,0x000000078e537b78,0x000000078ef80000)
  to   space 181248K, 0% used [0x0000000793b80000,0x0000000793b80000,0x000000079ec80000)
 ParOldGen       total 488448K, used 373495K [0x00000006c0000000, 0x00000006ddd00000, 0x000000076ab00000)
  object space 488448K, 76% used [0x00000006c0000000,0x00000006d6cbdcc0,0x00000006ddd00000)
 Metaspace       used 6654K, capacity 7344K, committed 7552K, reserved 1056768K
  class space    used 598K, capacity 616K, committed 640K, reserved 1048576K
}
Event: 21.201 GC heap before
{Heap before GC invocations=24 (full 4):
 PSYoungGen      total 594432K, used 583902K [0x000000076ab00000, 0x000000079ec80000, 0x00000007c0000000)
  eden space 435712K, 100% used [0x000000076ab00000,0x0000000785480000,0x0000000785480000)
  from space 158720K, 93% used [0x0000000785480000,0x000000078e537b78,0x000000078ef80000)
  to   space 181248K, 0% used [0x0000000793b80000,0x0000000793b80000,0x000000079ec80000)
 ParOldGen       total 488448K, used 373495K [0x00000006c0000000, 0x00000006ddd00000, 0x000000076ab00000)
  object space 488448K, 76% used [0x00000006c0000000,0x00000006d6cbdcc0,0x00000006ddd00000)
 Metaspace       used 6655K, capacity 7344K, committed 7552K, reserved 1056768K
  class space    used 598K, capacity 616K, committed 640K, reserved 1048576K
Event: 21.566 GC heap after
Heap after GC invocations=24 (full 4):
 PSYoungGen      total 631296K, used 181239K [0x000000076ab00000, 0x00000007a4300000, 0x00000007c0000000)
  eden space 450048K, 0% used [0x000000076ab00000,0x000000076ab00000,0x0000000786280000)
  from space 181248K, 99% used [0x0000000793b80000,0x000000079ec7ddb8,0x000000079ec80000)
  to   space 222208K, 0% used [0x0000000786280000,0x0000000786280000,0x0000000793b80000)
 ParOldGen       total 488448K, used 404369K [0x00000006c0000000, 0x00000006ddd00000, 0x000000076ab00000)
  object space 488448K, 82% used [0x00000006c0000000,0x00000006d8ae47e8,0x00000006ddd00000)
 Metaspace       used 6655K, capacity 7344K, committed 7552K, reserved 1056768K
  class space    used 598K, capacity 616K, committed 640K, reserved 1048576K
}
Event: 22.733 GC heap before
{Heap before GC invocations=25 (full 4):
 PSYoungGen      total 631296K, used 631287K [0x000000076ab00000, 0x00000007a4300000, 0x00000007c0000000)
  eden space 450048K, 100% used [0x000000076ab00000,0x0000000786280000,0x0000000786280000)
  from space 181248K, 99% used [0x0000000793b80000,0x000000079ec7ddb8,0x000000079ec80000)
  to   space 222208K, 0% used [0x0000000786280000,0x0000000786280000,0x0000000793b80000)
 ParOldGen       total 488448K, used 404369K [0x00000006c0000000, 0x00000006ddd00000, 0x000000076ab00000)
  object space 488448K, 82% used [0x00000006c0000000,0x00000006d8ae47e8,0x00000006ddd00000)
 Metaspace       used 6663K, capacity 7344K, committed 7552K, reserved 1056768K
  class space    used 599K, capacity 616K, committed 640K, reserved 1048576K
Event: 23.019 GC heap after
Heap after GC invocations=25 (full 4):
 PSYoungGen      total 672256K, used 178546K [0x000000076ab00000, 0x00000007a7e80000, 0x00000007c0000000)
  eden space 450048K, 0% used [0x000000076ab00000,0x000000076ab00000,0x0000000786280000)
  from space 222208K, 80% used [0x0000000786280000,0x00000007910dc928,0x0000000793b80000)
  to   space 243200K, 0% used [0x0000000799100000,0x0000000799100000,0x00000007a7e80000)
 ParOldGen       total 488448K, used 477261K [0x00000006c0000000, 0x00000006ddd00000, 0x000000076ab00000)
  object space 488448K, 97% used [0x00000006c0000000,0x00000006dd2137f8,0x00000006ddd00000)
 Metaspace       used 6663K, capacity 7344K, committed 7552K, reserved 1056768K
  class space    used 599K, capacity 616K, committed 640K, reserved 1048576K
}
Event: 23.019 GC heap before
{Heap before GC invocations=26 (full 5):
 PSYoungGen      total 672256K, used 178546K [0x000000076ab00000, 0x00000007a7e80000, 0x00000007c0000000)
  eden space 450048K, 0% used [0x000000076ab00000,0x000000076ab00000,0x0000000786280000)
  from space 222208K, 80% used [0x0000000786280000,0x00000007910dc928,0x0000000793b80000)
  to   space 243200K, 0% used [0x0000000799100000,0x0000000799100000,0x00000007a7e80000)
 ParOldGen       total 488448K, used 477261K [0x00000006c0000000, 0x00000006ddd00000, 0x000000076ab00000)
  object space 488448K, 97% used [0x00000006c0000000,0x00000006dd2137f8,0x00000006ddd00000)
 Metaspace       used 6663K, capacity 7344K, committed 7552K, reserved 1056768K
  class space    used 599K, capacity 616K, committed 640K, reserved 1048576K
Event: 27.376 GC heap after
Heap after GC invocations=26 (full 5):
 PSYoungGen      total 672256K, used 159799K [0x000000076ab00000, 0x00000007a7e80000, 0x00000007c0000000)
  eden space 450048K, 0% used [0x000000076ab00000,0x000000076ab00000,0x0000000786280000)
  from space 222208K, 71% used [0x0000000786280000,0x000000078fe8de18,0x0000000793b80000)
  to   space 243200K, 0% used [0x0000000799100000,0x0000000799100000,0x00000007a7e80000)
 ParOldGen       total 715264K, used 488040K [0x00000006c0000000, 0x00000006eba80000, 0x000000076ab00000)
  object space 715264K, 68% used [0x00000006c0000000,0x00000006ddc9a2e8,0x00000006eba80000)
 Metaspace       used 6663K, capacity 7344K, committed 7552K, reserved 1056768K
  class space    used 599K, capacity 616K, committed 640K, reserved 1048576K
}
Event: 28.569 GC heap before
{Heap before GC invocations=27 (full 5):
 PSYoungGen      total 672256K, used 609847K [0x000000076ab00000, 0x00000007a7e80000, 0x00000007c0000000)
  eden space 450048K, 100% used [0x000000076ab00000,0x0000000786280000,0x0000000786280000)
  from space 222208K, 71% used [0x0000000786280000,0x000000078fe8de18,0x0000000793b80000)
  to   space 243200K, 0% used [0x0000000799100000,0x0000000799100000,0x00000007a7e80000)
 ParOldGen       total 715264K, used 488040K [0x00000006c0000000, 0x00000006eba80000, 0x000000076ab00000)
  object space 715264K, 68% used [0x00000006c0000000,0x00000006ddc9a2e8,0x00000006eba80000)
 Metaspace       used 6663K, capacity 7344K, committed 7552K, reserved 1056768K
  class space    used 599K, capacity 616K, committed 640K, reserved 1048576K
Event: 29.616 GC heap after
Heap after GC invocations=27 (full 5):
 PSYoungGen      total 726016K, used 224753K [0x000000076ab00000, 0x00000007aba80000, 0x00000007c0000000)
  eden space 482816K, 0% used [0x000000076ab00000,0x000000076ab00000,0x0000000788280000)
  from space 243200K, 92% used [0x0000000799100000,0x00000007a6c7c6e0,0x00000007a7e80000)
  to   space 276992K, 0% used [0x0000000788280000,0x0000000788280000,0x0000000799100000)
 ParOldGen       total 715264K, used 488040K [0x00000006c0000000, 0x00000006eba80000, 0x000000076ab00000)
  object space 715264K, 68% used [0x00000006c0000000,0x00000006ddc9a2e8,0x00000006eba80000)
 Metaspace       used 6663K, capacity 7344K, committed 7552K, reserved 1056768K
  class space    used 599K, capacity 616K, committed 640K, reserved 1048576K
}
Event: 50.756 GC heap before
{Heap before GC invocations=28 (full 5):
 PSYoungGen      total 726016K, used 707569K [0x000000076ab00000, 0x00000007aba80000, 0x00000007c0000000)
  eden space 482816K, 100% used [0x000000076ab00000,0x0000000788280000,0x0000000788280000)
  from space 243200K, 92% used [0x0000000799100000,0x00000007a6c7c6e0,0x00000007a7e80000)
  to   space 276992K, 0% used [0x0000000788280000,0x0000000788280000,0x0000000799100000)
 ParOldGen       total 715264K, used 488040K [0x00000006c0000000, 0x00000006eba80000, 0x000000076ab00000)
  object space 715264K, 68% used [0x00000006c0000000,0x00000006ddc9a2e8,0x00000006eba80000)
 Metaspace       used 6712K, capacity 7344K, committed 7552K, reserved 1056768K
  class space    used 600K, capacity 616K, committed 640K, reserved 1048576K

