# JRE version: OpenJDK Runtime Environment (8.0_202) (build 1.8.0_202-release-1483-b49-5587405)
# Java VM: OpenJDK 64-Bit Server VM (25.202-b49-5587405 mixed mode linux-amd64 compressed oops)
Heap:
 PSYoungGen      total 568320K, used 109051K [0x000000076ab00000, 0x0000000794b00000, 0x00000007c0000000)
  eden space 459264K, 0% used [0x000000076ab00000,0x000000076ab00000,0x0000000786b80000)
  from space 109056K, 99% used [0x0000000786b80000,0x000000078d5fed88,0x000000078d600000)
  to   space 94720K, 0% used [0x000000078d600000,0x000000078d600000,0x0000000793280000)
 ParOldGen       total 330752K, used 244791K [0x00000006c0000000, 0x00000006d4300000, 0x000000076ab00000)
  object space 330752K, 74% used [0x00000006c0000000,0x00000006cef0dea8,0x00000006d4300000)
 Metaspace       used 6582K, capacity 7280K, committed 7552K, reserved 1056768K
  class space    used 595K, capacity 616K, committed 640K, reserved 1048576K
GC Heap History (10 events):
Event: 18.212 GC heap after
Heap after GC invocations=11 (full 2):
 PSYoungGen      total 408064K, used 15301K [0x000000076ab00000, 0x000000078a700000, 0x00000007c0000000)
  eden space 364544K, 0% used [0x000000076ab00000,0x000000076ab00000,0x0000000780f00000)
  from space 43520K, 35% used [0x0000000780f00000,0x0000000781df1590,0x0000000783980000)
  to   space 65024K, 0% used [0x0000000786780000,0x0000000786780000,0x000000078a700000)
 ParOldGen       total 210944K, used 122026K [0x00000006c0000000, 0x00000006cce00000, 0x000000076ab00000)
  object space 210944K, 57% used [0x00000006c0000000,0x00000006c772a9b8,0x00000006cce00000)
 Metaspace       used 6543K, capacity 7280K, committed 7552K, reserved 1056768K
  class space    used 594K, capacity 616K, committed 640K, reserved 1048576K
}
Event: 25.050 GC heap before
{Heap before GC invocations=12 (full 2):
 PSYoungGen      total 408064K, used 379845K [0x000000076ab00000, 0x000000078a700000, 0x00000007c0000000)
  eden space 364544K, 100% used [0x000000076ab00000,0x0000000780f00000,0x0000000780f00000)
  from space 43520K, 35% used [0x0000000780f00000,0x0000000781df1590,0x0000000783980000)
  to   space 65024K, 0% used [0x0000000786780000,0x0000000786780000,0x000000078a700000)
 ParOldGen       total 210944K, used 122026K [0x00000006c0000000, 0x00000006cce00000, 0x000000076ab00000)
  object space 210944K, 57% used [0x00000006c0000000,0x00000006c772a9b8,0x00000006cce00000)
 Metaspace       used 6545K, capacity 7280K, committed 7552K, reserved 1056768K
  class space    used 594K, capacity 616K, committed 640K, reserved 1048576K
Event: 25.307 GC heap after
Heap after GC invocations=12 (full 2):
 PSYoungGen      total 446976K, used 58159K [0x000000076ab00000, 0x000000078f500000, 0x00000007c0000000)
  eden space 381952K, 0% used [0x000000076ab00000,0x000000076ab00000,0x0000000782000000)
  from space 65024K, 89% used [0x0000000786780000,0x000000078a04be68,0x000000078a700000)
  to   space 73216K, 0% used [0x0000000782000000,0x0000000782000000,0x0000000786780000)
 ParOldGen       total 210944K, used 131805K [0x00000006c0000000, 0x00000006cce00000, 0x000000076ab00000)
  object space 210944K, 62% used [0x00000006c0000000,0x00000006c80b76b8,0x00000006cce00000)
 Metaspace       used 6545K, capacity 7280K, committed 7552K, reserved 1056768K
  class space    used 594K, capacity 616K, committed 640K, reserved 1048576K
}
Event: 26.774 GC heap before
{Heap before GC invocations=13 (full 2):
 PSYoungGen      total 446976K, used 440111K [0x000000076ab00000, 0x000000078f500000, 0x00000007c0000000)
  eden space 381952K, 100% used [0x000000076ab00000,0x0000000782000000,0x0000000782000000)
  from space 65024K, 89% used [0x0000000786780000,0x000000078a04be68,0x000000078a700000)
  to   space 73216K, 0% used [0x0000000782000000,0x0000000782000000,0x0000000786780000)
 ParOldGen       total 210944K, used 131805K [0x00000006c0000000, 0x00000006cce00000, 0x000000076ab00000)
  object space 210944K, 62% used [0x00000006c0000000,0x00000006c80b76b8,0x00000006cce00000)
 Metaspace       used 6556K, capacity 7280K, committed 7552K, reserved 1056768K
  class space    used 594K, capacity 616K, committed 640K, reserved 1048576K
Event: 27.088 GC heap after
Heap after GC invocations=13 (full 2):
 PSYoungGen      total 455168K, used 73197K [0x000000076ab00000, 0x0000000793280000, 0x00000007c0000000)
  eden space 381952K, 0% used [0x000000076ab00000,0x000000076ab00000,0x0000000782000000)
  from space 73216K, 99% used [0x0000000782000000,0x000000078677b4a0,0x0000000786780000)
  to   space 94720K, 0% used [0x000000078d600000,0x000000078d600000,0x0000000793280000)
 ParOldGen       total 210944K, used 157567K [0x00000006c0000000, 0x00000006cce00000, 0x000000076ab00000)
  object space 210944K, 74% used [0x00000006c0000000,0x00000006c99dfca8,0x00000006cce00000)
 Metaspace       used 6556K, capacity 7280K, committed 7552K, reserved 1056768K
  class space    used 594K, capacity 616K, committed 640K, reserved 1048576K
}
Event: 29.264 GC heap before
{Heap before GC invocations=14 (full 2):
 PSYoungGen      total 455168K, used 455149K [0x000000076ab00000, 0x0000000793280000, 0x00000007c0000000)
  eden space 381952K, 100% used [0x000000076ab00000,0x0000000782000000,0x0000000782000000)
  from space 73216K, 99% used [0x0000000782000000,0x000000078677b4a0,0x0000000786780000)
  to   space 94720K, 0% used [0x000000078d600000,0x000000078d600000,0x0000000793280000)
 ParOldGen       total 210944K, used 157567K [0x00000006c0000000, 0x00000006cce00000, 0x000000076ab00000)
  object space 210944K, 74% used [0x00000006c0000000,0x00000006c99dfca8,0x00000006cce00000)
 Metaspace       used 6574K, capacity 7280K, committed 7552K, reserved 1056768K
  class space    used 595K, capacity 616K, committed 640K, reserved 1048576K
Event: 29.628 GC heap after
Heap after GC invocations=14 (full 2):
 PSYoungGen      total 553984K, used 90421K [0x000000076ab00000, 0x0000000794b00000, 0x00000007c0000000)
  eden space 459264K, 0% used [0x000000076ab00000,0x000000076ab00000,0x0000000786b80000)
  from space 94720K, 95% used [0x000000078d600000,0x0000000792e4d7a8,0x0000000793280000)
  to   space 109056K, 0% used [0x0000000786b80000,0x0000000786b80000,0x000000078d600000)
 ParOldGen       total 210944K, used 198635K [0x00000006c0000000, 0x00000006cce00000, 0x000000076ab00000)
  object space 210944K, 94% used [0x00000006c0000000,0x00000006cc1faf48,0x00000006cce00000)
 Metaspace       used 6574K, capacity 7280K, committed 7552K, reserved 1056768K
  class space    used 595K, capacity 616K, committed 640K, reserved 1048576K
}
Event: 29.630 GC heap before
{Heap before GC invocations=15 (full 3):
 PSYoungGen      total 553984K, used 90421K [0x000000076ab00000, 0x0000000794b00000, 0x00000007c0000000)
  eden space 459264K, 0% used [0x000000076ab00000,0x000000076ab00000,0x0000000786b80000)
  from space 94720K, 95% used [0x000000078d600000,0x0000000792e4d7a8,0x0000000793280000)
  to   space 109056K, 0% used [0x0000000786b80000,0x0000000786b80000,0x000000078d600000)
 ParOldGen       total 210944K, used 198635K [0x00000006c0000000, 0x00000006cce00000, 0x000000076ab00000)
  object space 210944K, 94% used [0x00000006c0000000,0x00000006cc1faf48,0x00000006cce00000)
 Metaspace       used 6574K, capacity 7280K, committed 7552K, reserved 1056768K
  class space    used 595K, capacity 616K, committed 640K, reserved 1048576K
Event: 31.694 GC heap after
Heap after GC invocations=15 (full 3):
 PSYoungGen      total 553984K, used 74096K [0x000000076ab00000, 0x0000000794b00000, 0x00000007c0000000)
  eden space 459264K, 0% used [0x000000076ab00000,0x000000076ab00000,0x0000000786b80000)
  from space 94720K, 78% used [0x000000078d600000,0x0000000791e5c120,0x0000000793280000)
  to   space 109056K, 0% used [0x0000000786b80000,0x0000000786b80000,0x000000078d600000)
 ParOldGen       total 330752K, used 210876K [0x00000006c0000000, 0x00000006d4300000, 0x000000076ab00000)
  object space 330752K, 63% used [0x00000006c0000000,0x00000006ccdef3b0,0x00000006d4300000)
 Metaspace       used 6574K, capacity 7280K, committed 7552K, reserved 1056768K
  class space    used 595K, capacity 616K, committed 640K, reserved 1048576K
}
Event: 33.974 GC heap before
{Heap before GC invocations=16 (full 3):
 PSYoungGen      total 553984K, used 533360K [0x000000076ab00000, 0x0000000794b00000, 0x00000007c0000000)
  eden space 459264K, 100% used [0x000000076ab00000,0x0000000786b80000,0x0000000786b80000)
  from space 94720K, 78% used [0x000000078d600000,0x0000000791e5c120,0x0000000793280000)
  to   space 109056K, 0% used [0x0000000786b80000,0x0000000786b80000,0x000000078d600000)
 ParOldGen       total 330752K, used 210876K [0x00000006c0000000, 0x00000006d4300000, 0x000000076ab00000)
  object space 330752K, 63% used [0x00000006c0000000,0x00000006ccdef3b0,0x00000006d4300000)
 Metaspace       used 6582K, capacity 7280K, committed 7552K, reserved 1056768K
  class space    used 595K, capacity 616K, committed 640K, reserved 1048576K

