# JRE version: OpenJDK Runtime Environment (8.0_202) (build 1.8.0_202-release-1483-b49-5587405)
# Java VM: OpenJDK 64-Bit Server VM (25.202-b49-5587405 mixed mode linux-amd64 compressed oops)
Heap:
 PSYoungGen      total 842752K, used 55601K [0x000000076ab00000, 0x00000007b2b80000, 0x00000007c0000000)
  eden space 717824K, 0% used [0x000000076ab00000,0x000000076ab00000,0x0000000796800000)
  from space 124928K, 44% used [0x0000000796800000,0x0000000799e4c710,0x000000079e200000)
  to   space 137216K, 0% used [0x00000007aa580000,0x00000007aa580000,0x00000007b2b80000)
 ParOldGen       total 553472K, used 553102K [0x00000006c0000000, 0x00000006e1c80000, 0x000000076ab00000)
  object space 553472K, 99% used [0x00000006c0000000,0x00000006e1c23ac0,0x00000006e1c80000)
 Metaspace       used 6440K, capacity 7344K, committed 7552K, reserved 1056768K
  class space    used 584K, capacity 616K, committed 640K, reserved 1048576K
GC Heap History (10 events):
Event: 37.070 GC heap after
Heap after GC invocations=17 (full 3):
 PSYoungGen      total 636416K, used 56260K [0x000000076ab00000, 0x0000000798c00000, 0x00000007c0000000)
  eden space 528384K, 0% used [0x000000076ab00000,0x000000076ab00000,0x000000078af00000)
  from space 108032K, 52% used [0x0000000792280000,0x0000000795971320,0x0000000798c00000)
  to   space 113152K, 0% used [0x000000078af00000,0x000000078af00000,0x0000000791d80000)
 ParOldGen       total 386560K, used 298833K [0x00000006c0000000, 0x00000006d7980000, 0x000000076ab00000)
  object space 386560K, 77% used [0x00000006c0000000,0x00000006d23d4570,0x00000006d7980000)
 Metaspace       used 6432K, capacity 7344K, committed 7552K, reserved 1056768K
  class space    used 584K, capacity 616K, committed 640K, reserved 1048576K
}
Event: 41.805 GC heap before
{Heap before GC invocations=18 (full 3):
 PSYoungGen      total 636416K, used 584644K [0x000000076ab00000, 0x0000000798c00000, 0x00000007c0000000)
  eden space 528384K, 100% used [0x000000076ab00000,0x000000078af00000,0x000000078af00000)
  from space 108032K, 52% used [0x0000000792280000,0x0000000795971320,0x0000000798c00000)
  to   space 113152K, 0% used [0x000000078af00000,0x000000078af00000,0x0000000791d80000)
 ParOldGen       total 386560K, used 298833K [0x00000006c0000000, 0x00000006d7980000, 0x000000076ab00000)
  object space 386560K, 77% used [0x00000006c0000000,0x00000006d23d4570,0x00000006d7980000)
 Metaspace       used 6438K, capacity 7344K, committed 7552K, reserved 1056768K
  class space    used 584K, capacity 616K, committed 640K, reserved 1048576K
Event: 42.799 GC heap after
Heap after GC invocations=18 (full 3):
 PSYoungGen      total 641536K, used 80559K [0x000000076ab00000, 0x00000007a6180000, 0x00000007c0000000)
  eden space 528384K, 0% used [0x000000076ab00000,0x000000076ab00000,0x000000078af00000)
  from space 113152K, 71% used [0x000000078af00000,0x000000078fdabee8,0x0000000791d80000)
  to   space 119808K, 0% used [0x000000079ec80000,0x000000079ec80000,0x00000007a6180000)
 ParOldGen       total 386560K, used 352837K [0x00000006c0000000, 0x00000006d7980000, 0x000000076ab00000)
  object space 386560K, 91% used [0x00000006c0000000,0x00000006d58914d0,0x00000006d7980000)
 Metaspace       used 6438K, capacity 7344K, committed 7552K, reserved 1056768K
  class space    used 584K, capacity 616K, committed 640K, reserved 1048576K
}
Event: 42.799 GC heap before
{Heap before GC invocations=19 (full 4):
 PSYoungGen      total 641536K, used 80559K [0x000000076ab00000, 0x00000007a6180000, 0x00000007c0000000)
  eden space 528384K, 0% used [0x000000076ab00000,0x000000076ab00000,0x000000078af00000)
  from space 113152K, 71% used [0x000000078af00000,0x000000078fdabee8,0x0000000791d80000)
  to   space 119808K, 0% used [0x000000079ec80000,0x000000079ec80000,0x00000007a6180000)
 ParOldGen       total 386560K, used 352837K [0x00000006c0000000, 0x00000006d7980000, 0x000000076ab00000)
  object space 386560K, 91% used [0x00000006c0000000,0x00000006d58914d0,0x00000006d7980000)
 Metaspace       used 6438K, capacity 7344K, committed 7552K, reserved 1056768K
  class space    used 584K, capacity 616K, committed 640K, reserved 1048576K
Event: 47.889 GC heap after
Heap after GC invocations=19 (full 4):
 PSYoungGen      total 641536K, used 45392K [0x000000076ab00000, 0x00000007a6180000, 0x00000007c0000000)
  eden space 528384K, 0% used [0x000000076ab00000,0x000000076ab00000,0x000000078af00000)
  from space 113152K, 40% used [0x000000078af00000,0x000000078db54218,0x0000000791d80000)
  to   space 119808K, 0% used [0x000000079ec80000,0x000000079ec80000,0x00000007a6180000)
 ParOldGen       total 553472K, used 386325K [0x00000006c0000000, 0x00000006e1c80000, 0x000000076ab00000)
  object space 553472K, 69% used [0x00000006c0000000,0x00000006d7945648,0x00000006e1c80000)
 Metaspace       used 6438K, capacity 7344K, committed 7552K, reserved 1056768K
  class space    used 584K, capacity 616K, committed 640K, reserved 1048576K
}
Event: 51.688 GC heap before
{Heap before GC invocations=20 (full 4):
 PSYoungGen      total 641536K, used 573776K [0x000000076ab00000, 0x00000007a6180000, 0x00000007c0000000)
  eden space 528384K, 100% used [0x000000076ab00000,0x000000078af00000,0x000000078af00000)
  from space 113152K, 40% used [0x000000078af00000,0x000000078db54218,0x0000000791d80000)
  to   space 119808K, 0% used [0x000000079ec80000,0x000000079ec80000,0x00000007a6180000)
 ParOldGen       total 553472K, used 386325K [0x00000006c0000000, 0x00000006e1c80000, 0x000000076ab00000)
  object space 553472K, 69% used [0x00000006c0000000,0x00000006d7945648,0x00000006e1c80000)
 Metaspace       used 6439K, capacity 7344K, committed 7552K, reserved 1056768K
  class space    used 584K, capacity 616K, committed 640K, reserved 1048576K
Event: 56.941 GC heap after
Heap after GC invocations=20 (full 4):
 PSYoungGen      total 832000K, used 80507K [0x000000076ab00000, 0x00000007a5c00000, 0x00000007c0000000)
  eden space 717824K, 0% used [0x000000076ab00000,0x000000076ab00000,0x0000000796800000)
  from space 114176K, 70% used [0x000000079ec80000,0x00000007a3b1edd0,0x00000007a5c00000)
  to   space 124928K, 0% used [0x0000000796800000,0x0000000796800000,0x000000079e200000)
 ParOldGen       total 553472K, used 429266K [0x00000006c0000000, 0x00000006e1c80000, 0x000000076ab00000)
  object space 553472K, 77% used [0x00000006c0000000,0x00000006da334b88,0x00000006e1c80000)
 Metaspace       used 6439K, capacity 7344K, committed 7552K, reserved 1056768K
  class space    used 584K, capacity 616K, committed 640K, reserved 1048576K
}
Event: 59.973 GC heap before
{Heap before GC invocations=21 (full 4):
 PSYoungGen      total 832000K, used 798331K [0x000000076ab00000, 0x00000007a5c00000, 0x00000007c0000000)
  eden space 717824K, 100% used [0x000000076ab00000,0x0000000796800000,0x0000000796800000)
  from space 114176K, 70% used [0x000000079ec80000,0x00000007a3b1edd0,0x00000007a5c00000)
  to   space 124928K, 0% used [0x0000000796800000,0x0000000796800000,0x000000079e200000)
 ParOldGen       total 553472K, used 429266K [0x00000006c0000000, 0x00000006e1c80000, 0x000000076ab00000)
  object space 553472K, 77% used [0x00000006c0000000,0x00000006da334b88,0x00000006e1c80000)
 Metaspace       used 6440K, capacity 7344K, committed 7552K, reserved 1056768K
  class space    used 584K, capacity 616K, committed 640K, reserved 1048576K
Event: 64.279 GC heap after
Heap after GC invocations=21 (full 4):
 PSYoungGen      total 842752K, used 104165K [0x000000076ab00000, 0x00000007b2b80000, 0x00000007c0000000)
  eden space 717824K, 0% used [0x000000076ab00000,0x000000076ab00000,0x0000000796800000)
  from space 124928K, 83% used [0x0000000796800000,0x000000079cdb9410,0x000000079e200000)
  to   space 137216K, 0% used [0x00000007aa580000,0x00000007aa580000,0x00000007b2b80000)
 ParOldGen       total 553472K, used 506659K [0x00000006c0000000, 0x00000006e1c80000, 0x000000076ab00000)
  object space 553472K, 91% used [0x00000006c0000000,0x00000006deec8db0,0x00000006e1c80000)
 Metaspace       used 6440K, capacity 7344K, committed 7552K, reserved 1056768K
  class space    used 584K, capacity 616K, committed 640K, reserved 1048576K
}
Event: 64.356 GC heap before
{Heap before GC invocations=22 (full 5):
 PSYoungGen      total 842752K, used 104165K [0x000000076ab00000, 0x00000007b2b80000, 0x00000007c0000000)
  eden space 717824K, 0% used [0x000000076ab00000,0x000000076ab00000,0x0000000796800000)
  from space 124928K, 83% used [0x0000000796800000,0x000000079cdb9410,0x000000079e200000)
  to   space 137216K, 0% used [0x00000007aa580000,0x00000007aa580000,0x00000007b2b80000)
 ParOldGen       total 553472K, used 506659K [0x00000006c0000000, 0x00000006e1c80000, 0x000000076ab00000)
  object space 553472K, 91% used [0x00000006c0000000,0x00000006deec8db0,0x00000006e1c80000)
 Metaspace       used 6440K, capacity 7344K, committed 7552K, reserved 1056768K
  class space    used 584K, capacity 616K, committed 640K, reserved 1048576K

