# JRE version: OpenJDK Runtime Environment (8.0_202) (build 1.8.0_202-release-1483-b49-5587405)
# Java VM: OpenJDK 64-Bit Server VM (25.202-b49-5587405 mixed mode linux-amd64 compressed oops)
Heap:
 PSYoungGen      total 867840K, used 147455K [0x000000076ab00000, 0x00000007a8f80000, 0x00000007c0000000)
  eden space 720384K, 0% used [0x000000076ab00000,0x000000076ab00000,0x0000000796a80000)
  from space 147456K, 99% used [0x0000000796a80000,0x000000079fa7feb0,0x000000079fa80000)
  to   space 135168K, 0% used [0x000000079fa80000,0x000000079fa80000,0x00000007a7e80000)
 ParOldGen       total 840704K, used 665595K [0x00000006c0000000, 0x00000006f3500000, 0x000000076ab00000)
  object space 840704K, 79% used [0x00000006c0000000,0x00000006e89fed18,0x00000006f3500000)
 Metaspace       used 6805K, capacity 7408K, committed 7552K, reserved 1056768K
  class space    used 605K, capacity 616K, committed 640K, reserved 1048576K
GC Heap History (10 events):
Event: 34.637 GC heap after
Heap after GC invocations=22 (full 5):
 PSYoungGen      total 636416K, used 29279K [0x000000076ab00000, 0x000000079ed80000, 0x00000007c0000000)
  eden space 540160K, 0% used [0x000000076ab00000,0x000000076ab00000,0x000000078ba80000)
  from space 96256K, 30% used [0x000000078ba80000,0x000000078d717d08,0x0000000791880000)
  to   space 107008K, 0% used [0x0000000798500000,0x0000000798500000,0x000000079ed80000)
 ParOldGen       total 609792K, used 430309K [0x00000006c0000000, 0x00000006e5380000, 0x000000076ab00000)
  object space 609792K, 70% used [0x00000006c0000000,0x00000006da4397d0,0x00000006e5380000)
 Metaspace       used 6621K, capacity 7344K, committed 7552K, reserved 1056768K
  class space    used 596K, capacity 616K, committed 640K, reserved 1048576K
}
Event: 36.870 GC heap before
{Heap before GC invocations=23 (full 5):
 PSYoungGen      total 636416K, used 569439K [0x000000076ab00000, 0x000000079ed80000, 0x00000007c0000000)
  eden space 540160K, 100% used [0x000000076ab00000,0x000000078ba80000,0x000000078ba80000)
  from space 96256K, 30% used [0x000000078ba80000,0x000000078d717d08,0x0000000791880000)
  to   space 107008K, 0% used [0x0000000798500000,0x0000000798500000,0x000000079ed80000)
 ParOldGen       total 609792K, used 430309K [0x00000006c0000000, 0x00000006e5380000, 0x000000076ab00000)
  object space 609792K, 70% used [0x00000006c0000000,0x00000006da4397d0,0x00000006e5380000)
 Metaspace       used 6630K, capacity 7344K, committed 7552K, reserved 1056768K
  class space    used 597K, capacity 616K, committed 640K, reserved 1048576K
Event: 37.460 GC heap after
Heap after GC invocations=23 (full 5):
 PSYoungGen      total 729088K, used 106993K [0x000000076ab00000, 0x000000079fe80000, 0x00000007c0000000)
  eden space 622080K, 0% used [0x000000076ab00000,0x000000076ab00000,0x0000000790a80000)
  from space 107008K, 99% used [0x0000000798500000,0x000000079ed7c788,0x000000079ed80000)
  to   space 124928K, 0% used [0x0000000790a80000,0x0000000790a80000,0x0000000798480000)
 ParOldGen       total 609792K, used 431684K [0x00000006c0000000, 0x00000006e5380000, 0x000000076ab00000)
  object space 609792K, 70% used [0x00000006c0000000,0x00000006da5913c8,0x00000006e5380000)
 Metaspace       used 6630K, capacity 7344K, committed 7552K, reserved 1056768K
  class space    used 597K, capacity 616K, committed 640K, reserved 1048576K
}
Event: 43.299 GC heap before
{Heap before GC invocations=24 (full 5):
 PSYoungGen      total 729088K, used 729073K [0x000000076ab00000, 0x000000079fe80000, 0x00000007c0000000)
  eden space 622080K, 100% used [0x000000076ab00000,0x0000000790a80000,0x0000000790a80000)
  from space 107008K, 99% used [0x0000000798500000,0x000000079ed7c788,0x000000079ed80000)
  to   space 124928K, 0% used [0x0000000790a80000,0x0000000790a80000,0x0000000798480000)
 ParOldGen       total 609792K, used 431684K [0x00000006c0000000, 0x00000006e5380000, 0x000000076ab00000)
  object space 609792K, 70% used [0x00000006c0000000,0x00000006da5913c8,0x00000006e5380000)
 Metaspace       used 6641K, capacity 7344K, committed 7552K, reserved 1056768K
  class space    used 598K, capacity 616K, committed 640K, reserved 1048576K
Event: 46.637 GC heap after
Heap after GC invocations=24 (full 5):
 PSYoungGen      total 747008K, used 97739K [0x000000076ab00000, 0x00000007a7e80000, 0x00000007c0000000)
  eden space 622080K, 0% used [0x000000076ab00000,0x000000076ab00000,0x0000000790a80000)
  from space 124928K, 78% used [0x0000000790a80000,0x00000007969f2ea8,0x0000000798480000)
  to   space 135168K, 0% used [0x000000079fa80000,0x000000079fa80000,0x00000007a7e80000)
 ParOldGen       total 609792K, used 537531K [0x00000006c0000000, 0x00000006e5380000, 0x000000076ab00000)
  object space 609792K, 88% used [0x00000006c0000000,0x00000006e0ceed88,0x00000006e5380000)
 Metaspace       used 6641K, capacity 7344K, committed 7552K, reserved 1056768K
  class space    used 598K, capacity 616K, committed 640K, reserved 1048576K
}
Event: 46.637 GC heap before
{Heap before GC invocations=25 (full 6):
 PSYoungGen      total 747008K, used 97739K [0x000000076ab00000, 0x00000007a7e80000, 0x00000007c0000000)
  eden space 622080K, 0% used [0x000000076ab00000,0x000000076ab00000,0x0000000790a80000)
  from space 124928K, 78% used [0x0000000790a80000,0x00000007969f2ea8,0x0000000798480000)
  to   space 135168K, 0% used [0x000000079fa80000,0x000000079fa80000,0x00000007a7e80000)
 ParOldGen       total 609792K, used 537531K [0x00000006c0000000, 0x00000006e5380000, 0x000000076ab00000)
  object space 609792K, 88% used [0x00000006c0000000,0x00000006e0ceed88,0x00000006e5380000)
 Metaspace       used 6641K, capacity 7344K, committed 7552K, reserved 1056768K
  class space    used 598K, capacity 616K, committed 640K, reserved 1048576K
Event: 50.215 GC heap after
Heap after GC invocations=25 (full 6):
 PSYoungGen      total 747008K, used 20173K [0x000000076ab00000, 0x00000007a7e80000, 0x00000007c0000000)
  eden space 622080K, 0% used [0x000000076ab00000,0x000000076ab00000,0x0000000790a80000)
  from space 124928K, 16% used [0x0000000790a80000,0x0000000791e336b8,0x0000000798480000)
  to   space 135168K, 0% used [0x000000079fa80000,0x000000079fa80000,0x00000007a7e80000)
 ParOldGen       total 840704K, used 609779K [0x00000006c0000000, 0x00000006f3500000, 0x000000076ab00000)
  object space 840704K, 72% used [0x00000006c0000000,0x00000006e537cd90,0x00000006f3500000)
 Metaspace       used 6641K, capacity 7344K, committed 7552K, reserved 1056768K
  class space    used 598K, capacity 616K, committed 640K, reserved 1048576K
}
Event: 52.093 GC heap before
{Heap before GC invocations=26 (full 6):
 PSYoungGen      total 747008K, used 642253K [0x000000076ab00000, 0x00000007a7e80000, 0x00000007c0000000)
  eden space 622080K, 100% used [0x000000076ab00000,0x0000000790a80000,0x0000000790a80000)
  from space 124928K, 16% used [0x0000000790a80000,0x0000000791e336b8,0x0000000798480000)
  to   space 135168K, 0% used [0x000000079fa80000,0x000000079fa80000,0x00000007a7e80000)
 ParOldGen       total 840704K, used 609779K [0x00000006c0000000, 0x00000006f3500000, 0x000000076ab00000)
  object space 840704K, 72% used [0x00000006c0000000,0x00000006e537cd90,0x00000006f3500000)
 Metaspace       used 6648K, capacity 7344K, committed 7552K, reserved 1056768K
  class space    used 598K, capacity 616K, committed 640K, reserved 1048576K
Event: 52.660 GC heap after
Heap after GC invocations=26 (full 6):
 PSYoungGen      total 855552K, used 109197K [0x000000076ab00000, 0x00000007a8f80000, 0x00000007c0000000)
  eden space 720384K, 0% used [0x000000076ab00000,0x000000076ab00000,0x0000000796a80000)
  from space 135168K, 80% used [0x000000079fa80000,0x00000007a6523738,0x00000007a7e80000)
  to   space 147456K, 0% used [0x0000000796a80000,0x0000000796a80000,0x000000079fa80000)
 ParOldGen       total 840704K, used 609779K [0x00000006c0000000, 0x00000006f3500000, 0x000000076ab00000)
  object space 840704K, 72% used [0x00000006c0000000,0x00000006e537cd90,0x00000006f3500000)
 Metaspace       used 6648K, capacity 7344K, committed 7552K, reserved 1056768K
  class space    used 598K, capacity 616K, committed 640K, reserved 1048576K
}
Event: 56.437 GC heap before
{Heap before GC invocations=27 (full 6):
 PSYoungGen      total 855552K, used 829581K [0x000000076ab00000, 0x00000007a8f80000, 0x00000007c0000000)
  eden space 720384K, 100% used [0x000000076ab00000,0x0000000796a80000,0x0000000796a80000)
  from space 135168K, 80% used [0x000000079fa80000,0x00000007a6523738,0x00000007a7e80000)
  to   space 147456K, 0% used [0x0000000796a80000,0x0000000796a80000,0x000000079fa80000)
 ParOldGen       total 840704K, used 609779K [0x00000006c0000000, 0x00000006f3500000, 0x000000076ab00000)
  object space 840704K, 72% used [0x00000006c0000000,0x00000006e537cd90,0x00000006f3500000)
 Metaspace       used 6805K, capacity 7408K, committed 7552K, reserved 1056768K
  class space    used 605K, capacity 616K, committed 640K, reserved 1048576K

