# JRE version: OpenJDK Runtime Environment (8.0_202) (build 1.8.0_202-release-1483-b49-5587405)
# Java VM: OpenJDK 64-Bit Server VM (25.202-b49-5587405 mixed mode linux-amd64 compressed oops)
Heap:
 PSYoungGen      total 714752K, used 87938K [0x000000076ab00000, 0x000000079cc80000, 0x00000007c0000000)
  eden space 609280K, 0% used [0x000000076ab00000,0x000000076ab00000,0x000000078fe00000)
  from space 105472K, 83% used [0x000000078fe00000,0x00000007953e0858,0x0000000796500000)
  to   space 99328K, 0% used [0x0000000796500000,0x0000000796500000,0x000000079c600000)
 ParOldGen       total 312320K, used 307373K [0x00000006c0000000, 0x00000006d3100000, 0x000000076ab00000)
  object space 312320K, 98% used [0x00000006c0000000,0x00000006d2c2b408,0x00000006d3100000)
 Metaspace       used 6608K, capacity 7344K, committed 7552K, reserved 1056768K
  class space    used 596K, capacity 616K, committed 640K, reserved 1048576K
GC Heap History (10 events):
Event: 23.181 GC heap after
Heap after GC invocations=11 (full 2):
 PSYoungGen      total 409088K, used 38740K [0x000000076ab00000, 0x000000078f180000, 0x00000007c0000000)
  eden space 365568K, 0% used [0x000000076ab00000,0x000000076ab00000,0x0000000781000000)
  from space 43520K, 89% used [0x0000000781000000,0x00000007835d52f8,0x0000000783a80000)
  to   space 72704K, 0% used [0x000000078aa80000,0x000000078aa80000,0x000000078f180000)
 ParOldGen       total 197632K, used 117319K [0x00000006c0000000, 0x00000006cc100000, 0x000000076ab00000)
  object space 197632K, 59% used [0x00000006c0000000,0x00000006c7291f00,0x00000006cc100000)
 Metaspace       used 6567K, capacity 7280K, committed 7552K, reserved 1056768K
  class space    used 596K, capacity 616K, committed 640K, reserved 1048576K
}
Event: 28.215 GC heap before
{Heap before GC invocations=12 (full 2):
 PSYoungGen      total 409088K, used 404308K [0x000000076ab00000, 0x000000078f180000, 0x00000007c0000000)
  eden space 365568K, 100% used [0x000000076ab00000,0x0000000781000000,0x0000000781000000)
  from space 43520K, 89% used [0x0000000781000000,0x00000007835d52f8,0x0000000783a80000)
  to   space 72704K, 0% used [0x000000078aa80000,0x000000078aa80000,0x000000078f180000)
 ParOldGen       total 197632K, used 117319K [0x00000006c0000000, 0x00000006cc100000, 0x000000076ab00000)
  object space 197632K, 59% used [0x00000006c0000000,0x00000006c7291f00,0x00000006cc100000)
 Metaspace       used 6579K, capacity 7280K, committed 7552K, reserved 1056768K
  class space    used 596K, capacity 616K, committed 640K, reserved 1048576K
Event: 31.672 GC heap after
Heap after GC invocations=12 (full 2):
 PSYoungGen      total 500224K, used 72690K [0x000000076ab00000, 0x0000000796d00000, 0x00000007c0000000)
  eden space 427520K, 0% used [0x000000076ab00000,0x000000076ab00000,0x0000000784c80000)
  from space 72704K, 99% used [0x000000078aa80000,0x000000078f17caa8,0x000000078f180000)
  to   space 96256K, 0% used [0x0000000784c80000,0x0000000784c80000,0x000000078aa80000)
 ParOldGen       total 197632K, used 148528K [0x00000006c0000000, 0x00000006cc100000, 0x000000076ab00000)
  object space 197632K, 75% used [0x00000006c0000000,0x00000006c910c018,0x00000006cc100000)
 Metaspace       used 6579K, capacity 7280K, committed 7552K, reserved 1056768K
  class space    used 596K, capacity 616K, committed 640K, reserved 1048576K
}
Event: 34.342 GC heap before
{Heap before GC invocations=13 (full 2):
 PSYoungGen      total 500224K, used 500210K [0x000000076ab00000, 0x0000000796d00000, 0x00000007c0000000)
  eden space 427520K, 100% used [0x000000076ab00000,0x0000000784c80000,0x0000000784c80000)
  from space 72704K, 99% used [0x000000078aa80000,0x000000078f17caa8,0x000000078f180000)
  to   space 96256K, 0% used [0x0000000784c80000,0x0000000784c80000,0x000000078aa80000)
 ParOldGen       total 197632K, used 148528K [0x00000006c0000000, 0x00000006cc100000, 0x000000076ab00000)
  object space 197632K, 75% used [0x00000006c0000000,0x00000006c910c018,0x00000006cc100000)
 Metaspace       used 6584K, capacity 7280K, committed 7552K, reserved 1056768K
  class space    used 596K, capacity 616K, committed 640K, reserved 1048576K
Event: 35.343 GC heap after
Heap after GC invocations=13 (full 2):
 PSYoungGen      total 523776K, used 60048K [0x000000076ab00000, 0x000000079c600000, 0x00000007c0000000)
  eden space 427520K, 0% used [0x000000076ab00000,0x000000076ab00000,0x0000000784c80000)
  from space 96256K, 62% used [0x0000000784c80000,0x00000007887240c0,0x000000078aa80000)
  to   space 99328K, 0% used [0x0000000796500000,0x0000000796500000,0x000000079c600000)
 ParOldGen       total 207872K, used 207304K [0x00000006c0000000, 0x00000006ccb00000, 0x000000076ab00000)
  object space 207872K, 99% used [0x00000006c0000000,0x00000006cca722a8,0x00000006ccb00000)
 Metaspace       used 6584K, capacity 7280K, committed 7552K, reserved 1056768K
  class space    used 596K, capacity 616K, committed 640K, reserved 1048576K
}
Event: 35.392 GC heap before
{Heap before GC invocations=14 (full 3):
 PSYoungGen      total 523776K, used 60048K [0x000000076ab00000, 0x000000079c600000, 0x00000007c0000000)
  eden space 427520K, 0% used [0x000000076ab00000,0x000000076ab00000,0x0000000784c80000)
  from space 96256K, 62% used [0x0000000784c80000,0x00000007887240c0,0x000000078aa80000)
  to   space 99328K, 0% used [0x0000000796500000,0x0000000796500000,0x000000079c600000)
 ParOldGen       total 207872K, used 207304K [0x00000006c0000000, 0x00000006ccb00000, 0x000000076ab00000)
  object space 207872K, 99% used [0x00000006c0000000,0x00000006cca722a8,0x00000006ccb00000)
 Metaspace       used 6584K, capacity 7280K, committed 7552K, reserved 1056768K
  class space    used 596K, capacity 616K, committed 640K, reserved 1048576K
Event: 36.789 GC heap after
Heap after GC invocations=14 (full 3):
 PSYoungGen      total 523776K, used 34264K [0x000000076ab00000, 0x000000079c600000, 0x00000007c0000000)
  eden space 427520K, 0% used [0x000000076ab00000,0x000000076ab00000,0x0000000784c80000)
  from space 96256K, 35% used [0x0000000784c80000,0x0000000786df6060,0x000000078aa80000)
  to   space 99328K, 0% used [0x0000000796500000,0x0000000796500000,0x000000079c600000)
 ParOldGen       total 312320K, used 207492K [0x00000006c0000000, 0x00000006d3100000, 0x000000076ab00000)
  object space 312320K, 66% used [0x00000006c0000000,0x00000006ccaa1220,0x00000006d3100000)
 Metaspace       used 6584K, capacity 7280K, committed 7552K, reserved 1056768K
  class space    used 596K, capacity 616K, committed 640K, reserved 1048576K
}
Event: 38.737 GC heap before
{Heap before GC invocations=15 (full 3):
 PSYoungGen      total 523776K, used 461784K [0x000000076ab00000, 0x000000079c600000, 0x00000007c0000000)
  eden space 427520K, 100% used [0x000000076ab00000,0x0000000784c80000,0x0000000784c80000)
  from space 96256K, 35% used [0x0000000784c80000,0x0000000786df6060,0x000000078aa80000)
  to   space 99328K, 0% used [0x0000000796500000,0x0000000796500000,0x000000079c600000)
 ParOldGen       total 312320K, used 207492K [0x00000006c0000000, 0x00000006d3100000, 0x000000076ab00000)
  object space 312320K, 66% used [0x00000006c0000000,0x00000006ccaa1220,0x00000006d3100000)
 Metaspace       used 6599K, capacity 7280K, committed 7552K, reserved 1056768K
  class space    used 596K, capacity 616K, committed 640K, reserved 1048576K
Event: 39.795 GC heap after
Heap after GC invocations=15 (full 3):
 PSYoungGen      total 708608K, used 70355K [0x000000076ab00000, 0x000000079cc80000, 0x00000007c0000000)
  eden space 609280K, 0% used [0x000000076ab00000,0x000000076ab00000,0x000000078fe00000)
  from space 99328K, 70% used [0x0000000796500000,0x000000079a9b4df0,0x000000079c600000)
  to   space 105472K, 0% used [0x000000078fe00000,0x000000078fe00000,0x0000000796500000)
 ParOldGen       total 312320K, used 240069K [0x00000006c0000000, 0x00000006d3100000, 0x000000076ab00000)
  object space 312320K, 76% used [0x00000006c0000000,0x00000006cea716d0,0x00000006d3100000)
 Metaspace       used 6599K, capacity 7280K, committed 7552K, reserved 1056768K
  class space    used 596K, capacity 616K, committed 640K, reserved 1048576K
}
Event: 41.840 GC heap before
{Heap before GC invocations=16 (full 3):
 PSYoungGen      total 708608K, used 679635K [0x000000076ab00000, 0x000000079cc80000, 0x00000007c0000000)
  eden space 609280K, 100% used [0x000000076ab00000,0x000000078fe00000,0x000000078fe00000)
  from space 99328K, 70% used [0x0000000796500000,0x000000079a9b4df0,0x000000079c600000)
  to   space 105472K, 0% used [0x000000078fe00000,0x000000078fe00000,0x0000000796500000)
 ParOldGen       total 312320K, used 240069K [0x00000006c0000000, 0x00000006d3100000, 0x000000076ab00000)
  object space 312320K, 76% used [0x00000006c0000000,0x00000006cea716d0,0x00000006d3100000)
 Metaspace       used 6608K, capacity 7344K, committed 7552K, reserved 1056768K
  class space    used 596K, capacity 616K, committed 640K, reserved 1048576K

