# JRE version: OpenJDK Runtime Environment (8.0_202) (build 1.8.0_202-release-1483-b49-5587405)
# Java VM: OpenJDK 64-Bit Server VM (25.202-b49-5587405 mixed mode linux-amd64 compressed oops)
Heap:
 PSYoungGen      total 635392K, used 77520K [0x000000076ab00000, 0x000000079bb00000, 0x00000007c0000000)
  eden space 508416K, 0% used [0x000000076ab00000,0x000000076ab00000,0x0000000789b80000)
  from space 126976K, 61% used [0x0000000789b80000,0x000000078e734378,0x0000000791780000)
  to   space 95744K, 0% used [0x0000000791780000,0x0000000791780000,0x0000000797500000)
 ParOldGen       total 295424K, used 267166K [0x00000006c0000000, 0x00000006d2080000, 0x000000076ab00000)
  object space 295424K, 90% used [0x00000006c0000000,0x00000006d04e7928,0x00000006d2080000)
 Metaspace       used 6411K, capacity 7344K, committed 7552K, reserved 1056768K
  class space    used 583K, capacity 616K, committed 640K, reserved 1048576K
GC Heap History (10 events):
Event: 10.618 GC heap after
Heap after GC invocations=11 (full 1):
 PSYoungGen      total 434176K, used 60409K [0x000000076ab00000, 0x0000000793d80000, 0x00000007c0000000)
  eden space 373760K, 0% used [0x000000076ab00000,0x000000076ab00000,0x0000000781800000)
  from space 60416K, 99% used [0x0000000786300000,0x0000000789dfe570,0x0000000789e00000)
  to   space 76800K, 0% used [0x0000000781800000,0x0000000781800000,0x0000000786300000)
 ParOldGen       total 121856K, used 107418K [0x00000006c0000000, 0x00000006c7700000, 0x000000076ab00000)
  object space 121856K, 88% used [0x00000006c0000000,0x00000006c68e6a38,0x00000006c7700000)
 Metaspace       used 6384K, capacity 7280K, committed 7552K, reserved 1056768K
  class space    used 581K, capacity 616K, committed 640K, reserved 1048576K
}
Event: 10.620 GC heap before
{Heap before GC invocations=12 (full 2):
 PSYoungGen      total 434176K, used 60409K [0x000000076ab00000, 0x0000000793d80000, 0x00000007c0000000)
  eden space 373760K, 0% used [0x000000076ab00000,0x000000076ab00000,0x0000000781800000)
  from space 60416K, 99% used [0x0000000786300000,0x0000000789dfe570,0x0000000789e00000)
  to   space 76800K, 0% used [0x0000000781800000,0x0000000781800000,0x0000000786300000)
 ParOldGen       total 121856K, used 107418K [0x00000006c0000000, 0x00000006c7700000, 0x000000076ab00000)
  object space 121856K, 88% used [0x00000006c0000000,0x00000006c68e6a38,0x00000006c7700000)
 Metaspace       used 6384K, capacity 7280K, committed 7552K, reserved 1056768K
  class space    used 581K, capacity 616K, committed 640K, reserved 1048576K
Event: 11.696 GC heap after
Heap after GC invocations=12 (full 2):
 PSYoungGen      total 434176K, used 38235K [0x000000076ab00000, 0x0000000793d80000, 0x00000007c0000000)
  eden space 373760K, 0% used [0x000000076ab00000,0x000000076ab00000,0x0000000781800000)
  from space 60416K, 63% used [0x0000000786300000,0x0000000788856de8,0x0000000789e00000)
  to   space 76800K, 0% used [0x0000000781800000,0x0000000781800000,0x0000000786300000)
 ParOldGen       total 200704K, used 121746K [0x00000006c0000000, 0x00000006cc400000, 0x000000076ab00000)
  object space 200704K, 60% used [0x00000006c0000000,0x00000006c76e4868,0x00000006cc400000)
 Metaspace       used 6384K, capacity 7280K, committed 7552K, reserved 1056768K
  class space    used 581K, capacity 616K, committed 640K, reserved 1048576K
}
Event: 13.468 GC heap before
{Heap before GC invocations=13 (full 2):
 PSYoungGen      total 434176K, used 411995K [0x000000076ab00000, 0x0000000793d80000, 0x00000007c0000000)
  eden space 373760K, 100% used [0x000000076ab00000,0x0000000781800000,0x0000000781800000)
  from space 60416K, 63% used [0x0000000786300000,0x0000000788856de8,0x0000000789e00000)
  to   space 76800K, 0% used [0x0000000781800000,0x0000000781800000,0x0000000786300000)
 ParOldGen       total 200704K, used 121746K [0x00000006c0000000, 0x00000006cc400000, 0x000000076ab00000)
  object space 200704K, 60% used [0x00000006c0000000,0x00000006c76e4868,0x00000006cc400000)
 Metaspace       used 6390K, capacity 7280K, committed 7552K, reserved 1056768K
  class space    used 581K, capacity 616K, committed 640K, reserved 1048576K
Event: 17.730 GC heap after
Heap after GC invocations=13 (full 2):
 PSYoungGen      total 450560K, used 76794K [0x000000076ab00000, 0x0000000797500000, 0x00000007c0000000)
  eden space 373760K, 0% used [0x000000076ab00000,0x000000076ab00000,0x0000000781800000)
  from space 76800K, 99% used [0x0000000781800000,0x00000007862fe968,0x0000000786300000)
  to   space 95744K, 0% used [0x0000000791780000,0x0000000791780000,0x0000000797500000)
 ParOldGen       total 200704K, used 136958K [0x00000006c0000000, 0x00000006cc400000, 0x000000076ab00000)
  object space 200704K, 68% used [0x00000006c0000000,0x00000006c85bf850,0x00000006cc400000)
 Metaspace       used 6390K, capacity 7280K, committed 7552K, reserved 1056768K
  class space    used 581K, capacity 616K, committed 640K, reserved 1048576K
}
Event: 19.481 GC heap before
{Heap before GC invocations=14 (full 2):
 PSYoungGen      total 450560K, used 450554K [0x000000076ab00000, 0x0000000797500000, 0x00000007c0000000)
  eden space 373760K, 100% used [0x000000076ab00000,0x0000000781800000,0x0000000781800000)
  from space 76800K, 99% used [0x0000000781800000,0x00000007862fe968,0x0000000786300000)
  to   space 95744K, 0% used [0x0000000791780000,0x0000000791780000,0x0000000797500000)
 ParOldGen       total 200704K, used 136958K [0x00000006c0000000, 0x00000006cc400000, 0x000000076ab00000)
  object space 200704K, 68% used [0x00000006c0000000,0x00000006c85bf850,0x00000006cc400000)
 Metaspace       used 6398K, capacity 7280K, committed 7552K, reserved 1056768K
  class space    used 582K, capacity 616K, committed 640K, reserved 1048576K
Event: 23.030 GC heap after
Heap after GC invocations=14 (full 2):
 PSYoungGen      total 604160K, used 95733K [0x000000076ab00000, 0x000000079bb00000, 0x00000007c0000000)
  eden space 508416K, 0% used [0x000000076ab00000,0x000000076ab00000,0x0000000789b80000)
  from space 95744K, 99% used [0x0000000791780000,0x00000007974fd478,0x0000000797500000)
  to   space 126976K, 0% used [0x0000000789b80000,0x0000000789b80000,0x0000000791780000)
 ParOldGen       total 200704K, used 175133K [0x00000006c0000000, 0x00000006cc400000, 0x000000076ab00000)
  object space 200704K, 87% used [0x00000006c0000000,0x00000006cab076f8,0x00000006cc400000)
 Metaspace       used 6398K, capacity 7280K, committed 7552K, reserved 1056768K
  class space    used 582K, capacity 616K, committed 640K, reserved 1048576K
}
Event: 23.030 GC heap before
{Heap before GC invocations=15 (full 3):
 PSYoungGen      total 604160K, used 95733K [0x000000076ab00000, 0x000000079bb00000, 0x00000007c0000000)
  eden space 508416K, 0% used [0x000000076ab00000,0x000000076ab00000,0x0000000789b80000)
  from space 95744K, 99% used [0x0000000791780000,0x00000007974fd478,0x0000000797500000)
  to   space 126976K, 0% used [0x0000000789b80000,0x0000000789b80000,0x0000000791780000)
 ParOldGen       total 200704K, used 175133K [0x00000006c0000000, 0x00000006cc400000, 0x000000076ab00000)
  object space 200704K, 87% used [0x00000006c0000000,0x00000006cab076f8,0x00000006cc400000)
 Metaspace       used 6398K, capacity 7280K, committed 7552K, reserved 1056768K
  class space    used 582K, capacity 616K, committed 640K, reserved 1048576K
Event: 25.118 GC heap after
Heap after GC invocations=15 (full 3):
 PSYoungGen      total 604160K, used 66361K [0x000000076ab00000, 0x000000079bb00000, 0x00000007c0000000)
  eden space 508416K, 0% used [0x000000076ab00000,0x000000076ab00000,0x0000000789b80000)
  from space 95744K, 69% used [0x0000000791780000,0x000000079584e540,0x0000000797500000)
  to   space 126976K, 0% used [0x0000000789b80000,0x0000000789b80000,0x0000000791780000)
 ParOldGen       total 295424K, used 200350K [0x00000006c0000000, 0x00000006d2080000, 0x000000076ab00000)
  object space 295424K, 67% used [0x00000006c0000000,0x00000006cc3a7818,0x00000006d2080000)
 Metaspace       used 6398K, capacity 7280K, committed 7552K, reserved 1056768K
  class space    used 582K, capacity 616K, committed 640K, reserved 1048576K
}
Event: 27.738 GC heap before
{Heap before GC invocations=16 (full 3):
 PSYoungGen      total 604160K, used 574777K [0x000000076ab00000, 0x000000079bb00000, 0x00000007c0000000)
  eden space 508416K, 100% used [0x000000076ab00000,0x0000000789b80000,0x0000000789b80000)
  from space 95744K, 69% used [0x0000000791780000,0x000000079584e540,0x0000000797500000)
  to   space 126976K, 0% used [0x0000000789b80000,0x0000000789b80000,0x0000000791780000)
 ParOldGen       total 295424K, used 200350K [0x00000006c0000000, 0x00000006d2080000, 0x000000076ab00000)
  object space 295424K, 67% used [0x00000006c0000000,0x00000006cc3a7818,0x00000006d2080000)
 Metaspace       used 6411K, capacity 7344K, committed 7552K, reserved 1056768K
  class space    used 583K, capacity 616K, committed 640K, reserved 1048576K

