# JRE version: OpenJDK Runtime Environment (8.0_202) (build 1.8.0_202-release-1483-b49-5587405)
# Java VM: OpenJDK 64-Bit Server VM (25.202-b49-5587405 mixed mode linux-amd64 compressed oops)
Heap:
 PSYoungGen      total 873472K, used 155116K [0x000000076ab00000, 0x00000007a9780000, 0x00000007c0000000)
  eden space 718336K, 0% used [0x000000076ab00000,0x000000076ab00000,0x0000000796880000)
  from space 155136K, 99% used [0x0000000796880000,0x000000079fffb2d0,0x00000007a0000000)
  to   space 137216K, 0% used [0x00000007a1180000,0x00000007a1180000,0x00000007a9780000)
 ParOldGen       total 819712K, used 646395K [0x00000006c0000000, 0x00000006f2080000, 0x000000076ab00000)
  object space 819712K, 78% used [0x00000006c0000000,0x00000006e773ef00,0x00000006f2080000)
 Metaspace       used 6701K, capacity 7344K, committed 7552K, reserved 1056768K
  class space    used 600K, capacity 616K, committed 640K, reserved 1048576K
GC Heap History (10 events):
Event: 20.688 GC heap after
Heap after GC invocations=19 (full 4):
 PSYoungGen      total 615936K, used 66170K [0x000000076ab00000, 0x00000007a0400000, 0x00000007c0000000)
  eden space 493568K, 0% used [0x000000076ab00000,0x000000076ab00000,0x0000000788d00000)
  from space 122368K, 54% used [0x0000000788d00000,0x000000078cd9e9e0,0x0000000790480000)
  to   space 124416K, 0% used [0x0000000798a80000,0x0000000798a80000,0x00000007a0400000)
 ParOldGen       total 576000K, used 384310K [0x00000006c0000000, 0x00000006e3280000, 0x000000076ab00000)
  object space 576000K, 66% used [0x00000006c0000000,0x00000006d774d858,0x00000006e3280000)
 Metaspace       used 6628K, capacity 7344K, committed 7552K, reserved 1056768K
  class space    used 597K, capacity 616K, committed 640K, reserved 1048576K
}
Event: 22.162 GC heap before
{Heap before GC invocations=20 (full 4):
 PSYoungGen      total 615936K, used 559738K [0x000000076ab00000, 0x00000007a0400000, 0x00000007c0000000)
  eden space 493568K, 100% used [0x000000076ab00000,0x0000000788d00000,0x0000000788d00000)
  from space 122368K, 54% used [0x0000000788d00000,0x000000078cd9e9e0,0x0000000790480000)
  to   space 124416K, 0% used [0x0000000798a80000,0x0000000798a80000,0x00000007a0400000)
 ParOldGen       total 576000K, used 384310K [0x00000006c0000000, 0x00000006e3280000, 0x000000076ab00000)
  object space 576000K, 66% used [0x00000006c0000000,0x00000006d774d858,0x00000006e3280000)
 Metaspace       used 6638K, capacity 7344K, committed 7552K, reserved 1056768K
  class space    used 598K, capacity 616K, committed 640K, reserved 1048576K
Event: 22.455 GC heap after
Heap after GC invocations=20 (full 4):
 PSYoungGen      total 727552K, used 124400K [0x000000076ab00000, 0x00000007a1d00000, 0x00000007c0000000)
  eden space 603136K, 0% used [0x000000076ab00000,0x000000076ab00000,0x000000078f800000)
  from space 124416K, 99% used [0x0000000798a80000,0x00000007a03fc338,0x00000007a0400000)
  to   space 150016K, 0% used [0x000000078f800000,0x000000078f800000,0x0000000798a80000)
 ParOldGen       total 576000K, used 398409K [0x00000006c0000000, 0x00000006e3280000, 0x000000076ab00000)
  object space 576000K, 69% used [0x00000006c0000000,0x00000006d85124b8,0x00000006e3280000)
 Metaspace       used 6638K, capacity 7344K, committed 7552K, reserved 1056768K
  class space    used 598K, capacity 616K, committed 640K, reserved 1048576K
}
Event: 24.229 GC heap before
{Heap before GC invocations=21 (full 4):
 PSYoungGen      total 727552K, used 727536K [0x000000076ab00000, 0x00000007a1d00000, 0x00000007c0000000)
  eden space 603136K, 100% used [0x000000076ab00000,0x000000078f800000,0x000000078f800000)
  from space 124416K, 99% used [0x0000000798a80000,0x00000007a03fc338,0x00000007a0400000)
  to   space 150016K, 0% used [0x000000078f800000,0x000000078f800000,0x0000000798a80000)
 ParOldGen       total 576000K, used 398409K [0x00000006c0000000, 0x00000006e3280000, 0x000000076ab00000)
  object space 576000K, 69% used [0x00000006c0000000,0x00000006d85124b8,0x00000006e3280000)
 Metaspace       used 6642K, capacity 7344K, committed 7552K, reserved 1056768K
  class space    used 599K, capacity 616K, committed 640K, reserved 1048576K
Event: 30.809 GC heap after
Heap after GC invocations=21 (full 4):
 PSYoungGen      total 753152K, used 90816K [0x000000076ab00000, 0x00000007aa680000, 0x00000007c0000000)
  eden space 603136K, 0% used [0x000000076ab00000,0x000000076ab00000,0x000000078f800000)
  from space 150016K, 60% used [0x000000078f800000,0x00000007950b01f8,0x0000000798a80000)
  to   space 152576K, 0% used [0x00000007a1180000,0x00000007a1180000,0x00000007aa680000)
 ParOldGen       total 576000K, used 523239K [0x00000006c0000000, 0x00000006e3280000, 0x000000076ab00000)
  object space 576000K, 90% used [0x00000006c0000000,0x00000006dfef9de0,0x00000006e3280000)
 Metaspace       used 6642K, capacity 7344K, committed 7552K, reserved 1056768K
  class space    used 599K, capacity 616K, committed 640K, reserved 1048576K
}
Event: 30.858 GC heap before
{Heap before GC invocations=22 (full 5):
 PSYoungGen      total 753152K, used 90816K [0x000000076ab00000, 0x00000007aa680000, 0x00000007c0000000)
  eden space 603136K, 0% used [0x000000076ab00000,0x000000076ab00000,0x000000078f800000)
  from space 150016K, 60% used [0x000000078f800000,0x00000007950b01f8,0x0000000798a80000)
  to   space 152576K, 0% used [0x00000007a1180000,0x00000007a1180000,0x00000007aa680000)
 ParOldGen       total 576000K, used 523239K [0x00000006c0000000, 0x00000006e3280000, 0x000000076ab00000)
  object space 576000K, 90% used [0x00000006c0000000,0x00000006dfef9de0,0x00000006e3280000)
 Metaspace       used 6642K, capacity 7344K, committed 7552K, reserved 1056768K
  class space    used 599K, capacity 616K, committed 640K, reserved 1048576K
Event: 36.125 GC heap after
Heap after GC invocations=22 (full 5):
 PSYoungGen      total 753152K, used 33634K [0x000000076ab00000, 0x00000007aa680000, 0x00000007c0000000)
  eden space 603136K, 0% used [0x000000076ab00000,0x000000076ab00000,0x000000078f800000)
  from space 150016K, 22% used [0x000000078f800000,0x00000007918d8b38,0x0000000798a80000)
  to   space 152576K, 0% used [0x00000007a1180000,0x00000007a1180000,0x00000007aa680000)
 ParOldGen       total 819712K, used 575685K [0x00000006c0000000, 0x00000006f2080000, 0x000000076ab00000)
  object space 819712K, 70% used [0x00000006c0000000,0x00000006e3231520,0x00000006f2080000)
 Metaspace       used 6642K, capacity 7344K, committed 7552K, reserved 1056768K
  class space    used 599K, capacity 616K, committed 640K, reserved 1048576K
}
Event: 38.582 GC heap before
{Heap before GC invocations=23 (full 5):
 PSYoungGen      total 753152K, used 636770K [0x000000076ab00000, 0x00000007aa680000, 0x00000007c0000000)
  eden space 603136K, 100% used [0x000000076ab00000,0x000000078f800000,0x000000078f800000)
  from space 150016K, 22% used [0x000000078f800000,0x00000007918d8b38,0x0000000798a80000)
  to   space 152576K, 0% used [0x00000007a1180000,0x00000007a1180000,0x00000007aa680000)
 ParOldGen       total 819712K, used 575685K [0x00000006c0000000, 0x00000006f2080000, 0x000000076ab00000)
  object space 819712K, 70% used [0x00000006c0000000,0x00000006e3231520,0x00000006f2080000)
 Metaspace       used 6649K, capacity 7344K, committed 7552K, reserved 1056768K
  class space    used 599K, capacity 616K, committed 640K, reserved 1048576K
Event: 39.025 GC heap after
Heap after GC invocations=23 (full 5):
 PSYoungGen      total 855552K, used 93598K [0x000000076ab00000, 0x00000007a9780000, 0x00000007c0000000)
  eden space 718336K, 0% used [0x000000076ab00000,0x000000076ab00000,0x0000000796880000)
  from space 137216K, 68% used [0x00000007a1180000,0x00000007a6ce7958,0x00000007a9780000)
  to   space 155136K, 0% used [0x0000000796880000,0x0000000796880000,0x00000007a0000000)
 ParOldGen       total 819712K, used 606390K [0x00000006c0000000, 0x00000006f2080000, 0x000000076ab00000)
  object space 819712K, 73% used [0x00000006c0000000,0x00000006e502d9f8,0x00000006f2080000)
 Metaspace       used 6649K, capacity 7344K, committed 7552K, reserved 1056768K
  class space    used 599K, capacity 616K, committed 640K, reserved 1048576K
}
Event: 54.450 GC heap before
{Heap before GC invocations=24 (full 5):
 PSYoungGen      total 855552K, used 811934K [0x000000076ab00000, 0x00000007a9780000, 0x00000007c0000000)
  eden space 718336K, 100% used [0x000000076ab00000,0x0000000796880000,0x0000000796880000)
  from space 137216K, 68% used [0x00000007a1180000,0x00000007a6ce7958,0x00000007a9780000)
  to   space 155136K, 0% used [0x0000000796880000,0x0000000796880000,0x00000007a0000000)
 ParOldGen       total 819712K, used 606390K [0x00000006c0000000, 0x00000006f2080000, 0x000000076ab00000)
  object space 819712K, 73% used [0x00000006c0000000,0x00000006e502d9f8,0x00000006f2080000)
 Metaspace       used 6701K, capacity 7344K, committed 7552K, reserved 1056768K
  class space    used 600K, capacity 616K, committed 640K, reserved 1048576K

