# JRE version: OpenJDK Runtime Environment (8.0_202) (build 1.8.0_202-release-1483-b49-5587405)
# Java VM: OpenJDK 64-Bit Server VM (25.202-b49-5587405 mixed mode linux-amd64 compressed oops)
Heap:
 PSYoungGen      total 1093120K, used 0K [0x000000076ab00000, 0x00000007b8380000, 0x00000007c0000000)
  eden space 940032K, 0% used [0x000000076ab00000,0x000000076ab00000,0x00000007a4100000)
  from space 153088K, 0% used [0x00000007adf80000,0x00000007adf80000,0x00000007b7500000)
  to   space 162304K, 0% used [0x00000007a4100000,0x00000007a4100000,0x00000007adf80000)
 ParOldGen       total 719872K, used 713186K [0x00000006c0000000, 0x00000006ebf00000, 0x000000076ab00000)
  object space 719872K, 99% used [0x00000006c0000000,0x00000006eb878950,0x00000006ebf00000)
 Metaspace       used 6461K, capacity 7344K, committed 7552K, reserved 1056768K
  class space    used 585K, capacity 616K, committed 640K, reserved 1048576K
GC Heap History (10 events):
Event: 37.091 GC heap after
Heap after GC invocations=19 (full 4):
 PSYoungGen      total 670720K, used 78613K [0x000000076ab00000, 0x00000007aa280000, 0x00000007c0000000)
  eden space 531968K, 0% used [0x000000076ab00000,0x000000076ab00000,0x000000078b280000)
  from space 138752K, 56% used [0x000000078b280000,0x000000078ff456d0,0x0000000793a00000)
  to   space 141824K, 0% used [0x00000007a1800000,0x00000007a1800000,0x00000007aa280000)
 ParOldGen       total 515584K, used 351459K [0x00000006c0000000, 0x00000006df780000, 0x000000076ab00000)
  object space 515584K, 68% used [0x00000006c0000000,0x00000006d5738f90,0x00000006df780000)
 Metaspace       used 6453K, capacity 7344K, committed 7552K, reserved 1056768K
  class space    used 585K, capacity 616K, committed 640K, reserved 1048576K
}
Event: 40.404 GC heap before
{Heap before GC invocations=20 (full 4):
 PSYoungGen      total 670720K, used 610581K [0x000000076ab00000, 0x00000007aa280000, 0x00000007c0000000)
  eden space 531968K, 100% used [0x000000076ab00000,0x000000078b280000,0x000000078b280000)
  from space 138752K, 56% used [0x000000078b280000,0x000000078ff456d0,0x0000000793a00000)
  to   space 141824K, 0% used [0x00000007a1800000,0x00000007a1800000,0x00000007aa280000)
 ParOldGen       total 515584K, used 351459K [0x00000006c0000000, 0x00000006df780000, 0x000000076ab00000)
  object space 515584K, 68% used [0x00000006c0000000,0x00000006d5738f90,0x00000006df780000)
 Metaspace       used 6455K, capacity 7344K, committed 7552K, reserved 1056768K
  class space    used 585K, capacity 616K, committed 640K, reserved 1048576K
Event: 44.297 GC heap after
Heap after GC invocations=20 (full 4):
 PSYoungGen      total 879616K, used 84409K [0x000000076ab00000, 0x00000007a9c00000, 0x00000007c0000000)
  eden space 744448K, 0% used [0x000000076ab00000,0x000000076ab00000,0x0000000798200000)
  from space 135168K, 62% used [0x00000007a1800000,0x00000007a6a6e498,0x00000007a9c00000)
  to   space 144384K, 0% used [0x0000000798200000,0x0000000798200000,0x00000007a0f00000)
 ParOldGen       total 515584K, used 427862K [0x00000006c0000000, 0x00000006df780000, 0x000000076ab00000)
  object space 515584K, 82% used [0x00000006c0000000,0x00000006da1d5af8,0x00000006df780000)
 Metaspace       used 6455K, capacity 7344K, committed 7552K, reserved 1056768K
  class space    used 585K, capacity 616K, committed 640K, reserved 1048576K
}
Event: 48.893 GC heap before
{Heap before GC invocations=21 (full 4):
 PSYoungGen      total 879616K, used 828857K [0x000000076ab00000, 0x00000007a9c00000, 0x00000007c0000000)
  eden space 744448K, 100% used [0x000000076ab00000,0x0000000798200000,0x0000000798200000)
  from space 135168K, 62% used [0x00000007a1800000,0x00000007a6a6e498,0x00000007a9c00000)
  to   space 144384K, 0% used [0x0000000798200000,0x0000000798200000,0x00000007a0f00000)
 ParOldGen       total 515584K, used 427862K [0x00000006c0000000, 0x00000006df780000, 0x000000076ab00000)
  object space 515584K, 82% used [0x00000006c0000000,0x00000006da1d5af8,0x00000006df780000)
 Metaspace       used 6455K, capacity 7344K, committed 7552K, reserved 1056768K
  class space    used 585K, capacity 616K, committed 640K, reserved 1048576K
Event: 53.522 GC heap after
Heap after GC invocations=21 (full 4):
 PSYoungGen      total 888832K, used 103560K [0x000000076ab00000, 0x00000007b7500000, 0x00000007c0000000)
  eden space 744448K, 0% used [0x000000076ab00000,0x000000076ab00000,0x0000000798200000)
  from space 144384K, 71% used [0x0000000798200000,0x000000079e722298,0x00000007a0f00000)
  to   space 153088K, 0% used [0x00000007adf80000,0x00000007adf80000,0x00000007b7500000)
 ParOldGen       total 515584K, used 508815K [0x00000006c0000000, 0x00000006df780000, 0x000000076ab00000)
  object space 515584K, 98% used [0x00000006c0000000,0x00000006df0e3ed8,0x00000006df780000)
 Metaspace       used 6455K, capacity 7344K, committed 7552K, reserved 1056768K
  class space    used 585K, capacity 616K, committed 640K, reserved 1048576K
}
Event: 53.528 GC heap before
{Heap before GC invocations=22 (full 5):
 PSYoungGen      total 888832K, used 103560K [0x000000076ab00000, 0x00000007b7500000, 0x00000007c0000000)
  eden space 744448K, 0% used [0x000000076ab00000,0x000000076ab00000,0x0000000798200000)
  from space 144384K, 71% used [0x0000000798200000,0x000000079e722298,0x00000007a0f00000)
  to   space 153088K, 0% used [0x00000007adf80000,0x00000007adf80000,0x00000007b7500000)
 ParOldGen       total 515584K, used 508815K [0x00000006c0000000, 0x00000006df780000, 0x000000076ab00000)
  object space 515584K, 98% used [0x00000006c0000000,0x00000006df0e3ed8,0x00000006df780000)
 Metaspace       used 6455K, capacity 7344K, committed 7552K, reserved 1056768K
  class space    used 585K, capacity 616K, committed 640K, reserved 1048576K
Event: 57.968 GC heap after
Heap after GC invocations=22 (full 5):
 PSYoungGen      total 888832K, used 94843K [0x000000076ab00000, 0x00000007b7500000, 0x00000007c0000000)
  eden space 744448K, 0% used [0x000000076ab00000,0x000000076ab00000,0x0000000798200000)
  from space 144384K, 65% used [0x0000000798200000,0x000000079de9ef30,0x00000007a0f00000)
  to   space 153088K, 0% used [0x00000007adf80000,0x00000007adf80000,0x00000007b7500000)
 ParOldGen       total 719872K, used 515199K [0x00000006c0000000, 0x00000006ebf00000, 0x000000076ab00000)
  object space 719872K, 71% used [0x00000006c0000000,0x00000006df71ff88,0x00000006ebf00000)
 Metaspace       used 6455K, capacity 7344K, committed 7552K, reserved 1056768K
  class space    used 585K, capacity 616K, committed 640K, reserved 1048576K
}
Event: 61.015 GC heap before
{Heap before GC invocations=23 (full 5):
 PSYoungGen      total 888832K, used 839291K [0x000000076ab00000, 0x00000007b7500000, 0x00000007c0000000)
  eden space 744448K, 100% used [0x000000076ab00000,0x0000000798200000,0x0000000798200000)
  from space 144384K, 65% used [0x0000000798200000,0x000000079de9ef30,0x00000007a0f00000)
  to   space 153088K, 0% used [0x00000007adf80000,0x00000007adf80000,0x00000007b7500000)
 ParOldGen       total 719872K, used 515199K [0x00000006c0000000, 0x00000006ebf00000, 0x000000076ab00000)
  object space 719872K, 71% used [0x00000006c0000000,0x00000006df71ff88,0x00000006ebf00000)
 Metaspace       used 6461K, capacity 7344K, committed 7552K, reserved 1056768K
  class space    used 585K, capacity 616K, committed 640K, reserved 1048576K
Event: 65.613 GC heap after
Heap after GC invocations=23 (full 5):
 PSYoungGen      total 1093120K, used 111579K [0x000000076ab00000, 0x00000007b8380000, 0x00000007c0000000)
  eden space 940032K, 0% used [0x000000076ab00000,0x000000076ab00000,0x00000007a4100000)
  from space 153088K, 72% used [0x00000007adf80000,0x00000007b4c76c90,0x00000007b7500000)
  to   space 162304K, 0% used [0x00000007a4100000,0x00000007a4100000,0x00000007adf80000)
 ParOldGen       total 719872K, used 605785K [0x00000006c0000000, 0x00000006ebf00000, 0x000000076ab00000)
  object space 719872K, 84% used [0x00000006c0000000,0x00000006e4f966e8,0x00000006ebf00000)
 Metaspace       used 6461K, capacity 7344K, committed 7552K, reserved 1056768K
  class space    used 585K, capacity 616K, committed 640K, reserved 1048576K
}
Event: 65.620 GC heap before
{Heap before GC invocations=24 (full 6):
 PSYoungGen      total 1093120K, used 111579K [0x000000076ab00000, 0x00000007b8380000, 0x00000007c0000000)
  eden space 940032K, 0% used [0x000000076ab00000,0x000000076ab00000,0x00000007a4100000)
  from space 153088K, 72% used [0x00000007adf80000,0x00000007b4c76c90,0x00000007b7500000)
  to   space 162304K, 0% used [0x00000007a4100000,0x00000007a4100000,0x00000007adf80000)
 ParOldGen       total 719872K, used 605785K [0x00000006c0000000, 0x00000006ebf00000, 0x000000076ab00000)
  object space 719872K, 84% used [0x00000006c0000000,0x00000006e4f966e8,0x00000006ebf00000)
 Metaspace       used 6461K, capacity 7344K, committed 7552K, reserved 1056768K
  class space    used 585K, capacity 616K, committed 640K, reserved 1048576K

