# JRE version: OpenJDK Runtime Environment (8.0_202) (build 1.8.0_202-release-1483-b49-5587405)
# Java VM: OpenJDK 64-Bit Server VM (25.202-b49-5587405 mixed mode linux-amd64 compressed oops)
Heap:
 PSYoungGen      total 843264K, used 212877K [0x000000076ab00000, 0x00000007b8580000, 0x00000007c0000000)
  eden space 530432K, 0% used [0x000000076ab00000,0x000000076ab00000,0x000000078b100000)
  from space 312832K, 68% used [0x00000007a0400000,0x00000007ad3e3718,0x00000007b3580000)
  to   space 347136K, 0% used [0x000000078b100000,0x000000078b100000,0x00000007a0400000)
 ParOldGen       total 544256K, used 544158K [0x00000006c0000000, 0x00000006e1380000, 0x000000076ab00000)
  object space 544256K, 99% used [0x00000006c0000000,0x00000006e1367b78,0x00000006e1380000)
 Metaspace       used 6641K, capacity 7344K, committed 7552K, reserved 1056768K
  class space    used 599K, capacity 616K, committed 640K, reserved 1048576K
GC Heap History (10 events):
Event: 23.134 GC heap after
Heap after GC invocations=20 (full 4):
 PSYoungGen      total 636928K, used 138856K [0x000000076ab00000, 0x00000007a4b00000, 0x00000007c0000000)
  eden space 461312K, 0% used [0x000000076ab00000,0x000000076ab00000,0x0000000786d80000)
  from space 175616K, 79% used [0x0000000794580000,0x000000079cd1a380,0x000000079f100000)
  to   space 221184K, 0% used [0x0000000786d80000,0x0000000786d80000,0x0000000794580000)
 ParOldGen       total 544256K, used 357622K [0x00000006c0000000, 0x00000006e1380000, 0x000000076ab00000)
  object space 544256K, 65% used [0x00000006c0000000,0x00000006d5d3d878,0x00000006e1380000)
 Metaspace       used 6628K, capacity 7344K, committed 7552K, reserved 1056768K
  class space    used 598K, capacity 616K, committed 640K, reserved 1048576K
}
Event: 25.043 GC heap before
{Heap before GC invocations=21 (full 4):
 PSYoungGen      total 636928K, used 600168K [0x000000076ab00000, 0x00000007a4b00000, 0x00000007c0000000)
  eden space 461312K, 100% used [0x000000076ab00000,0x0000000786d80000,0x0000000786d80000)
  from space 175616K, 79% used [0x0000000794580000,0x000000079cd1a380,0x000000079f100000)
  to   space 221184K, 0% used [0x0000000786d80000,0x0000000786d80000,0x0000000794580000)
 ParOldGen       total 544256K, used 357622K [0x00000006c0000000, 0x00000006e1380000, 0x000000076ab00000)
  object space 544256K, 65% used [0x00000006c0000000,0x00000006d5d3d878,0x00000006e1380000)
 Metaspace       used 6630K, capacity 7344K, committed 7552K, reserved 1056768K
  class space    used 598K, capacity 616K, committed 640K, reserved 1048576K
Event: 25.390 GC heap after
Heap after GC invocations=21 (full 4):
 PSYoungGen      total 682496K, used 142867K [0x000000076ab00000, 0x00000007a6a80000, 0x00000007c0000000)
  eden space 461312K, 0% used [0x000000076ab00000,0x000000076ab00000,0x0000000786d80000)
  from space 221184K, 64% used [0x0000000786d80000,0x000000078f904d58,0x0000000794580000)
  to   space 230400K, 0% used [0x0000000798980000,0x0000000798980000,0x00000007a6a80000)
 ParOldGen       total 544256K, used 423877K [0x00000006c0000000, 0x00000006e1380000, 0x000000076ab00000)
  object space 544256K, 77% used [0x00000006c0000000,0x00000006d9df1748,0x00000006e1380000)
 Metaspace       used 6630K, capacity 7344K, committed 7552K, reserved 1056768K
  class space    used 598K, capacity 616K, committed 640K, reserved 1048576K
}
Event: 26.850 GC heap before
{Heap before GC invocations=22 (full 4):
 PSYoungGen      total 682496K, used 604179K [0x000000076ab00000, 0x00000007a6a80000, 0x00000007c0000000)
  eden space 461312K, 100% used [0x000000076ab00000,0x0000000786d80000,0x0000000786d80000)
  from space 221184K, 64% used [0x0000000786d80000,0x000000078f904d58,0x0000000794580000)
  to   space 230400K, 0% used [0x0000000798980000,0x0000000798980000,0x00000007a6a80000)
 ParOldGen       total 544256K, used 423877K [0x00000006c0000000, 0x00000006e1380000, 0x000000076ab00000)
  object space 544256K, 77% used [0x00000006c0000000,0x00000006d9df1748,0x00000006e1380000)
 Metaspace       used 6638K, capacity 7344K, committed 7552K, reserved 1056768K
  class space    used 598K, capacity 616K, committed 640K, reserved 1048576K
Event: 27.121 GC heap after
Heap after GC invocations=22 (full 4):
 PSYoungGen      total 720384K, used 211102K [0x000000076ab00000, 0x00000007aad80000, 0x00000007c0000000)
  eden space 489984K, 0% used [0x000000076ab00000,0x000000076ab00000,0x0000000788980000)
  from space 230400K, 91% used [0x0000000798980000,0x00000007a57a7890,0x00000007a6a80000)
  to   space 262144K, 0% used [0x0000000788980000,0x0000000788980000,0x0000000798980000)
 ParOldGen       total 544256K, used 423877K [0x00000006c0000000, 0x00000006e1380000, 0x000000076ab00000)
  object space 544256K, 77% used [0x00000006c0000000,0x00000006d9df1748,0x00000006e1380000)
 Metaspace       used 6638K, capacity 7344K, committed 7552K, reserved 1056768K
  class space    used 598K, capacity 616K, committed 640K, reserved 1048576K
}
Event: 28.638 GC heap before
{Heap before GC invocations=23 (full 4):
 PSYoungGen      total 720384K, used 701086K [0x000000076ab00000, 0x00000007aad80000, 0x00000007c0000000)
  eden space 489984K, 100% used [0x000000076ab00000,0x0000000788980000,0x0000000788980000)
  from space 230400K, 91% used [0x0000000798980000,0x00000007a57a7890,0x00000007a6a80000)
  to   space 262144K, 0% used [0x0000000788980000,0x0000000788980000,0x0000000798980000)
 ParOldGen       total 544256K, used 423877K [0x00000006c0000000, 0x00000006e1380000, 0x000000076ab00000)
  object space 544256K, 77% used [0x00000006c0000000,0x00000006d9df1748,0x00000006e1380000)
 Metaspace       used 6639K, capacity 7344K, committed 7552K, reserved 1056768K
  class space    used 599K, capacity 616K, committed 640K, reserved 1048576K
Event: 28.959 GC heap after
Heap after GC invocations=23 (full 4):
 PSYoungGen      total 752128K, used 262118K [0x000000076ab00000, 0x00000007b3580000, 0x00000007c0000000)
  eden space 489984K, 0% used [0x000000076ab00000,0x000000076ab00000,0x0000000788980000)
  from space 262144K, 99% used [0x0000000788980000,0x00000007989799c0,0x0000000798980000)
  to   space 312832K, 0% used [0x00000007a0400000,0x00000007a0400000,0x00000007b3580000)
 ParOldGen       total 544256K, used 442808K [0x00000006c0000000, 0x00000006e1380000, 0x000000076ab00000)
  object space 544256K, 81% used [0x00000006c0000000,0x00000006db06e158,0x00000006e1380000)
 Metaspace       used 6639K, capacity 7344K, committed 7552K, reserved 1056768K
  class space    used 599K, capacity 616K, committed 640K, reserved 1048576K
}
Event: 30.293 GC heap before
{Heap before GC invocations=24 (full 4):
 PSYoungGen      total 752128K, used 752102K [0x000000076ab00000, 0x00000007b3580000, 0x00000007c0000000)
  eden space 489984K, 100% used [0x000000076ab00000,0x0000000788980000,0x0000000788980000)
  from space 262144K, 99% used [0x0000000788980000,0x00000007989799c0,0x0000000798980000)
  to   space 312832K, 0% used [0x00000007a0400000,0x00000007a0400000,0x00000007b3580000)
 ParOldGen       total 544256K, used 442808K [0x00000006c0000000, 0x00000006e1380000, 0x000000076ab00000)
  object space 544256K, 81% used [0x00000006c0000000,0x00000006db06e158,0x00000006e1380000)
 Metaspace       used 6641K, capacity 7344K, committed 7552K, reserved 1056768K
  class space    used 599K, capacity 616K, committed 640K, reserved 1048576K
Event: 30.863 GC heap after
Heap after GC invocations=24 (full 4):
 PSYoungGen      total 843264K, used 262741K [0x000000076ab00000, 0x00000007b8580000, 0x00000007c0000000)
  eden space 530432K, 0% used [0x000000076ab00000,0x000000076ab00000,0x000000078b100000)
  from space 312832K, 83% used [0x00000007a0400000,0x00000007b04957a0,0x00000007b3580000)
  to   space 347136K, 0% used [0x000000078b100000,0x000000078b100000,0x00000007a0400000)
 ParOldGen       total 544256K, used 512651K [0x00000006c0000000, 0x00000006e1380000, 0x000000076ab00000)
  object space 544256K, 94% used [0x00000006c0000000,0x00000006df4a2c30,0x00000006e1380000)
 Metaspace       used 6641K, capacity 7344K, committed 7552K, reserved 1056768K
  class space    used 599K, capacity 616K, committed 640K, reserved 1048576K
}
Event: 30.863 GC heap before
{Heap before GC invocations=25 (full 5):
 PSYoungGen      total 843264K, used 262741K [0x000000076ab00000, 0x00000007b8580000, 0x00000007c0000000)
  eden space 530432K, 0% used [0x000000076ab00000,0x000000076ab00000,0x000000078b100000)
  from space 312832K, 83% used [0x00000007a0400000,0x00000007b04957a0,0x00000007b3580000)
  to   space 347136K, 0% used [0x000000078b100000,0x000000078b100000,0x00000007a0400000)
 ParOldGen       total 544256K, used 512651K [0x00000006c0000000, 0x00000006e1380000, 0x000000076ab00000)
  object space 544256K, 94% used [0x00000006c0000000,0x00000006df4a2c30,0x00000006e1380000)
 Metaspace       used 6641K, capacity 7344K, committed 7552K, reserved 1056768K
  class space    used 599K, capacity 616K, committed 640K, reserved 1048576K

