# JRE version: OpenJDK Runtime Environment (8.0_202) (build 1.8.0_202-release-1483-b49-5587405)
# Java VM: OpenJDK 64-Bit Server VM (25.202-b49-5587405 mixed mode linux-amd64 compressed oops)
Heap:
 PSYoungGen      total 549888K, used 71245K [0x000000076ab00000, 0x0000000793300000, 0x00000007c0000000)
  eden space 463360K, 0% used [0x000000076ab00000,0x000000076ab00000,0x0000000786f80000)
  from space 86528K, 82% used [0x0000000786f80000,0x000000078b513798,0x000000078c400000)
  to   space 82432K, 0% used [0x000000078c400000,0x000000078c400000,0x0000000791480000)
 ParOldGen       total 278528K, used 269856K [0x00000006c0000000, 0x00000006d1000000, 0x000000076ab00000)
  object space 278528K, 96% used [0x00000006c0000000,0x00000006d07882f8,0x00000006d1000000)
 Metaspace       used 6596K, capacity 7280K, committed 7552K, reserved 1056768K
  class space    used 596K, capacity 616K, committed 640K, reserved 1048576K
GC Heap History (10 events):
Event: 18.115 GC heap after
Heap after GC invocations=13 (full 2):
 PSYoungGen      total 320512K, used 36213K [0x000000076ab00000, 0x000000078ac00000, 0x00000007c0000000)
  eden space 278016K, 0% used [0x000000076ab00000,0x000000076ab00000,0x000000077ba80000)
  from space 42496K, 85% used [0x000000077ba80000,0x000000077dddd6d8,0x000000077e400000)
  to   space 62464K, 0% used [0x0000000786f00000,0x0000000786f00000,0x000000078ac00000)
 ParOldGen       total 185856K, used 112411K [0x00000006c0000000, 0x00000006cb580000, 0x000000076ab00000)
  object space 185856K, 60% used [0x00000006c0000000,0x00000006c6dc6c28,0x00000006cb580000)
 Metaspace       used 6562K, capacity 7280K, committed 7552K, reserved 1056768K
  class space    used 595K, capacity 616K, committed 640K, reserved 1048576K
}
Event: 18.976 GC heap before
{Heap before GC invocations=14 (full 2):
 PSYoungGen      total 320512K, used 314229K [0x000000076ab00000, 0x000000078ac00000, 0x00000007c0000000)
  eden space 278016K, 100% used [0x000000076ab00000,0x000000077ba80000,0x000000077ba80000)
  from space 42496K, 85% used [0x000000077ba80000,0x000000077dddd6d8,0x000000077e400000)
  to   space 62464K, 0% used [0x0000000786f00000,0x0000000786f00000,0x000000078ac00000)
 ParOldGen       total 185856K, used 112411K [0x00000006c0000000, 0x00000006cb580000, 0x000000076ab00000)
  object space 185856K, 60% used [0x00000006c0000000,0x00000006c6dc6c28,0x00000006cb580000)
 Metaspace       used 6565K, capacity 7280K, committed 7552K, reserved 1056768K
  class space    used 595K, capacity 616K, committed 640K, reserved 1048576K
Event: 19.408 GC heap after
Heap after GC invocations=14 (full 2):
 PSYoungGen      total 394752K, used 39462K [0x000000076ab00000, 0x0000000789600000, 0x00000007c0000000)
  eden space 354816K, 0% used [0x000000076ab00000,0x000000076ab00000,0x0000000780580000)
  from space 39936K, 98% used [0x0000000786f00000,0x0000000789589af0,0x0000000789600000)
  to   space 64512K, 0% used [0x0000000781800000,0x0000000781800000,0x0000000785700000)
 ParOldGen       total 185856K, used 144760K [0x00000006c0000000, 0x00000006cb580000, 0x000000076ab00000)
  object space 185856K, 77% used [0x00000006c0000000,0x00000006c8d5e130,0x00000006cb580000)
 Metaspace       used 6565K, capacity 7280K, committed 7552K, reserved 1056768K
  class space    used 595K, capacity 616K, committed 640K, reserved 1048576K
}
Event: 23.926 GC heap before
{Heap before GC invocations=15 (full 2):
 PSYoungGen      total 394752K, used 394278K [0x000000076ab00000, 0x0000000789600000, 0x00000007c0000000)
  eden space 354816K, 100% used [0x000000076ab00000,0x0000000780580000,0x0000000780580000)
  from space 39936K, 98% used [0x0000000786f00000,0x0000000789589af0,0x0000000789600000)
  to   space 64512K, 0% used [0x0000000781800000,0x0000000781800000,0x0000000785700000)
 ParOldGen       total 185856K, used 144760K [0x00000006c0000000, 0x00000006cb580000, 0x000000076ab00000)
  object space 185856K, 77% used [0x00000006c0000000,0x00000006c8d5e130,0x00000006cb580000)
 Metaspace       used 6569K, capacity 7280K, committed 7552K, reserved 1056768K
  class space    used 595K, capacity 616K, committed 640K, reserved 1048576K
Event: 26.491 GC heap after
Heap after GC invocations=15 (full 2):
 PSYoungGen      total 438272K, used 64484K [0x000000076ab00000, 0x0000000791480000, 0x00000007c0000000)
  eden space 373760K, 0% used [0x000000076ab00000,0x000000076ab00000,0x0000000781800000)
  from space 64512K, 99% used [0x0000000781800000,0x00000007856f9380,0x0000000785700000)
  to   space 82432K, 0% used [0x000000078c400000,0x000000078c400000,0x0000000791480000)
 ParOldGen       total 185856K, used 164487K [0x00000006c0000000, 0x00000006cb580000, 0x000000076ab00000)
  object space 185856K, 88% used [0x00000006c0000000,0x00000006ca0a1cb8,0x00000006cb580000)
 Metaspace       used 6569K, capacity 7280K, committed 7552K, reserved 1056768K
  class space    used 595K, capacity 616K, committed 640K, reserved 1048576K
}
Event: 26.515 GC heap before
{Heap before GC invocations=16 (full 3):
 PSYoungGen      total 438272K, used 64484K [0x000000076ab00000, 0x0000000791480000, 0x00000007c0000000)
  eden space 373760K, 0% used [0x000000076ab00000,0x000000076ab00000,0x0000000781800000)
  from space 64512K, 99% used [0x0000000781800000,0x00000007856f9380,0x0000000785700000)
  to   space 82432K, 0% used [0x000000078c400000,0x000000078c400000,0x0000000791480000)
 ParOldGen       total 185856K, used 164487K [0x00000006c0000000, 0x00000006cb580000, 0x000000076ab00000)
  object space 185856K, 88% used [0x00000006c0000000,0x00000006ca0a1cb8,0x00000006cb580000)
 Metaspace       used 6569K, capacity 7280K, committed 7552K, reserved 1056768K
  class space    used 595K, capacity 616K, committed 640K, reserved 1048576K
Event: 27.780 GC heap after
Heap after GC invocations=16 (full 3):
 PSYoungGen      total 438272K, used 36563K [0x000000076ab00000, 0x0000000791480000, 0x00000007c0000000)
  eden space 373760K, 0% used [0x000000076ab00000,0x000000076ab00000,0x0000000781800000)
  from space 64512K, 56% used [0x0000000781800000,0x0000000783bb4d90,0x0000000785700000)
  to   space 82432K, 0% used [0x000000078c400000,0x000000078c400000,0x0000000791480000)
 ParOldGen       total 278528K, used 185363K [0x00000006c0000000, 0x00000006d1000000, 0x000000076ab00000)
  object space 278528K, 66% used [0x00000006c0000000,0x00000006cb504fb8,0x00000006d1000000)
 Metaspace       used 6569K, capacity 7280K, committed 7552K, reserved 1056768K
  class space    used 595K, capacity 616K, committed 640K, reserved 1048576K
}
Event: 29.613 GC heap before
{Heap before GC invocations=17 (full 3):
 PSYoungGen      total 438272K, used 410323K [0x000000076ab00000, 0x0000000791480000, 0x00000007c0000000)
  eden space 373760K, 100% used [0x000000076ab00000,0x0000000781800000,0x0000000781800000)
  from space 64512K, 56% used [0x0000000781800000,0x0000000783bb4d90,0x0000000785700000)
  to   space 82432K, 0% used [0x000000078c400000,0x000000078c400000,0x0000000791480000)
 ParOldGen       total 278528K, used 185363K [0x00000006c0000000, 0x00000006d1000000, 0x000000076ab00000)
  object space 278528K, 66% used [0x00000006c0000000,0x00000006cb504fb8,0x00000006d1000000)
 Metaspace       used 6584K, capacity 7280K, committed 7552K, reserved 1056768K
  class space    used 595K, capacity 616K, committed 640K, reserved 1048576K
Event: 30.009 GC heap after
Heap after GC invocations=17 (full 3):
 PSYoungGen      total 545792K, used 56681K [0x000000076ab00000, 0x0000000793300000, 0x00000007c0000000)
  eden space 463360K, 0% used [0x000000076ab00000,0x000000076ab00000,0x0000000786f80000)
  from space 82432K, 68% used [0x000000078c400000,0x000000078fb5a468,0x0000000791480000)
  to   space 86528K, 0% used [0x0000000786f80000,0x0000000786f80000,0x000000078c400000)
 ParOldGen       total 278528K, used 215082K [0x00000006c0000000, 0x00000006d1000000, 0x000000076ab00000)
  object space 278528K, 77% used [0x00000006c0000000,0x00000006cd20abc0,0x00000006d1000000)
 Metaspace       used 6584K, capacity 7280K, committed 7552K, reserved 1056768K
  class space    used 595K, capacity 616K, committed 640K, reserved 1048576K
}
Event: 32.037 GC heap before
{Heap before GC invocations=18 (full 3):
 PSYoungGen      total 545792K, used 520041K [0x000000076ab00000, 0x0000000793300000, 0x00000007c0000000)
  eden space 463360K, 100% used [0x000000076ab00000,0x0000000786f80000,0x0000000786f80000)
  from space 82432K, 68% used [0x000000078c400000,0x000000078fb5a468,0x0000000791480000)
  to   space 86528K, 0% used [0x0000000786f80000,0x0000000786f80000,0x000000078c400000)
 ParOldGen       total 278528K, used 215082K [0x00000006c0000000, 0x00000006d1000000, 0x000000076ab00000)
  object space 278528K, 77% used [0x00000006c0000000,0x00000006cd20abc0,0x00000006d1000000)
 Metaspace       used 6596K, capacity 7280K, committed 7552K, reserved 1056768K
  class space    used 596K, capacity 616K, committed 640K, reserved 1048576K

