# JRE version: OpenJDK Runtime Environment (8.0_202) (build 1.8.0_202-release-1483-b49-5587405)
# Java VM: OpenJDK 64-Bit Server VM (25.202-b49-5587405 mixed mode linux-amd64 compressed oops)
Heap:
 PSYoungGen      total 801792K, used 191991K [0x000000076ab00000, 0x00000007a8200000, 0x00000007c0000000)
  eden space 609792K, 0% used [0x000000076ab00000,0x000000076ab00000,0x000000078fe80000)
  from space 192000K, 99% used [0x000000078fe80000,0x000000079b9fdcc0,0x000000079ba00000)
  to   space 186368K, 0% used [0x000000079ba00000,0x000000079ba00000,0x00000007a7000000)
 ParOldGen       total 523776K, used 428148K [0x00000006c0000000, 0x00000006dff80000, 0x000000076ab00000)
  object space 523776K, 81% used [0x00000006c0000000,0x00000006da21d0e0,0x00000006dff80000)
 Metaspace       used 6636K, capacity 7344K, committed 7552K, reserved 1056768K
  class space    used 598K, capacity 616K, committed 640K, reserved 1048576K
GC Heap History (10 events):
Event: 23.856 GC heap after
Heap after GC invocations=16 (full 3):
 PSYoungGen      total 509952K, used 105628K [0x000000076ab00000, 0x000000079b380000, 0x00000007c0000000)
  eden space 398848K, 0% used [0x000000076ab00000,0x000000076ab00000,0x0000000783080000)
  from space 111104K, 95% used [0x0000000783080000,0x00000007897a7178,0x0000000789d00000)
  to   space 144896K, 0% used [0x0000000792600000,0x0000000792600000,0x000000079b380000)
 ParOldGen       total 351232K, used 219863K [0x00000006c0000000, 0x00000006d5700000, 0x000000076ab00000)
  object space 351232K, 62% used [0x00000006c0000000,0x00000006cd6b5cc8,0x00000006d5700000)
 Metaspace       used 6601K, capacity 7280K, committed 7552K, reserved 1056768K
  class space    used 596K, capacity 616K, committed 640K, reserved 1048576K
}
Event: 27.292 GC heap before
{Heap before GC invocations=17 (full 3):
 PSYoungGen      total 509952K, used 504476K [0x000000076ab00000, 0x000000079b380000, 0x00000007c0000000)
  eden space 398848K, 100% used [0x000000076ab00000,0x0000000783080000,0x0000000783080000)
  from space 111104K, 95% used [0x0000000783080000,0x00000007897a7178,0x0000000789d00000)
  to   space 144896K, 0% used [0x0000000792600000,0x0000000792600000,0x000000079b380000)
 ParOldGen       total 351232K, used 219863K [0x00000006c0000000, 0x00000006d5700000, 0x000000076ab00000)
  object space 351232K, 62% used [0x00000006c0000000,0x00000006cd6b5cc8,0x00000006d5700000)
 Metaspace       used 6611K, capacity 7280K, committed 7552K, reserved 1056768K
  class space    used 596K, capacity 616K, committed 640K, reserved 1048576K
Event: 31.167 GC heap after
Heap after GC invocations=17 (full 3):
 PSYoungGen      total 641536K, used 100538K [0x000000076ab00000, 0x000000079c780000, 0x00000007c0000000)
  eden space 496640K, 0% used [0x000000076ab00000,0x000000076ab00000,0x0000000789000000)
  from space 144896K, 69% used [0x0000000792600000,0x000000079882e838,0x000000079b380000)
  to   space 153600K, 0% used [0x0000000789000000,0x0000000789000000,0x0000000792600000)
 ParOldGen       total 351232K, used 284037K [0x00000006c0000000, 0x00000006d5700000, 0x000000076ab00000)
  object space 351232K, 80% used [0x00000006c0000000,0x00000006d1561740,0x00000006d5700000)
 Metaspace       used 6611K, capacity 7280K, committed 7552K, reserved 1056768K
  class space    used 596K, capacity 616K, committed 640K, reserved 1048576K
}
Event: 44.810 GC heap before
{Heap before GC invocations=18 (full 3):
 PSYoungGen      total 641536K, used 597178K [0x000000076ab00000, 0x000000079c780000, 0x00000007c0000000)
  eden space 496640K, 100% used [0x000000076ab00000,0x0000000789000000,0x0000000789000000)
  from space 144896K, 69% used [0x0000000792600000,0x000000079882e838,0x000000079b380000)
  to   space 153600K, 0% used [0x0000000789000000,0x0000000789000000,0x0000000792600000)
 ParOldGen       total 351232K, used 284037K [0x00000006c0000000, 0x00000006d5700000, 0x000000076ab00000)
  object space 351232K, 80% used [0x00000006c0000000,0x00000006d1561740,0x00000006d5700000)
 Metaspace       used 6617K, capacity 7280K, committed 7552K, reserved 1056768K
  class space    used 596K, capacity 616K, committed 640K, reserved 1048576K
Event: 45.177 GC heap after
Heap after GC invocations=18 (full 3):
 PSYoungGen      total 650240K, used 153579K [0x000000076ab00000, 0x00000007a7000000, 0x00000007c0000000)
  eden space 496640K, 0% used [0x000000076ab00000,0x000000076ab00000,0x0000000789000000)
  from space 153600K, 99% used [0x0000000789000000,0x00000007925fadb8,0x0000000792600000)
  to   space 186368K, 0% used [0x000000079ba00000,0x000000079ba00000,0x00000007a7000000)
 ParOldGen       total 351232K, used 303009K [0x00000006c0000000, 0x00000006d5700000, 0x000000076ab00000)
  object space 351232K, 86% used [0x00000006c0000000,0x00000006d27e87c0,0x00000006d5700000)
 Metaspace       used 6617K, capacity 7280K, committed 7552K, reserved 1056768K
  class space    used 596K, capacity 616K, committed 640K, reserved 1048576K
}
Event: 45.177 GC heap before
{Heap before GC invocations=19 (full 4):
 PSYoungGen      total 650240K, used 153579K [0x000000076ab00000, 0x00000007a7000000, 0x00000007c0000000)
  eden space 496640K, 0% used [0x000000076ab00000,0x000000076ab00000,0x0000000789000000)
  from space 153600K, 99% used [0x0000000789000000,0x00000007925fadb8,0x0000000792600000)
  to   space 186368K, 0% used [0x000000079ba00000,0x000000079ba00000,0x00000007a7000000)
 ParOldGen       total 351232K, used 303009K [0x00000006c0000000, 0x00000006d5700000, 0x000000076ab00000)
  object space 351232K, 86% used [0x00000006c0000000,0x00000006d27e87c0,0x00000006d5700000)
 Metaspace       used 6617K, capacity 7280K, committed 7552K, reserved 1056768K
  class space    used 596K, capacity 616K, committed 640K, reserved 1048576K
Event: 48.067 GC heap after
Heap after GC invocations=19 (full 4):
 PSYoungGen      total 650240K, used 99902K [0x000000076ab00000, 0x00000007a7000000, 0x00000007c0000000)
  eden space 496640K, 0% used [0x000000076ab00000,0x000000076ab00000,0x0000000789000000)
  from space 153600K, 65% used [0x0000000789000000,0x000000078f18fbf8,0x0000000792600000)
  to   space 186368K, 0% used [0x000000079ba00000,0x000000079ba00000,0x00000007a7000000)
 ParOldGen       total 523776K, used 351166K [0x00000006c0000000, 0x00000006dff80000, 0x000000076ab00000)
  object space 523776K, 67% used [0x00000006c0000000,0x00000006d56ef8d0,0x00000006dff80000)
 Metaspace       used 6617K, capacity 7280K, committed 7552K, reserved 1056768K
  class space    used 596K, capacity 616K, committed 640K, reserved 1048576K
}
Event: 50.203 GC heap before
{Heap before GC invocations=20 (full 4):
 PSYoungGen      total 650240K, used 596542K [0x000000076ab00000, 0x00000007a7000000, 0x00000007c0000000)
  eden space 496640K, 100% used [0x000000076ab00000,0x0000000789000000,0x0000000789000000)
  from space 153600K, 65% used [0x0000000789000000,0x000000078f18fbf8,0x0000000792600000)
  to   space 186368K, 0% used [0x000000079ba00000,0x000000079ba00000,0x00000007a7000000)
 ParOldGen       total 523776K, used 351166K [0x00000006c0000000, 0x00000006dff80000, 0x000000076ab00000)
  object space 523776K, 67% used [0x00000006c0000000,0x00000006d56ef8d0,0x00000006dff80000)
 Metaspace       used 6627K, capacity 7344K, committed 7552K, reserved 1056768K
  class space    used 597K, capacity 616K, committed 640K, reserved 1048576K
Event: 50.946 GC heap after
Heap after GC invocations=20 (full 4):
 PSYoungGen      total 796160K, used 115927K [0x000000076ab00000, 0x00000007a8200000, 0x00000007c0000000)
  eden space 609792K, 0% used [0x000000076ab00000,0x000000076ab00000,0x000000078fe80000)
  from space 186368K, 62% used [0x000000079ba00000,0x00000007a2b35d38,0x00000007a7000000)
  to   space 192000K, 0% used [0x000000078fe80000,0x000000078fe80000,0x000000079ba00000)
 ParOldGen       total 523776K, used 411714K [0x00000006c0000000, 0x00000006dff80000, 0x000000076ab00000)
  object space 523776K, 78% used [0x00000006c0000000,0x00000006d9210b40,0x00000006dff80000)
 Metaspace       used 6627K, capacity 7344K, committed 7552K, reserved 1056768K
  class space    used 597K, capacity 616K, committed 640K, reserved 1048576K
}
Event: 54.125 GC heap before
{Heap before GC invocations=21 (full 4):
 PSYoungGen      total 796160K, used 725719K [0x000000076ab00000, 0x00000007a8200000, 0x00000007c0000000)
  eden space 609792K, 100% used [0x000000076ab00000,0x000000078fe80000,0x000000078fe80000)
  from space 186368K, 62% used [0x000000079ba00000,0x00000007a2b35d38,0x00000007a7000000)
  to   space 192000K, 0% used [0x000000078fe80000,0x000000078fe80000,0x000000079ba00000)
 ParOldGen       total 523776K, used 411714K [0x00000006c0000000, 0x00000006dff80000, 0x000000076ab00000)
  object space 523776K, 78% used [0x00000006c0000000,0x00000006d9210b40,0x00000006dff80000)
 Metaspace       used 6636K, capacity 7344K, committed 7552K, reserved 1056768K
  class space    used 598K, capacity 616K, committed 640K, reserved 1048576K

