# JRE version: OpenJDK Runtime Environment (8.0_202) (build 1.8.0_202-release-1483-b49-5587405)
# Java VM: OpenJDK 64-Bit Server VM (25.202-b49-5587405 mixed mode linux-amd64 compressed oops)
Heap:
 PSYoungGen      total 806400K, used 64515K [0x000000076ab00000, 0x00000007abc00000, 0x00000007c0000000)
  eden space 582656K, 0% used [0x000000076ab00000,0x000000076ab00000,0x000000078e400000)
  from space 223744K, 28% used [0x000000079c800000,0x00000007a0700fb8,0x00000007aa280000)
  to   space 233472K, 0% used [0x000000078e400000,0x000000078e400000,0x000000079c800000)
 ParOldGen       total 588800K, used 588327K [0x00000006c0000000, 0x00000006e3f00000, 0x000000076ab00000)
  object space 588800K, 99% used [0x00000006c0000000,0x00000006e3e89d30,0x00000006e3f00000)
 Metaspace       used 6644K, capacity 7344K, committed 7552K, reserved 1056768K
  class space    used 599K, capacity 616K, committed 640K, reserved 1048576K
GC Heap History (10 events):
Event: 17.377 GC heap after
Heap after GC invocations=18 (full 3):
 PSYoungGen      total 574464K, used 136681K [0x000000076ab00000, 0x00000007a0800000, 0x00000007c0000000)
  eden space 437760K, 0% used [0x000000076ab00000,0x000000076ab00000,0x0000000785680000)
  from space 136704K, 99% used [0x0000000785680000,0x000000078dbfa748,0x000000078dc00000)
  to   space 175616K, 0% used [0x0000000795c80000,0x0000000795c80000,0x00000007a0800000)
 ParOldGen       total 361984K, used 305303K [0x00000006c0000000, 0x00000006d6180000, 0x000000076ab00000)
  object space 361984K, 84% used [0x00000006c0000000,0x00000006d2a25e00,0x00000006d6180000)
 Metaspace       used 6621K, capacity 7344K, committed 7552K, reserved 1056768K
  class space    used 597K, capacity 616K, committed 640K, reserved 1048576K
}
Event: 18.675 GC heap before
{Heap before GC invocations=19 (full 3):
 PSYoungGen      total 574464K, used 574441K [0x000000076ab00000, 0x00000007a0800000, 0x00000007c0000000)
  eden space 437760K, 100% used [0x000000076ab00000,0x0000000785680000,0x0000000785680000)
  from space 136704K, 99% used [0x0000000785680000,0x000000078dbfa748,0x000000078dc00000)
  to   space 175616K, 0% used [0x0000000795c80000,0x0000000795c80000,0x00000007a0800000)
 ParOldGen       total 361984K, used 305303K [0x00000006c0000000, 0x00000006d6180000, 0x000000076ab00000)
  object space 361984K, 84% used [0x00000006c0000000,0x00000006d2a25e00,0x00000006d6180000)
 Metaspace       used 6632K, capacity 7344K, committed 7552K, reserved 1056768K
  class space    used 598K, capacity 616K, committed 640K, reserved 1048576K
Event: 19.158 GC heap after
Heap after GC invocations=19 (full 3):
 PSYoungGen      total 694272K, used 126578K [0x000000076ab00000, 0x00000007a3380000, 0x00000007c0000000)
  eden space 518656K, 0% used [0x000000076ab00000,0x000000076ab00000,0x000000078a580000)
  from space 175616K, 72% used [0x0000000795c80000,0x000000079d81c930,0x00000007a0800000)
  to   space 187392K, 0% used [0x000000078a580000,0x000000078a580000,0x0000000795c80000)
 ParOldGen       total 382464K, used 382419K [0x00000006c0000000, 0x00000006d7580000, 0x000000076ab00000)
  object space 382464K, 99% used [0x00000006c0000000,0x00000006d7574e40,0x00000006d7580000)
 Metaspace       used 6632K, capacity 7344K, committed 7552K, reserved 1056768K
  class space    used 598K, capacity 616K, committed 640K, reserved 1048576K
}
Event: 19.158 GC heap before
{Heap before GC invocations=20 (full 4):
 PSYoungGen      total 694272K, used 126578K [0x000000076ab00000, 0x00000007a3380000, 0x00000007c0000000)
  eden space 518656K, 0% used [0x000000076ab00000,0x000000076ab00000,0x000000078a580000)
  from space 175616K, 72% used [0x0000000795c80000,0x000000079d81c930,0x00000007a0800000)
  to   space 187392K, 0% used [0x000000078a580000,0x000000078a580000,0x0000000795c80000)
 ParOldGen       total 382464K, used 382419K [0x00000006c0000000, 0x00000006d7580000, 0x000000076ab00000)
  object space 382464K, 99% used [0x00000006c0000000,0x00000006d7574e40,0x00000006d7580000)
 Metaspace       used 6632K, capacity 7344K, committed 7552K, reserved 1056768K
  class space    used 598K, capacity 616K, committed 640K, reserved 1048576K
Event: 22.244 GC heap after
Heap after GC invocations=20 (full 4):
 PSYoungGen      total 694272K, used 122814K [0x000000076ab00000, 0x00000007a3380000, 0x00000007c0000000)
  eden space 518656K, 0% used [0x000000076ab00000,0x000000076ab00000,0x000000078a580000)
  from space 175616K, 69% used [0x0000000795c80000,0x000000079d46fb80,0x00000007a0800000)
  to   space 187392K, 0% used [0x000000078a580000,0x000000078a580000,0x0000000795c80000)
 ParOldGen       total 588800K, used 382044K [0x00000006c0000000, 0x00000006e3f00000, 0x000000076ab00000)
  object space 588800K, 64% used [0x00000006c0000000,0x00000006d7517110,0x00000006e3f00000)
 Metaspace       used 6632K, capacity 7344K, committed 7552K, reserved 1056768K
  class space    used 598K, capacity 616K, committed 640K, reserved 1048576K
}
Event: 23.748 GC heap before
{Heap before GC invocations=21 (full 4):
 PSYoungGen      total 694272K, used 641470K [0x000000076ab00000, 0x00000007a3380000, 0x00000007c0000000)
  eden space 518656K, 100% used [0x000000076ab00000,0x000000078a580000,0x000000078a580000)
  from space 175616K, 69% used [0x0000000795c80000,0x000000079d46fb80,0x00000007a0800000)
  to   space 187392K, 0% used [0x000000078a580000,0x000000078a580000,0x0000000795c80000)
 ParOldGen       total 588800K, used 382044K [0x00000006c0000000, 0x00000006e3f00000, 0x000000076ab00000)
  object space 588800K, 64% used [0x00000006c0000000,0x00000006d7517110,0x00000006e3f00000)
 Metaspace       used 6634K, capacity 7344K, committed 7552K, reserved 1056768K
  class space    used 598K, capacity 616K, committed 640K, reserved 1048576K
Event: 24.049 GC heap after
Heap after GC invocations=21 (full 4):
 PSYoungGen      total 706048K, used 187383K [0x000000076ab00000, 0x00000007aa280000, 0x00000007c0000000)
  eden space 518656K, 0% used [0x000000076ab00000,0x000000076ab00000,0x000000078a580000)
  from space 187392K, 99% used [0x000000078a580000,0x0000000795c7de00,0x0000000795c80000)
  to   space 223744K, 0% used [0x000000079c800000,0x000000079c800000,0x00000007aa280000)
 ParOldGen       total 588800K, used 394240K [0x00000006c0000000, 0x00000006e3f00000, 0x000000076ab00000)
  object space 588800K, 66% used [0x00000006c0000000,0x00000006d81003e8,0x00000006e3f00000)
 Metaspace       used 6634K, capacity 7344K, committed 7552K, reserved 1056768K
  class space    used 598K, capacity 616K, committed 640K, reserved 1048576K
}
Event: 25.501 GC heap before
{Heap before GC invocations=22 (full 4):
 PSYoungGen      total 706048K, used 706039K [0x000000076ab00000, 0x00000007aa280000, 0x00000007c0000000)
  eden space 518656K, 100% used [0x000000076ab00000,0x000000078a580000,0x000000078a580000)
  from space 187392K, 99% used [0x000000078a580000,0x0000000795c7de00,0x0000000795c80000)
  to   space 223744K, 0% used [0x000000079c800000,0x000000079c800000,0x00000007aa280000)
 ParOldGen       total 588800K, used 394240K [0x00000006c0000000, 0x00000006e3f00000, 0x000000076ab00000)
  object space 588800K, 66% used [0x00000006c0000000,0x00000006d81003e8,0x00000006e3f00000)
 Metaspace       used 6644K, capacity 7344K, committed 7552K, reserved 1056768K
  class space    used 599K, capacity 616K, committed 640K, reserved 1048576K
Event: 25.858 GC heap after
Heap after GC invocations=22 (full 4):
 PSYoungGen      total 806400K, used 148996K [0x000000076ab00000, 0x00000007abc00000, 0x00000007c0000000)
  eden space 582656K, 0% used [0x000000076ab00000,0x000000076ab00000,0x000000078e400000)
  from space 223744K, 66% used [0x000000079c800000,0x00000007a5981340,0x00000007aa280000)
  to   space 233472K, 0% used [0x000000078e400000,0x000000078e400000,0x000000079c800000)
 ParOldGen       total 588800K, used 513957K [0x00000006c0000000, 0x00000006e3f00000, 0x000000076ab00000)
  object space 588800K, 87% used [0x00000006c0000000,0x00000006df5e9448,0x00000006e3f00000)
 Metaspace       used 6644K, capacity 7344K, committed 7552K, reserved 1056768K
  class space    used 599K, capacity 616K, committed 640K, reserved 1048576K
}
Event: 25.858 GC heap before
{Heap before GC invocations=23 (full 5):
 PSYoungGen      total 806400K, used 148996K [0x000000076ab00000, 0x00000007abc00000, 0x00000007c0000000)
  eden space 582656K, 0% used [0x000000076ab00000,0x000000076ab00000,0x000000078e400000)
  from space 223744K, 66% used [0x000000079c800000,0x00000007a5981340,0x00000007aa280000)
  to   space 233472K, 0% used [0x000000078e400000,0x000000078e400000,0x000000079c800000)
 ParOldGen       total 588800K, used 513957K [0x00000006c0000000, 0x00000006e3f00000, 0x000000076ab00000)
  object space 588800K, 87% used [0x00000006c0000000,0x00000006df5e9448,0x00000006e3f00000)
 Metaspace       used 6644K, capacity 7344K, committed 7552K, reserved 1056768K
  class space    used 599K, capacity 616K, committed 640K, reserved 1048576K

