# JRE version: OpenJDK Runtime Environment (8.0_202) (build 1.8.0_202-release-1483-b49-5587405)
# Java VM: OpenJDK 64-Bit Server VM (25.202-b49-5587405 mixed mode linux-amd64 compressed oops)
Heap:
 PSYoungGen      total 841728K, used 321531K [0x000000076ab00000, 0x00000007b4300000, 0x00000007c0000000)
  eden space 520192K, 0% used [0x000000076ab00000,0x000000076ab00000,0x000000078a700000)
  from space 321536K, 99% used [0x000000078a700000,0x000000079e0fecf8,0x000000079e100000)
  to   space 283136K, 0% used [0x000000079e100000,0x000000079e100000,0x00000007af580000)
 ParOldGen       total 581632K, used 496876K [0x00000006c0000000, 0x00000006e3800000, 0x000000076ab00000)
  object space 581632K, 85% used [0x00000006c0000000,0x00000006de53b300,0x00000006e3800000)
 Metaspace       used 6803K, capacity 7410K, committed 7552K, reserved 1056768K
  class space    used 606K, capacity 618K, committed 640K, reserved 1048576K
GC Heap History (10 events):
Event: 22.063 GC heap after
Heap after GC invocations=20 (full 4):
 PSYoungGen      total 656384K, used 106750K [0x000000076ab00000, 0x000000079f980000, 0x00000007c0000000)
  eden space 471040K, 0% used [0x000000076ab00000,0x000000076ab00000,0x0000000787700000)
  from space 185344K, 57% used [0x0000000793180000,0x00000007999bf988,0x000000079e680000)
  to   space 190976K, 0% used [0x0000000787700000,0x0000000787700000,0x0000000793180000)
 ParOldGen       total 581632K, used 372258K [0x00000006c0000000, 0x00000006e3800000, 0x000000076ab00000)
  object space 581632K, 64% used [0x00000006c0000000,0x00000006d6b88950,0x00000006e3800000)
 Metaspace       used 6636K, capacity 7344K, committed 7552K, reserved 1056768K
  class space    used 598K, capacity 616K, committed 640K, reserved 1048576K
}
Event: 23.545 GC heap before
{Heap before GC invocations=21 (full 4):
 PSYoungGen      total 656384K, used 577790K [0x000000076ab00000, 0x000000079f980000, 0x00000007c0000000)
  eden space 471040K, 100% used [0x000000076ab00000,0x0000000787700000,0x0000000787700000)
  from space 185344K, 57% used [0x0000000793180000,0x00000007999bf988,0x000000079e680000)
  to   space 190976K, 0% used [0x0000000787700000,0x0000000787700000,0x0000000793180000)
 ParOldGen       total 581632K, used 372258K [0x00000006c0000000, 0x00000006e3800000, 0x000000076ab00000)
  object space 581632K, 64% used [0x00000006c0000000,0x00000006d6b88950,0x00000006e3800000)
 Metaspace       used 6639K, capacity 7344K, committed 7552K, reserved 1056768K
  class space    used 598K, capacity 616K, committed 640K, reserved 1048576K
Event: 23.815 GC heap after
Heap after GC invocations=21 (full 4):
 PSYoungGen      total 662016K, used 176117K [0x000000076ab00000, 0x00000007a5600000, 0x00000007c0000000)
  eden space 471040K, 0% used [0x000000076ab00000,0x000000076ab00000,0x0000000787700000)
  from space 190976K, 92% used [0x0000000787700000,0x00000007922fd728,0x0000000793180000)
  to   space 217600K, 0% used [0x0000000798180000,0x0000000798180000,0x00000007a5600000)
 ParOldGen       total 581632K, used 372258K [0x00000006c0000000, 0x00000006e3800000, 0x000000076ab00000)
  object space 581632K, 64% used [0x00000006c0000000,0x00000006d6b88950,0x00000006e3800000)
 Metaspace       used 6639K, capacity 7344K, committed 7552K, reserved 1056768K
  class space    used 598K, capacity 616K, committed 640K, reserved 1048576K
}
Event: 25.141 GC heap before
{Heap before GC invocations=22 (full 4):
 PSYoungGen      total 662016K, used 644431K [0x000000076ab00000, 0x00000007a5600000, 0x00000007c0000000)
  eden space 471040K, 99% used [0x000000076ab00000,0x0000000787456550,0x0000000787700000)
  from space 190976K, 92% used [0x0000000787700000,0x00000007922fd728,0x0000000793180000)
  to   space 217600K, 0% used [0x0000000798180000,0x0000000798180000,0x00000007a5600000)
 ParOldGen       total 581632K, used 372258K [0x00000006c0000000, 0x00000006e3800000, 0x000000076ab00000)
  object space 581632K, 64% used [0x00000006c0000000,0x00000006d6b88950,0x00000006e3800000)
 Metaspace       used 6642K, capacity 7344K, committed 7552K, reserved 1056768K
  class space    used 599K, capacity 616K, committed 640K, reserved 1048576K
Event: 25.729 GC heap after
Heap after GC invocations=22 (full 4):
 PSYoungGen      total 699392K, used 217598K [0x000000076ab00000, 0x00000007abd00000, 0x00000007c0000000)
  eden space 481792K, 0% used [0x000000076ab00000,0x000000076ab00000,0x0000000788180000)
  from space 217600K, 99% used [0x0000000798180000,0x00000007a55ff920,0x00000007a5600000)
  to   space 262144K, 0% used [0x0000000788180000,0x0000000788180000,0x0000000798180000)
 ParOldGen       total 581632K, used 395414K [0x00000006c0000000, 0x00000006e3800000, 0x000000076ab00000)
  object space 581632K, 67% used [0x00000006c0000000,0x00000006d8225a78,0x00000006e3800000)
 Metaspace       used 6642K, capacity 7344K, committed 7552K, reserved 1056768K
  class space    used 599K, capacity 616K, committed 640K, reserved 1048576K
}
Event: 27.180 GC heap before
{Heap before GC invocations=23 (full 4):
 PSYoungGen      total 699392K, used 699390K [0x000000076ab00000, 0x00000007abd00000, 0x00000007c0000000)
  eden space 481792K, 100% used [0x000000076ab00000,0x0000000788180000,0x0000000788180000)
  from space 217600K, 99% used [0x0000000798180000,0x00000007a55ff920,0x00000007a5600000)
  to   space 262144K, 0% used [0x0000000788180000,0x0000000788180000,0x0000000798180000)
 ParOldGen       total 581632K, used 395414K [0x00000006c0000000, 0x00000006e3800000, 0x000000076ab00000)
  object space 581632K, 67% used [0x00000006c0000000,0x00000006d8225a78,0x00000006e3800000)
 Metaspace       used 6646K, capacity 7344K, committed 7552K, reserved 1056768K
  class space    used 599K, capacity 616K, committed 640K, reserved 1048576K
Event: 27.558 GC heap after
Heap after GC invocations=23 (full 4):
 PSYoungGen      total 743936K, used 200893K [0x000000076ab00000, 0x00000007af580000, 0x00000007c0000000)
  eden space 481792K, 0% used [0x000000076ab00000,0x000000076ab00000,0x0000000788180000)
  from space 262144K, 76% used [0x0000000788180000,0x00000007945af6f0,0x0000000798180000)
  to   space 283136K, 0% used [0x000000079e100000,0x000000079e100000,0x00000007af580000)
 ParOldGen       total 581632K, used 492382K [0x00000006c0000000, 0x00000006e3800000, 0x000000076ab00000)
  object space 581632K, 84% used [0x00000006c0000000,0x00000006de0d7820,0x00000006e3800000)
 Metaspace       used 6646K, capacity 7344K, committed 7552K, reserved 1056768K
  class space    used 599K, capacity 616K, committed 640K, reserved 1048576K
}
Event: 28.905 GC heap before
{Heap before GC invocations=24 (full 4):
 PSYoungGen      total 743936K, used 682685K [0x000000076ab00000, 0x00000007af580000, 0x00000007c0000000)
  eden space 481792K, 100% used [0x000000076ab00000,0x0000000788180000,0x0000000788180000)
  from space 262144K, 76% used [0x0000000788180000,0x00000007945af6f0,0x0000000798180000)
  to   space 283136K, 0% used [0x000000079e100000,0x000000079e100000,0x00000007af580000)
 ParOldGen       total 581632K, used 492382K [0x00000006c0000000, 0x00000006e3800000, 0x000000076ab00000)
  object space 581632K, 84% used [0x00000006c0000000,0x00000006de0d7820,0x00000006e3800000)
 Metaspace       used 6647K, capacity 7344K, committed 7552K, reserved 1056768K
  class space    used 599K, capacity 616K, committed 640K, reserved 1048576K
Event: 29.260 GC heap after
Heap after GC invocations=24 (full 4):
 PSYoungGen      total 803328K, used 259779K [0x000000076ab00000, 0x00000007b4300000, 0x00000007c0000000)
  eden space 520192K, 0% used [0x000000076ab00000,0x000000076ab00000,0x000000078a700000)
  from space 283136K, 91% used [0x000000079e100000,0x00000007adeb0d38,0x00000007af580000)
  to   space 321536K, 0% used [0x000000078a700000,0x000000078a700000,0x000000079e100000)
 ParOldGen       total 581632K, used 492382K [0x00000006c0000000, 0x00000006e3800000, 0x000000076ab00000)
  object space 581632K, 84% used [0x00000006c0000000,0x00000006de0d7820,0x00000006e3800000)
 Metaspace       used 6647K, capacity 7344K, committed 7552K, reserved 1056768K
  class space    used 599K, capacity 616K, committed 640K, reserved 1048576K
}
Event: 32.656 GC heap before
{Heap before GC invocations=25 (full 4):
 PSYoungGen      total 803328K, used 779971K [0x000000076ab00000, 0x00000007b4300000, 0x00000007c0000000)
  eden space 520192K, 100% used [0x000000076ab00000,0x000000078a700000,0x000000078a700000)
  from space 283136K, 91% used [0x000000079e100000,0x00000007adeb0d38,0x00000007af580000)
  to   space 321536K, 0% used [0x000000078a700000,0x000000078a700000,0x000000079e100000)
 ParOldGen       total 581632K, used 492382K [0x00000006c0000000, 0x00000006e3800000, 0x000000076ab00000)
  object space 581632K, 84% used [0x00000006c0000000,0x00000006de0d7820,0x00000006e3800000)
 Metaspace       used 6803K, capacity 7410K, committed 7552K, reserved 1056768K
  class space    used 606K, capacity 618K, committed 640K, reserved 1048576K

