# JRE version: OpenJDK Runtime Environment (8.0_202) (build 1.8.0_202-release-1483-b49-5587405)
# Java VM: OpenJDK 64-Bit Server VM (25.202-b49-5587405 mixed mode linux-amd64 compressed oops)
Heap:
 PSYoungGen      total 870400K, used 153461K [0x000000076ab00000, 0x00000007b2f00000, 0x00000007c0000000)
  eden space 634368K, 0% used [0x000000076ab00000,0x000000076ab00000,0x0000000791680000)
  from space 236032K, 65% used [0x00000007a0a80000,0x00000007aa05d618,0x00000007af100000)
  to   space 249856K, 0% used [0x0000000791680000,0x0000000791680000,0x00000007a0a80000)
 ParOldGen       total 536064K, used 535967K [0x00000006c0000000, 0x00000006e0b80000, 0x000000076ab00000)
  object space 536064K, 99% used [0x00000006c0000000,0x00000006e0b67f40,0x00000006e0b80000)
 Metaspace       used 6619K, capacity 7344K, committed 7552K, reserved 1056768K
  class space    used 598K, capacity 616K, committed 640K, reserved 1048576K
GC Heap History (10 events):
Event: 29.026 GC heap after
Heap after GC invocations=18 (full 3):
 PSYoungGen      total 630272K, used 152557K [0x000000076ab00000, 0x00000007a5f80000, 0x00000007c0000000)
  eden space 477696K, 0% used [0x000000076ab00000,0x000000076ab00000,0x0000000787d80000)
  from space 152576K, 99% used [0x0000000787d80000,0x000000079127b4f0,0x0000000791280000)
  to   space 192000K, 0% used [0x000000079a400000,0x000000079a400000,0x00000007a5f80000)
 ParOldGen       total 337408K, used 312782K [0x00000006c0000000, 0x00000006d4980000, 0x000000076ab00000)
  object space 337408K, 92% used [0x00000006c0000000,0x00000006d3173a10,0x00000006d4980000)
 Metaspace       used 6594K, capacity 7280K, committed 7552K, reserved 1056768K
  class space    used 596K, capacity 616K, committed 640K, reserved 1048576K
}
Event: 29.026 GC heap before
{Heap before GC invocations=19 (full 4):
 PSYoungGen      total 630272K, used 152557K [0x000000076ab00000, 0x00000007a5f80000, 0x00000007c0000000)
  eden space 477696K, 0% used [0x000000076ab00000,0x000000076ab00000,0x0000000787d80000)
  from space 152576K, 99% used [0x0000000787d80000,0x000000079127b4f0,0x0000000791280000)
  to   space 192000K, 0% used [0x000000079a400000,0x000000079a400000,0x00000007a5f80000)
 ParOldGen       total 337408K, used 312782K [0x00000006c0000000, 0x00000006d4980000, 0x000000076ab00000)
  object space 337408K, 92% used [0x00000006c0000000,0x00000006d3173a10,0x00000006d4980000)
 Metaspace       used 6594K, capacity 7280K, committed 7552K, reserved 1056768K
  class space    used 596K, capacity 616K, committed 640K, reserved 1048576K
Event: 32.771 GC heap after
Heap after GC invocations=19 (full 4):
 PSYoungGen      total 630272K, used 121501K [0x000000076ab00000, 0x00000007a5f80000, 0x00000007c0000000)
  eden space 477696K, 0% used [0x000000076ab00000,0x000000076ab00000,0x0000000787d80000)
  from space 152576K, 79% used [0x0000000787d80000,0x000000078f427730,0x0000000791280000)
  to   space 192000K, 0% used [0x000000079a400000,0x000000079a400000,0x00000007a5f80000)
 ParOldGen       total 508928K, used 337173K [0x00000006c0000000, 0x00000006df100000, 0x000000076ab00000)
  object space 508928K, 66% used [0x00000006c0000000,0x00000006d49456f0,0x00000006df100000)
 Metaspace       used 6594K, capacity 7280K, committed 7552K, reserved 1056768K
  class space    used 596K, capacity 616K, committed 640K, reserved 1048576K
}
Event: 35.306 GC heap before
{Heap before GC invocations=20 (full 4):
 PSYoungGen      total 630272K, used 599197K [0x000000076ab00000, 0x00000007a5f80000, 0x00000007c0000000)
  eden space 477696K, 100% used [0x000000076ab00000,0x0000000787d80000,0x0000000787d80000)
  from space 152576K, 79% used [0x0000000787d80000,0x000000078f427730,0x0000000791280000)
  to   space 192000K, 0% used [0x000000079a400000,0x000000079a400000,0x00000007a5f80000)
 ParOldGen       total 508928K, used 337173K [0x00000006c0000000, 0x00000006df100000, 0x000000076ab00000)
  object space 508928K, 66% used [0x00000006c0000000,0x00000006d49456f0,0x00000006df100000)
 Metaspace       used 6604K, capacity 7344K, committed 7552K, reserved 1056768K
  class space    used 597K, capacity 616K, committed 640K, reserved 1048576K
Event: 35.877 GC heap after
Heap after GC invocations=20 (full 4):
 PSYoungGen      total 763904K, used 124953K [0x000000076ab00000, 0x00000007a6080000, 0x00000007c0000000)
  eden space 571904K, 0% used [0x000000076ab00000,0x000000076ab00000,0x000000078d980000)
  from space 192000K, 65% used [0x000000079a400000,0x00000007a1e06720,0x00000007a5f80000)
  to   space 200192K, 0% used [0x000000078d980000,0x000000078d980000,0x0000000799d00000)
 ParOldGen       total 508928K, used 406412K [0x00000006c0000000, 0x00000006df100000, 0x000000076ab00000)
  object space 508928K, 79% used [0x00000006c0000000,0x00000006d8ce3050,0x00000006df100000)
 Metaspace       used 6604K, capacity 7344K, committed 7552K, reserved 1056768K
  class space    used 597K, capacity 616K, committed 640K, reserved 1048576K
}
Event: 38.597 GC heap before
{Heap before GC invocations=21 (full 4):
 PSYoungGen      total 763904K, used 696857K [0x000000076ab00000, 0x00000007a6080000, 0x00000007c0000000)
  eden space 571904K, 100% used [0x000000076ab00000,0x000000078d980000,0x000000078d980000)
  from space 192000K, 65% used [0x000000079a400000,0x00000007a1e06720,0x00000007a5f80000)
  to   space 200192K, 0% used [0x000000078d980000,0x000000078d980000,0x0000000799d00000)
 ParOldGen       total 508928K, used 406412K [0x00000006c0000000, 0x00000006df100000, 0x000000076ab00000)
  object space 508928K, 79% used [0x00000006c0000000,0x00000006d8ce3050,0x00000006df100000)
 Metaspace       used 6608K, capacity 7344K, committed 7552K, reserved 1056768K
  class space    used 598K, capacity 616K, committed 640K, reserved 1048576K
Event: 38.968 GC heap after
Heap after GC invocations=21 (full 4):
 PSYoungGen      total 772096K, used 200189K [0x000000076ab00000, 0x00000007af100000, 0x00000007c0000000)
  eden space 571904K, 0% used [0x000000076ab00000,0x000000076ab00000,0x000000078d980000)
  from space 200192K, 99% used [0x000000078d980000,0x0000000799cff668,0x0000000799d00000)
  to   space 236032K, 0% used [0x00000007a0a80000,0x00000007a0a80000,0x00000007af100000)
 ParOldGen       total 508928K, used 413073K [0x00000006c0000000, 0x00000006df100000, 0x000000076ab00000)
  object space 508928K, 81% used [0x00000006c0000000,0x00000006d93647a0,0x00000006df100000)
 Metaspace       used 6608K, capacity 7344K, committed 7552K, reserved 1056768K
  class space    used 598K, capacity 616K, committed 640K, reserved 1048576K
}
Event: 45.016 GC heap before
{Heap before GC invocations=22 (full 4):
 PSYoungGen      total 772096K, used 772093K [0x000000076ab00000, 0x00000007af100000, 0x00000007c0000000)
  eden space 571904K, 100% used [0x000000076ab00000,0x000000078d980000,0x000000078d980000)
  from space 200192K, 99% used [0x000000078d980000,0x0000000799cff668,0x0000000799d00000)
  to   space 236032K, 0% used [0x00000007a0a80000,0x00000007a0a80000,0x00000007af100000)
 ParOldGen       total 508928K, used 413073K [0x00000006c0000000, 0x00000006df100000, 0x000000076ab00000)
  object space 508928K, 81% used [0x00000006c0000000,0x00000006d93647a0,0x00000006df100000)
 Metaspace       used 6619K, capacity 7344K, committed 7552K, reserved 1056768K
  class space    used 598K, capacity 616K, committed 640K, reserved 1048576K
Event: 52.106 GC heap after
Heap after GC invocations=22 (full 4):
 PSYoungGen      total 870400K, used 165486K [0x000000076ab00000, 0x00000007b2f00000, 0x00000007c0000000)
  eden space 634368K, 0% used [0x000000076ab00000,0x000000076ab00000,0x0000000791680000)
  from space 236032K, 70% used [0x00000007a0a80000,0x00000007aac1b998,0x00000007af100000)
  to   space 249856K, 0% used [0x0000000791680000,0x0000000791680000,0x00000007a0a80000)
 ParOldGen       total 536064K, used 535822K [0x00000006c0000000, 0x00000006e0b80000, 0x000000076ab00000)
  object space 536064K, 99% used [0x00000006c0000000,0x00000006e0b43950,0x00000006e0b80000)
 Metaspace       used 6619K, capacity 7344K, committed 7552K, reserved 1056768K
  class space    used 598K, capacity 616K, committed 640K, reserved 1048576K
}
Event: 52.119 GC heap before
{Heap before GC invocations=23 (full 5):
 PSYoungGen      total 870400K, used 165486K [0x000000076ab00000, 0x00000007b2f00000, 0x00000007c0000000)
  eden space 634368K, 0% used [0x000000076ab00000,0x000000076ab00000,0x0000000791680000)
  from space 236032K, 70% used [0x00000007a0a80000,0x00000007aac1b998,0x00000007af100000)
  to   space 249856K, 0% used [0x0000000791680000,0x0000000791680000,0x00000007a0a80000)
 ParOldGen       total 536064K, used 535822K [0x00000006c0000000, 0x00000006e0b80000, 0x000000076ab00000)
  object space 536064K, 99% used [0x00000006c0000000,0x00000006e0b43950,0x00000006e0b80000)
 Metaspace       used 6619K, capacity 7344K, committed 7552K, reserved 1056768K
  class space    used 598K, capacity 616K, committed 640K, reserved 1048576K

