# JRE version: OpenJDK Runtime Environment (8.0_202) (build 1.8.0_202-release-1483-b49-5587405)
# Java VM: OpenJDK 64-Bit Server VM (25.202-b49-5587405 mixed mode linux-amd64 compressed oops)
Heap:
 PSYoungGen      total 821248K, used 222482K [0x000000076ab00000, 0x00000007b5f80000, 0x00000007c0000000)
  eden space 495104K, 0% used [0x000000076ab00000,0x000000076ab00000,0x0000000788e80000)
  from space 326144K, 68% used [0x000000079e180000,0x00000007abac4978,0x00000007b2000000)
  to   space 347136K, 0% used [0x0000000788e80000,0x0000000788e80000,0x000000079e180000)
 ParOldGen       total 566784K, used 566740K [0x00000006c0000000, 0x00000006e2980000, 0x000000076ab00000)
  object space 566784K, 99% used [0x00000006c0000000,0x00000006e29753d0,0x00000006e2980000)
 Metaspace       used 6687K, capacity 7344K, committed 7552K, reserved 1056768K
  class space    used 601K, capacity 616K, committed 640K, reserved 1048576K
GC Heap History (10 events):
Event: 25.046 GC heap after
Heap after GC invocations=24 (full 4):
 PSYoungGen      total 597504K, used 180733K [0x000000076ab00000, 0x00000007a1580000, 0x00000007c0000000)
  eden space 416768K, 0% used [0x000000076ab00000,0x000000076ab00000,0x0000000784200000)
  from space 180736K, 99% used [0x0000000791680000,0x000000079c6ff698,0x000000079c700000)
  to   space 217600K, 0% used [0x0000000784200000,0x0000000784200000,0x0000000791680000)
 ParOldGen       total 546304K, used 368904K [0x00000006c0000000, 0x00000006e1580000, 0x000000076ab00000)
  object space 546304K, 67% used [0x00000006c0000000,0x00000006d6842018,0x00000006e1580000)
 Metaspace       used 6624K, capacity 7344K, committed 7552K, reserved 1056768K
  class space    used 598K, capacity 616K, committed 640K, reserved 1048576K
}
Event: 26.522 GC heap before
{Heap before GC invocations=25 (full 4):
 PSYoungGen      total 597504K, used 597501K [0x000000076ab00000, 0x00000007a1580000, 0x00000007c0000000)
  eden space 416768K, 100% used [0x000000076ab00000,0x0000000784200000,0x0000000784200000)
  from space 180736K, 99% used [0x0000000791680000,0x000000079c6ff698,0x000000079c700000)
  to   space 217600K, 0% used [0x0000000784200000,0x0000000784200000,0x0000000791680000)
 ParOldGen       total 546304K, used 368904K [0x00000006c0000000, 0x00000006e1580000, 0x000000076ab00000)
  object space 546304K, 67% used [0x00000006c0000000,0x00000006d6842018,0x00000006e1580000)
 Metaspace       used 6630K, capacity 7344K, committed 7552K, reserved 1056768K
  class space    used 599K, capacity 616K, committed 640K, reserved 1048576K
Event: 26.837 GC heap after
Heap after GC invocations=25 (full 4):
 PSYoungGen      total 634368K, used 168919K [0x000000076ab00000, 0x00000007a4c00000, 0x00000007c0000000)
  eden space 416768K, 0% used [0x000000076ab00000,0x000000076ab00000,0x0000000784200000)
  from space 217600K, 77% used [0x0000000784200000,0x000000078e6f5fd8,0x0000000791680000)
  to   space 235520K, 0% used [0x0000000796600000,0x0000000796600000,0x00000007a4c00000)
 ParOldGen       total 546304K, used 440720K [0x00000006c0000000, 0x00000006e1580000, 0x000000076ab00000)
  object space 546304K, 80% used [0x00000006c0000000,0x00000006dae64268,0x00000006e1580000)
 Metaspace       used 6630K, capacity 7344K, committed 7552K, reserved 1056768K
  class space    used 599K, capacity 616K, committed 640K, reserved 1048576K
}
Event: 28.226 GC heap before
{Heap before GC invocations=26 (full 4):
 PSYoungGen      total 634368K, used 585687K [0x000000076ab00000, 0x00000007a4c00000, 0x00000007c0000000)
  eden space 416768K, 100% used [0x000000076ab00000,0x0000000784200000,0x0000000784200000)
  from space 217600K, 77% used [0x0000000784200000,0x000000078e6f5fd8,0x0000000791680000)
  to   space 235520K, 0% used [0x0000000796600000,0x0000000796600000,0x00000007a4c00000)
 ParOldGen       total 546304K, used 440720K [0x00000006c0000000, 0x00000006e1580000, 0x000000076ab00000)
  object space 546304K, 80% used [0x00000006c0000000,0x00000006dae64268,0x00000006e1580000)
 Metaspace       used 6634K, capacity 7344K, committed 7552K, reserved 1056768K
  class space    used 599K, capacity 616K, committed 640K, reserved 1048576K
Event: 28.561 GC heap after
Heap after GC invocations=26 (full 4):
 PSYoungGen      total 677376K, used 234052K [0x000000076ab00000, 0x00000007a9a80000, 0x00000007c0000000)
  eden space 441856K, 0% used [0x000000076ab00000,0x000000076ab00000,0x0000000785a80000)
  from space 235520K, 99% used [0x0000000796600000,0x00000007a4a91110,0x00000007a4c00000)
  to   space 273920K, 0% used [0x0000000785a80000,0x0000000785a80000,0x0000000796600000)
 ParOldGen       total 546304K, used 440720K [0x00000006c0000000, 0x00000006e1580000, 0x000000076ab00000)
  object space 546304K, 80% used [0x00000006c0000000,0x00000006dae64268,0x00000006e1580000)
 Metaspace       used 6634K, capacity 7344K, committed 7552K, reserved 1056768K
  class space    used 599K, capacity 616K, committed 640K, reserved 1048576K
}
Event: 29.987 GC heap before
{Heap before GC invocations=27 (full 4):
 PSYoungGen      total 677376K, used 675908K [0x000000076ab00000, 0x00000007a9a80000, 0x00000007c0000000)
  eden space 441856K, 100% used [0x000000076ab00000,0x0000000785a80000,0x0000000785a80000)
  from space 235520K, 99% used [0x0000000796600000,0x00000007a4a91110,0x00000007a4c00000)
  to   space 273920K, 0% used [0x0000000785a80000,0x0000000785a80000,0x0000000796600000)
 ParOldGen       total 546304K, used 440720K [0x00000006c0000000, 0x00000006e1580000, 0x000000076ab00000)
  object space 546304K, 80% used [0x00000006c0000000,0x00000006dae64268,0x00000006e1580000)
 Metaspace       used 6634K, capacity 7344K, committed 7552K, reserved 1056768K
  class space    used 599K, capacity 616K, committed 640K, reserved 1048576K
Event: 30.343 GC heap after
Heap after GC invocations=27 (full 4):
 PSYoungGen      total 715776K, used 273891K [0x000000076ab00000, 0x00000007b2000000, 0x00000007c0000000)
  eden space 441856K, 0% used [0x000000076ab00000,0x000000076ab00000,0x0000000785a80000)
  from space 273920K, 99% used [0x0000000785a80000,0x00000007965f8df0,0x0000000796600000)
  to   space 326144K, 0% used [0x000000079e180000,0x000000079e180000,0x00000007b2000000)
 ParOldGen       total 546304K, used 459957K [0x00000006c0000000, 0x00000006e1580000, 0x000000076ab00000)
  object space 546304K, 84% used [0x00000006c0000000,0x00000006dc12d400,0x00000006e1580000)
 Metaspace       used 6634K, capacity 7344K, committed 7552K, reserved 1056768K
  class space    used 599K, capacity 616K, committed 640K, reserved 1048576K
}
Event: 37.117 GC heap before
{Heap before GC invocations=28 (full 4):
 PSYoungGen      total 715776K, used 715747K [0x000000076ab00000, 0x00000007b2000000, 0x00000007c0000000)
  eden space 441856K, 100% used [0x000000076ab00000,0x0000000785a80000,0x0000000785a80000)
  from space 273920K, 99% used [0x0000000785a80000,0x00000007965f8df0,0x0000000796600000)
  to   space 326144K, 0% used [0x000000079e180000,0x000000079e180000,0x00000007b2000000)
 ParOldGen       total 546304K, used 459957K [0x00000006c0000000, 0x00000006e1580000, 0x000000076ab00000)
  object space 546304K, 84% used [0x00000006c0000000,0x00000006dc12d400,0x00000006e1580000)
 Metaspace       used 6687K, capacity 7344K, committed 7552K, reserved 1056768K
  class space    used 601K, capacity 616K, committed 640K, reserved 1048576K
Event: 48.343 GC heap after
Heap after GC invocations=28 (full 4):
 PSYoungGen      total 821248K, used 235306K [0x000000076ab00000, 0x00000007b5f80000, 0x00000007c0000000)
  eden space 495104K, 0% used [0x000000076ab00000,0x000000076ab00000,0x0000000788e80000)
  from space 326144K, 72% used [0x000000079e180000,0x00000007ac74aa38,0x00000007b2000000)
  to   space 347136K, 0% used [0x0000000788e80000,0x0000000788e80000,0x000000079e180000)
 ParOldGen       total 566784K, used 565032K [0x00000006c0000000, 0x00000006e2980000, 0x000000076ab00000)
  object space 566784K, 99% used [0x00000006c0000000,0x00000006e27ca0f0,0x00000006e2980000)
 Metaspace       used 6687K, capacity 7344K, committed 7552K, reserved 1056768K
  class space    used 601K, capacity 616K, committed 640K, reserved 1048576K
}
Event: 48.442 GC heap before
{Heap before GC invocations=29 (full 5):
 PSYoungGen      total 821248K, used 235306K [0x000000076ab00000, 0x00000007b5f80000, 0x00000007c0000000)
  eden space 495104K, 0% used [0x000000076ab00000,0x000000076ab00000,0x0000000788e80000)
  from space 326144K, 72% used [0x000000079e180000,0x00000007ac74aa38,0x00000007b2000000)
  to   space 347136K, 0% used [0x0000000788e80000,0x0000000788e80000,0x000000079e180000)
 ParOldGen       total 566784K, used 565032K [0x00000006c0000000, 0x00000006e2980000, 0x000000076ab00000)
  object space 566784K, 99% used [0x00000006c0000000,0x00000006e27ca0f0,0x00000006e2980000)
 Metaspace       used 6687K, capacity 7344K, committed 7552K, reserved 1056768K
  class space    used 601K, capacity 616K, committed 640K, reserved 1048576K

