# JRE version: OpenJDK Runtime Environment (8.0_202) (build 1.8.0_202-release-1483-b49-5587405)
# Java VM: OpenJDK 64-Bit Server VM (25.202-b49-5587405 mixed mode linux-amd64 compressed oops)
Heap:
 PSYoungGen      total 604160K, used 0K [0x000000076ab00000, 0x00000007a5f80000, 0x00000007c0000000)
  eden space 453120K, 0% used [0x000000076ab00000,0x000000076ab00000,0x0000000786580000)
  from space 151040K, 0% used [0x0000000786580000,0x0000000786580000,0x000000078f900000)
  to   space 191488K, 11% used [0x000000079a480000,0x000000079ba6d710,0x00000007a5f80000)
 ParOldGen       total 539648K, used 539526K [0x00000006c0000000, 0x00000006e0f00000, 0x000000076ab00000)
  object space 539648K, 99% used [0x00000006c0000000,0x00000006e0ee19a8,0x00000006e0f00000)
 Metaspace       used 6641K, capacity 7344K, committed 7552K, reserved 1056768K
  class space    used 598K, capacity 616K, committed 640K, reserved 1048576K
GC Heap History (10 events):
Event: 17.453 GC heap after
Heap after GC invocations=16 (full 3):
 PSYoungGen      total 497664K, used 93036K [0x000000076ab00000, 0x0000000797080000, 0x00000007c0000000)
  eden space 387584K, 0% used [0x000000076ab00000,0x000000076ab00000,0x0000000782580000)
  from space 110080K, 84% used [0x0000000782580000,0x000000078805b280,0x0000000789100000)
  to   space 122368K, 0% used [0x000000078f900000,0x000000078f900000,0x0000000797080000)
 ParOldGen       total 359936K, used 224868K [0x00000006c0000000, 0x00000006d5f80000, 0x000000076ab00000)
  object space 359936K, 62% used [0x00000006c0000000,0x00000006cdb993e8,0x00000006d5f80000)
 Metaspace       used 6613K, capacity 7280K, committed 7552K, reserved 1056768K
  class space    used 597K, capacity 616K, committed 640K, reserved 1048576K
}
Event: 18.796 GC heap before
{Heap before GC invocations=17 (full 3):
 PSYoungGen      total 497664K, used 480620K [0x000000076ab00000, 0x0000000797080000, 0x00000007c0000000)
  eden space 387584K, 100% used [0x000000076ab00000,0x0000000782580000,0x0000000782580000)
  from space 110080K, 84% used [0x0000000782580000,0x000000078805b280,0x0000000789100000)
  to   space 122368K, 0% used [0x000000078f900000,0x000000078f900000,0x0000000797080000)
 ParOldGen       total 359936K, used 224868K [0x00000006c0000000, 0x00000006d5f80000, 0x000000076ab00000)
  object space 359936K, 62% used [0x00000006c0000000,0x00000006cdb993e8,0x00000006d5f80000)
 Metaspace       used 6623K, capacity 7280K, committed 7552K, reserved 1056768K
  class space    used 597K, capacity 616K, committed 640K, reserved 1048576K
Event: 19.673 GC heap after
Heap after GC invocations=17 (full 3):
 PSYoungGen      total 575488K, used 122358K [0x000000076ab00000, 0x000000079be00000, 0x00000007c0000000)
  eden space 453120K, 0% used [0x000000076ab00000,0x000000076ab00000,0x0000000786580000)
  from space 122368K, 99% used [0x000000078f900000,0x000000079707d818,0x0000000797080000)
  to   space 151040K, 0% used [0x0000000786580000,0x0000000786580000,0x000000078f900000)
 ParOldGen       total 359936K, used 247792K [0x00000006c0000000, 0x00000006d5f80000, 0x000000076ab00000)
  object space 359936K, 68% used [0x00000006c0000000,0x00000006cf1fc368,0x00000006d5f80000)
 Metaspace       used 6623K, capacity 7280K, committed 7552K, reserved 1056768K
  class space    used 597K, capacity 616K, committed 640K, reserved 1048576K
}
Event: 21.120 GC heap before
{Heap before GC invocations=18 (full 3):
 PSYoungGen      total 575488K, used 575478K [0x000000076ab00000, 0x000000079be00000, 0x00000007c0000000)
  eden space 453120K, 100% used [0x000000076ab00000,0x0000000786580000,0x0000000786580000)
  from space 122368K, 99% used [0x000000078f900000,0x000000079707d818,0x0000000797080000)
  to   space 151040K, 0% used [0x0000000786580000,0x0000000786580000,0x000000078f900000)
 ParOldGen       total 359936K, used 247792K [0x00000006c0000000, 0x00000006d5f80000, 0x000000076ab00000)
  object space 359936K, 68% used [0x00000006c0000000,0x00000006cf1fc368,0x00000006d5f80000)
 Metaspace       used 6630K, capacity 7344K, committed 7552K, reserved 1056768K
  class space    used 597K, capacity 616K, committed 640K, reserved 1048576K
Event: 21.474 GC heap after
Heap after GC invocations=18 (full 3):
 PSYoungGen      total 604160K, used 151023K [0x000000076ab00000, 0x00000007a5f80000, 0x00000007c0000000)
  eden space 453120K, 0% used [0x000000076ab00000,0x000000076ab00000,0x0000000786580000)
  from space 151040K, 99% used [0x0000000786580000,0x000000078f8fbfc8,0x000000078f900000)
  to   space 191488K, 0% used [0x000000079a480000,0x000000079a480000,0x00000007a5f80000)
 ParOldGen       total 359936K, used 288164K [0x00000006c0000000, 0x00000006d5f80000, 0x000000076ab00000)
  object space 359936K, 80% used [0x00000006c0000000,0x00000006d1969318,0x00000006d5f80000)
 Metaspace       used 6630K, capacity 7344K, committed 7552K, reserved 1056768K
  class space    used 597K, capacity 616K, committed 640K, reserved 1048576K
}
Event: 23.088 GC heap before
{Heap before GC invocations=19 (full 3):
 PSYoungGen      total 604160K, used 604143K [0x000000076ab00000, 0x00000007a5f80000, 0x00000007c0000000)
  eden space 453120K, 100% used [0x000000076ab00000,0x0000000786580000,0x0000000786580000)
  from space 151040K, 99% used [0x0000000786580000,0x000000078f8fbfc8,0x000000078f900000)
  to   space 191488K, 0% used [0x000000079a480000,0x000000079a480000,0x00000007a5f80000)
 ParOldGen       total 359936K, used 288164K [0x00000006c0000000, 0x00000006d5f80000, 0x000000076ab00000)
  object space 359936K, 80% used [0x00000006c0000000,0x00000006d1969318,0x00000006d5f80000)
 Metaspace       used 6640K, capacity 7344K, committed 7552K, reserved 1056768K
  class space    used 598K, capacity 616K, committed 640K, reserved 1048576K
Event: 23.688 GC heap after
Heap after GC invocations=19 (full 3):
 PSYoungGen      total 604160K, used 604143K [0x000000076ab00000, 0x00000007a5f80000, 0x00000007c0000000)
  eden space 453120K, 100% used [0x000000076ab00000,0x0000000786580000,0x0000000786580000)
  from space 151040K, 99% used [0x0000000786580000,0x000000078f8fbfc8,0x000000078f900000)
  to   space 191488K, 68% used [0x000000079a480000,0x00000007a2490248,0x00000007a5f80000)
 ParOldGen       total 372736K, used 372283K [0x00000006c0000000, 0x00000006d6c00000, 0x000000076ab00000)
  object space 372736K, 99% used [0x00000006c0000000,0x00000006d6b8edf8,0x00000006d6c00000)
 Metaspace       used 6640K, capacity 7344K, committed 7552K, reserved 1056768K
  class space    used 598K, capacity 616K, committed 640K, reserved 1048576K
}
Event: 23.688 GC heap before
{Heap before GC invocations=20 (full 4):
 PSYoungGen      total 604160K, used 604143K [0x000000076ab00000, 0x00000007a5f80000, 0x00000007c0000000)
  eden space 453120K, 100% used [0x000000076ab00000,0x0000000786580000,0x0000000786580000)
  from space 151040K, 99% used [0x0000000786580000,0x000000078f8fbfc8,0x000000078f900000)
  to   space 191488K, 68% used [0x000000079a480000,0x00000007a2490248,0x00000007a5f80000)
 ParOldGen       total 372736K, used 372283K [0x00000006c0000000, 0x00000006d6c00000, 0x000000076ab00000)
  object space 372736K, 99% used [0x00000006c0000000,0x00000006d6b8edf8,0x00000006d6c00000)
 Metaspace       used 6640K, capacity 7344K, committed 7552K, reserved 1056768K
  class space    used 598K, capacity 616K, committed 640K, reserved 1048576K
Event: 26.333 GC heap after
Heap after GC invocations=20 (full 4):
 PSYoungGen      total 604160K, used 0K [0x000000076ab00000, 0x00000007a5f80000, 0x00000007c0000000)
  eden space 453120K, 0% used [0x000000076ab00000,0x000000076ab00000,0x0000000786580000)
  from space 151040K, 0% used [0x0000000786580000,0x0000000786580000,0x000000078f900000)
  to   space 191488K, 65% used [0x000000079a480000,0x00000007a1fe2f30,0x00000007a5f80000)
 ParOldGen       total 539648K, used 372268K [0x00000006c0000000, 0x00000006e0f00000, 0x000000076ab00000)
  object space 539648K, 68% used [0x00000006c0000000,0x00000006d6b8b230,0x00000006e0f00000)
 Metaspace       used 6640K, capacity 7344K, committed 7552K, reserved 1056768K
  class space    used 598K, capacity 616K, committed 640K, reserved 1048576K
}
Event: 27.625 GC heap before
{Heap before GC invocations=21 (full 5):
 PSYoungGen      total 604160K, used 453120K [0x000000076ab00000, 0x00000007a5f80000, 0x00000007c0000000)
  eden space 453120K, 100% used [0x000000076ab00000,0x0000000786580000,0x0000000786580000)
  from space 151040K, 0% used [0x0000000786580000,0x0000000786580000,0x000000078f900000)
  to   space 191488K, 65% used [0x000000079a480000,0x00000007a1fe2f30,0x00000007a5f80000)
 ParOldGen       total 539648K, used 372268K [0x00000006c0000000, 0x00000006e0f00000, 0x000000076ab00000)
  object space 539648K, 68% used [0x00000006c0000000,0x00000006d6b8b230,0x00000006e0f00000)
 Metaspace       used 6641K, capacity 7344K, committed 7552K, reserved 1056768K
  class space    used 598K, capacity 616K, committed 640K, reserved 1048576K

