# JRE version: OpenJDK Runtime Environment (8.0_202) (build 1.8.0_202-release-1483-b49-5587405)
# Java VM: OpenJDK 64-Bit Server VM (25.202-b49-5587405 mixed mode linux-amd64 compressed oops)
Heap:
 PSYoungGen      total 851968K, used 125538K [0x000000076ab00000, 0x00000007aeb80000, 0x00000007c0000000)
  eden space 600576K, 0% used [0x000000076ab00000,0x000000076ab00000,0x000000078f580000)
  from space 251392K, 49% used [0x000000079ea80000,0x00000007a65189f0,0x00000007ae000000)
  to   space 250880K, 0% used [0x000000078f580000,0x000000078f580000,0x000000079ea80000)
 ParOldGen       total 520192K, used 516980K [0x00000006c0000000, 0x00000006dfc00000, 0x000000076ab00000)
  object space 520192K, 99% used [0x00000006c0000000,0x00000006df8dd368,0x00000006dfc00000)
 Metaspace       used 6440K, capacity 7344K, committed 7552K, reserved 1056768K
  class space    used 584K, capacity 616K, committed 640K, reserved 1048576K
GC Heap History (10 events):
Event: 23.228 GC heap after
Heap after GC invocations=18 (full 4):
 PSYoungGen      total 623616K, used 37794K [0x000000076ab00000, 0x000000079b100000, 0x00000007c0000000)
  eden space 483328K, 0% used [0x000000076ab00000,0x000000076ab00000,0x0000000788300000)
  from space 140288K, 26% used [0x0000000792800000,0x0000000794ce8aa8,0x000000079b100000)
  to   space 154624K, 0% used [0x0000000788300000,0x0000000788300000,0x0000000791a00000)
 ParOldGen       total 489472K, used 324117K [0x00000006c0000000, 0x00000006dde00000, 0x000000076ab00000)
  object space 489472K, 66% used [0x00000006c0000000,0x00000006d3c85618,0x00000006dde00000)
 Metaspace       used 6430K, capacity 7280K, committed 7552K, reserved 1056768K
  class space    used 584K, capacity 616K, committed 640K, reserved 1048576K
}
Event: 25.485 GC heap before
{Heap before GC invocations=19 (full 4):
 PSYoungGen      total 623616K, used 521122K [0x000000076ab00000, 0x000000079b100000, 0x00000007c0000000)
  eden space 483328K, 100% used [0x000000076ab00000,0x0000000788300000,0x0000000788300000)
  from space 140288K, 26% used [0x0000000792800000,0x0000000794ce8aa8,0x000000079b100000)
  to   space 154624K, 0% used [0x0000000788300000,0x0000000788300000,0x0000000791a00000)
 ParOldGen       total 489472K, used 324117K [0x00000006c0000000, 0x00000006dde00000, 0x000000076ab00000)
  object space 489472K, 66% used [0x00000006c0000000,0x00000006d3c85618,0x00000006dde00000)
 Metaspace       used 6434K, capacity 7280K, committed 7552K, reserved 1056768K
  class space    used 584K, capacity 616K, committed 640K, reserved 1048576K
Event: 25.852 GC heap after
Heap after GC invocations=19 (full 4):
 PSYoungGen      total 637952K, used 108956K [0x000000076ab00000, 0x00000007a1380000, 0x00000007c0000000)
  eden space 483328K, 0% used [0x000000076ab00000,0x000000076ab00000,0x0000000788300000)
  from space 154624K, 70% used [0x0000000788300000,0x000000078ed670c8,0x0000000791a00000)
  to   space 164864K, 0% used [0x0000000797280000,0x0000000797280000,0x00000007a1380000)
 ParOldGen       total 489472K, used 324117K [0x00000006c0000000, 0x00000006dde00000, 0x000000076ab00000)
  object space 489472K, 66% used [0x00000006c0000000,0x00000006d3c85618,0x00000006dde00000)
 Metaspace       used 6434K, capacity 7280K, committed 7552K, reserved 1056768K
  class space    used 584K, capacity 616K, committed 640K, reserved 1048576K
}
Event: 28.064 GC heap before
{Heap before GC invocations=20 (full 4):
 PSYoungGen      total 637952K, used 592284K [0x000000076ab00000, 0x00000007a1380000, 0x00000007c0000000)
  eden space 483328K, 100% used [0x000000076ab00000,0x0000000788300000,0x0000000788300000)
  from space 154624K, 70% used [0x0000000788300000,0x000000078ed670c8,0x0000000791a00000)
  to   space 164864K, 0% used [0x0000000797280000,0x0000000797280000,0x00000007a1380000)
 ParOldGen       total 489472K, used 324117K [0x00000006c0000000, 0x00000006dde00000, 0x000000076ab00000)
  object space 489472K, 66% used [0x00000006c0000000,0x00000006d3c85618,0x00000006dde00000)
 Metaspace       used 6436K, capacity 7344K, committed 7552K, reserved 1056768K
  class space    used 584K, capacity 616K, committed 640K, reserved 1048576K
Event: 28.413 GC heap after
Heap after GC invocations=20 (full 4):
 PSYoungGen      total 694784K, used 164834K [0x000000076ab00000, 0x00000007a5980000, 0x00000007c0000000)
  eden space 529920K, 0% used [0x000000076ab00000,0x000000076ab00000,0x000000078b080000)
  from space 164864K, 99% used [0x0000000797280000,0x00000007a13789e0,0x00000007a1380000)
  to   space 198656K, 0% used [0x000000078b080000,0x000000078b080000,0x0000000797280000)
 ParOldGen       total 489472K, used 340247K [0x00000006c0000000, 0x00000006dde00000, 0x000000076ab00000)
  object space 489472K, 69% used [0x00000006c0000000,0x00000006d4c45e20,0x00000006dde00000)
 Metaspace       used 6436K, capacity 7344K, committed 7552K, reserved 1056768K
  class space    used 584K, capacity 616K, committed 640K, reserved 1048576K
}
Event: 30.455 GC heap before
{Heap before GC invocations=21 (full 4):
 PSYoungGen      total 694784K, used 694754K [0x000000076ab00000, 0x00000007a5980000, 0x00000007c0000000)
  eden space 529920K, 100% used [0x000000076ab00000,0x000000078b080000,0x000000078b080000)
  from space 164864K, 99% used [0x0000000797280000,0x00000007a13789e0,0x00000007a1380000)
  to   space 198656K, 0% used [0x000000078b080000,0x000000078b080000,0x0000000797280000)
 ParOldGen       total 489472K, used 340247K [0x00000006c0000000, 0x00000006dde00000, 0x000000076ab00000)
  object space 489472K, 69% used [0x00000006c0000000,0x00000006d4c45e20,0x00000006dde00000)
 Metaspace       used 6437K, capacity 7344K, committed 7552K, reserved 1056768K
  class space    used 584K, capacity 616K, committed 640K, reserved 1048576K
Event: 30.980 GC heap after
Heap after GC invocations=21 (full 4):
 PSYoungGen      total 728576K, used 198643K [0x000000076ab00000, 0x00000007ae000000, 0x00000007c0000000)
  eden space 529920K, 0% used [0x000000076ab00000,0x000000076ab00000,0x000000078b080000)
  from space 198656K, 99% used [0x000000078b080000,0x000000079727cc70,0x0000000797280000)
  to   space 251392K, 0% used [0x000000079ea80000,0x000000079ea80000,0x00000007ae000000)
 ParOldGen       total 489472K, used 390506K [0x00000006c0000000, 0x00000006dde00000, 0x000000076ab00000)
  object space 489472K, 79% used [0x00000006c0000000,0x00000006d7d5aad8,0x00000006dde00000)
 Metaspace       used 6437K, capacity 7344K, committed 7552K, reserved 1056768K
  class space    used 584K, capacity 616K, committed 640K, reserved 1048576K
}
Event: 32.724 GC heap before
{Heap before GC invocations=22 (full 4):
 PSYoungGen      total 728576K, used 728563K [0x000000076ab00000, 0x00000007ae000000, 0x00000007c0000000)
  eden space 529920K, 100% used [0x000000076ab00000,0x000000078b080000,0x000000078b080000)
  from space 198656K, 99% used [0x000000078b080000,0x000000079727cc70,0x0000000797280000)
  to   space 251392K, 0% used [0x000000079ea80000,0x000000079ea80000,0x00000007ae000000)
 ParOldGen       total 489472K, used 390506K [0x00000006c0000000, 0x00000006dde00000, 0x000000076ab00000)
  object space 489472K, 79% used [0x00000006c0000000,0x00000006d7d5aad8,0x00000006dde00000)
 Metaspace       used 6440K, capacity 7344K, committed 7552K, reserved 1056768K
  class space    used 584K, capacity 616K, committed 640K, reserved 1048576K
Event: 33.447 GC heap after
Heap after GC invocations=22 (full 4):
 PSYoungGen      total 851968K, used 133762K [0x000000076ab00000, 0x00000007aeb80000, 0x00000007c0000000)
  eden space 600576K, 0% used [0x000000076ab00000,0x000000076ab00000,0x000000078f580000)
  from space 251392K, 53% used [0x000000079ea80000,0x00000007a6d20be8,0x00000007ae000000)
  to   space 250880K, 0% used [0x000000078f580000,0x000000078f580000,0x000000079ea80000)
 ParOldGen       total 520192K, used 519687K [0x00000006c0000000, 0x00000006dfc00000, 0x000000076ab00000)
  object space 520192K, 99% used [0x00000006c0000000,0x00000006dfb81cc0,0x00000006dfc00000)
 Metaspace       used 6440K, capacity 7344K, committed 7552K, reserved 1056768K
  class space    used 584K, capacity 616K, committed 640K, reserved 1048576K
}
Event: 33.447 GC heap before
{Heap before GC invocations=23 (full 5):
 PSYoungGen      total 851968K, used 133762K [0x000000076ab00000, 0x00000007aeb80000, 0x00000007c0000000)
  eden space 600576K, 0% used [0x000000076ab00000,0x000000076ab00000,0x000000078f580000)
  from space 251392K, 53% used [0x000000079ea80000,0x00000007a6d20be8,0x00000007ae000000)
  to   space 250880K, 0% used [0x000000078f580000,0x000000078f580000,0x000000079ea80000)
 ParOldGen       total 520192K, used 519687K [0x00000006c0000000, 0x00000006dfc00000, 0x000000076ab00000)
  object space 520192K, 99% used [0x00000006c0000000,0x00000006dfb81cc0,0x00000006dfc00000)
 Metaspace       used 6440K, capacity 7344K, committed 7552K, reserved 1056768K
  class space    used 584K, capacity 616K, committed 640K, reserved 1048576K

