# JRE version: OpenJDK Runtime Environment (8.0_202) (build 1.8.0_202-release-1483-b49-5587405)
# Java VM: OpenJDK 64-Bit Server VM (25.202-b49-5587405 mixed mode linux-amd64 compressed oops)
Heap:
 PSYoungGen      total 831488K, used 4290K [0x000000076ab00000, 0x00000007b1c80000, 0x00000007c0000000)
  eden space 636928K, 0% used [0x000000076ab00000,0x000000076ab00000,0x0000000791900000)
  from space 194560K, 2% used [0x0000000791900000,0x0000000791d309b8,0x000000079d700000)
  to   space 189952K, 0% used [0x00000007a6300000,0x00000007a6300000,0x00000007b1c80000)
 ParOldGen       total 724992K, used 724631K [0x00000006c0000000, 0x00000006ec400000, 0x000000076ab00000)
  object space 724992K, 99% used [0x00000006c0000000,0x00000006ec3a5cc8,0x00000006ec400000)
 Metaspace       used 6428K, capacity 7344K, committed 7552K, reserved 1056768K
  class space    used 585K, capacity 616K, committed 640K, reserved 1048576K
GC Heap History (10 events):
Event: 42.438 GC heap after
Heap after GC invocations=20 (full 4):
 PSYoungGen      total 676864K, used 160744K [0x000000076ab00000, 0x00000007a6480000, 0x00000007c0000000)
  eden space 516096K, 0% used [0x000000076ab00000,0x000000076ab00000,0x000000078a300000)
  from space 160768K, 99% used [0x0000000795f00000,0x000000079fbfa138,0x000000079fc00000)
  to   space 192512K, 0% used [0x000000078a300000,0x000000078a300000,0x0000000795f00000)
 ParOldGen       total 506880K, used 343176K [0x00000006c0000000, 0x00000006def00000, 0x000000076ab00000)
  object space 506880K, 67% used [0x00000006c0000000,0x00000006d4f22098,0x00000006def00000)
 Metaspace       used 6422K, capacity 7344K, committed 7552K, reserved 1056768K
  class space    used 585K, capacity 616K, committed 640K, reserved 1048576K
}
Event: 44.869 GC heap before
{Heap before GC invocations=21 (full 4):
 PSYoungGen      total 676864K, used 676840K [0x000000076ab00000, 0x00000007a6480000, 0x00000007c0000000)
  eden space 516096K, 100% used [0x000000076ab00000,0x000000078a300000,0x000000078a300000)
  from space 160768K, 99% used [0x0000000795f00000,0x000000079fbfa138,0x000000079fc00000)
  to   space 192512K, 0% used [0x000000078a300000,0x000000078a300000,0x0000000795f00000)
 ParOldGen       total 506880K, used 343176K [0x00000006c0000000, 0x00000006def00000, 0x000000076ab00000)
  object space 506880K, 67% used [0x00000006c0000000,0x00000006d4f22098,0x00000006def00000)
 Metaspace       used 6424K, capacity 7344K, committed 7552K, reserved 1056768K
  class space    used 585K, capacity 616K, committed 640K, reserved 1048576K
Event: 45.728 GC heap after
Heap after GC invocations=21 (full 4):
 PSYoungGen      total 708608K, used 141599K [0x000000076ab00000, 0x00000007aa800000, 0x00000007c0000000)
  eden space 516096K, 0% used [0x000000076ab00000,0x000000076ab00000,0x000000078a300000)
  from space 192512K, 73% used [0x000000078a300000,0x0000000792d47de8,0x0000000795f00000)
  to   space 206848K, 0% used [0x000000079de00000,0x000000079de00000,0x00000007aa800000)
 ParOldGen       total 506880K, used 440417K [0x00000006c0000000, 0x00000006def00000, 0x000000076ab00000)
  object space 506880K, 86% used [0x00000006c0000000,0x00000006dae18438,0x00000006def00000)
 Metaspace       used 6424K, capacity 7344K, committed 7552K, reserved 1056768K
  class space    used 585K, capacity 616K, committed 640K, reserved 1048576K
}
Event: 45.728 GC heap before
{Heap before GC invocations=22 (full 5):
 PSYoungGen      total 708608K, used 141599K [0x000000076ab00000, 0x00000007aa800000, 0x00000007c0000000)
  eden space 516096K, 0% used [0x000000076ab00000,0x000000076ab00000,0x000000078a300000)
  from space 192512K, 73% used [0x000000078a300000,0x0000000792d47de8,0x0000000795f00000)
  to   space 206848K, 0% used [0x000000079de00000,0x000000079de00000,0x00000007aa800000)
 ParOldGen       total 506880K, used 440417K [0x00000006c0000000, 0x00000006def00000, 0x000000076ab00000)
  object space 506880K, 86% used [0x00000006c0000000,0x00000006dae18438,0x00000006def00000)
 Metaspace       used 6424K, capacity 7344K, committed 7552K, reserved 1056768K
  class space    used 585K, capacity 616K, committed 640K, reserved 1048576K
Event: 48.518 GC heap after
Heap after GC invocations=22 (full 5):
 PSYoungGen      total 708608K, used 71060K [0x000000076ab00000, 0x00000007aa800000, 0x00000007c0000000)
  eden space 516096K, 0% used [0x000000076ab00000,0x000000076ab00000,0x000000078a300000)
  from space 192512K, 36% used [0x000000078a300000,0x000000078e865050,0x0000000795f00000)
  to   space 206848K, 0% used [0x000000079de00000,0x000000079de00000,0x00000007aa800000)
 ParOldGen       total 724992K, used 506392K [0x00000006c0000000, 0x00000006ec400000, 0x000000076ab00000)
  object space 724992K, 69% used [0x00000006c0000000,0x00000006dee862c8,0x00000006ec400000)
 Metaspace       used 6424K, capacity 7344K, committed 7552K, reserved 1056768K
  class space    used 585K, capacity 616K, committed 640K, reserved 1048576K
}
Event: 50.233 GC heap before
{Heap before GC invocations=23 (full 5):
 PSYoungGen      total 708608K, used 587156K [0x000000076ab00000, 0x00000007aa800000, 0x00000007c0000000)
  eden space 516096K, 100% used [0x000000076ab00000,0x000000078a300000,0x000000078a300000)
  from space 192512K, 36% used [0x000000078a300000,0x000000078e865050,0x0000000795f00000)
  to   space 206848K, 0% used [0x000000079de00000,0x000000079de00000,0x00000007aa800000)
 ParOldGen       total 724992K, used 506392K [0x00000006c0000000, 0x00000006ec400000, 0x000000076ab00000)
  object space 724992K, 69% used [0x00000006c0000000,0x00000006dee862c8,0x00000006ec400000)
 Metaspace       used 6428K, capacity 7344K, committed 7552K, reserved 1056768K
  class space    used 585K, capacity 616K, committed 640K, reserved 1048576K
Event: 52.075 GC heap after
Heap after GC invocations=23 (full 5):
 PSYoungGen      total 824320K, used 74015K [0x000000076ab00000, 0x00000007a9500000, 0x00000007c0000000)
  eden space 636928K, 0% used [0x000000076ab00000,0x000000076ab00000,0x0000000791900000)
  from space 187392K, 39% used [0x000000079de00000,0x00000007a2647dc8,0x00000007a9500000)
  to   space 194560K, 0% used [0x0000000791900000,0x0000000791900000,0x000000079d700000)
 ParOldGen       total 724992K, used 571039K [0x00000006c0000000, 0x00000006ec400000, 0x000000076ab00000)
  object space 724992K, 78% used [0x00000006c0000000,0x00000006e2da7c18,0x00000006ec400000)
 Metaspace       used 6428K, capacity 7344K, committed 7552K, reserved 1056768K
  class space    used 585K, capacity 616K, committed 640K, reserved 1048576K
}
Event: 54.029 GC heap before
{Heap before GC invocations=24 (full 5):
 PSYoungGen      total 824320K, used 710943K [0x000000076ab00000, 0x00000007a9500000, 0x00000007c0000000)
  eden space 636928K, 100% used [0x000000076ab00000,0x0000000791900000,0x0000000791900000)
  from space 187392K, 39% used [0x000000079de00000,0x00000007a2647dc8,0x00000007a9500000)
  to   space 194560K, 0% used [0x0000000791900000,0x0000000791900000,0x000000079d700000)
 ParOldGen       total 724992K, used 571039K [0x00000006c0000000, 0x00000006ec400000, 0x000000076ab00000)
  object space 724992K, 78% used [0x00000006c0000000,0x00000006e2da7c18,0x00000006ec400000)
 Metaspace       used 6428K, capacity 7344K, committed 7552K, reserved 1056768K
  class space    used 585K, capacity 616K, committed 640K, reserved 1048576K
Event: 54.693 GC heap after
Heap after GC invocations=24 (full 5):
 PSYoungGen      total 831488K, used 96204K [0x000000076ab00000, 0x00000007b1c80000, 0x00000007c0000000)
  eden space 636928K, 0% used [0x000000076ab00000,0x000000076ab00000,0x0000000791900000)
  from space 194560K, 49% used [0x0000000791900000,0x00000007976f3348,0x000000079d700000)
  to   space 189952K, 0% used [0x00000007a6300000,0x00000007a6300000,0x00000007b1c80000)
 ParOldGen       total 724992K, used 637492K [0x00000006c0000000, 0x00000006ec400000, 0x000000076ab00000)
  object space 724992K, 87% used [0x00000006c0000000,0x00000006e6e8d348,0x00000006ec400000)
 Metaspace       used 6428K, capacity 7344K, committed 7552K, reserved 1056768K
  class space    used 585K, capacity 616K, committed 640K, reserved 1048576K
}
Event: 54.693 GC heap before
{Heap before GC invocations=25 (full 6):
 PSYoungGen      total 831488K, used 96204K [0x000000076ab00000, 0x00000007b1c80000, 0x00000007c0000000)
  eden space 636928K, 0% used [0x000000076ab00000,0x000000076ab00000,0x0000000791900000)
  from space 194560K, 49% used [0x0000000791900000,0x00000007976f3348,0x000000079d700000)
  to   space 189952K, 0% used [0x00000007a6300000,0x00000007a6300000,0x00000007b1c80000)
 ParOldGen       total 724992K, used 637492K [0x00000006c0000000, 0x00000006ec400000, 0x000000076ab00000)
  object space 724992K, 87% used [0x00000006c0000000,0x00000006e6e8d348,0x00000006ec400000)
 Metaspace       used 6428K, capacity 7344K, committed 7552K, reserved 1056768K
  class space    used 585K, capacity 616K, committed 640K, reserved 1048576K

