# JRE version: OpenJDK Runtime Environment (8.0_202) (build 1.8.0_202-release-1483-b49-5587405)
# Java VM: OpenJDK 64-Bit Server VM (25.202-b49-5587405 mixed mode linux-amd64 compressed oops)
Heap:
 PSYoungGen      total 903680K, used 241864K [0x000000076ab00000, 0x00000007beb80000, 0x00000007c0000000)
  eden space 570880K, 0% used [0x000000076ab00000,0x000000076ab00000,0x000000078d880000)
  from space 332800K, 72% used [0x00000007a3d80000,0x00000007b29b2198,0x00000007b8280000)
  to   space 365568K, 0% used [0x000000078d880000,0x000000078d880000,0x00000007a3d80000)
 ParOldGen       total 530944K, used 530490K [0x00000006c0000000, 0x00000006e0680000, 0x000000076ab00000)
  object space 530944K, 99% used [0x00000006c0000000,0x00000006e060e8d8,0x00000006e0680000)
 Metaspace       used 6651K, capacity 7344K, committed 7552K, reserved 1056768K
  class space    used 599K, capacity 616K, committed 640K, reserved 1048576K
GC Heap History (10 events):
Event: 25.081 GC heap after
Heap after GC invocations=20 (full 4):
 PSYoungGen      total 666624K, used 126101K [0x000000076ab00000, 0x00000007a6a80000, 0x00000007c0000000)
  eden space 487936K, 0% used [0x000000076ab00000,0x000000076ab00000,0x0000000788780000)
  from space 178688K, 70% used [0x0000000795f00000,0x000000079da25778,0x00000007a0d80000)
  to   space 220672K, 0% used [0x0000000788780000,0x0000000788780000,0x0000000795f00000)
 ParOldGen       total 530944K, used 359201K [0x00000006c0000000, 0x00000006e0680000, 0x000000076ab00000)
  object space 530944K, 67% used [0x00000006c0000000,0x00000006d5ec87c8,0x00000006e0680000)
 Metaspace       used 6593K, capacity 7280K, committed 7552K, reserved 1056768K
  class space    used 597K, capacity 616K, committed 640K, reserved 1048576K
}
Event: 26.882 GC heap before
{Heap before GC invocations=21 (full 4):
 PSYoungGen      total 666624K, used 614037K [0x000000076ab00000, 0x00000007a6a80000, 0x00000007c0000000)
  eden space 487936K, 100% used [0x000000076ab00000,0x0000000788780000,0x0000000788780000)
  from space 178688K, 70% used [0x0000000795f00000,0x000000079da25778,0x00000007a0d80000)
  to   space 220672K, 0% used [0x0000000788780000,0x0000000788780000,0x0000000795f00000)
 ParOldGen       total 530944K, used 359201K [0x00000006c0000000, 0x00000006e0680000, 0x000000076ab00000)
  object space 530944K, 67% used [0x00000006c0000000,0x00000006d5ec87c8,0x00000006e0680000)
 Metaspace       used 6596K, capacity 7280K, committed 7552K, reserved 1056768K
  class space    used 597K, capacity 616K, committed 640K, reserved 1048576K
Event: 27.352 GC heap after
Heap after GC invocations=21 (full 4):
 PSYoungGen      total 708608K, used 161857K [0x000000076ab00000, 0x00000007a9580000, 0x00000007c0000000)
  eden space 487936K, 0% used [0x000000076ab00000,0x000000076ab00000,0x0000000788780000)
  from space 220672K, 73% used [0x0000000788780000,0x0000000792590698,0x0000000795f00000)
  to   space 236032K, 0% used [0x000000079af00000,0x000000079af00000,0x00000007a9580000)
 ParOldGen       total 530944K, used 396833K [0x00000006c0000000, 0x00000006e0680000, 0x000000076ab00000)
  object space 530944K, 74% used [0x00000006c0000000,0x00000006d8388600,0x00000006e0680000)
 Metaspace       used 6596K, capacity 7280K, committed 7552K, reserved 1056768K
  class space    used 597K, capacity 616K, committed 640K, reserved 1048576K
}
Event: 29.328 GC heap before
{Heap before GC invocations=22 (full 4):
 PSYoungGen      total 708608K, used 649793K [0x000000076ab00000, 0x00000007a9580000, 0x00000007c0000000)
  eden space 487936K, 100% used [0x000000076ab00000,0x0000000788780000,0x0000000788780000)
  from space 220672K, 73% used [0x0000000788780000,0x0000000792590698,0x0000000795f00000)
  to   space 236032K, 0% used [0x000000079af00000,0x000000079af00000,0x00000007a9580000)
 ParOldGen       total 530944K, used 396869K [0x00000006c0000000, 0x00000006e0680000, 0x000000076ab00000)
  object space 530944K, 74% used [0x00000006c0000000,0x00000006d83914c0,0x00000006e0680000)
 Metaspace       used 6600K, capacity 7344K, committed 7552K, reserved 1056768K
  class space    used 598K, capacity 616K, committed 640K, reserved 1048576K
Event: 30.040 GC heap after
Heap after GC invocations=22 (full 4):
 PSYoungGen      total 752128K, used 233385K [0x000000076ab00000, 0x00000007aee80000, 0x00000007c0000000)
  eden space 516096K, 0% used [0x000000076ab00000,0x000000076ab00000,0x000000078a300000)
  from space 236032K, 98% used [0x000000079af00000,0x00000007a92ea4c8,0x00000007a9580000)
  to   space 274432K, 0% used [0x000000078a300000,0x000000078a300000,0x000000079af00000)
 ParOldGen       total 530944K, used 396869K [0x00000006c0000000, 0x00000006e0680000, 0x000000076ab00000)
  object space 530944K, 74% used [0x00000006c0000000,0x00000006d83914c0,0x00000006e0680000)
 Metaspace       used 6600K, capacity 7344K, committed 7552K, reserved 1056768K
  class space    used 598K, capacity 616K, committed 640K, reserved 1048576K
}
Event: 31.905 GC heap before
{Heap before GC invocations=23 (full 4):
 PSYoungGen      total 752128K, used 749481K [0x000000076ab00000, 0x00000007aee80000, 0x00000007c0000000)
  eden space 516096K, 100% used [0x000000076ab00000,0x000000078a300000,0x000000078a300000)
  from space 236032K, 98% used [0x000000079af00000,0x00000007a92ea4c8,0x00000007a9580000)
  to   space 274432K, 0% used [0x000000078a300000,0x000000078a300000,0x000000079af00000)
 ParOldGen       total 530944K, used 396872K [0x00000006c0000000, 0x00000006e0680000, 0x000000076ab00000)
  object space 530944K, 74% used [0x00000006c0000000,0x00000006d83920c8,0x00000006e0680000)
 Metaspace       used 6602K, capacity 7344K, committed 7552K, reserved 1056768K
  class space    used 598K, capacity 616K, committed 640K, reserved 1048576K
Event: 32.295 GC heap after
Heap after GC invocations=23 (full 4):
 PSYoungGen      total 790528K, used 274430K [0x000000076ab00000, 0x00000007b8280000, 0x00000007c0000000)
  eden space 516096K, 0% used [0x000000076ab00000,0x000000076ab00000,0x000000078a300000)
  from space 274432K, 99% used [0x000000078a300000,0x000000079aeff8c0,0x000000079af00000)
  to   space 332800K, 0% used [0x00000007a3d80000,0x00000007a3d80000,0x00000007b8280000)
 ParOldGen       total 530944K, used 429924K [0x00000006c0000000, 0x00000006e0680000, 0x000000076ab00000)
  object space 530944K, 80% used [0x00000006c0000000,0x00000006da3d9008,0x00000006e0680000)
 Metaspace       used 6602K, capacity 7344K, committed 7552K, reserved 1056768K
  class space    used 598K, capacity 616K, committed 640K, reserved 1048576K
}
Event: 34.373 GC heap before
{Heap before GC invocations=24 (full 4):
 PSYoungGen      total 790528K, used 790526K [0x000000076ab00000, 0x00000007b8280000, 0x00000007c0000000)
  eden space 516096K, 100% used [0x000000076ab00000,0x000000078a300000,0x000000078a300000)
  from space 274432K, 99% used [0x000000078a300000,0x000000079aeff8c0,0x000000079af00000)
  to   space 332800K, 0% used [0x00000007a3d80000,0x00000007a3d80000,0x00000007b8280000)
 ParOldGen       total 530944K, used 429924K [0x00000006c0000000, 0x00000006e0680000, 0x000000076ab00000)
  object space 530944K, 80% used [0x00000006c0000000,0x00000006da3d9008,0x00000006e0680000)
 Metaspace       used 6651K, capacity 7344K, committed 7552K, reserved 1056768K
  class space    used 599K, capacity 616K, committed 640K, reserved 1048576K
Event: 61.807 GC heap after
Heap after GC invocations=24 (full 4):
 PSYoungGen      total 903680K, used 270126K [0x000000076ab00000, 0x00000007beb80000, 0x00000007c0000000)
  eden space 570880K, 0% used [0x000000076ab00000,0x000000076ab00000,0x000000078d880000)
  from space 332800K, 81% used [0x00000007a3d80000,0x00000007b454b928,0x00000007b8280000)
  to   space 365568K, 0% used [0x000000078d880000,0x000000078d880000,0x00000007a3d80000)
 ParOldGen       total 530944K, used 510515K [0x00000006c0000000, 0x00000006e0680000, 0x000000076ab00000)
  object space 530944K, 96% used [0x00000006c0000000,0x00000006df28cdf8,0x00000006e0680000)
 Metaspace       used 6651K, capacity 7344K, committed 7552K, reserved 1056768K
  class space    used 599K, capacity 616K, committed 640K, reserved 1048576K
}
Event: 61.850 GC heap before
{Heap before GC invocations=25 (full 5):
 PSYoungGen      total 903680K, used 270126K [0x000000076ab00000, 0x00000007beb80000, 0x00000007c0000000)
  eden space 570880K, 0% used [0x000000076ab00000,0x000000076ab00000,0x000000078d880000)
  from space 332800K, 81% used [0x00000007a3d80000,0x00000007b454b928,0x00000007b8280000)
  to   space 365568K, 0% used [0x000000078d880000,0x000000078d880000,0x00000007a3d80000)
 ParOldGen       total 530944K, used 510515K [0x00000006c0000000, 0x00000006e0680000, 0x000000076ab00000)
  object space 530944K, 96% used [0x00000006c0000000,0x00000006df28cdf8,0x00000006e0680000)
 Metaspace       used 6651K, capacity 7344K, committed 7552K, reserved 1056768K
  class space    used 599K, capacity 616K, committed 640K, reserved 1048576K

