# JRE version: OpenJDK Runtime Environment (8.0_202) (build 1.8.0_202-release-1483-b49-5587405)
# Java VM: OpenJDK 64-Bit Server VM (25.202-b49-5587405 mixed mode linux-amd64 compressed oops)
Heap:
 PSYoungGen      total 521728K, used 76268K [0x000000076ab00000, 0x000000078fa00000, 0x00000007c0000000)
  eden space 445440K, 0% used [0x000000076ab00000,0x000000076ab00000,0x0000000785e00000)
  from space 76288K, 99% used [0x0000000785e00000,0x000000078a87b078,0x000000078a880000)
  to   space 71168K, 0% used [0x000000078a880000,0x000000078a880000,0x000000078ee00000)
 ParOldGen       total 327168K, used 250661K [0x00000006c0000000, 0x00000006d3f80000, 0x000000076ab00000)
  object space 327168K, 76% used [0x00000006c0000000,0x00000006cf4c9740,0x00000006d3f80000)
 Metaspace       used 6457K, capacity 7344K, committed 7552K, reserved 1056768K
  class space    used 585K, capacity 616K, committed 640K, reserved 1048576K
GC Heap History (10 events):
Event: 10.859 GC heap after
Heap after GC invocations=13 (full 2):
 PSYoungGen      total 326656K, used 19342K [0x000000076ab00000, 0x0000000788580000, 0x00000007c0000000)
  eden space 278016K, 0% used [0x000000076ab00000,0x000000076ab00000,0x000000077ba80000)
  from space 48640K, 39% used [0x000000077ba80000,0x000000077cd63a50,0x000000077ea00000)
  to   space 55808K, 0% used [0x0000000784f00000,0x0000000784f00000,0x0000000788580000)
 ParOldGen       total 199168K, used 114867K [0x00000006c0000000, 0x00000006cc280000, 0x000000076ab00000)
  object space 199168K, 57% used [0x00000006c0000000,0x00000006c702cc20,0x00000006cc280000)
 Metaspace       used 6405K, capacity 7280K, committed 7552K, reserved 1056768K
  class space    used 583K, capacity 616K, committed 640K, reserved 1048576K
}
Event: 11.616 GC heap before
{Heap before GC invocations=14 (full 2):
 PSYoungGen      total 326656K, used 297358K [0x000000076ab00000, 0x0000000788580000, 0x00000007c0000000)
  eden space 278016K, 100% used [0x000000076ab00000,0x000000077ba80000,0x000000077ba80000)
  from space 48640K, 39% used [0x000000077ba80000,0x000000077cd63a50,0x000000077ea00000)
  to   space 55808K, 0% used [0x0000000784f00000,0x0000000784f00000,0x0000000788580000)
 ParOldGen       total 199168K, used 114867K [0x00000006c0000000, 0x00000006cc280000, 0x000000076ab00000)
  object space 199168K, 57% used [0x00000006c0000000,0x00000006c702cc20,0x00000006cc280000)
 Metaspace       used 6423K, capacity 7280K, committed 7552K, reserved 1056768K
  class space    used 583K, capacity 616K, committed 640K, reserved 1048576K
Event: 12.242 GC heap after
Heap after GC invocations=14 (full 2):
 PSYoungGen      total 368640K, used 27941K [0x000000076ab00000, 0x0000000786a80000, 0x00000007c0000000)
  eden space 340480K, 0% used [0x000000076ab00000,0x000000076ab00000,0x000000077f780000)
  from space 28160K, 99% used [0x0000000784f00000,0x0000000786a495c0,0x0000000786a80000)
  to   space 54784K, 0% used [0x000000077ff80000,0x000000077ff80000,0x0000000783500000)
 ParOldGen       total 199168K, used 132926K [0x00000006c0000000, 0x00000006cc280000, 0x000000076ab00000)
  object space 199168K, 66% used [0x00000006c0000000,0x00000006c81cfbe0,0x00000006cc280000)
 Metaspace       used 6423K, capacity 7280K, committed 7552K, reserved 1056768K
  class space    used 583K, capacity 616K, committed 640K, reserved 1048576K
}
Event: 13.372 GC heap before
{Heap before GC invocations=15 (full 2):
 PSYoungGen      total 368640K, used 368421K [0x000000076ab00000, 0x0000000786a80000, 0x00000007c0000000)
  eden space 340480K, 100% used [0x000000076ab00000,0x000000077f780000,0x000000077f780000)
  from space 28160K, 99% used [0x0000000784f00000,0x0000000786a495c0,0x0000000786a80000)
  to   space 54784K, 0% used [0x000000077ff80000,0x000000077ff80000,0x0000000783500000)
 ParOldGen       total 199168K, used 132926K [0x00000006c0000000, 0x00000006cc280000, 0x000000076ab00000)
  object space 199168K, 66% used [0x00000006c0000000,0x00000006c81cfbe0,0x00000006cc280000)
 Metaspace       used 6433K, capacity 7280K, committed 7552K, reserved 1056768K
  class space    used 583K, capacity 616K, committed 640K, reserved 1048576K
Event: 17.322 GC heap after
Heap after GC invocations=15 (full 2):
 PSYoungGen      total 403456K, used 54768K [0x000000076ab00000, 0x000000078ee00000, 0x00000007c0000000)
  eden space 348672K, 0% used [0x000000076ab00000,0x000000076ab00000,0x000000077ff80000)
  from space 54784K, 99% used [0x000000077ff80000,0x00000007834fc1a0,0x0000000783500000)
  to   space 71168K, 0% used [0x000000078a880000,0x000000078a880000,0x000000078ee00000)
 ParOldGen       total 199168K, used 151595K [0x00000006c0000000, 0x00000006cc280000, 0x000000076ab00000)
  object space 199168K, 76% used [0x00000006c0000000,0x00000006c940af68,0x00000006cc280000)
 Metaspace       used 6433K, capacity 7280K, committed 7552K, reserved 1056768K
  class space    used 583K, capacity 616K, committed 640K, reserved 1048576K
}
Event: 18.888 GC heap before
{Heap before GC invocations=16 (full 2):
 PSYoungGen      total 403456K, used 403440K [0x000000076ab00000, 0x000000078ee00000, 0x00000007c0000000)
  eden space 348672K, 100% used [0x000000076ab00000,0x000000077ff80000,0x000000077ff80000)
  from space 54784K, 99% used [0x000000077ff80000,0x00000007834fc1a0,0x0000000783500000)
  to   space 71168K, 0% used [0x000000078a880000,0x000000078a880000,0x000000078ee00000)
 ParOldGen       total 199168K, used 151595K [0x00000006c0000000, 0x00000006cc280000, 0x000000076ab00000)
  object space 199168K, 76% used [0x00000006c0000000,0x00000006c940af68,0x00000006cc280000)
 Metaspace       used 6442K, capacity 7344K, committed 7552K, reserved 1056768K
  class space    used 583K, capacity 616K, committed 640K, reserved 1048576K
Event: 19.117 GC heap after
Heap after GC invocations=16 (full 2):
 PSYoungGen      total 516608K, used 52814K [0x000000076ab00000, 0x000000078fa00000, 0x00000007c0000000)
  eden space 445440K, 0% used [0x000000076ab00000,0x000000076ab00000,0x0000000785e00000)
  from space 71168K, 74% used [0x000000078a880000,0x000000078dc13900,0x000000078ee00000)
  to   space 76288K, 0% used [0x0000000785e00000,0x0000000785e00000,0x000000078a880000)
 ParOldGen       total 207872K, used 206389K [0x00000006c0000000, 0x00000006ccb00000, 0x000000076ab00000)
  object space 207872K, 99% used [0x00000006c0000000,0x00000006cc98d6e8,0x00000006ccb00000)
 Metaspace       used 6442K, capacity 7344K, committed 7552K, reserved 1056768K
  class space    used 583K, capacity 616K, committed 640K, reserved 1048576K
}
Event: 19.135 GC heap before
{Heap before GC invocations=17 (full 3):
 PSYoungGen      total 516608K, used 52814K [0x000000076ab00000, 0x000000078fa00000, 0x00000007c0000000)
  eden space 445440K, 0% used [0x000000076ab00000,0x000000076ab00000,0x0000000785e00000)
  from space 71168K, 74% used [0x000000078a880000,0x000000078dc13900,0x000000078ee00000)
  to   space 76288K, 0% used [0x0000000785e00000,0x0000000785e00000,0x000000078a880000)
 ParOldGen       total 207872K, used 206389K [0x00000006c0000000, 0x00000006ccb00000, 0x000000076ab00000)
  object space 207872K, 99% used [0x00000006c0000000,0x00000006cc98d6e8,0x00000006ccb00000)
 Metaspace       used 6442K, capacity 7344K, committed 7552K, reserved 1056768K
  class space    used 583K, capacity 616K, committed 640K, reserved 1048576K
Event: 20.842 GC heap after
Heap after GC invocations=17 (full 3):
 PSYoungGen      total 516608K, used 43829K [0x000000076ab00000, 0x000000078fa00000, 0x00000007c0000000)
  eden space 445440K, 0% used [0x000000076ab00000,0x000000076ab00000,0x0000000785e00000)
  from space 71168K, 61% used [0x000000078a880000,0x000000078d34d720,0x000000078ee00000)
  to   space 76288K, 0% used [0x0000000785e00000,0x0000000785e00000,0x000000078a880000)
 ParOldGen       total 327168K, used 207572K [0x00000006c0000000, 0x00000006d3f80000, 0x000000076ab00000)
  object space 327168K, 63% used [0x00000006c0000000,0x00000006ccab5038,0x00000006d3f80000)
 Metaspace       used 6442K, capacity 7344K, committed 7552K, reserved 1056768K
  class space    used 583K, capacity 616K, committed 640K, reserved 1048576K
}
Event: 22.677 GC heap before
{Heap before GC invocations=18 (full 3):
 PSYoungGen      total 516608K, used 489269K [0x000000076ab00000, 0x000000078fa00000, 0x00000007c0000000)
  eden space 445440K, 100% used [0x000000076ab00000,0x0000000785e00000,0x0000000785e00000)
  from space 71168K, 61% used [0x000000078a880000,0x000000078d34d720,0x000000078ee00000)
  to   space 76288K, 0% used [0x0000000785e00000,0x0000000785e00000,0x000000078a880000)
 ParOldGen       total 327168K, used 207572K [0x00000006c0000000, 0x00000006d3f80000, 0x000000076ab00000)
  object space 327168K, 63% used [0x00000006c0000000,0x00000006ccab5038,0x00000006d3f80000)
 Metaspace       used 6457K, capacity 7344K, committed 7552K, reserved 1056768K
  class space    used 585K, capacity 616K, committed 640K, reserved 1048576K

