# JRE version: OpenJDK Runtime Environment (8.0_202) (build 1.8.0_202-release-1483-b49-5587405)
# Java VM: OpenJDK 64-Bit Server VM (25.202-b49-5587405 mixed mode linux-amd64 compressed oops)
Heap:
 PSYoungGen      total 634368K, used 27618K [0x000000076ab00000, 0x00000007a1900000, 0x00000007c0000000)
  eden space 492544K, 0% used [0x000000076ab00000,0x000000076ab00000,0x0000000788c00000)
  from space 141824K, 19% used [0x0000000788c00000,0x000000078a6f8a48,0x0000000791680000)
  to   space 141824K, 0% used [0x0000000798e80000,0x0000000798e80000,0x00000007a1900000)
 ParOldGen       total 621568K, used 621243K [0x00000006c0000000, 0x00000006e5f00000, 0x000000076ab00000)
  object space 621568K, 99% used [0x00000006c0000000,0x00000006e5eaeeb0,0x00000006e5f00000)
 Metaspace       used 6629K, capacity 7344K, committed 7552K, reserved 1056768K
  class space    used 598K, capacity 616K, committed 640K, reserved 1048576K
GC Heap History (10 events):
Event: 40.562 GC heap after
Heap after GC invocations=17 (full 4):
 PSYoungGen      total 511488K, used 0K [0x000000076ab00000, 0x0000000795400000, 0x00000007c0000000)
  eden space 419840K, 0% used [0x000000076ab00000,0x000000076ab00000,0x0000000784500000)
  from space 91648K, 0% used [0x000000078b900000,0x000000078b900000,0x0000000791280000)
  to   space 118784K, 0% used [0x0000000784500000,0x0000000784506f80,0x000000078b900000)
 ParOldGen       total 534528K, used 390125K [0x00000006c0000000, 0x00000006e0a00000, 0x000000076ab00000)
  object space 534528K, 72% used [0x00000006c0000000,0x00000006d7cfb4b0,0x00000006e0a00000)
 Metaspace       used 6603K, capacity 7344K, committed 7552K, reserved 1056768K
  class space    used 596K, capacity 616K, committed 640K, reserved 1048576K
}
Event: 42.592 GC heap before
{Heap before GC invocations=18 (full 5):
 PSYoungGen      total 511488K, used 419840K [0x000000076ab00000, 0x0000000795400000, 0x00000007c0000000)
  eden space 419840K, 100% used [0x000000076ab00000,0x0000000784500000,0x0000000784500000)
  from space 91648K, 0% used [0x000000078b900000,0x000000078b900000,0x0000000791280000)
  to   space 118784K, 0% used [0x0000000784500000,0x0000000784506f80,0x000000078b900000)
 ParOldGen       total 534528K, used 390125K [0x00000006c0000000, 0x00000006e0a00000, 0x000000076ab00000)
  object space 534528K, 72% used [0x00000006c0000000,0x00000006d7cfb4b0,0x00000006e0a00000)
 Metaspace       used 6608K, capacity 7344K, committed 7552K, reserved 1056768K
  class space    used 596K, capacity 616K, committed 640K, reserved 1048576K
Event: 44.074 GC heap after
Heap after GC invocations=18 (full 5):
 PSYoungGen      total 511488K, used 0K [0x000000076ab00000, 0x0000000795400000, 0x00000007c0000000)
  eden space 419840K, 0% used [0x000000076ab00000,0x000000076ab00000,0x0000000784500000)
  from space 91648K, 0% used [0x000000078b900000,0x000000078b900000,0x0000000791280000)
  to   space 118784K, 0% used [0x0000000784500000,0x0000000784500000,0x000000078b900000)
 ParOldGen       total 621568K, used 453041K [0x00000006c0000000, 0x00000006e5f00000, 0x000000076ab00000)
  object space 621568K, 72% used [0x00000006c0000000,0x00000006dba6c4d0,0x00000006e5f00000)
 Metaspace       used 6608K, capacity 7344K, committed 7552K, reserved 1056768K
  class space    used 596K, capacity 616K, committed 640K, reserved 1048576K
}
Event: 45.513 GC heap before
{Heap before GC invocations=19 (full 5):
 PSYoungGen      total 511488K, used 419840K [0x000000076ab00000, 0x0000000795400000, 0x00000007c0000000)
  eden space 419840K, 100% used [0x000000076ab00000,0x0000000784500000,0x0000000784500000)
  from space 91648K, 0% used [0x000000078b900000,0x000000078b900000,0x0000000791280000)
  to   space 118784K, 0% used [0x0000000784500000,0x0000000784500000,0x000000078b900000)
 ParOldGen       total 621568K, used 453041K [0x00000006c0000000, 0x00000006e5f00000, 0x000000076ab00000)
  object space 621568K, 72% used [0x00000006c0000000,0x00000006dba6c4d0,0x00000006e5f00000)
 Metaspace       used 6619K, capacity 7344K, committed 7552K, reserved 1056768K
  class space    used 598K, capacity 616K, committed 640K, reserved 1048576K
Event: 45.603 GC heap after
Heap after GC invocations=19 (full 5):
 PSYoungGen      total 538624K, used 64081K [0x000000076ab00000, 0x0000000798a80000, 0x00000007c0000000)
  eden space 419840K, 0% used [0x000000076ab00000,0x000000076ab00000,0x0000000784500000)
  from space 118784K, 53% used [0x0000000784500000,0x0000000788394468,0x000000078b900000)
  to   space 118784K, 0% used [0x0000000791680000,0x0000000791680000,0x0000000798a80000)
 ParOldGen       total 621568K, used 453041K [0x00000006c0000000, 0x00000006e5f00000, 0x000000076ab00000)
  object space 621568K, 72% used [0x00000006c0000000,0x00000006dba6c4d0,0x00000006e5f00000)
 Metaspace       used 6619K, capacity 7344K, committed 7552K, reserved 1056768K
  class space    used 598K, capacity 616K, committed 640K, reserved 1048576K
}
Event: 46.940 GC heap before
{Heap before GC invocations=20 (full 5):
 PSYoungGen      total 538624K, used 483921K [0x000000076ab00000, 0x0000000798a80000, 0x00000007c0000000)
  eden space 419840K, 100% used [0x000000076ab00000,0x0000000784500000,0x0000000784500000)
  from space 118784K, 53% used [0x0000000784500000,0x0000000788394468,0x000000078b900000)
  to   space 118784K, 0% used [0x0000000791680000,0x0000000791680000,0x0000000798a80000)
 ParOldGen       total 621568K, used 453041K [0x00000006c0000000, 0x00000006e5f00000, 0x000000076ab00000)
  object space 621568K, 72% used [0x00000006c0000000,0x00000006dba6c4d0,0x00000006e5f00000)
 Metaspace       used 6622K, capacity 7344K, committed 7552K, reserved 1056768K
  class space    used 598K, capacity 616K, committed 640K, reserved 1048576K
Event: 47.213 GC heap after
Heap after GC invocations=20 (full 5):
 PSYoungGen      total 611328K, used 118772K [0x000000076ab00000, 0x000000079b500000, 0x00000007c0000000)
  eden space 492544K, 0% used [0x000000076ab00000,0x000000076ab00000,0x0000000788c00000)
  from space 118784K, 99% used [0x0000000791680000,0x0000000798a7d1f8,0x0000000798a80000)
  to   space 141824K, 0% used [0x0000000788c00000,0x0000000788c00000,0x0000000791680000)
 ParOldGen       total 621568K, used 461564K [0x00000006c0000000, 0x00000006e5f00000, 0x000000076ab00000)
  object space 621568K, 74% used [0x00000006c0000000,0x00000006dc2bf388,0x00000006e5f00000)
 Metaspace       used 6622K, capacity 7344K, committed 7552K, reserved 1056768K
  class space    used 598K, capacity 616K, committed 640K, reserved 1048576K
}
Event: 48.857 GC heap before
{Heap before GC invocations=21 (full 5):
 PSYoungGen      total 611328K, used 611316K [0x000000076ab00000, 0x000000079b500000, 0x00000007c0000000)
  eden space 492544K, 100% used [0x000000076ab00000,0x0000000788c00000,0x0000000788c00000)
  from space 118784K, 99% used [0x0000000791680000,0x0000000798a7d1f8,0x0000000798a80000)
  to   space 141824K, 0% used [0x0000000788c00000,0x0000000788c00000,0x0000000791680000)
 ParOldGen       total 621568K, used 461564K [0x00000006c0000000, 0x00000006e5f00000, 0x000000076ab00000)
  object space 621568K, 74% used [0x00000006c0000000,0x00000006dc2bf388,0x00000006e5f00000)
 Metaspace       used 6629K, capacity 7344K, committed 7552K, reserved 1056768K
  class space    used 598K, capacity 616K, committed 640K, reserved 1048576K
Event: 49.807 GC heap after
Heap after GC invocations=21 (full 5):
 PSYoungGen      total 634368K, used 78114K [0x000000076ab00000, 0x00000007a1900000, 0x00000007c0000000)
  eden space 492544K, 0% used [0x000000076ab00000,0x000000076ab00000,0x0000000788c00000)
  from space 141824K, 55% used [0x0000000788c00000,0x000000078d848938,0x0000000791680000)
  to   space 141824K, 0% used [0x0000000798e80000,0x0000000798e80000,0x00000007a1900000)
 ParOldGen       total 621568K, used 580498K [0x00000006c0000000, 0x00000006e5f00000, 0x000000076ab00000)
  object space 621568K, 93% used [0x00000006c0000000,0x00000006e36e4b68,0x00000006e5f00000)
 Metaspace       used 6629K, capacity 7344K, committed 7552K, reserved 1056768K
  class space    used 598K, capacity 616K, committed 640K, reserved 1048576K
}
Event: 49.813 GC heap before
{Heap before GC invocations=22 (full 6):
 PSYoungGen      total 634368K, used 78114K [0x000000076ab00000, 0x00000007a1900000, 0x00000007c0000000)
  eden space 492544K, 0% used [0x000000076ab00000,0x000000076ab00000,0x0000000788c00000)
  from space 141824K, 55% used [0x0000000788c00000,0x000000078d848938,0x0000000791680000)
  to   space 141824K, 0% used [0x0000000798e80000,0x0000000798e80000,0x00000007a1900000)
 ParOldGen       total 621568K, used 580498K [0x00000006c0000000, 0x00000006e5f00000, 0x000000076ab00000)
  object space 621568K, 93% used [0x00000006c0000000,0x00000006e36e4b68,0x00000006e5f00000)
 Metaspace       used 6629K, capacity 7344K, committed 7552K, reserved 1056768K
  class space    used 598K, capacity 616K, committed 640K, reserved 1048576K

