# JRE version: OpenJDK Runtime Environment (8.0_202) (build 1.8.0_202-release-1483-b49-5587405)
# Java VM: OpenJDK 64-Bit Server VM (25.202-b49-5587405 mixed mode linux-amd64 compressed oops)
Heap:
 PSYoungGen      total 637440K, used 34063K [0x000000076ab00000, 0x000000079f580000, 0x00000007c0000000)
  eden space 507904K, 0% used [0x000000076ab00000,0x000000076ab00000,0x0000000789b00000)
  from space 129536K, 26% used [0x0000000789b00000,0x000000078bc43d48,0x0000000791980000)
  to   space 130048K, 0% used [0x0000000797680000,0x0000000797680000,0x000000079f580000)
 ParOldGen       total 508416K, used 507978K [0x00000006c0000000, 0x00000006df080000, 0x000000076ab00000)
  object space 508416K, 99% used [0x00000006c0000000,0x00000006df012a98,0x00000006df080000)
 Metaspace       used 6584K, capacity 7280K, committed 7552K, reserved 1056768K
  class space    used 597K, capacity 616K, committed 640K, reserved 1048576K
GC Heap History (10 events):
Event: 29.863 GC heap after
Heap after GC invocations=19 (full 3):
 PSYoungGen      total 532480K, used 75772K [0x000000076ab00000, 0x0000000794880000, 0x00000007c0000000)
  eden space 456704K, 0% used [0x000000076ab00000,0x000000076ab00000,0x0000000786900000)
  from space 75776K, 99% used [0x000000078cb00000,0x00000007914ff238,0x0000000791500000)
  to   space 100352K, 0% used [0x0000000786900000,0x0000000786900000,0x000000078cb00000)
 ParOldGen       total 327168K, used 270333K [0x00000006c0000000, 0x00000006d3f80000, 0x000000076ab00000)
  object space 327168K, 82% used [0x00000006c0000000,0x00000006d07ff648,0x00000006d3f80000)
 Metaspace       used 6572K, capacity 7280K, committed 7552K, reserved 1056768K
  class space    used 597K, capacity 616K, committed 640K, reserved 1048576K
}
Event: 32.996 GC heap before
{Heap before GC invocations=20 (full 3):
 PSYoungGen      total 532480K, used 532476K [0x000000076ab00000, 0x0000000794880000, 0x00000007c0000000)
  eden space 456704K, 100% used [0x000000076ab00000,0x0000000786900000,0x0000000786900000)
  from space 75776K, 99% used [0x000000078cb00000,0x00000007914ff238,0x0000000791500000)
  to   space 100352K, 0% used [0x0000000786900000,0x0000000786900000,0x000000078cb00000)
 ParOldGen       total 327168K, used 270333K [0x00000006c0000000, 0x00000006d3f80000, 0x000000076ab00000)
  object space 327168K, 82% used [0x00000006c0000000,0x00000006d07ff648,0x00000006d3f80000)
 Metaspace       used 6579K, capacity 7280K, committed 7552K, reserved 1056768K
  class space    used 597K, capacity 616K, committed 640K, reserved 1048576K
Event: 33.489 GC heap after
Heap after GC invocations=20 (full 3):
 PSYoungGen      total 557056K, used 67625K [0x000000076ab00000, 0x0000000797f80000, 0x00000007c0000000)
  eden space 456704K, 0% used [0x000000076ab00000,0x000000076ab00000,0x0000000786900000)
  from space 100352K, 67% used [0x0000000786900000,0x000000078ab0a6b0,0x000000078cb00000)
  to   space 104448K, 0% used [0x0000000791980000,0x0000000791980000,0x0000000797f80000)
 ParOldGen       total 347136K, used 346534K [0x00000006c0000000, 0x00000006d5300000, 0x000000076ab00000)
  object space 347136K, 99% used [0x00000006c0000000,0x00000006d5269a08,0x00000006d5300000)
 Metaspace       used 6579K, capacity 7280K, committed 7552K, reserved 1056768K
  class space    used 597K, capacity 616K, committed 640K, reserved 1048576K
}
Event: 33.489 GC heap before
{Heap before GC invocations=21 (full 4):
 PSYoungGen      total 557056K, used 67625K [0x000000076ab00000, 0x0000000797f80000, 0x00000007c0000000)
  eden space 456704K, 0% used [0x000000076ab00000,0x000000076ab00000,0x0000000786900000)
  from space 100352K, 67% used [0x0000000786900000,0x000000078ab0a6b0,0x000000078cb00000)
  to   space 104448K, 0% used [0x0000000791980000,0x0000000791980000,0x0000000797f80000)
 ParOldGen       total 347136K, used 346534K [0x00000006c0000000, 0x00000006d5300000, 0x000000076ab00000)
  object space 347136K, 99% used [0x00000006c0000000,0x00000006d5269a08,0x00000006d5300000)
 Metaspace       used 6579K, capacity 7280K, committed 7552K, reserved 1056768K
  class space    used 597K, capacity 616K, committed 640K, reserved 1048576K
Event: 38.563 GC heap after
Heap after GC invocations=21 (full 4):
 PSYoungGen      total 557056K, used 63073K [0x000000076ab00000, 0x0000000797f80000, 0x00000007c0000000)
  eden space 456704K, 0% used [0x000000076ab00000,0x000000076ab00000,0x0000000786900000)
  from space 100352K, 62% used [0x0000000786900000,0x000000078a698618,0x000000078cb00000)
  to   space 104448K, 0% used [0x0000000791980000,0x0000000791980000,0x0000000797f80000)
 ParOldGen       total 508416K, used 347006K [0x00000006c0000000, 0x00000006df080000, 0x000000076ab00000)
  object space 508416K, 68% used [0x00000006c0000000,0x00000006d52df828,0x00000006df080000)
 Metaspace       used 6579K, capacity 7280K, committed 7552K, reserved 1056768K
  class space    used 597K, capacity 616K, committed 640K, reserved 1048576K
}
Event: 41.421 GC heap before
{Heap before GC invocations=22 (full 4):
 PSYoungGen      total 557056K, used 519777K [0x000000076ab00000, 0x0000000797f80000, 0x00000007c0000000)
  eden space 456704K, 100% used [0x000000076ab00000,0x0000000786900000,0x0000000786900000)
  from space 100352K, 62% used [0x0000000786900000,0x000000078a698618,0x000000078cb00000)
  to   space 104448K, 0% used [0x0000000791980000,0x0000000791980000,0x0000000797f80000)
 ParOldGen       total 508416K, used 347006K [0x00000006c0000000, 0x00000006df080000, 0x000000076ab00000)
  object space 508416K, 68% used [0x00000006c0000000,0x00000006d52df828,0x00000006df080000)
 Metaspace       used 6579K, capacity 7280K, committed 7552K, reserved 1056768K
  class space    used 597K, capacity 616K, committed 640K, reserved 1048576K
Event: 41.966 GC heap after
Heap after GC invocations=22 (full 4):
 PSYoungGen      total 612352K, used 104422K [0x000000076ab00000, 0x000000079a480000, 0x00000007c0000000)
  eden space 507904K, 0% used [0x000000076ab00000,0x000000076ab00000,0x0000000789b00000)
  from space 104448K, 99% used [0x0000000791980000,0x0000000797f79838,0x0000000797f80000)
  to   space 129536K, 0% used [0x0000000789b00000,0x0000000789b00000,0x0000000791980000)
 ParOldGen       total 508416K, used 369061K [0x00000006c0000000, 0x00000006df080000, 0x000000076ab00000)
  object space 508416K, 72% used [0x00000006c0000000,0x00000006d6869430,0x00000006df080000)
 Metaspace       used 6579K, capacity 7280K, committed 7552K, reserved 1056768K
  class space    used 597K, capacity 616K, committed 640K, reserved 1048576K
}
Event: 44.980 GC heap before
{Heap before GC invocations=23 (full 4):
 PSYoungGen      total 612352K, used 612326K [0x000000076ab00000, 0x000000079a480000, 0x00000007c0000000)
  eden space 507904K, 100% used [0x000000076ab00000,0x0000000789b00000,0x0000000789b00000)
  from space 104448K, 99% used [0x0000000791980000,0x0000000797f79838,0x0000000797f80000)
  to   space 129536K, 0% used [0x0000000789b00000,0x0000000789b00000,0x0000000791980000)
 ParOldGen       total 508416K, used 369061K [0x00000006c0000000, 0x00000006df080000, 0x000000076ab00000)
  object space 508416K, 72% used [0x00000006c0000000,0x00000006d6869430,0x00000006df080000)
 Metaspace       used 6584K, capacity 7280K, committed 7552K, reserved 1056768K
  class space    used 597K, capacity 616K, committed 640K, reserved 1048576K
Event: 47.473 GC heap after
Heap after GC invocations=23 (full 4):
 PSYoungGen      total 637440K, used 74328K [0x000000076ab00000, 0x000000079f580000, 0x00000007c0000000)
  eden space 507904K, 0% used [0x000000076ab00000,0x000000076ab00000,0x0000000789b00000)
  from space 129536K, 57% used [0x0000000789b00000,0x000000078e3962b8,0x0000000791980000)
  to   space 130048K, 0% used [0x0000000797680000,0x0000000797680000,0x000000079f580000)
 ParOldGen       total 508416K, used 473444K [0x00000006c0000000, 0x00000006df080000, 0x000000076ab00000)
  object space 508416K, 93% used [0x00000006c0000000,0x00000006dce592f8,0x00000006df080000)
 Metaspace       used 6584K, capacity 7280K, committed 7552K, reserved 1056768K
  class space    used 597K, capacity 616K, committed 640K, reserved 1048576K
}
Event: 47.473 GC heap before
{Heap before GC invocations=24 (full 5):
 PSYoungGen      total 637440K, used 74328K [0x000000076ab00000, 0x000000079f580000, 0x00000007c0000000)
  eden space 507904K, 0% used [0x000000076ab00000,0x000000076ab00000,0x0000000789b00000)
  from space 129536K, 57% used [0x0000000789b00000,0x000000078e3962b8,0x0000000791980000)
  to   space 130048K, 0% used [0x0000000797680000,0x0000000797680000,0x000000079f580000)
 ParOldGen       total 508416K, used 473444K [0x00000006c0000000, 0x00000006df080000, 0x000000076ab00000)
  object space 508416K, 93% used [0x00000006c0000000,0x00000006dce592f8,0x00000006df080000)
 Metaspace       used 6584K, capacity 7280K, committed 7552K, reserved 1056768K
  class space    used 597K, capacity 616K, committed 640K, reserved 1048576K

