# JRE version: OpenJDK Runtime Environment (8.0_202) (build 1.8.0_202-release-1483-b49-5587405)
# Java VM: OpenJDK 64-Bit Server VM (25.202-b49-5587405 mixed mode linux-amd64 compressed oops)
Heap:
 PSYoungGen      total 791040K, used 126304K [0x000000076ab00000, 0x00000007aa780000, 0x00000007c0000000)
  eden space 581120K, 0% used [0x000000076ab00000,0x000000076ab00000,0x000000078e280000)
  from space 209920K, 60% used [0x000000079ba00000,0x00000007a35580c0,0x00000007a8700000)
  to   space 220672K, 0% used [0x000000078e280000,0x000000078e280000,0x000000079ba00000)
 ParOldGen       total 620544K, used 620430K [0x00000006c0000000, 0x00000006e5e00000, 0x000000076ab00000)
  object space 620544K, 99% used [0x00000006c0000000,0x00000006e5de3b70,0x00000006e5e00000)
 Metaspace       used 6461K, capacity 7344K, committed 7552K, reserved 1056768K
  class space    used 585K, capacity 616K, committed 640K, reserved 1048576K
GC Heap History (10 events):
Event: 24.514 GC heap after
Heap after GC invocations=22 (full 4):
 PSYoungGen      total 593408K, used 80691K [0x000000076ab00000, 0x0000000796c80000, 0x00000007c0000000)
  eden space 476672K, 0% used [0x000000076ab00000,0x000000076ab00000,0x0000000787c80000)
  from space 116736K, 69% used [0x000000078f480000,0x000000079434cd50,0x0000000796680000)
  to   space 122880K, 0% used [0x0000000787c80000,0x0000000787c80000,0x000000078f480000)
 ParOldGen       total 606720K, used 395408K [0x00000006c0000000, 0x00000006e5080000, 0x000000076ab00000)
  object space 606720K, 65% used [0x00000006c0000000,0x00000006d8224238,0x00000006e5080000)
 Metaspace       used 6454K, capacity 7344K, committed 7552K, reserved 1056768K
  class space    used 584K, capacity 616K, committed 640K, reserved 1048576K
}
Event: 26.504 GC heap before
{Heap before GC invocations=23 (full 4):
 PSYoungGen      total 593408K, used 557363K [0x000000076ab00000, 0x0000000796c80000, 0x00000007c0000000)
  eden space 476672K, 100% used [0x000000076ab00000,0x0000000787c80000,0x0000000787c80000)
  from space 116736K, 69% used [0x000000078f480000,0x000000079434cd50,0x0000000796680000)
  to   space 122880K, 0% used [0x0000000787c80000,0x0000000787c80000,0x000000078f480000)
 ParOldGen       total 606720K, used 395408K [0x00000006c0000000, 0x00000006e5080000, 0x000000076ab00000)
  object space 606720K, 65% used [0x00000006c0000000,0x00000006d8224238,0x00000006e5080000)
 Metaspace       used 6454K, capacity 7344K, committed 7552K, reserved 1056768K
  class space    used 584K, capacity 616K, committed 640K, reserved 1048576K
Event: 26.773 GC heap after
Heap after GC invocations=23 (full 4):
 PSYoungGen      total 599552K, used 122859K [0x000000076ab00000, 0x000000079de80000, 0x00000007c0000000)
  eden space 476672K, 0% used [0x000000076ab00000,0x000000076ab00000,0x0000000787c80000)
  from space 122880K, 99% used [0x0000000787c80000,0x000000078f47ac10,0x000000078f480000)
  to   space 153600K, 0% used [0x0000000794880000,0x0000000794880000,0x000000079de80000)
 ParOldGen       total 606720K, used 424607K [0x00000006c0000000, 0x00000006e5080000, 0x000000076ab00000)
  object space 606720K, 69% used [0x00000006c0000000,0x00000006d9ea7d38,0x00000006e5080000)
 Metaspace       used 6454K, capacity 7344K, committed 7552K, reserved 1056768K
  class space    used 584K, capacity 616K, committed 640K, reserved 1048576K
}
Event: 28.598 GC heap before
{Heap before GC invocations=24 (full 4):
 PSYoungGen      total 599552K, used 599531K [0x000000076ab00000, 0x000000079de80000, 0x00000007c0000000)
  eden space 476672K, 100% used [0x000000076ab00000,0x0000000787c80000,0x0000000787c80000)
  from space 122880K, 99% used [0x0000000787c80000,0x000000078f47ac10,0x000000078f480000)
  to   space 153600K, 0% used [0x0000000794880000,0x0000000794880000,0x000000079de80000)
 ParOldGen       total 606720K, used 424607K [0x00000006c0000000, 0x00000006e5080000, 0x000000076ab00000)
  object space 606720K, 69% used [0x00000006c0000000,0x00000006d9ea7d38,0x00000006e5080000)
 Metaspace       used 6455K, capacity 7344K, committed 7552K, reserved 1056768K
  class space    used 584K, capacity 616K, committed 640K, reserved 1048576K
Event: 29.428 GC heap after
Heap after GC invocations=24 (full 4):
 PSYoungGen      total 667648K, used 131871K [0x000000076ab00000, 0x00000007a1380000, 0x00000007c0000000)
  eden space 514048K, 0% used [0x000000076ab00000,0x000000076ab00000,0x000000078a100000)
  from space 153600K, 85% used [0x0000000794880000,0x000000079c947c00,0x000000079de80000)
  to   space 171520K, 0% used [0x000000078a100000,0x000000078a100000,0x0000000794880000)
 ParOldGen       total 606720K, used 487218K [0x00000006c0000000, 0x00000006e5080000, 0x000000076ab00000)
  object space 606720K, 80% used [0x00000006c0000000,0x00000006ddbccbe0,0x00000006e5080000)
 Metaspace       used 6455K, capacity 7344K, committed 7552K, reserved 1056768K
  class space    used 584K, capacity 616K, committed 640K, reserved 1048576K
}
Event: 31.444 GC heap before
{Heap before GC invocations=25 (full 4):
 PSYoungGen      total 667648K, used 645919K [0x000000076ab00000, 0x00000007a1380000, 0x00000007c0000000)
  eden space 514048K, 100% used [0x000000076ab00000,0x000000078a100000,0x000000078a100000)
  from space 153600K, 85% used [0x0000000794880000,0x000000079c947c00,0x000000079de80000)
  to   space 171520K, 0% used [0x000000078a100000,0x000000078a100000,0x0000000794880000)
 ParOldGen       total 606720K, used 487218K [0x00000006c0000000, 0x00000006e5080000, 0x000000076ab00000)
  object space 606720K, 80% used [0x00000006c0000000,0x00000006ddbccbe0,0x00000006e5080000)
 Metaspace       used 6460K, capacity 7344K, committed 7552K, reserved 1056768K
  class space    used 584K, capacity 616K, committed 640K, reserved 1048576K
Event: 31.754 GC heap after
Heap after GC invocations=25 (full 4):
 PSYoungGen      total 685568K, used 171499K [0x000000076ab00000, 0x00000007a8700000, 0x00000007c0000000)
  eden space 514048K, 0% used [0x000000076ab00000,0x000000076ab00000,0x000000078a100000)
  from space 171520K, 99% used [0x000000078a100000,0x000000079487acb8,0x0000000794880000)
  to   space 209920K, 0% used [0x000000079ba00000,0x000000079ba00000,0x00000007a8700000)
 ParOldGen       total 606720K, used 515272K [0x00000006c0000000, 0x00000006e5080000, 0x000000076ab00000)
  object space 606720K, 84% used [0x00000006c0000000,0x00000006df7320b8,0x00000006e5080000)
 Metaspace       used 6460K, capacity 7344K, committed 7552K, reserved 1056768K
  class space    used 584K, capacity 616K, committed 640K, reserved 1048576K
}
Event: 33.363 GC heap before
{Heap before GC invocations=26 (full 4):
 PSYoungGen      total 685568K, used 685547K [0x000000076ab00000, 0x00000007a8700000, 0x00000007c0000000)
  eden space 514048K, 100% used [0x000000076ab00000,0x000000078a100000,0x000000078a100000)
  from space 171520K, 99% used [0x000000078a100000,0x000000079487acb8,0x0000000794880000)
  to   space 209920K, 0% used [0x000000079ba00000,0x000000079ba00000,0x00000007a8700000)
 ParOldGen       total 606720K, used 515272K [0x00000006c0000000, 0x00000006e5080000, 0x000000076ab00000)
  object space 606720K, 84% used [0x00000006c0000000,0x00000006df7320b8,0x00000006e5080000)
 Metaspace       used 6461K, capacity 7344K, committed 7552K, reserved 1056768K
  class space    used 585K, capacity 616K, committed 640K, reserved 1048576K
Event: 34.082 GC heap after
Heap after GC invocations=26 (full 4):
 PSYoungGen      total 791040K, used 142750K [0x000000076ab00000, 0x00000007aa780000, 0x00000007c0000000)
  eden space 581120K, 0% used [0x000000076ab00000,0x000000076ab00000,0x000000078e280000)
  from space 209920K, 68% used [0x000000079ba00000,0x00000007a4567ac0,0x00000007a8700000)
  to   space 220672K, 0% used [0x000000078e280000,0x000000078e280000,0x000000079ba00000)
 ParOldGen       total 620544K, used 620170K [0x00000006c0000000, 0x00000006e5e00000, 0x000000076ab00000)
  object space 620544K, 99% used [0x00000006c0000000,0x00000006e5da2990,0x00000006e5e00000)
 Metaspace       used 6461K, capacity 7344K, committed 7552K, reserved 1056768K
  class space    used 585K, capacity 616K, committed 640K, reserved 1048576K
}
Event: 34.092 GC heap before
{Heap before GC invocations=27 (full 5):
 PSYoungGen      total 791040K, used 142750K [0x000000076ab00000, 0x00000007aa780000, 0x00000007c0000000)
  eden space 581120K, 0% used [0x000000076ab00000,0x000000076ab00000,0x000000078e280000)
  from space 209920K, 68% used [0x000000079ba00000,0x00000007a4567ac0,0x00000007a8700000)
  to   space 220672K, 0% used [0x000000078e280000,0x000000078e280000,0x000000079ba00000)
 ParOldGen       total 620544K, used 620170K [0x00000006c0000000, 0x00000006e5e00000, 0x000000076ab00000)
  object space 620544K, 99% used [0x00000006c0000000,0x00000006e5da2990,0x00000006e5e00000)
 Metaspace       used 6461K, capacity 7344K, committed 7552K, reserved 1056768K
  class space    used 585K, capacity 616K, committed 640K, reserved 1048576K

