# JRE version: OpenJDK Runtime Environment (8.0_202) (build 1.8.0_202-release-1483-b49-5587405)
# Java VM: OpenJDK 64-Bit Server VM (25.202-b49-5587405 mixed mode linux-amd64 compressed oops)
Heap:
 PSYoungGen      total 795648K, used 57139K [0x000000076ab00000, 0x00000007ac280000, 0x00000007c0000000)
  eden space 570880K, 0% used [0x000000076ab00000,0x000000076ab00000,0x000000078d880000)
  from space 224768K, 25% used [0x000000079c180000,0x000000079f94cc30,0x00000007a9d00000)
  to   space 238592K, 0% used [0x000000078d880000,0x000000078d880000,0x000000079c180000)
 ParOldGen       total 596480K, used 596408K [0x00000006c0000000, 0x00000006e4680000, 0x000000076ab00000)
  object space 596480K, 99% used [0x00000006c0000000,0x00000006e466e050,0x00000006e4680000)
 Metaspace       used 6633K, capacity 7344K, committed 7552K, reserved 1056768K
  class space    used 598K, capacity 616K, committed 640K, reserved 1048576K
GC Heap History (10 events):
Event: 21.683 GC heap after
Heap after GC invocations=18 (full 3):
 PSYoungGen      total 595968K, used 149481K [0x000000076ab00000, 0x00000007a1380000, 0x00000007c0000000)
  eden space 446464K, 0% used [0x000000076ab00000,0x000000076ab00000,0x0000000785f00000)
  from space 149504K, 99% used [0x0000000785f00000,0x000000078f0fa7a8,0x000000078f100000)
  to   space 179712K, 0% used [0x0000000796400000,0x0000000796400000,0x00000007a1380000)
 ParOldGen       total 364032K, used 291117K [0x00000006c0000000, 0x00000006d6380000, 0x000000076ab00000)
  object space 364032K, 79% used [0x00000006c0000000,0x00000006d1c4b780,0x00000006d6380000)
 Metaspace       used 6608K, capacity 7344K, committed 7552K, reserved 1056768K
  class space    used 596K, capacity 616K, committed 640K, reserved 1048576K
}
Event: 23.276 GC heap before
{Heap before GC invocations=19 (full 3):
 PSYoungGen      total 595968K, used 595945K [0x000000076ab00000, 0x00000007a1380000, 0x00000007c0000000)
  eden space 446464K, 100% used [0x000000076ab00000,0x0000000785f00000,0x0000000785f00000)
  from space 149504K, 99% used [0x0000000785f00000,0x000000078f0fa7a8,0x000000078f100000)
  to   space 179712K, 0% used [0x0000000796400000,0x0000000796400000,0x00000007a1380000)
 ParOldGen       total 364032K, used 291117K [0x00000006c0000000, 0x00000006d6380000, 0x000000076ab00000)
  object space 364032K, 79% used [0x00000006c0000000,0x00000006d1c4b780,0x00000006d6380000)
 Metaspace       used 6621K, capacity 7344K, committed 7552K, reserved 1056768K
  class space    used 597K, capacity 616K, committed 640K, reserved 1048576K
Event: 23.538 GC heap after
Heap after GC invocations=19 (full 3):
 PSYoungGen      total 701952K, used 129908K [0x000000076ab00000, 0x00000007a2f80000, 0x00000007c0000000)
  eden space 522240K, 0% used [0x000000076ab00000,0x000000076ab00000,0x000000078a900000)
  from space 179712K, 72% used [0x0000000796400000,0x000000079e2dd1a8,0x00000007a1380000)
  to   space 191488K, 0% used [0x000000078a900000,0x000000078a900000,0x0000000796400000)
 ParOldGen       total 384512K, used 383519K [0x00000006c0000000, 0x00000006d7780000, 0x000000076ab00000)
  object space 384512K, 99% used [0x00000006c0000000,0x00000006d7687f18,0x00000006d7780000)
 Metaspace       used 6621K, capacity 7344K, committed 7552K, reserved 1056768K
  class space    used 597K, capacity 616K, committed 640K, reserved 1048576K
}
Event: 23.538 GC heap before
{Heap before GC invocations=20 (full 4):
 PSYoungGen      total 701952K, used 129908K [0x000000076ab00000, 0x00000007a2f80000, 0x00000007c0000000)
  eden space 522240K, 0% used [0x000000076ab00000,0x000000076ab00000,0x000000078a900000)
  from space 179712K, 72% used [0x0000000796400000,0x000000079e2dd1a8,0x00000007a1380000)
  to   space 191488K, 0% used [0x000000078a900000,0x000000078a900000,0x0000000796400000)
 ParOldGen       total 384512K, used 383519K [0x00000006c0000000, 0x00000006d7780000, 0x000000076ab00000)
  object space 384512K, 99% used [0x00000006c0000000,0x00000006d7687f18,0x00000006d7780000)
 Metaspace       used 6621K, capacity 7344K, committed 7552K, reserved 1056768K
  class space    used 597K, capacity 616K, committed 640K, reserved 1048576K
Event: 26.551 GC heap after
Heap after GC invocations=20 (full 4):
 PSYoungGen      total 701952K, used 120534K [0x000000076ab00000, 0x00000007a2f80000, 0x00000007c0000000)
  eden space 522240K, 0% used [0x000000076ab00000,0x000000076ab00000,0x000000078a900000)
  from space 179712K, 67% used [0x0000000796400000,0x000000079d9b5908,0x00000007a1380000)
  to   space 191488K, 0% used [0x000000078a900000,0x000000078a900000,0x0000000796400000)
 ParOldGen       total 596480K, used 384098K [0x00000006c0000000, 0x00000006e4680000, 0x000000076ab00000)
  object space 596480K, 64% used [0x00000006c0000000,0x00000006d7718bf8,0x00000006e4680000)
 Metaspace       used 6621K, capacity 7344K, committed 7552K, reserved 1056768K
  class space    used 597K, capacity 616K, committed 640K, reserved 1048576K
}
Event: 27.926 GC heap before
{Heap before GC invocations=21 (full 4):
 PSYoungGen      total 701952K, used 642774K [0x000000076ab00000, 0x00000007a2f80000, 0x00000007c0000000)
  eden space 522240K, 100% used [0x000000076ab00000,0x000000078a900000,0x000000078a900000)
  from space 179712K, 67% used [0x0000000796400000,0x000000079d9b5908,0x00000007a1380000)
  to   space 191488K, 0% used [0x000000078a900000,0x000000078a900000,0x0000000796400000)
 ParOldGen       total 596480K, used 384098K [0x00000006c0000000, 0x00000006e4680000, 0x000000076ab00000)
  object space 596480K, 64% used [0x00000006c0000000,0x00000006d7718bf8,0x00000006e4680000)
 Metaspace       used 6623K, capacity 7344K, committed 7552K, reserved 1056768K
  class space    used 597K, capacity 616K, committed 640K, reserved 1048576K
Event: 28.229 GC heap after
Heap after GC invocations=21 (full 4):
 PSYoungGen      total 713728K, used 191466K [0x000000076ab00000, 0x00000007a9d00000, 0x00000007c0000000)
  eden space 522240K, 0% used [0x000000076ab00000,0x000000076ab00000,0x000000078a900000)
  from space 191488K, 99% used [0x000000078a900000,0x00000007963fab08,0x0000000796400000)
  to   space 224768K, 0% used [0x000000079c180000,0x000000079c180000,0x00000007a9d00000)
 ParOldGen       total 596480K, used 387365K [0x00000006c0000000, 0x00000006e4680000, 0x000000076ab00000)
  object space 596480K, 64% used [0x00000006c0000000,0x00000006d7a49648,0x00000006e4680000)
 Metaspace       used 6623K, capacity 7344K, committed 7552K, reserved 1056768K
  class space    used 597K, capacity 616K, committed 640K, reserved 1048576K
}
Event: 29.560 GC heap before
{Heap before GC invocations=22 (full 4):
 PSYoungGen      total 713728K, used 713706K [0x000000076ab00000, 0x00000007a9d00000, 0x00000007c0000000)
  eden space 522240K, 100% used [0x000000076ab00000,0x000000078a900000,0x000000078a900000)
  from space 191488K, 99% used [0x000000078a900000,0x00000007963fab08,0x0000000796400000)
  to   space 224768K, 0% used [0x000000079c180000,0x000000079c180000,0x00000007a9d00000)
 ParOldGen       total 596480K, used 387365K [0x00000006c0000000, 0x00000006e4680000, 0x000000076ab00000)
  object space 596480K, 64% used [0x00000006c0000000,0x00000006d7a49648,0x00000006e4680000)
 Metaspace       used 6633K, capacity 7344K, committed 7552K, reserved 1056768K
  class space    used 598K, capacity 616K, committed 640K, reserved 1048576K
Event: 29.924 GC heap after
Heap after GC invocations=22 (full 4):
 PSYoungGen      total 795648K, used 160509K [0x000000076ab00000, 0x00000007ac280000, 0x00000007c0000000)
  eden space 570880K, 0% used [0x000000076ab00000,0x000000076ab00000,0x000000078d880000)
  from space 224768K, 71% used [0x000000079c180000,0x00000007a5e3f560,0x00000007a9d00000)
  to   space 238592K, 0% used [0x000000078d880000,0x000000078d880000,0x000000079c180000)
 ParOldGen       total 596480K, used 500540K [0x00000006c0000000, 0x00000006e4680000, 0x000000076ab00000)
  object space 596480K, 83% used [0x00000006c0000000,0x00000006de8cf3c0,0x00000006e4680000)
 Metaspace       used 6633K, capacity 7344K, committed 7552K, reserved 1056768K
  class space    used 598K, capacity 616K, committed 640K, reserved 1048576K
}
Event: 29.924 GC heap before
{Heap before GC invocations=23 (full 5):
 PSYoungGen      total 795648K, used 160509K [0x000000076ab00000, 0x00000007ac280000, 0x00000007c0000000)
  eden space 570880K, 0% used [0x000000076ab00000,0x000000076ab00000,0x000000078d880000)
  from space 224768K, 71% used [0x000000079c180000,0x00000007a5e3f560,0x00000007a9d00000)
  to   space 238592K, 0% used [0x000000078d880000,0x000000078d880000,0x000000079c180000)
 ParOldGen       total 596480K, used 500540K [0x00000006c0000000, 0x00000006e4680000, 0x000000076ab00000)
  object space 596480K, 83% used [0x00000006c0000000,0x00000006de8cf3c0,0x00000006e4680000)
 Metaspace       used 6633K, capacity 7344K, committed 7552K, reserved 1056768K
  class space    used 598K, capacity 616K, committed 640K, reserved 1048576K

