# JRE version: OpenJDK Runtime Environment (8.0_202) (build 1.8.0_202-release-1483-b49-5587405)
# Java VM: OpenJDK 64-Bit Server VM (25.202-b49-5587405 mixed mode linux-amd64 compressed oops)
Heap:
 PSYoungGen      total 808448K, used 92722K [0x000000076ab00000, 0x00000007b2500000, 0x00000007c0000000)
  eden space 606720K, 0% used [0x000000076ab00000,0x000000076ab00000,0x000000078fb80000)
  from space 201728K, 45% used [0x000000078fb80000,0x000000079560cb40,0x000000079c080000)
  to   space 220160K, 0% used [0x00000007a4e00000,0x00000007a4e00000,0x00000007b2500000)
 ParOldGen       total 506880K, used 506461K [0x00000006c0000000, 0x00000006def00000, 0x000000076ab00000)
  object space 506880K, 99% used [0x00000006c0000000,0x00000006dee97428,0x00000006def00000)
 Metaspace       used 6611K, capacity 7344K, committed 7552K, reserved 1056768K
  class space    used 599K, capacity 616K, committed 640K, reserved 1048576K
GC Heap History (10 events):
Event: 24.483 GC heap after
Heap after GC invocations=17 (full 3):
 PSYoungGen      total 652800K, used 95204K [0x000000076ab00000, 0x000000079ce80000, 0x00000007c0000000)
  eden space 499200K, 0% used [0x000000076ab00000,0x000000076ab00000,0x0000000789280000)
  from space 153600K, 61% used [0x0000000793880000,0x00000007995790a8,0x000000079ce80000)
  to   space 161792K, 0% used [0x0000000789280000,0x0000000789280000,0x0000000793080000)
 ParOldGen       total 349696K, used 278329K [0x00000006c0000000, 0x00000006d5580000, 0x000000076ab00000)
  object space 349696K, 79% used [0x00000006c0000000,0x00000006d0fce4d0,0x00000006d5580000)
 Metaspace       used 6598K, capacity 7344K, committed 7552K, reserved 1056768K
  class space    used 597K, capacity 616K, committed 640K, reserved 1048576K
}
Event: 27.215 GC heap before
{Heap before GC invocations=18 (full 3):
 PSYoungGen      total 652800K, used 594404K [0x000000076ab00000, 0x000000079ce80000, 0x00000007c0000000)
  eden space 499200K, 100% used [0x000000076ab00000,0x0000000789280000,0x0000000789280000)
  from space 153600K, 61% used [0x0000000793880000,0x00000007995790a8,0x000000079ce80000)
  to   space 161792K, 0% used [0x0000000789280000,0x0000000789280000,0x0000000793080000)
 ParOldGen       total 349696K, used 278329K [0x00000006c0000000, 0x00000006d5580000, 0x000000076ab00000)
  object space 349696K, 79% used [0x00000006c0000000,0x00000006d0fce4d0,0x00000006d5580000)
 Metaspace       used 6600K, capacity 7344K, committed 7552K, reserved 1056768K
  class space    used 597K, capacity 616K, committed 640K, reserved 1048576K
Event: 27.424 GC heap after
Heap after GC invocations=18 (full 3):
 PSYoungGen      total 660992K, used 129756K [0x000000076ab00000, 0x00000007a6d80000, 0x00000007c0000000)
  eden space 499200K, 0% used [0x000000076ab00000,0x000000076ab00000,0x0000000789280000)
  from space 161792K, 80% used [0x0000000789280000,0x00000007911372d0,0x0000000793080000)
  to   space 177152K, 0% used [0x000000079c080000,0x000000079c080000,0x00000007a6d80000)
 ParOldGen       total 349696K, used 315637K [0x00000006c0000000, 0x00000006d5580000, 0x000000076ab00000)
  object space 349696K, 90% used [0x00000006c0000000,0x00000006d343d730,0x00000006d5580000)
 Metaspace       used 6600K, capacity 7344K, committed 7552K, reserved 1056768K
  class space    used 597K, capacity 616K, committed 640K, reserved 1048576K
}
Event: 27.428 GC heap before
{Heap before GC invocations=19 (full 4):
 PSYoungGen      total 660992K, used 129756K [0x000000076ab00000, 0x00000007a6d80000, 0x00000007c0000000)
  eden space 499200K, 0% used [0x000000076ab00000,0x000000076ab00000,0x0000000789280000)
  from space 161792K, 80% used [0x0000000789280000,0x00000007911372d0,0x0000000793080000)
  to   space 177152K, 0% used [0x000000079c080000,0x000000079c080000,0x00000007a6d80000)
 ParOldGen       total 349696K, used 315637K [0x00000006c0000000, 0x00000006d5580000, 0x000000076ab00000)
  object space 349696K, 90% used [0x00000006c0000000,0x00000006d343d730,0x00000006d5580000)
 Metaspace       used 6600K, capacity 7344K, committed 7552K, reserved 1056768K
  class space    used 597K, capacity 616K, committed 640K, reserved 1048576K
Event: 30.060 GC heap after
Heap after GC invocations=19 (full 4):
 PSYoungGen      total 660992K, used 91870K [0x000000076ab00000, 0x00000007a6d80000, 0x00000007c0000000)
  eden space 499200K, 0% used [0x000000076ab00000,0x000000076ab00000,0x0000000789280000)
  from space 161792K, 56% used [0x0000000789280000,0x000000078ec37800,0x0000000793080000)
  to   space 177152K, 0% used [0x000000079c080000,0x000000079c080000,0x00000007a6d80000)
 ParOldGen       total 506880K, used 349511K [0x00000006c0000000, 0x00000006def00000, 0x000000076ab00000)
  object space 506880K, 68% used [0x00000006c0000000,0x00000006d5551f40,0x00000006def00000)
 Metaspace       used 6600K, capacity 7344K, committed 7552K, reserved 1056768K
  class space    used 597K, capacity 616K, committed 640K, reserved 1048576K
}
Event: 32.101 GC heap before
{Heap before GC invocations=20 (full 4):
 PSYoungGen      total 660992K, used 591070K [0x000000076ab00000, 0x00000007a6d80000, 0x00000007c0000000)
  eden space 499200K, 100% used [0x000000076ab00000,0x0000000789280000,0x0000000789280000)
  from space 161792K, 56% used [0x0000000789280000,0x000000078ec37800,0x0000000793080000)
  to   space 177152K, 0% used [0x000000079c080000,0x000000079c080000,0x00000007a6d80000)
 ParOldGen       total 506880K, used 349511K [0x00000006c0000000, 0x00000006def00000, 0x000000076ab00000)
  object space 506880K, 68% used [0x00000006c0000000,0x00000006d5551f40,0x00000006def00000)
 Metaspace       used 6604K, capacity 7344K, committed 7552K, reserved 1056768K
  class space    used 597K, capacity 616K, committed 640K, reserved 1048576K
Event: 38.711 GC heap after
Heap after GC invocations=20 (full 4):
 PSYoungGen      total 783872K, used 163872K [0x000000076ab00000, 0x00000007ab980000, 0x00000007c0000000)
  eden space 606720K, 0% used [0x000000076ab00000,0x000000076ab00000,0x000000078fb80000)
  from space 177152K, 92% used [0x000000079c080000,0x00000007a6088050,0x00000007a6d80000)
  to   space 201728K, 0% used [0x000000078fb80000,0x000000078fb80000,0x000000079c080000)
 ParOldGen       total 506880K, used 349511K [0x00000006c0000000, 0x00000006def00000, 0x000000076ab00000)
  object space 506880K, 68% used [0x00000006c0000000,0x00000006d5551f40,0x00000006def00000)
 Metaspace       used 6604K, capacity 7344K, committed 7552K, reserved 1056768K
  class space    used 597K, capacity 616K, committed 640K, reserved 1048576K
}
Event: 42.497 GC heap before
{Heap before GC invocations=21 (full 4):
 PSYoungGen      total 783872K, used 770592K [0x000000076ab00000, 0x00000007ab980000, 0x00000007c0000000)
  eden space 606720K, 100% used [0x000000076ab00000,0x000000078fb80000,0x000000078fb80000)
  from space 177152K, 92% used [0x000000079c080000,0x00000007a6088050,0x00000007a6d80000)
  to   space 201728K, 0% used [0x000000078fb80000,0x000000078fb80000,0x000000079c080000)
 ParOldGen       total 506880K, used 349511K [0x00000006c0000000, 0x00000006def00000, 0x000000076ab00000)
  object space 506880K, 68% used [0x00000006c0000000,0x00000006d5551f40,0x00000006def00000)
 Metaspace       used 6611K, capacity 7344K, committed 7552K, reserved 1056768K
  class space    used 599K, capacity 616K, committed 640K, reserved 1048576K
Event: 43.509 GC heap after
Heap after GC invocations=21 (full 4):
 PSYoungGen      total 808448K, used 161906K [0x000000076ab00000, 0x00000007b2500000, 0x00000007c0000000)
  eden space 606720K, 0% used [0x000000076ab00000,0x000000076ab00000,0x000000078fb80000)
  from space 201728K, 80% used [0x000000078fb80000,0x000000079999cab0,0x000000079c080000)
  to   space 220160K, 0% used [0x00000007a4e00000,0x00000007a4e00000,0x00000007b2500000)
 ParOldGen       total 506880K, used 439417K [0x00000006c0000000, 0x00000006def00000, 0x000000076ab00000)
  object space 506880K, 86% used [0x00000006c0000000,0x00000006dad1e5d0,0x00000006def00000)
 Metaspace       used 6611K, capacity 7344K, committed 7552K, reserved 1056768K
  class space    used 599K, capacity 616K, committed 640K, reserved 1048576K
}
Event: 43.513 GC heap before
{Heap before GC invocations=22 (full 5):
 PSYoungGen      total 808448K, used 161906K [0x000000076ab00000, 0x00000007b2500000, 0x00000007c0000000)
  eden space 606720K, 0% used [0x000000076ab00000,0x000000076ab00000,0x000000078fb80000)
  from space 201728K, 80% used [0x000000078fb80000,0x000000079999cab0,0x000000079c080000)
  to   space 220160K, 0% used [0x00000007a4e00000,0x00000007a4e00000,0x00000007b2500000)
 ParOldGen       total 506880K, used 439417K [0x00000006c0000000, 0x00000006def00000, 0x000000076ab00000)
  object space 506880K, 86% used [0x00000006c0000000,0x00000006dad1e5d0,0x00000006def00000)
 Metaspace       used 6611K, capacity 7344K, committed 7552K, reserved 1056768K
  class space    used 599K, capacity 616K, committed 640K, reserved 1048576K

