# JRE version: OpenJDK Runtime Environment (8.0_202) (build 1.8.0_202-release-1483-b49-5587405)
# Java VM: OpenJDK 64-Bit Server VM (25.202-b49-5587405 mixed mode linux-amd64 compressed oops)
Heap:
 PSYoungGen      total 925696K, used 0K [0x000000076ab00000, 0x00000007af680000, 0x00000007c0000000)
  eden space 715264K, 0% used [0x000000076ab00000,0x000000076ab00000,0x0000000796580000)
  from space 210432K, 0% used [0x00000007a2900000,0x00000007a2900000,0x00000007af680000)
  to   space 200192K, 0% used [0x0000000796580000,0x0000000796580000,0x00000007a2900000)
 ParOldGen       total 794624K, used 780455K [0x00000006c0000000, 0x00000006f0800000, 0x000000076ab00000)
  object space 794624K, 98% used [0x00000006c0000000,0x00000006efa29ee8,0x00000006f0800000)
 Metaspace       used 6451K, capacity 7344K, committed 7552K, reserved 1056768K
  class space    used 585K, capacity 616K, committed 640K, reserved 1048576K
GC Heap History (10 events):
Event: 24.595 GC heap after
Heap after GC invocations=21 (full 4):
 PSYoungGen      total 701952K, used 178158K [0x000000076ab00000, 0x00000007a9080000, 0x00000007c0000000)
  eden space 523776K, 0% used [0x000000076ab00000,0x000000076ab00000,0x000000078aa80000)
  from space 178176K, 99% used [0x000000078aa80000,0x000000079587b8b0,0x0000000795880000)
  to   space 215040K, 0% used [0x000000079be80000,0x000000079be80000,0x00000007a9080000)
 ParOldGen       total 554496K, used 378325K [0x00000006c0000000, 0x00000006e1d80000, 0x000000076ab00000)
  object space 554496K, 68% used [0x00000006c0000000,0x00000006d7175648,0x00000006e1d80000)
 Metaspace       used 6445K, capacity 7344K, committed 7552K, reserved 1056768K
  class space    used 584K, capacity 616K, committed 640K, reserved 1048576K
}
Event: 26.304 GC heap before
{Heap before GC invocations=22 (full 4):
 PSYoungGen      total 701952K, used 701934K [0x000000076ab00000, 0x00000007a9080000, 0x00000007c0000000)
  eden space 523776K, 100% used [0x000000076ab00000,0x000000078aa80000,0x000000078aa80000)
  from space 178176K, 99% used [0x000000078aa80000,0x000000079587b8b0,0x0000000795880000)
  to   space 215040K, 0% used [0x000000079be80000,0x000000079be80000,0x00000007a9080000)
 ParOldGen       total 554496K, used 378325K [0x00000006c0000000, 0x00000006e1d80000, 0x000000076ab00000)
  object space 554496K, 68% used [0x00000006c0000000,0x00000006d7175648,0x00000006e1d80000)
 Metaspace       used 6445K, capacity 7344K, committed 7552K, reserved 1056768K
  class space    used 584K, capacity 616K, committed 640K, reserved 1048576K
Event: 37.531 GC heap after
Heap after GC invocations=22 (full 4):
 PSYoungGen      total 796160K, used 143545K [0x000000076ab00000, 0x00000007ad500000, 0x00000007c0000000)
  eden space 581120K, 0% used [0x000000076ab00000,0x000000076ab00000,0x000000078e280000)
  from space 215040K, 66% used [0x000000079be80000,0x00000007a4aae638,0x00000007a9080000)
  to   space 225280K, 0% used [0x000000078e280000,0x000000078e280000,0x000000079be80000)
 ParOldGen       total 554496K, used 487136K [0x00000006c0000000, 0x00000006e1d80000, 0x000000076ab00000)
  object space 554496K, 87% used [0x00000006c0000000,0x00000006ddbb8148,0x00000006e1d80000)
 Metaspace       used 6445K, capacity 7344K, committed 7552K, reserved 1056768K
  class space    used 584K, capacity 616K, committed 640K, reserved 1048576K
}
Event: 37.555 GC heap before
{Heap before GC invocations=23 (full 5):
 PSYoungGen      total 796160K, used 143545K [0x000000076ab00000, 0x00000007ad500000, 0x00000007c0000000)
  eden space 581120K, 0% used [0x000000076ab00000,0x000000076ab00000,0x000000078e280000)
  from space 215040K, 66% used [0x000000079be80000,0x00000007a4aae638,0x00000007a9080000)
  to   space 225280K, 0% used [0x000000078e280000,0x000000078e280000,0x000000079be80000)
 ParOldGen       total 554496K, used 487136K [0x00000006c0000000, 0x00000006e1d80000, 0x000000076ab00000)
  object space 554496K, 87% used [0x00000006c0000000,0x00000006ddbb8148,0x00000006e1d80000)
 Metaspace       used 6445K, capacity 7344K, committed 7552K, reserved 1056768K
  class space    used 584K, capacity 616K, committed 640K, reserved 1048576K
Event: 40.418 GC heap after
Heap after GC invocations=23 (full 5):
 PSYoungGen      total 796160K, used 60572K [0x000000076ab00000, 0x00000007ad500000, 0x00000007c0000000)
  eden space 581120K, 0% used [0x000000076ab00000,0x000000076ab00000,0x000000078e280000)
  from space 215040K, 28% used [0x000000079be80000,0x000000079f9a70a8,0x00000007a9080000)
  to   space 225280K, 0% used [0x000000078e280000,0x000000078e280000,0x000000079be80000)
 ParOldGen       total 794624K, used 554121K [0x00000006c0000000, 0x00000006f0800000, 0x000000076ab00000)
  object space 794624K, 69% used [0x00000006c0000000,0x00000006e1d226f0,0x00000006f0800000)
 Metaspace       used 6445K, capacity 7344K, committed 7552K, reserved 1056768K
  class space    used 584K, capacity 616K, committed 640K, reserved 1048576K
}
Event: 42.446 GC heap before
{Heap before GC invocations=24 (full 5):
 PSYoungGen      total 796160K, used 641692K [0x000000076ab00000, 0x00000007ad500000, 0x00000007c0000000)
  eden space 581120K, 100% used [0x000000076ab00000,0x000000078e280000,0x000000078e280000)
  from space 215040K, 28% used [0x000000079be80000,0x000000079f9a70a8,0x00000007a9080000)
  to   space 225280K, 0% used [0x000000078e280000,0x000000078e280000,0x000000079be80000)
 ParOldGen       total 794624K, used 554121K [0x00000006c0000000, 0x00000006f0800000, 0x000000076ab00000)
  object space 794624K, 69% used [0x00000006c0000000,0x00000006e1d226f0,0x00000006f0800000)
 Metaspace       used 6450K, capacity 7344K, committed 7552K, reserved 1056768K
  class space    used 585K, capacity 616K, committed 640K, reserved 1048576K
Event: 42.831 GC heap after
Heap after GC invocations=24 (full 5):
 PSYoungGen      total 806400K, used 86984K [0x000000076ab00000, 0x00000007af780000, 0x00000007c0000000)
  eden space 581120K, 0% used [0x000000076ab00000,0x000000076ab00000,0x000000078e280000)
  from space 225280K, 38% used [0x000000078e280000,0x00000007937722c0,0x000000079be80000)
  to   space 211456K, 0% used [0x00000007a2900000,0x00000007a2900000,0x00000007af780000)
 ParOldGen       total 794624K, used 612013K [0x00000006c0000000, 0x00000006f0800000, 0x000000076ab00000)
  object space 794624K, 77% used [0x00000006c0000000,0x00000006e55ab768,0x00000006f0800000)
 Metaspace       used 6450K, capacity 7344K, committed 7552K, reserved 1056768K
  class space    used 585K, capacity 616K, committed 640K, reserved 1048576K
}
Event: 44.613 GC heap before
{Heap before GC invocations=25 (full 5):
 PSYoungGen      total 806400K, used 668104K [0x000000076ab00000, 0x00000007af780000, 0x00000007c0000000)
  eden space 581120K, 100% used [0x000000076ab00000,0x000000078e280000,0x000000078e280000)
  from space 225280K, 38% used [0x000000078e280000,0x00000007937722c0,0x000000079be80000)
  to   space 211456K, 0% used [0x00000007a2900000,0x00000007a2900000,0x00000007af780000)
 ParOldGen       total 794624K, used 612013K [0x00000006c0000000, 0x00000006f0800000, 0x000000076ab00000)
  object space 794624K, 77% used [0x00000006c0000000,0x00000006e55ab768,0x00000006f0800000)
 Metaspace       used 6451K, capacity 7344K, committed 7552K, reserved 1056768K
  class space    used 585K, capacity 616K, committed 640K, reserved 1048576K
Event: 48.841 GC heap after
Heap after GC invocations=25 (full 5):
 PSYoungGen      total 925696K, used 89244K [0x000000076ab00000, 0x00000007af680000, 0x00000007c0000000)
  eden space 715264K, 0% used [0x000000076ab00000,0x000000076ab00000,0x0000000796580000)
  from space 210432K, 42% used [0x00000007a2900000,0x00000007a8027270,0x00000007af680000)
  to   space 200192K, 0% used [0x0000000796580000,0x0000000796580000,0x00000007a2900000)
 ParOldGen       total 794624K, used 696053K [0x00000006c0000000, 0x00000006f0800000, 0x000000076ab00000)
  object space 794624K, 87% used [0x00000006c0000000,0x00000006ea7bd798,0x00000006f0800000)
 Metaspace       used 6451K, capacity 7344K, committed 7552K, reserved 1056768K
  class space    used 585K, capacity 616K, committed 640K, reserved 1048576K
}
Event: 48.849 GC heap before
{Heap before GC invocations=26 (full 6):
 PSYoungGen      total 925696K, used 89244K [0x000000076ab00000, 0x00000007af680000, 0x00000007c0000000)
  eden space 715264K, 0% used [0x000000076ab00000,0x000000076ab00000,0x0000000796580000)
  from space 210432K, 42% used [0x00000007a2900000,0x00000007a8027270,0x00000007af680000)
  to   space 200192K, 0% used [0x0000000796580000,0x0000000796580000,0x00000007a2900000)
 ParOldGen       total 794624K, used 696053K [0x00000006c0000000, 0x00000006f0800000, 0x000000076ab00000)
  object space 794624K, 87% used [0x00000006c0000000,0x00000006ea7bd798,0x00000006f0800000)
 Metaspace       used 6451K, capacity 7344K, committed 7552K, reserved 1056768K
  class space    used 585K, capacity 616K, committed 640K, reserved 1048576K

