# JRE version: OpenJDK Runtime Environment (8.0_202) (build 1.8.0_202-release-1483-b49-5587405)
# Java VM: OpenJDK 64-Bit Server VM (25.202-b49-5587405 mixed mode linux-amd64 compressed oops)
Heap:
 PSYoungGen      total 574976K, used 70120K [0x000000076ab00000, 0x0000000792100000, 0x00000007c0000000)
  eden space 504832K, 0% used [0x000000076ab00000,0x000000076ab00000,0x0000000789800000)
  from space 70144K, 99% used [0x0000000789800000,0x000000078dc7a238,0x000000078dc80000)
  to   space 57856K, 0% used [0x000000078e880000,0x000000078e880000,0x0000000792100000)
 ParOldGen       total 263680K, used 260833K [0x00000006c0000000, 0x00000006d0180000, 0x000000076ab00000)
  object space 263680K, 98% used [0x00000006c0000000,0x00000006cfeb8418,0x00000006d0180000)
 Metaspace       used 6443K, capacity 7344K, committed 7552K, reserved 1056768K
  class space    used 584K, capacity 616K, committed 640K, reserved 1048576K
GC Heap History (10 events):
Event: 20.796 GC heap after
Heap after GC invocations=13 (full 2):
 PSYoungGen      total 324608K, used 19598K [0x000000076ab00000, 0x0000000789100000, 0x00000007c0000000)
  eden space 276480K, 0% used [0x000000076ab00000,0x000000076ab00000,0x000000077b900000)
  from space 48128K, 40% used [0x000000077b900000,0x000000077cc23898,0x000000077e800000)
  to   space 54784K, 0% used [0x0000000785b80000,0x0000000785b80000,0x0000000789100000)
 ParOldGen       total 179712K, used 112129K [0x00000006c0000000, 0x00000006caf80000, 0x000000076ab00000)
  object space 179712K, 62% used [0x00000006c0000000,0x00000006c6d80608,0x00000006caf80000)
 Metaspace       used 6390K, capacity 7280K, committed 7552K, reserved 1056768K
  class space    used 582K, capacity 616K, committed 640K, reserved 1048576K
}
Event: 21.575 GC heap before
{Heap before GC invocations=14 (full 2):
 PSYoungGen      total 324608K, used 296078K [0x000000076ab00000, 0x0000000789100000, 0x00000007c0000000)
  eden space 276480K, 100% used [0x000000076ab00000,0x000000077b900000,0x000000077b900000)
  from space 48128K, 40% used [0x000000077b900000,0x000000077cc23898,0x000000077e800000)
  to   space 54784K, 0% used [0x0000000785b80000,0x0000000785b80000,0x0000000789100000)
 ParOldGen       total 179712K, used 112129K [0x00000006c0000000, 0x00000006caf80000, 0x000000076ab00000)
  object space 179712K, 62% used [0x00000006c0000000,0x00000006c6d80608,0x00000006caf80000)
 Metaspace       used 6403K, capacity 7280K, committed 7552K, reserved 1056768K
  class space    used 583K, capacity 616K, committed 640K, reserved 1048576K
Event: 21.930 GC heap after
Heap after GC invocations=14 (full 2):
 PSYoungGen      total 419328K, used 24686K [0x000000076ab00000, 0x0000000788400000, 0x00000007c0000000)
  eden space 377856K, 0% used [0x000000076ab00000,0x000000076ab00000,0x0000000781c00000)
  from space 41472K, 59% used [0x0000000785b80000,0x000000078739b970,0x0000000788400000)
  to   space 53248K, 0% used [0x0000000781c00000,0x0000000781c00000,0x0000000785000000)
 ParOldGen       total 179712K, used 130437K [0x00000006c0000000, 0x00000006caf80000, 0x000000076ab00000)
  object space 179712K, 72% used [0x00000006c0000000,0x00000006c7f61680,0x00000006caf80000)
 Metaspace       used 6403K, capacity 7280K, committed 7552K, reserved 1056768K
  class space    used 583K, capacity 616K, committed 640K, reserved 1048576K
}
Event: 23.624 GC heap before
{Heap before GC invocations=15 (full 2):
 PSYoungGen      total 419328K, used 402542K [0x000000076ab00000, 0x0000000788400000, 0x00000007c0000000)
  eden space 377856K, 100% used [0x000000076ab00000,0x0000000781c00000,0x0000000781c00000)
  from space 41472K, 59% used [0x0000000785b80000,0x000000078739b970,0x0000000788400000)
  to   space 53248K, 0% used [0x0000000781c00000,0x0000000781c00000,0x0000000785000000)
 ParOldGen       total 179712K, used 130437K [0x00000006c0000000, 0x00000006caf80000, 0x000000076ab00000)
  object space 179712K, 72% used [0x00000006c0000000,0x00000006c7f61680,0x00000006caf80000)
 Metaspace       used 6422K, capacity 7280K, committed 7552K, reserved 1056768K
  class space    used 583K, capacity 616K, committed 640K, reserved 1048576K
Event: 24.588 GC heap after
Heap after GC invocations=15 (full 2):
 PSYoungGen      total 431104K, used 52170K [0x000000076ab00000, 0x0000000792480000, 0x00000007c0000000)
  eden space 377856K, 0% used [0x000000076ab00000,0x000000076ab00000,0x0000000781c00000)
  from space 53248K, 97% used [0x0000000781c00000,0x0000000784ef2b08,0x0000000785000000)
  to   space 61440K, 0% used [0x000000078e880000,0x000000078e880000,0x0000000792480000)
 ParOldGen       total 179712K, used 154486K [0x00000006c0000000, 0x00000006caf80000, 0x000000076ab00000)
  object space 179712K, 85% used [0x00000006c0000000,0x00000006c96ddb48,0x00000006caf80000)
 Metaspace       used 6422K, capacity 7280K, committed 7552K, reserved 1056768K
  class space    used 583K, capacity 616K, committed 640K, reserved 1048576K
}
Event: 24.589 GC heap before
{Heap before GC invocations=16 (full 3):
 PSYoungGen      total 431104K, used 52170K [0x000000076ab00000, 0x0000000792480000, 0x00000007c0000000)
  eden space 377856K, 0% used [0x000000076ab00000,0x000000076ab00000,0x0000000781c00000)
  from space 53248K, 97% used [0x0000000781c00000,0x0000000784ef2b08,0x0000000785000000)
  to   space 61440K, 0% used [0x000000078e880000,0x000000078e880000,0x0000000792480000)
 ParOldGen       total 179712K, used 154486K [0x00000006c0000000, 0x00000006caf80000, 0x000000076ab00000)
  object space 179712K, 85% used [0x00000006c0000000,0x00000006c96ddb48,0x00000006caf80000)
 Metaspace       used 6422K, capacity 7280K, committed 7552K, reserved 1056768K
  class space    used 583K, capacity 616K, committed 640K, reserved 1048576K
Event: 25.810 GC heap after
Heap after GC invocations=16 (full 3):
 PSYoungGen      total 431104K, used 22252K [0x000000076ab00000, 0x0000000792480000, 0x00000007c0000000)
  eden space 377856K, 0% used [0x000000076ab00000,0x000000076ab00000,0x0000000781c00000)
  from space 53248K, 41% used [0x0000000781c00000,0x00000007831bb158,0x0000000785000000)
  to   space 61440K, 0% used [0x000000078e880000,0x000000078e880000,0x0000000792480000)
 ParOldGen       total 263680K, used 179375K [0x00000006c0000000, 0x00000006d0180000, 0x000000076ab00000)
  object space 263680K, 68% used [0x00000006c0000000,0x00000006caf2bfb0,0x00000006d0180000)
 Metaspace       used 6422K, capacity 7280K, committed 7552K, reserved 1056768K
  class space    used 583K, capacity 616K, committed 640K, reserved 1048576K
}
Event: 28.115 GC heap before
{Heap before GC invocations=17 (full 3):
 PSYoungGen      total 431104K, used 400108K [0x000000076ab00000, 0x0000000792480000, 0x00000007c0000000)
  eden space 377856K, 100% used [0x000000076ab00000,0x0000000781c00000,0x0000000781c00000)
  from space 53248K, 41% used [0x0000000781c00000,0x00000007831bb158,0x0000000785000000)
  to   space 61440K, 0% used [0x000000078e880000,0x000000078e880000,0x0000000792480000)
 ParOldGen       total 263680K, used 179375K [0x00000006c0000000, 0x00000006d0180000, 0x000000076ab00000)
  object space 263680K, 68% used [0x00000006c0000000,0x00000006caf2bfb0,0x00000006d0180000)
 Metaspace       used 6430K, capacity 7344K, committed 7552K, reserved 1056768K
  class space    used 583K, capacity 616K, committed 640K, reserved 1048576K
Event: 28.591 GC heap after
Heap after GC invocations=17 (full 3):
 PSYoungGen      total 562688K, used 56561K [0x000000076ab00000, 0x0000000792100000, 0x00000007c0000000)
  eden space 504832K, 0% used [0x000000076ab00000,0x000000076ab00000,0x0000000789800000)
  from space 57856K, 97% used [0x000000078e880000,0x0000000791fbc630,0x0000000792100000)
  to   space 70144K, 0% used [0x0000000789800000,0x0000000789800000,0x000000078dc80000)
 ParOldGen       total 263680K, used 200171K [0x00000006c0000000, 0x00000006d0180000, 0x000000076ab00000)
  object space 263680K, 75% used [0x00000006c0000000,0x00000006cc37ad78,0x00000006d0180000)
 Metaspace       used 6430K, capacity 7344K, committed 7552K, reserved 1056768K
  class space    used 583K, capacity 616K, committed 640K, reserved 1048576K
}
Event: 31.068 GC heap before
{Heap before GC invocations=18 (full 3):
 PSYoungGen      total 562688K, used 561393K [0x000000076ab00000, 0x0000000792100000, 0x00000007c0000000)
  eden space 504832K, 100% used [0x000000076ab00000,0x0000000789800000,0x0000000789800000)
  from space 57856K, 97% used [0x000000078e880000,0x0000000791fbc630,0x0000000792100000)
  to   space 70144K, 0% used [0x0000000789800000,0x0000000789800000,0x000000078dc80000)
 ParOldGen       total 263680K, used 200171K [0x00000006c0000000, 0x00000006d0180000, 0x000000076ab00000)
  object space 263680K, 75% used [0x00000006c0000000,0x00000006cc37ad78,0x00000006d0180000)
 Metaspace       used 6443K, capacity 7344K, committed 7552K, reserved 1056768K
  class space    used 584K, capacity 616K, committed 640K, reserved 1048576K

