# JRE version: OpenJDK Runtime Environment (8.0_202) (build 1.8.0_202-release-1483-b49-5587405)
# Java VM: OpenJDK 64-Bit Server VM (25.202-b49-5587405 mixed mode linux-amd64 compressed oops)
Heap:
 PSYoungGen      total 779776K, used 103113K [0x000000076ab00000, 0x00000007a1b80000, 0x00000007c0000000)
  eden space 666112K, 0% used [0x000000076ab00000,0x000000076ab00000,0x0000000793580000)
  from space 113664K, 90% used [0x0000000793580000,0x0000000799a327f0,0x000000079a480000)
  to   space 109056K, 0% used [0x000000079a480000,0x000000079a480000,0x00000007a0f00000)
 ParOldGen       total 528384K, used 426702K [0x00000006c0000000, 0x00000006e0400000, 0x000000076ab00000)
  object space 528384K, 80% used [0x00000006c0000000,0x00000006da0b3840,0x00000006e0400000)
 Metaspace       used 6637K, capacity 7344K, committed 7552K, reserved 1056768K
  class space    used 598K, capacity 616K, committed 640K, reserved 1048576K
GC Heap History (10 events):
Event: 27.819 GC heap after
Heap after GC invocations=14 (full 2):
 PSYoungGen      total 586240K, used 59138K [0x000000076ab00000, 0x0000000796900000, 0x00000007c0000000)
  eden space 486400K, 0% used [0x000000076ab00000,0x000000076ab00000,0x0000000788600000)
  from space 99840K, 59% used [0x000000078e980000,0x00000007923409f8,0x0000000794b00000)
  to   space 101888K, 0% used [0x0000000788600000,0x0000000788600000,0x000000078e980000)
 ParOldGen       total 237056K, used 236693K [0x00000006c0000000, 0x00000006ce780000, 0x000000076ab00000)
  object space 237056K, 99% used [0x00000006c0000000,0x00000006ce7255d8,0x00000006ce780000)
 Metaspace       used 6601K, capacity 7280K, committed 7552K, reserved 1056768K
  class space    used 596K, capacity 616K, committed 640K, reserved 1048576K
}
Event: 27.821 GC heap before
{Heap before GC invocations=15 (full 3):
 PSYoungGen      total 586240K, used 59138K [0x000000076ab00000, 0x0000000796900000, 0x00000007c0000000)
  eden space 486400K, 0% used [0x000000076ab00000,0x000000076ab00000,0x0000000788600000)
  from space 99840K, 59% used [0x000000078e980000,0x00000007923409f8,0x0000000794b00000)
  to   space 101888K, 0% used [0x0000000788600000,0x0000000788600000,0x000000078e980000)
 ParOldGen       total 237056K, used 236693K [0x00000006c0000000, 0x00000006ce780000, 0x000000076ab00000)
  object space 237056K, 99% used [0x00000006c0000000,0x00000006ce7255d8,0x00000006ce780000)
 Metaspace       used 6601K, capacity 7280K, committed 7552K, reserved 1056768K
  class space    used 596K, capacity 616K, committed 640K, reserved 1048576K
Event: 29.342 GC heap after
Heap after GC invocations=15 (full 3):
 PSYoungGen      total 586240K, used 51638K [0x000000076ab00000, 0x0000000796900000, 0x00000007c0000000)
  eden space 486400K, 0% used [0x000000076ab00000,0x000000076ab00000,0x0000000788600000)
  from space 99840K, 51% used [0x000000078e980000,0x0000000791bedae0,0x0000000794b00000)
  to   space 101888K, 0% used [0x0000000788600000,0x0000000788600000,0x000000078e980000)
 ParOldGen       total 363520K, used 236637K [0x00000006c0000000, 0x00000006d6300000, 0x000000076ab00000)
  object space 363520K, 65% used [0x00000006c0000000,0x00000006ce7176c0,0x00000006d6300000)
 Metaspace       used 6601K, capacity 7280K, committed 7552K, reserved 1056768K
  class space    used 596K, capacity 616K, committed 640K, reserved 1048576K
}
Event: 30.760 GC heap before
{Heap before GC invocations=16 (full 3):
 PSYoungGen      total 586240K, used 538038K [0x000000076ab00000, 0x0000000796900000, 0x00000007c0000000)
  eden space 486400K, 100% used [0x000000076ab00000,0x0000000788600000,0x0000000788600000)
  from space 99840K, 51% used [0x000000078e980000,0x0000000791bedae0,0x0000000794b00000)
  to   space 101888K, 0% used [0x0000000788600000,0x0000000788600000,0x000000078e980000)
 ParOldGen       total 363520K, used 236637K [0x00000006c0000000, 0x00000006d6300000, 0x000000076ab00000)
  object space 363520K, 65% used [0x00000006c0000000,0x00000006ce7176c0,0x00000006d6300000)
 Metaspace       used 6614K, capacity 7280K, committed 7552K, reserved 1056768K
  class space    used 596K, capacity 616K, committed 640K, reserved 1048576K
Event: 32.700 GC heap after
Heap after GC invocations=16 (full 3):
 PSYoungGen      total 588288K, used 75665K [0x000000076ab00000, 0x00000007a0f00000, 0x00000007c0000000)
  eden space 486400K, 0% used [0x000000076ab00000,0x000000076ab00000,0x0000000788600000)
  from space 101888K, 74% used [0x0000000788600000,0x000000078cfe4458,0x000000078e980000)
  to   space 109056K, 0% used [0x000000079a480000,0x000000079a480000,0x00000007a0f00000)
 ParOldGen       total 363520K, used 286421K [0x00000006c0000000, 0x00000006d6300000, 0x000000076ab00000)
  object space 363520K, 78% used [0x00000006c0000000,0x00000006d17b55c8,0x00000006d6300000)
 Metaspace       used 6614K, capacity 7280K, committed 7552K, reserved 1056768K
  class space    used 596K, capacity 616K, committed 640K, reserved 1048576K
}
Event: 34.252 GC heap before
{Heap before GC invocations=17 (full 3):
 PSYoungGen      total 588288K, used 562065K [0x000000076ab00000, 0x00000007a0f00000, 0x00000007c0000000)
  eden space 486400K, 100% used [0x000000076ab00000,0x0000000788600000,0x0000000788600000)
  from space 101888K, 74% used [0x0000000788600000,0x000000078cfe4458,0x000000078e980000)
  to   space 109056K, 0% used [0x000000079a480000,0x000000079a480000,0x00000007a0f00000)
 ParOldGen       total 363520K, used 286421K [0x00000006c0000000, 0x00000006d6300000, 0x000000076ab00000)
  object space 363520K, 78% used [0x00000006c0000000,0x00000006d17b55c8,0x00000006d6300000)
 Metaspace       used 6620K, capacity 7344K, committed 7552K, reserved 1056768K
  class space    used 596K, capacity 616K, committed 640K, reserved 1048576K
Event: 35.322 GC heap after
Heap after GC invocations=17 (full 3):
 PSYoungGen      total 775168K, used 73518K [0x000000076ab00000, 0x00000007a1b80000, 0x00000007c0000000)
  eden space 666112K, 0% used [0x000000076ab00000,0x000000076ab00000,0x0000000793580000)
  from space 109056K, 67% used [0x000000079a480000,0x000000079ec4bbe8,0x00000007a0f00000)
  to   space 113664K, 0% used [0x0000000793580000,0x0000000793580000,0x000000079a480000)
 ParOldGen       total 363520K, used 358686K [0x00000006c0000000, 0x00000006d6300000, 0x000000076ab00000)
  object space 363520K, 98% used [0x00000006c0000000,0x00000006d5e47be0,0x00000006d6300000)
 Metaspace       used 6620K, capacity 7344K, committed 7552K, reserved 1056768K
  class space    used 596K, capacity 616K, committed 640K, reserved 1048576K
}
Event: 35.322 GC heap before
{Heap before GC invocations=18 (full 4):
 PSYoungGen      total 775168K, used 73518K [0x000000076ab00000, 0x00000007a1b80000, 0x00000007c0000000)
  eden space 666112K, 0% used [0x000000076ab00000,0x000000076ab00000,0x0000000793580000)
  from space 109056K, 67% used [0x000000079a480000,0x000000079ec4bbe8,0x00000007a0f00000)
  to   space 113664K, 0% used [0x0000000793580000,0x0000000793580000,0x000000079a480000)
 ParOldGen       total 363520K, used 358686K [0x00000006c0000000, 0x00000006d6300000, 0x000000076ab00000)
  object space 363520K, 98% used [0x00000006c0000000,0x00000006d5e47be0,0x00000006d6300000)
 Metaspace       used 6620K, capacity 7344K, committed 7552K, reserved 1056768K
  class space    used 596K, capacity 616K, committed 640K, reserved 1048576K
Event: 38.120 GC heap after
Heap after GC invocations=18 (full 4):
 PSYoungGen      total 775168K, used 65929K [0x000000076ab00000, 0x00000007a1b80000, 0x00000007c0000000)
  eden space 666112K, 0% used [0x000000076ab00000,0x000000076ab00000,0x0000000793580000)
  from space 109056K, 60% used [0x000000079a480000,0x000000079e4e2570,0x00000007a0f00000)
  to   space 113664K, 0% used [0x0000000793580000,0x0000000793580000,0x000000079a480000)
 ParOldGen       total 528384K, used 363072K [0x00000006c0000000, 0x00000006e0400000, 0x000000076ab00000)
  object space 528384K, 68% used [0x00000006c0000000,0x00000006d6290288,0x00000006e0400000)
 Metaspace       used 6620K, capacity 7344K, committed 7552K, reserved 1056768K
  class space    used 596K, capacity 616K, committed 640K, reserved 1048576K
}
Event: 40.316 GC heap before
{Heap before GC invocations=19 (full 4):
 PSYoungGen      total 775168K, used 732041K [0x000000076ab00000, 0x00000007a1b80000, 0x00000007c0000000)
  eden space 666112K, 100% used [0x000000076ab00000,0x0000000793580000,0x0000000793580000)
  from space 109056K, 60% used [0x000000079a480000,0x000000079e4e2570,0x00000007a0f00000)
  to   space 113664K, 0% used [0x0000000793580000,0x0000000793580000,0x000000079a480000)
 ParOldGen       total 528384K, used 363072K [0x00000006c0000000, 0x00000006e0400000, 0x000000076ab00000)
  object space 528384K, 68% used [0x00000006c0000000,0x00000006d6290288,0x00000006e0400000)
 Metaspace       used 6637K, capacity 7344K, committed 7552K, reserved 1056768K
  class space    used 598K, capacity 616K, committed 640K, reserved 1048576K

