# JRE version: OpenJDK Runtime Environment (8.0_202) (build 1.8.0_202-release-1483-b49-5587405)
# Java VM: OpenJDK 64-Bit Server VM (25.202-b49-5587405 mixed mode linux-amd64 compressed oops)
Heap:
 PSYoungGen      total 728064K, used 145210K [0x000000076ab00000, 0x00000007a9000000, 0x00000007c0000000)
  eden space 522240K, 0% used [0x000000076ab00000,0x000000076ab00000,0x000000078a900000)
  from space 205824K, 70% used [0x000000078a900000,0x00000007936cea78,0x0000000797200000)
  to   space 172544K, 0% used [0x0000000797200000,0x0000000797200000,0x00000007a1a80000)
 ParOldGen       total 427520K, used 427271K [0x00000006c0000000, 0x00000006da180000, 0x000000076ab00000)
  object space 427520K, 99% used [0x00000006c0000000,0x00000006da141fd0,0x00000006da180000)
 Metaspace       used 6606K, capacity 7344K, committed 7552K, reserved 1056768K
  class space    used 598K, capacity 616K, committed 640K, reserved 1048576K
GC Heap History (10 events):
Event: 16.034 GC heap after
Heap after GC invocations=15 (full 2):
 PSYoungGen      total 482304K, used 119268K [0x000000076ab00000, 0x0000000799500000, 0x00000007c0000000)
  eden space 363008K, 0% used [0x000000076ab00000,0x000000076ab00000,0x0000000780d80000)
  from space 119296K, 99% used [0x0000000780d80000,0x00000007881f9060,0x0000000788200000)
  to   space 152576K, 0% used [0x0000000790000000,0x0000000790000000,0x0000000799500000)
 ParOldGen       total 237568K, used 194826K [0x00000006c0000000, 0x00000006ce800000, 0x000000076ab00000)
  object space 237568K, 82% used [0x00000006c0000000,0x00000006cbe42ad8,0x00000006ce800000)
 Metaspace       used 6558K, capacity 7280K, committed 7552K, reserved 1056768K
  class space    used 596K, capacity 616K, committed 640K, reserved 1048576K
}
Event: 17.445 GC heap before
{Heap before GC invocations=16 (full 2):
 PSYoungGen      total 482304K, used 482276K [0x000000076ab00000, 0x0000000799500000, 0x00000007c0000000)
  eden space 363008K, 100% used [0x000000076ab00000,0x0000000780d80000,0x0000000780d80000)
  from space 119296K, 99% used [0x0000000780d80000,0x00000007881f9060,0x0000000788200000)
  to   space 152576K, 0% used [0x0000000790000000,0x0000000790000000,0x0000000799500000)
 ParOldGen       total 237568K, used 194826K [0x00000006c0000000, 0x00000006ce800000, 0x000000076ab00000)
  object space 237568K, 82% used [0x00000006c0000000,0x00000006cbe42ad8,0x00000006ce800000)
 Metaspace       used 6568K, capacity 7344K, committed 7552K, reserved 1056768K
  class space    used 596K, capacity 616K, committed 640K, reserved 1048576K
Event: 17.784 GC heap after
Heap after GC invocations=16 (full 2):
 PSYoungGen      total 602624K, used 104487K [0x000000076ab00000, 0x000000079b000000, 0x00000007c0000000)
  eden space 450048K, 0% used [0x000000076ab00000,0x000000076ab00000,0x0000000786280000)
  from space 152576K, 68% used [0x0000000790000000,0x0000000796609c20,0x0000000799500000)
  to   space 161280K, 0% used [0x0000000786280000,0x0000000786280000,0x0000000790000000)
 ParOldGen       total 265216K, used 265072K [0x00000006c0000000, 0x00000006d0300000, 0x000000076ab00000)
  object space 265216K, 99% used [0x00000006c0000000,0x00000006d02dc2e8,0x00000006d0300000)
 Metaspace       used 6568K, capacity 7344K, committed 7552K, reserved 1056768K
  class space    used 596K, capacity 616K, committed 640K, reserved 1048576K
}
Event: 17.784 GC heap before
{Heap before GC invocations=17 (full 3):
 PSYoungGen      total 602624K, used 104487K [0x000000076ab00000, 0x000000079b000000, 0x00000007c0000000)
  eden space 450048K, 0% used [0x000000076ab00000,0x000000076ab00000,0x0000000786280000)
  from space 152576K, 68% used [0x0000000790000000,0x0000000796609c20,0x0000000799500000)
  to   space 161280K, 0% used [0x0000000786280000,0x0000000786280000,0x0000000790000000)
 ParOldGen       total 265216K, used 265072K [0x00000006c0000000, 0x00000006d0300000, 0x000000076ab00000)
  object space 265216K, 99% used [0x00000006c0000000,0x00000006d02dc2e8,0x00000006d0300000)
 Metaspace       used 6568K, capacity 7344K, committed 7552K, reserved 1056768K
  class space    used 596K, capacity 616K, committed 640K, reserved 1048576K
Event: 20.226 GC heap after
Heap after GC invocations=17 (full 3):
 PSYoungGen      total 602624K, used 94783K [0x000000076ab00000, 0x000000079b000000, 0x00000007c0000000)
  eden space 450048K, 0% used [0x000000076ab00000,0x000000076ab00000,0x0000000786280000)
  from space 152576K, 62% used [0x0000000790000000,0x0000000795c8fd20,0x0000000799500000)
  to   space 161280K, 0% used [0x0000000786280000,0x0000000786280000,0x0000000790000000)
 ParOldGen       total 407552K, used 264957K [0x00000006c0000000, 0x00000006d8e00000, 0x000000076ab00000)
  object space 407552K, 65% used [0x00000006c0000000,0x00000006d02bf768,0x00000006d8e00000)
 Metaspace       used 6568K, capacity 7344K, committed 7552K, reserved 1056768K
  class space    used 596K, capacity 616K, committed 640K, reserved 1048576K
}
Event: 21.901 GC heap before
{Heap before GC invocations=18 (full 3):
 PSYoungGen      total 602624K, used 544831K [0x000000076ab00000, 0x000000079b000000, 0x00000007c0000000)
  eden space 450048K, 100% used [0x000000076ab00000,0x0000000786280000,0x0000000786280000)
  from space 152576K, 62% used [0x0000000790000000,0x0000000795c8fd20,0x0000000799500000)
  to   space 161280K, 0% used [0x0000000786280000,0x0000000786280000,0x0000000790000000)
 ParOldGen       total 407552K, used 264957K [0x00000006c0000000, 0x00000006d8e00000, 0x000000076ab00000)
  object space 407552K, 65% used [0x00000006c0000000,0x00000006d02bf768,0x00000006d8e00000)
 Metaspace       used 6570K, capacity 7344K, committed 7552K, reserved 1056768K
  class space    used 596K, capacity 616K, committed 640K, reserved 1048576K
Event: 22.222 GC heap after
Heap after GC invocations=18 (full 3):
 PSYoungGen      total 611328K, used 119421K [0x000000076ab00000, 0x00000007a1a80000, 0x00000007c0000000)
  eden space 450048K, 0% used [0x000000076ab00000,0x000000076ab00000,0x0000000786280000)
  from space 161280K, 74% used [0x0000000786280000,0x000000078d71f688,0x0000000790000000)
  to   space 172544K, 0% used [0x0000000797200000,0x0000000797200000,0x00000007a1a80000)
 ParOldGen       total 407552K, used 307459K [0x00000006c0000000, 0x00000006d8e00000, 0x000000076ab00000)
  object space 407552K, 75% used [0x00000006c0000000,0x00000006d2c40d10,0x00000006d8e00000)
 Metaspace       used 6570K, capacity 7344K, committed 7552K, reserved 1056768K
  class space    used 596K, capacity 616K, committed 640K, reserved 1048576K
}
Event: 23.856 GC heap before
{Heap before GC invocations=19 (full 3):
 PSYoungGen      total 611328K, used 569469K [0x000000076ab00000, 0x00000007a1a80000, 0x00000007c0000000)
  eden space 450048K, 100% used [0x000000076ab00000,0x0000000786280000,0x0000000786280000)
  from space 161280K, 74% used [0x0000000786280000,0x000000078d71f688,0x0000000790000000)
  to   space 172544K, 0% used [0x0000000797200000,0x0000000797200000,0x00000007a1a80000)
 ParOldGen       total 407552K, used 307459K [0x00000006c0000000, 0x00000006d8e00000, 0x000000076ab00000)
  object space 407552K, 75% used [0x00000006c0000000,0x00000006d2c40d10,0x00000006d8e00000)
 Metaspace       used 6574K, capacity 7344K, committed 7552K, reserved 1056768K
  class space    used 596K, capacity 616K, committed 640K, reserved 1048576K
Event: 27.242 GC heap after
Heap after GC invocations=19 (full 3):
 PSYoungGen      total 694784K, used 172543K [0x000000076ab00000, 0x00000007a9000000, 0x00000007c0000000)
  eden space 522240K, 0% used [0x000000076ab00000,0x000000076ab00000,0x000000078a900000)
  from space 172544K, 99% used [0x0000000797200000,0x00000007a1a7fe68,0x00000007a1a80000)
  to   space 205824K, 0% used [0x000000078a900000,0x000000078a900000,0x0000000797200000)
 ParOldGen       total 407552K, used 319978K [0x00000006c0000000, 0x00000006d8e00000, 0x000000076ab00000)
  object space 407552K, 78% used [0x00000006c0000000,0x00000006d387a8b8,0x00000006d8e00000)
 Metaspace       used 6574K, capacity 7344K, committed 7552K, reserved 1056768K
  class space    used 596K, capacity 616K, committed 640K, reserved 1048576K
}
Event: 29.318 GC heap before
{Heap before GC invocations=20 (full 3):
 PSYoungGen      total 694784K, used 694783K [0x000000076ab00000, 0x00000007a9000000, 0x00000007c0000000)
  eden space 522240K, 100% used [0x000000076ab00000,0x000000078a900000,0x000000078a900000)
  from space 172544K, 99% used [0x0000000797200000,0x00000007a1a7fe68,0x00000007a1a80000)
  to   space 205824K, 0% used [0x000000078a900000,0x000000078a900000,0x0000000797200000)
 ParOldGen       total 407552K, used 319978K [0x00000006c0000000, 0x00000006d8e00000, 0x000000076ab00000)
  object space 407552K, 78% used [0x00000006c0000000,0x00000006d387a8b8,0x00000006d8e00000)
 Metaspace       used 6606K, capacity 7344K, committed 7552K, reserved 1056768K
  class space    used 598K, capacity 616K, committed 640K, reserved 1048576K

