# JRE version: OpenJDK Runtime Environment (8.0_202) (build 1.8.0_202-release-1483-b49-5587405)
# Java VM: OpenJDK 64-Bit Server VM (25.202-b49-5587405 mixed mode linux-amd64 compressed oops)
Heap:
 PSYoungGen      total 978432K, used 23885K [0x000000076ab00000, 0x00000007bec80000, 0x00000007c0000000)
  eden space 738304K, 0% used [0x000000076ab00000,0x000000076ab00000,0x0000000797c00000)
  from space 240128K, 9% used [0x0000000797c00000,0x0000000799353748,0x00000007a6680000)
  to   space 229376K, 0% used [0x00000007b0c80000,0x00000007b0c80000,0x00000007bec80000)
 ParOldGen       total 773632K, used 773370K [0x00000006c0000000, 0x00000006ef380000, 0x000000076ab00000)
  object space 773632K, 99% used [0x00000006c0000000,0x00000006ef33ea98,0x00000006ef380000)
 Metaspace       used 6693K, capacity 7344K, committed 7552K, reserved 1056768K
  class space    used 600K, capacity 616K, committed 640K, reserved 1048576K
GC Heap History (10 events):
Event: 24.785 GC heap after
Heap after GC invocations=20 (full 4):
 PSYoungGen      total 790528K, used 128596K [0x000000076ab00000, 0x00000007a7000000, 0x00000007c0000000)
  eden space 624128K, 0% used [0x000000076ab00000,0x000000076ab00000,0x0000000790c80000)
  from space 166400K, 77% used [0x000000079bc80000,0x00000007a3a15398,0x00000007a5f00000)
  to   space 180224K, 0% used [0x0000000790c80000,0x0000000790c80000,0x000000079bc80000)
 ParOldGen       total 534016K, used 390454K [0x00000006c0000000, 0x00000006e0980000, 0x000000076ab00000)
  object space 534016K, 73% used [0x00000006c0000000,0x00000006d7d4d9f0,0x00000006e0980000)
 Metaspace       used 6629K, capacity 7344K, committed 7552K, reserved 1056768K
  class space    used 598K, capacity 616K, committed 640K, reserved 1048576K
}
Event: 26.690 GC heap before
{Heap before GC invocations=21 (full 4):
 PSYoungGen      total 790528K, used 752724K [0x000000076ab00000, 0x00000007a7000000, 0x00000007c0000000)
  eden space 624128K, 100% used [0x000000076ab00000,0x0000000790c80000,0x0000000790c80000)
  from space 166400K, 77% used [0x000000079bc80000,0x00000007a3a15398,0x00000007a5f00000)
  to   space 180224K, 0% used [0x0000000790c80000,0x0000000790c80000,0x000000079bc80000)
 ParOldGen       total 534016K, used 390454K [0x00000006c0000000, 0x00000006e0980000, 0x000000076ab00000)
  object space 534016K, 73% used [0x00000006c0000000,0x00000006d7d4d9f0,0x00000006e0980000)
 Metaspace       used 6634K, capacity 7344K, committed 7552K, reserved 1056768K
  class space    used 599K, capacity 616K, committed 640K, reserved 1048576K
Event: 27.917 GC heap after
Heap after GC invocations=21 (full 4):
 PSYoungGen      total 804352K, used 180207K [0x000000076ab00000, 0x00000007b4180000, 0x00000007c0000000)
  eden space 624128K, 0% used [0x000000076ab00000,0x000000076ab00000,0x0000000790c80000)
  from space 180224K, 99% used [0x0000000790c80000,0x000000079bc7bd60,0x000000079bc80000)
  to   space 224256K, 0% used [0x00000007a6680000,0x00000007a6680000,0x00000007b4180000)
 ParOldGen       total 534016K, used 429874K [0x00000006c0000000, 0x00000006e0980000, 0x000000076ab00000)
  object space 534016K, 80% used [0x00000006c0000000,0x00000006da3cc8b0,0x00000006e0980000)
 Metaspace       used 6634K, capacity 7344K, committed 7552K, reserved 1056768K
  class space    used 599K, capacity 616K, committed 640K, reserved 1048576K
}
Event: 29.938 GC heap before
{Heap before GC invocations=22 (full 4):
 PSYoungGen      total 804352K, used 804335K [0x000000076ab00000, 0x00000007b4180000, 0x00000007c0000000)
  eden space 624128K, 100% used [0x000000076ab00000,0x0000000790c80000,0x0000000790c80000)
  from space 180224K, 99% used [0x0000000790c80000,0x000000079bc7bd60,0x000000079bc80000)
  to   space 224256K, 0% used [0x00000007a6680000,0x00000007a6680000,0x00000007b4180000)
 ParOldGen       total 534016K, used 429874K [0x00000006c0000000, 0x00000006e0980000, 0x000000076ab00000)
  object space 534016K, 80% used [0x00000006c0000000,0x00000006da3cc8b0,0x00000006e0980000)
 Metaspace       used 6642K, capacity 7344K, committed 7552K, reserved 1056768K
  class space    used 599K, capacity 616K, committed 640K, reserved 1048576K
Event: 32.566 GC heap after
Heap after GC invocations=22 (full 4):
 PSYoungGen      total 962560K, used 165346K [0x000000076ab00000, 0x00000007b7100000, 0x00000007c0000000)
  eden space 738304K, 0% used [0x000000076ab00000,0x000000076ab00000,0x0000000797c00000)
  from space 224256K, 73% used [0x00000007a6680000,0x00000007b07f8998,0x00000007b4180000)
  to   space 240128K, 0% used [0x0000000797c00000,0x0000000797c00000,0x00000007a6680000)
 ParOldGen       total 542208K, used 542184K [0x00000006c0000000, 0x00000006e1180000, 0x000000076ab00000)
  object space 542208K, 99% used [0x00000006c0000000,0x00000006e117a170,0x00000006e1180000)
 Metaspace       used 6642K, capacity 7344K, committed 7552K, reserved 1056768K
  class space    used 599K, capacity 616K, committed 640K, reserved 1048576K
}
Event: 32.595 GC heap before
{Heap before GC invocations=23 (full 5):
 PSYoungGen      total 962560K, used 165346K [0x000000076ab00000, 0x00000007b7100000, 0x00000007c0000000)
  eden space 738304K, 0% used [0x000000076ab00000,0x000000076ab00000,0x0000000797c00000)
  from space 224256K, 73% used [0x00000007a6680000,0x00000007b07f8998,0x00000007b4180000)
  to   space 240128K, 0% used [0x0000000797c00000,0x0000000797c00000,0x00000007a6680000)
 ParOldGen       total 542208K, used 542184K [0x00000006c0000000, 0x00000006e1180000, 0x000000076ab00000)
  object space 542208K, 99% used [0x00000006c0000000,0x00000006e117a170,0x00000006e1180000)
 Metaspace       used 6642K, capacity 7344K, committed 7552K, reserved 1056768K
  class space    used 599K, capacity 616K, committed 640K, reserved 1048576K
Event: 36.823 GC heap after
Heap after GC invocations=23 (full 5):
 PSYoungGen      total 962560K, used 159155K [0x000000076ab00000, 0x00000007b7100000, 0x00000007c0000000)
  eden space 738304K, 0% used [0x000000076ab00000,0x000000076ab00000,0x0000000797c00000)
  from space 224256K, 70% used [0x00000007a6680000,0x00000007b01ecdb0,0x00000007b4180000)
  to   space 240128K, 0% used [0x0000000797c00000,0x0000000797c00000,0x00000007a6680000)
 ParOldGen       total 773632K, used 542169K [0x00000006c0000000, 0x00000006ef380000, 0x000000076ab00000)
  object space 773632K, 70% used [0x00000006c0000000,0x00000006e1176728,0x00000006ef380000)
 Metaspace       used 6642K, capacity 7344K, committed 7552K, reserved 1056768K
  class space    used 599K, capacity 616K, committed 640K, reserved 1048576K
}
Event: 39.591 GC heap before
{Heap before GC invocations=24 (full 5):
 PSYoungGen      total 962560K, used 897459K [0x000000076ab00000, 0x00000007b7100000, 0x00000007c0000000)
  eden space 738304K, 100% used [0x000000076ab00000,0x0000000797c00000,0x0000000797c00000)
  from space 224256K, 70% used [0x00000007a6680000,0x00000007b01ecdb0,0x00000007b4180000)
  to   space 240128K, 0% used [0x0000000797c00000,0x0000000797c00000,0x00000007a6680000)
 ParOldGen       total 773632K, used 542169K [0x00000006c0000000, 0x00000006ef380000, 0x000000076ab00000)
  object space 773632K, 70% used [0x00000006c0000000,0x00000006e1176728,0x00000006ef380000)
 Metaspace       used 6693K, capacity 7344K, committed 7552K, reserved 1056768K
  class space    used 600K, capacity 616K, committed 640K, reserved 1048576K
Event: 48.365 GC heap after
Heap after GC invocations=24 (full 5):
 PSYoungGen      total 978432K, used 103547K [0x000000076ab00000, 0x00000007bec80000, 0x00000007c0000000)
  eden space 738304K, 0% used [0x000000076ab00000,0x000000076ab00000,0x0000000797c00000)
  from space 240128K, 43% used [0x0000000797c00000,0x000000079e11ef68,0x00000007a6680000)
  to   space 229376K, 0% used [0x00000007b0c80000,0x00000007b0c80000,0x00000007bec80000)
 ParOldGen       total 773632K, used 699104K [0x00000006c0000000, 0x00000006ef380000, 0x000000076ab00000)
  object space 773632K, 90% used [0x00000006c0000000,0x00000006eaab8130,0x00000006ef380000)
 Metaspace       used 6693K, capacity 7344K, committed 7552K, reserved 1056768K
  class space    used 600K, capacity 616K, committed 640K, reserved 1048576K
}
Event: 48.365 GC heap before
{Heap before GC invocations=25 (full 6):
 PSYoungGen      total 978432K, used 103547K [0x000000076ab00000, 0x00000007bec80000, 0x00000007c0000000)
  eden space 738304K, 0% used [0x000000076ab00000,0x000000076ab00000,0x0000000797c00000)
  from space 240128K, 43% used [0x0000000797c00000,0x000000079e11ef68,0x00000007a6680000)
  to   space 229376K, 0% used [0x00000007b0c80000,0x00000007b0c80000,0x00000007bec80000)
 ParOldGen       total 773632K, used 699104K [0x00000006c0000000, 0x00000006ef380000, 0x000000076ab00000)
  object space 773632K, 90% used [0x00000006c0000000,0x00000006eaab8130,0x00000006ef380000)
 Metaspace       used 6693K, capacity 7344K, committed 7552K, reserved 1056768K
  class space    used 600K, capacity 616K, committed 640K, reserved 1048576K

