# JRE version: OpenJDK Runtime Environment (8.0_202) (build 1.8.0_202-release-1483-b49-5587405)
# Java VM: OpenJDK 64-Bit Server VM (25.202-b49-5587405 mixed mode linux-amd64 compressed oops)
Heap:
 PSYoungGen      total 781312K, used 127408K [0x000000076ab00000, 0x00000007b3780000, 0x00000007c0000000)
  eden space 504320K, 0% used [0x000000076ab00000,0x000000076ab00000,0x0000000789780000)
  from space 276992K, 45% used [0x0000000789780000,0x00000007913ec2e0,0x000000079a600000)
  to   space 295424K, 0% used [0x00000007a1700000,0x00000007a1700000,0x00000007b3780000)
 ParOldGen       total 578560K, used 578373K [0x00000006c0000000, 0x00000006e3500000, 0x000000076ab00000)
  object space 578560K, 99% used [0x00000006c0000000,0x00000006e34d1598,0x00000006e3500000)
 Metaspace       used 6653K, capacity 7344K, committed 7552K, reserved 1056768K
  class space    used 599K, capacity 616K, committed 640K, reserved 1048576K
GC Heap History (10 events):
Event: 17.689 GC heap after
Heap after GC invocations=19 (full 3):
 PSYoungGen      total 678912K, used 129682K [0x000000076ab00000, 0x00000007a1e00000, 0x00000007c0000000)
  eden space 494080K, 0% used [0x000000076ab00000,0x000000076ab00000,0x0000000788d80000)
  from space 184832K, 70% used [0x0000000794d00000,0x000000079cba4bc8,0x00000007a0180000)
  to   space 196096K, 0% used [0x0000000788d80000,0x0000000788d80000,0x0000000794d00000)
 ParOldGen       total 375296K, used 374903K [0x00000006c0000000, 0x00000006d6e80000, 0x000000076ab00000)
  object space 375296K, 99% used [0x00000006c0000000,0x00000006d6e1dcf8,0x00000006d6e80000)
 Metaspace       used 6643K, capacity 7344K, committed 7552K, reserved 1056768K
  class space    used 598K, capacity 616K, committed 640K, reserved 1048576K
}
Event: 17.689 GC heap before
{Heap before GC invocations=20 (full 4):
 PSYoungGen      total 678912K, used 129682K [0x000000076ab00000, 0x00000007a1e00000, 0x00000007c0000000)
  eden space 494080K, 0% used [0x000000076ab00000,0x000000076ab00000,0x0000000788d80000)
  from space 184832K, 70% used [0x0000000794d00000,0x000000079cba4bc8,0x00000007a0180000)
  to   space 196096K, 0% used [0x0000000788d80000,0x0000000788d80000,0x0000000794d00000)
 ParOldGen       total 375296K, used 374903K [0x00000006c0000000, 0x00000006d6e80000, 0x000000076ab00000)
  object space 375296K, 99% used [0x00000006c0000000,0x00000006d6e1dcf8,0x00000006d6e80000)
 Metaspace       used 6643K, capacity 7344K, committed 7552K, reserved 1056768K
  class space    used 598K, capacity 616K, committed 640K, reserved 1048576K
Event: 21.375 GC heap after
Heap after GC invocations=20 (full 4):
 PSYoungGen      total 678912K, used 120485K [0x000000076ab00000, 0x00000007a1e00000, 0x00000007c0000000)
  eden space 494080K, 0% used [0x000000076ab00000,0x000000076ab00000,0x0000000788d80000)
  from space 184832K, 65% used [0x0000000794d00000,0x000000079c2a95a0,0x00000007a0180000)
  to   space 196096K, 0% used [0x0000000788d80000,0x0000000788d80000,0x0000000794d00000)
 ParOldGen       total 578560K, used 375147K [0x00000006c0000000, 0x00000006e3500000, 0x000000076ab00000)
  object space 578560K, 64% used [0x00000006c0000000,0x00000006d6e5af40,0x00000006e3500000)
 Metaspace       used 6643K, capacity 7344K, committed 7552K, reserved 1056768K
  class space    used 598K, capacity 616K, committed 640K, reserved 1048576K
}
Event: 22.807 GC heap before
{Heap before GC invocations=21 (full 4):
 PSYoungGen      total 678912K, used 614565K [0x000000076ab00000, 0x00000007a1e00000, 0x00000007c0000000)
  eden space 494080K, 100% used [0x000000076ab00000,0x0000000788d80000,0x0000000788d80000)
  from space 184832K, 65% used [0x0000000794d00000,0x000000079c2a95a0,0x00000007a0180000)
  to   space 196096K, 0% used [0x0000000788d80000,0x0000000788d80000,0x0000000794d00000)
 ParOldGen       total 578560K, used 375147K [0x00000006c0000000, 0x00000006e3500000, 0x000000076ab00000)
  object space 578560K, 64% used [0x00000006c0000000,0x00000006d6e5af40,0x00000006e3500000)
 Metaspace       used 6646K, capacity 7344K, committed 7552K, reserved 1056768K
  class space    used 598K, capacity 616K, committed 640K, reserved 1048576K
Event: 23.076 GC heap after
Heap after GC invocations=21 (full 4):
 PSYoungGen      total 690176K, used 186830K [0x000000076ab00000, 0x00000007a8280000, 0x00000007c0000000)
  eden space 494080K, 0% used [0x000000076ab00000,0x000000076ab00000,0x0000000788d80000)
  from space 196096K, 95% used [0x0000000788d80000,0x00000007943f38c8,0x0000000794d00000)
  to   space 225792K, 0% used [0x000000079a600000,0x000000079a600000,0x00000007a8280000)
 ParOldGen       total 578560K, used 375147K [0x00000006c0000000, 0x00000006e3500000, 0x000000076ab00000)
  object space 578560K, 64% used [0x00000006c0000000,0x00000006d6e5af40,0x00000006e3500000)
 Metaspace       used 6646K, capacity 7344K, committed 7552K, reserved 1056768K
  class space    used 598K, capacity 616K, committed 640K, reserved 1048576K
}
Event: 24.493 GC heap before
{Heap before GC invocations=22 (full 4):
 PSYoungGen      total 690176K, used 680910K [0x000000076ab00000, 0x00000007a8280000, 0x00000007c0000000)
  eden space 494080K, 100% used [0x000000076ab00000,0x0000000788d80000,0x0000000788d80000)
  from space 196096K, 95% used [0x0000000788d80000,0x00000007943f38c8,0x0000000794d00000)
  to   space 225792K, 0% used [0x000000079a600000,0x000000079a600000,0x00000007a8280000)
 ParOldGen       total 578560K, used 375147K [0x00000006c0000000, 0x00000006e3500000, 0x000000076ab00000)
  object space 578560K, 64% used [0x00000006c0000000,0x00000006d6e5af40,0x00000006e3500000)
 Metaspace       used 6651K, capacity 7344K, committed 7552K, reserved 1056768K
  class space    used 599K, capacity 616K, committed 640K, reserved 1048576K
Event: 25.075 GC heap after
Heap after GC invocations=22 (full 4):
 PSYoungGen      total 730112K, used 225773K [0x000000076ab00000, 0x00000007af580000, 0x00000007c0000000)
  eden space 504320K, 0% used [0x000000076ab00000,0x000000076ab00000,0x0000000789780000)
  from space 225792K, 99% used [0x000000079a600000,0x00000007a827b5f0,0x00000007a8280000)
  to   space 276992K, 0% used [0x0000000789780000,0x0000000789780000,0x000000079a600000)
 ParOldGen       total 578560K, used 411212K [0x00000006c0000000, 0x00000006e3500000, 0x000000076ab00000)
  object space 578560K, 71% used [0x00000006c0000000,0x00000006d9193260,0x00000006e3500000)
 Metaspace       used 6651K, capacity 7344K, committed 7552K, reserved 1056768K
  class space    used 599K, capacity 616K, committed 640K, reserved 1048576K
}
Event: 26.720 GC heap before
{Heap before GC invocations=23 (full 4):
 PSYoungGen      total 730112K, used 730093K [0x000000076ab00000, 0x00000007af580000, 0x00000007c0000000)
  eden space 504320K, 100% used [0x000000076ab00000,0x0000000789780000,0x0000000789780000)
  from space 225792K, 99% used [0x000000079a600000,0x00000007a827b5f0,0x00000007a8280000)
  to   space 276992K, 0% used [0x0000000789780000,0x0000000789780000,0x000000079a600000)
 ParOldGen       total 578560K, used 411212K [0x00000006c0000000, 0x00000006e3500000, 0x000000076ab00000)
  object space 578560K, 71% used [0x00000006c0000000,0x00000006d9193260,0x00000006e3500000)
 Metaspace       used 6653K, capacity 7344K, committed 7552K, reserved 1056768K
  class space    used 599K, capacity 616K, committed 640K, reserved 1048576K
Event: 28.067 GC heap after
Heap after GC invocations=23 (full 4):
 PSYoungGen      total 781312K, used 199343K [0x000000076ab00000, 0x00000007b3780000, 0x00000007c0000000)
  eden space 504320K, 0% used [0x000000076ab00000,0x000000076ab00000,0x0000000789780000)
  from space 276992K, 71% used [0x0000000789780000,0x0000000795a2be70,0x000000079a600000)
  to   space 295424K, 0% used [0x00000007a1700000,0x00000007a1700000,0x00000007b3780000)
 ParOldGen       total 578560K, used 514572K [0x00000006c0000000, 0x00000006e3500000, 0x000000076ab00000)
  object space 578560K, 88% used [0x00000006c0000000,0x00000006df683320,0x00000006e3500000)
 Metaspace       used 6653K, capacity 7344K, committed 7552K, reserved 1056768K
  class space    used 599K, capacity 616K, committed 640K, reserved 1048576K
}
Event: 28.096 GC heap before
{Heap before GC invocations=24 (full 5):
 PSYoungGen      total 781312K, used 199343K [0x000000076ab00000, 0x00000007b3780000, 0x00000007c0000000)
  eden space 504320K, 0% used [0x000000076ab00000,0x000000076ab00000,0x0000000789780000)
  from space 276992K, 71% used [0x0000000789780000,0x0000000795a2be70,0x000000079a600000)
  to   space 295424K, 0% used [0x00000007a1700000,0x00000007a1700000,0x00000007b3780000)
 ParOldGen       total 578560K, used 514572K [0x00000006c0000000, 0x00000006e3500000, 0x000000076ab00000)
  object space 578560K, 88% used [0x00000006c0000000,0x00000006df683320,0x00000006e3500000)
 Metaspace       used 6653K, capacity 7344K, committed 7552K, reserved 1056768K
  class space    used 599K, capacity 616K, committed 640K, reserved 1048576K

