# JRE version: OpenJDK Runtime Environment (8.0_202) (build 1.8.0_202-release-1483-b49-5587405)
# Java VM: OpenJDK 64-Bit Server VM (25.202-b49-5587405 mixed mode linux-amd64 compressed oops)
Heap:
 PSYoungGen      total 521728K, used 114172K [0x000000076ab00000, 0x0000000793580000, 0x00000007c0000000)
  eden space 407552K, 0% used [0x000000076ab00000,0x000000076ab00000,0x0000000783900000)
  from space 114176K, 99% used [0x0000000783900000,0x000000078a87f2a8,0x000000078a880000)
  to   space 86528K, 0% used [0x000000078a880000,0x000000078a880000,0x000000078fd00000)
 ParOldGen       total 210944K, used 207137K [0x00000006c0000000, 0x00000006cce00000, 0x000000076ab00000)
  object space 210944K, 98% used [0x00000006c0000000,0x00000006cca486d8,0x00000006cce00000)
 Metaspace       used 6443K, capacity 7344K, committed 7552K, reserved 1056768K
  class space    used 583K, capacity 616K, committed 640K, reserved 1048576K
GC Heap History (10 events):
Event: 7.525 GC heap after
Heap after GC invocations=10 (full 1):
 PSYoungGen      total 395776K, used 40447K [0x000000076ab00000, 0x0000000787800000, 0x00000007c0000000)
  eden space 355328K, 0% used [0x000000076ab00000,0x000000076ab00000,0x0000000780600000)
  from space 40448K, 99% used [0x0000000780c00000,0x000000078337fe98,0x0000000783380000)
  to   space 58368K, 0% used [0x0000000783f00000,0x0000000783f00000,0x0000000787800000)
 ParOldGen       total 123392K, used 88480K [0x00000006c0000000, 0x00000006c7880000, 0x000000076ab00000)
  object space 123392K, 71% used [0x00000006c0000000,0x00000006c5668360,0x00000006c7880000)
 Metaspace       used 6399K, capacity 7280K, committed 7552K, reserved 1056768K
  class space    used 583K, capacity 616K, committed 640K, reserved 1048576K
}
Event: 8.821 GC heap before
{Heap before GC invocations=11 (full 1):
 PSYoungGen      total 395776K, used 395775K [0x000000076ab00000, 0x0000000787800000, 0x00000007c0000000)
  eden space 355328K, 100% used [0x000000076ab00000,0x0000000780600000,0x0000000780600000)
  from space 40448K, 99% used [0x0000000780c00000,0x000000078337fe98,0x0000000783380000)
  to   space 58368K, 0% used [0x0000000783f00000,0x0000000783f00000,0x0000000787800000)
 ParOldGen       total 123392K, used 88480K [0x00000006c0000000, 0x00000006c7880000, 0x000000076ab00000)
  object space 123392K, 71% used [0x00000006c0000000,0x00000006c5668360,0x00000006c7880000)
 Metaspace       used 6425K, capacity 7280K, committed 7552K, reserved 1056768K
  class space    used 583K, capacity 616K, committed 640K, reserved 1048576K
Event: 8.985 GC heap after
Heap after GC invocations=11 (full 1):
 PSYoungGen      total 396800K, used 58355K [0x000000076ab00000, 0x0000000791600000, 0x00000007c0000000)
  eden space 338432K, 0% used [0x000000076ab00000,0x000000076ab00000,0x000000077f580000)
  from space 58368K, 99% used [0x0000000783f00000,0x00000007877fce20,0x0000000787800000)
  to   space 75264K, 0% used [0x000000077f580000,0x000000077f580000,0x0000000783f00000)
 ParOldGen       total 123392K, used 106668K [0x00000006c0000000, 0x00000006c7880000, 0x000000076ab00000)
  object space 123392K, 86% used [0x00000006c0000000,0x00000006c682b330,0x00000006c7880000)
 Metaspace       used 6425K, capacity 7280K, committed 7552K, reserved 1056768K
  class space    used 583K, capacity 616K, committed 640K, reserved 1048576K
}
Event: 8.985 GC heap before
{Heap before GC invocations=12 (full 2):
 PSYoungGen      total 396800K, used 58355K [0x000000076ab00000, 0x0000000791600000, 0x00000007c0000000)
  eden space 338432K, 0% used [0x000000076ab00000,0x000000076ab00000,0x000000077f580000)
  from space 58368K, 99% used [0x0000000783f00000,0x00000007877fce20,0x0000000787800000)
  to   space 75264K, 0% used [0x000000077f580000,0x000000077f580000,0x0000000783f00000)
 ParOldGen       total 123392K, used 106668K [0x00000006c0000000, 0x00000006c7880000, 0x000000076ab00000)
  object space 123392K, 86% used [0x00000006c0000000,0x00000006c682b330,0x00000006c7880000)
 Metaspace       used 6425K, capacity 7280K, committed 7552K, reserved 1056768K
  class space    used 583K, capacity 616K, committed 640K, reserved 1048576K
Event: 9.910 GC heap after
Heap after GC invocations=12 (full 2):
 PSYoungGen      total 396800K, used 34635K [0x000000076ab00000, 0x0000000791600000, 0x00000007c0000000)
  eden space 338432K, 0% used [0x000000076ab00000,0x000000076ab00000,0x000000077f580000)
  from space 58368K, 59% used [0x0000000783f00000,0x00000007860d2d78,0x0000000787800000)
  to   space 75264K, 0% used [0x000000077f580000,0x000000077f580000,0x0000000783f00000)
 ParOldGen       total 210944K, used 122952K [0x00000006c0000000, 0x00000006cce00000, 0x000000076ab00000)
  object space 210944K, 58% used [0x00000006c0000000,0x00000006c7812118,0x00000006cce00000)
 Metaspace       used 6425K, capacity 7280K, committed 7552K, reserved 1056768K
  class space    used 583K, capacity 616K, committed 640K, reserved 1048576K
}
Event: 11.255 GC heap before
{Heap before GC invocations=13 (full 2):
 PSYoungGen      total 396800K, used 373067K [0x000000076ab00000, 0x0000000791600000, 0x00000007c0000000)
  eden space 338432K, 100% used [0x000000076ab00000,0x000000077f580000,0x000000077f580000)
  from space 58368K, 59% used [0x0000000783f00000,0x00000007860d2d78,0x0000000787800000)
  to   space 75264K, 0% used [0x000000077f580000,0x000000077f580000,0x0000000783f00000)
 ParOldGen       total 210944K, used 122952K [0x00000006c0000000, 0x00000006cce00000, 0x000000076ab00000)
  object space 210944K, 58% used [0x00000006c0000000,0x00000006c7812118,0x00000006cce00000)
 Metaspace       used 6432K, capacity 7344K, committed 7552K, reserved 1056768K
  class space    used 583K, capacity 616K, committed 640K, reserved 1048576K
Event: 11.432 GC heap after
Heap after GC invocations=13 (full 2):
 PSYoungGen      total 413696K, used 71380K [0x000000076ab00000, 0x000000078fd00000, 0x00000007c0000000)
  eden space 338432K, 0% used [0x000000076ab00000,0x000000076ab00000,0x000000077f580000)
  from space 75264K, 94% used [0x000000077f580000,0x0000000783b35120,0x0000000783f00000)
  to   space 86528K, 0% used [0x000000078a880000,0x000000078a880000,0x000000078fd00000)
 ParOldGen       total 210944K, used 133473K [0x00000006c0000000, 0x00000006cce00000, 0x000000076ab00000)
  object space 210944K, 63% used [0x00000006c0000000,0x00000006c8258688,0x00000006cce00000)
 Metaspace       used 6432K, capacity 7344K, committed 7552K, reserved 1056768K
  class space    used 583K, capacity 616K, committed 640K, reserved 1048576K
}
Event: 12.818 GC heap before
{Heap before GC invocations=14 (full 2):
 PSYoungGen      total 413696K, used 409812K [0x000000076ab00000, 0x000000078fd00000, 0x00000007c0000000)
  eden space 338432K, 100% used [0x000000076ab00000,0x000000077f580000,0x000000077f580000)
  from space 75264K, 94% used [0x000000077f580000,0x0000000783b35120,0x0000000783f00000)
  to   space 86528K, 0% used [0x000000078a880000,0x000000078a880000,0x000000078fd00000)
 ParOldGen       total 210944K, used 133473K [0x00000006c0000000, 0x00000006cce00000, 0x000000076ab00000)
  object space 210944K, 63% used [0x00000006c0000000,0x00000006c8258688,0x00000006cce00000)
 Metaspace       used 6440K, capacity 7344K, committed 7552K, reserved 1056768K
  class space    used 583K, capacity 616K, committed 640K, reserved 1048576K
Event: 13.050 GC heap after
Heap after GC invocations=14 (full 2):
 PSYoungGen      total 494080K, used 86523K [0x000000076ab00000, 0x0000000793580000, 0x00000007c0000000)
  eden space 407552K, 0% used [0x000000076ab00000,0x000000076ab00000,0x0000000783900000)
  from space 86528K, 99% used [0x000000078a880000,0x000000078fcfec78,0x000000078fd00000)
  to   space 114176K, 0% used [0x0000000783900000,0x0000000783900000,0x000000078a880000)
 ParOldGen       total 210944K, used 167413K [0x00000006c0000000, 0x00000006cce00000, 0x000000076ab00000)
  object space 210944K, 79% used [0x00000006c0000000,0x00000006ca37d580,0x00000006cce00000)
 Metaspace       used 6440K, capacity 7344K, committed 7552K, reserved 1056768K
  class space    used 583K, capacity 616K, committed 640K, reserved 1048576K
}
Event: 14.782 GC heap before
{Heap before GC invocations=15 (full 2):
 PSYoungGen      total 494080K, used 494075K [0x000000076ab00000, 0x0000000793580000, 0x00000007c0000000)
  eden space 407552K, 100% used [0x000000076ab00000,0x0000000783900000,0x0000000783900000)
  from space 86528K, 99% used [0x000000078a880000,0x000000078fcfec78,0x000000078fd00000)
  to   space 114176K, 0% used [0x0000000783900000,0x0000000783900000,0x000000078a880000)
 ParOldGen       total 210944K, used 167413K [0x00000006c0000000, 0x00000006cce00000, 0x000000076ab00000)
  object space 210944K, 79% used [0x00000006c0000000,0x00000006ca37d580,0x00000006cce00000)
 Metaspace       used 6443K, capacity 7344K, committed 7552K, reserved 1056768K
  class space    used 583K, capacity 616K, committed 640K, reserved 1048576K

