# JRE version: OpenJDK Runtime Environment (8.0_202) (build 1.8.0_202-release-1483-b49-5587405)
# Java VM: OpenJDK 64-Bit Server VM (25.202-b49-5587405 mixed mode linux-amd64 compressed oops)
Heap:
 PSYoungGen      total 975872K, used 6908K [0x000000076ab00000, 0x00000007b3980000, 0x00000007c0000000)
  eden space 757760K, 0% used [0x000000076ab00000,0x000000076ab00000,0x0000000798f00000)
  from space 218112K, 3% used [0x00000007a5980000,0x00000007a603f2c8,0x00000007b2e80000)
  to   space 207360K, 0% used [0x0000000798f00000,0x0000000798f00000,0x00000007a5980000)
 ParOldGen       total 793088K, used 792915K [0x00000006c0000000, 0x00000006f0680000, 0x000000076ab00000)
  object space 793088K, 99% used [0x00000006c0000000,0x00000006f0654ee8,0x00000006f0680000)
 Metaspace       used 6459K, capacity 7344K, committed 7552K, reserved 1056768K
  class space    used 585K, capacity 616K, committed 640K, reserved 1048576K
GC Heap History (10 events):
Event: 30.602 GC heap after
Heap after GC invocations=21 (full 4):
 PSYoungGen      total 735744K, used 178172K [0x000000076ab00000, 0x00000007abc00000, 0x00000007c0000000)
  eden space 557568K, 0% used [0x000000076ab00000,0x000000076ab00000,0x000000078cb80000)
  from space 178176K, 99% used [0x000000078cb80000,0x000000079797f2f8,0x0000000797980000)
  to   space 215040K, 0% used [0x000000079ea00000,0x000000079ea00000,0x00000007abc00000)
 ParOldGen       total 558592K, used 387995K [0x00000006c0000000, 0x00000006e2180000, 0x000000076ab00000)
  object space 558592K, 69% used [0x00000006c0000000,0x00000006d7ae6e38,0x00000006e2180000)
 Metaspace       used 6453K, capacity 7344K, committed 7552K, reserved 1056768K
  class space    used 584K, capacity 616K, committed 640K, reserved 1048576K
}
Event: 33.518 GC heap before
{Heap before GC invocations=22 (full 4):
 PSYoungGen      total 735744K, used 735740K [0x000000076ab00000, 0x00000007abc00000, 0x00000007c0000000)
  eden space 557568K, 100% used [0x000000076ab00000,0x000000078cb80000,0x000000078cb80000)
  from space 178176K, 99% used [0x000000078cb80000,0x000000079797f2f8,0x0000000797980000)
  to   space 215040K, 0% used [0x000000079ea00000,0x000000079ea00000,0x00000007abc00000)
 ParOldGen       total 558592K, used 387995K [0x00000006c0000000, 0x00000006e2180000, 0x000000076ab00000)
  object space 558592K, 69% used [0x00000006c0000000,0x00000006d7ae6e38,0x00000006e2180000)
 Metaspace       used 6456K, capacity 7344K, committed 7552K, reserved 1056768K
  class space    used 584K, capacity 616K, committed 640K, reserved 1048576K
Event: 40.278 GC heap after
Heap after GC invocations=22 (full 4):
 PSYoungGen      total 834560K, used 159771K [0x000000076ab00000, 0x00000007b0580000, 0x00000007c0000000)
  eden space 619520K, 0% used [0x000000076ab00000,0x000000076ab00000,0x0000000790800000)
  from space 215040K, 74% used [0x000000079ea00000,0x00000007a8606c18,0x00000007abc00000)
  to   space 231424K, 0% used [0x0000000790800000,0x0000000790800000,0x000000079ea00000)
 ParOldGen       total 558592K, used 489656K [0x00000006c0000000, 0x00000006e2180000, 0x000000076ab00000)
  object space 558592K, 87% used [0x00000006c0000000,0x00000006dde2e250,0x00000006e2180000)
 Metaspace       used 6456K, capacity 7344K, committed 7552K, reserved 1056768K
  class space    used 584K, capacity 616K, committed 640K, reserved 1048576K
}
Event: 40.280 GC heap before
{Heap before GC invocations=23 (full 5):
 PSYoungGen      total 834560K, used 159771K [0x000000076ab00000, 0x00000007b0580000, 0x00000007c0000000)
  eden space 619520K, 0% used [0x000000076ab00000,0x000000076ab00000,0x0000000790800000)
  from space 215040K, 74% used [0x000000079ea00000,0x00000007a8606c18,0x00000007abc00000)
  to   space 231424K, 0% used [0x0000000790800000,0x0000000790800000,0x000000079ea00000)
 ParOldGen       total 558592K, used 489656K [0x00000006c0000000, 0x00000006e2180000, 0x000000076ab00000)
  object space 558592K, 87% used [0x00000006c0000000,0x00000006dde2e250,0x00000006e2180000)
 Metaspace       used 6456K, capacity 7344K, committed 7552K, reserved 1056768K
  class space    used 584K, capacity 616K, committed 640K, reserved 1048576K
Event: 43.616 GC heap after
Heap after GC invocations=23 (full 5):
 PSYoungGen      total 834560K, used 65440K [0x000000076ab00000, 0x00000007b0580000, 0x00000007c0000000)
  eden space 619520K, 0% used [0x000000076ab00000,0x000000076ab00000,0x0000000790800000)
  from space 215040K, 30% used [0x000000079ea00000,0x00000007a29e8160,0x00000007abc00000)
  to   space 231424K, 0% used [0x0000000790800000,0x0000000790800000,0x000000079ea00000)
 ParOldGen       total 793088K, used 558283K [0x00000006c0000000, 0x00000006f0680000, 0x000000076ab00000)
  object space 793088K, 70% used [0x00000006c0000000,0x00000006e2132e38,0x00000006f0680000)
 Metaspace       used 6456K, capacity 7344K, committed 7552K, reserved 1056768K
  class space    used 584K, capacity 616K, committed 640K, reserved 1048576K
}
Event: 45.551 GC heap before
{Heap before GC invocations=24 (full 5):
 PSYoungGen      total 834560K, used 684960K [0x000000076ab00000, 0x00000007b0580000, 0x00000007c0000000)
  eden space 619520K, 100% used [0x000000076ab00000,0x0000000790800000,0x0000000790800000)
  from space 215040K, 30% used [0x000000079ea00000,0x00000007a29e8160,0x00000007abc00000)
  to   space 231424K, 0% used [0x0000000790800000,0x0000000790800000,0x000000079ea00000)
 ParOldGen       total 793088K, used 558283K [0x00000006c0000000, 0x00000006f0680000, 0x000000076ab00000)
  object space 793088K, 70% used [0x00000006c0000000,0x00000006e2132e38,0x00000006f0680000)
 Metaspace       used 6459K, capacity 7344K, committed 7552K, reserved 1056768K
  class space    used 585K, capacity 616K, committed 640K, reserved 1048576K
Event: 46.330 GC heap after
Heap after GC invocations=24 (full 5):
 PSYoungGen      total 850944K, used 90770K [0x000000076ab00000, 0x00000007b2e80000, 0x00000007c0000000)
  eden space 619520K, 0% used [0x000000076ab00000,0x000000076ab00000,0x0000000790800000)
  from space 231424K, 39% used [0x0000000790800000,0x00000007960a4a28,0x000000079ea00000)
  to   space 218112K, 0% used [0x00000007a5980000,0x00000007a5980000,0x00000007b2e80000)
 ParOldGen       total 793088K, used 622255K [0x00000006c0000000, 0x00000006f0680000, 0x000000076ab00000)
  object space 793088K, 78% used [0x00000006c0000000,0x00000006e5fabc08,0x00000006f0680000)
 Metaspace       used 6459K, capacity 7344K, committed 7552K, reserved 1056768K
  class space    used 585K, capacity 616K, committed 640K, reserved 1048576K
}
Event: 48.169 GC heap before
{Heap before GC invocations=25 (full 5):
 PSYoungGen      total 850944K, used 710290K [0x000000076ab00000, 0x00000007b2e80000, 0x00000007c0000000)
  eden space 619520K, 100% used [0x000000076ab00000,0x0000000790800000,0x0000000790800000)
  from space 231424K, 39% used [0x0000000790800000,0x00000007960a4a28,0x000000079ea00000)
  to   space 218112K, 0% used [0x00000007a5980000,0x00000007a5980000,0x00000007b2e80000)
 ParOldGen       total 793088K, used 622255K [0x00000006c0000000, 0x00000006f0680000, 0x000000076ab00000)
  object space 793088K, 78% used [0x00000006c0000000,0x00000006e5fabc08,0x00000006f0680000)
 Metaspace       used 6459K, capacity 7344K, committed 7552K, reserved 1056768K
  class space    used 585K, capacity 616K, committed 640K, reserved 1048576K
Event: 65.340 GC heap after
Heap after GC invocations=25 (full 5):
 PSYoungGen      total 975872K, used 93229K [0x000000076ab00000, 0x00000007b3980000, 0x00000007c0000000)
  eden space 757760K, 0% used [0x000000076ab00000,0x000000076ab00000,0x0000000798f00000)
  from space 218112K, 42% used [0x00000007a5980000,0x00000007ab48b7f0,0x00000007b2e80000)
  to   space 207360K, 0% used [0x0000000798f00000,0x0000000798f00000,0x00000007a5980000)
 ParOldGen       total 793088K, used 709234K [0x00000006c0000000, 0x00000006f0680000, 0x000000076ab00000)
  object space 793088K, 89% used [0x00000006c0000000,0x00000006eb49ca20,0x00000006f0680000)
 Metaspace       used 6459K, capacity 7344K, committed 7552K, reserved 1056768K
  class space    used 585K, capacity 616K, committed 640K, reserved 1048576K
}
Event: 65.351 GC heap before
{Heap before GC invocations=26 (full 6):
 PSYoungGen      total 975872K, used 93229K [0x000000076ab00000, 0x00000007b3980000, 0x00000007c0000000)
  eden space 757760K, 0% used [0x000000076ab00000,0x000000076ab00000,0x0000000798f00000)
  from space 218112K, 42% used [0x00000007a5980000,0x00000007ab48b7f0,0x00000007b2e80000)
  to   space 207360K, 0% used [0x0000000798f00000,0x0000000798f00000,0x00000007a5980000)
 ParOldGen       total 793088K, used 709234K [0x00000006c0000000, 0x00000006f0680000, 0x000000076ab00000)
  object space 793088K, 89% used [0x00000006c0000000,0x00000006eb49ca20,0x00000006f0680000)
 Metaspace       used 6459K, capacity 7344K, committed 7552K, reserved 1056768K
  class space    used 585K, capacity 616K, committed 640K, reserved 1048576K

