# JRE version: OpenJDK Runtime Environment (8.0_202) (build 1.8.0_202-release-1483-b49-5587405)
# Java VM: OpenJDK 64-Bit Server VM (25.202-b49-5587405 mixed mode linux-amd64 compressed oops)
Heap:
 PSYoungGen      total 477184K, used 51176K [0x000000076ab00000, 0x000000078af00000, 0x00000007c0000000)
  eden space 425984K, 0% used [0x000000076ab00000,0x000000076ab00000,0x0000000784b00000)
  from space 51200K, 99% used [0x0000000784b00000,0x0000000787cfa2e0,0x0000000787d00000)
  to   space 38912K, 0% used [0x0000000788900000,0x0000000788900000,0x000000078af00000)
 ParOldGen       total 166400K, used 166287K [0x00000006c0000000, 0x00000006ca280000, 0x000000076ab00000)
  object space 166400K, 99% used [0x00000006c0000000,0x00000006ca263ec8,0x00000006ca280000)
 Metaspace       used 6436K, capacity 7344K, committed 7552K, reserved 1056768K
  class space    used 582K, capacity 616K, committed 640K, reserved 1048576K
GC Heap History (10 events):
Event: 18.133 GC heap after
Heap after GC invocations=10 (full 0):
 PSYoungGen      total 320512K, used 36592K [0x000000076ab00000, 0x0000000781b00000, 0x00000007c0000000)
  eden space 282624K, 0% used [0x000000076ab00000,0x000000076ab00000,0x000000077bf00000)
  from space 37888K, 96% used [0x000000077ea00000,0x0000000780dbc088,0x0000000780f00000)
  to   space 44032K, 0% used [0x000000077bf00000,0x000000077bf00000,0x000000077ea00000)
 ParOldGen       total 62976K, used 60242K [0x00000006c0000000, 0x00000006c3d80000, 0x000000076ab00000)
  object space 62976K, 95% used [0x00000006c0000000,0x00000006c3ad4a28,0x00000006c3d80000)
 Metaspace       used 6375K, capacity 7280K, committed 7552K, reserved 1056768K
  class space    used 581K, capacity 616K, committed 640K, reserved 1048576K
}
Event: 18.133 GC heap before
{Heap before GC invocations=11 (full 1):
 PSYoungGen      total 320512K, used 36592K [0x000000076ab00000, 0x0000000781b00000, 0x00000007c0000000)
  eden space 282624K, 0% used [0x000000076ab00000,0x000000076ab00000,0x000000077bf00000)
  from space 37888K, 96% used [0x000000077ea00000,0x0000000780dbc088,0x0000000780f00000)
  to   space 44032K, 0% used [0x000000077bf00000,0x000000077bf00000,0x000000077ea00000)
 ParOldGen       total 62976K, used 60242K [0x00000006c0000000, 0x00000006c3d80000, 0x000000076ab00000)
  object space 62976K, 95% used [0x00000006c0000000,0x00000006c3ad4a28,0x00000006c3d80000)
 Metaspace       used 6375K, capacity 7280K, committed 7552K, reserved 1056768K
  class space    used 581K, capacity 616K, committed 640K, reserved 1048576K
Event: 18.821 GC heap after
Heap after GC invocations=11 (full 1):
 PSYoungGen      total 320512K, used 29139K [0x000000076ab00000, 0x0000000781b00000, 0x00000007c0000000)
  eden space 282624K, 0% used [0x000000076ab00000,0x000000076ab00000,0x000000077bf00000)
  from space 37888K, 76% used [0x000000077ea00000,0x0000000780674f60,0x0000000780f00000)
  to   space 44032K, 0% used [0x000000077bf00000,0x000000077bf00000,0x000000077ea00000)
 ParOldGen       total 107520K, used 62470K [0x00000006c0000000, 0x00000006c6900000, 0x000000076ab00000)
  object space 107520K, 58% used [0x00000006c0000000,0x00000006c3d018b0,0x00000006c6900000)
 Metaspace       used 6375K, capacity 7280K, committed 7552K, reserved 1056768K
  class space    used 581K, capacity 616K, committed 640K, reserved 1048576K
}
Event: 20.243 GC heap before
{Heap before GC invocations=12 (full 1):
 PSYoungGen      total 320512K, used 311763K [0x000000076ab00000, 0x0000000781b00000, 0x00000007c0000000)
  eden space 282624K, 100% used [0x000000076ab00000,0x000000077bf00000,0x000000077bf00000)
  from space 37888K, 76% used [0x000000077ea00000,0x0000000780674f60,0x0000000780f00000)
  to   space 44032K, 0% used [0x000000077bf00000,0x000000077bf00000,0x000000077ea00000)
 ParOldGen       total 107520K, used 62470K [0x00000006c0000000, 0x00000006c6900000, 0x000000076ab00000)
  object space 107520K, 58% used [0x00000006c0000000,0x00000006c3d018b0,0x00000006c6900000)
 Metaspace       used 6409K, capacity 7280K, committed 7552K, reserved 1056768K
  class space    used 582K, capacity 616K, committed 640K, reserved 1048576K
Event: 31.988 GC heap after
Heap after GC invocations=12 (full 1):
 PSYoungGen      total 326656K, used 43861K [0x000000076ab00000, 0x000000078bb00000, 0x00000007c0000000)
  eden space 282624K, 0% used [0x000000076ab00000,0x000000076ab00000,0x000000077bf00000)
  from space 44032K, 99% used [0x000000077bf00000,0x000000077e9d5410,0x000000077ea00000)
  to   space 51200K, 0% used [0x0000000788900000,0x0000000788900000,0x000000078bb00000)
 ParOldGen       total 107520K, used 90694K [0x00000006c0000000, 0x00000006c6900000, 0x000000076ab00000)
  object space 107520K, 84% used [0x00000006c0000000,0x00000006c58919f0,0x00000006c6900000)
 Metaspace       used 6409K, capacity 7280K, committed 7552K, reserved 1056768K
  class space    used 582K, capacity 616K, committed 640K, reserved 1048576K
}
Event: 31.993 GC heap before
{Heap before GC invocations=13 (full 2):
 PSYoungGen      total 326656K, used 43861K [0x000000076ab00000, 0x000000078bb00000, 0x00000007c0000000)
  eden space 282624K, 0% used [0x000000076ab00000,0x000000076ab00000,0x000000077bf00000)
  from space 44032K, 99% used [0x000000077bf00000,0x000000077e9d5410,0x000000077ea00000)
  to   space 51200K, 0% used [0x0000000788900000,0x0000000788900000,0x000000078bb00000)
 ParOldGen       total 107520K, used 90694K [0x00000006c0000000, 0x00000006c6900000, 0x000000076ab00000)
  object space 107520K, 84% used [0x00000006c0000000,0x00000006c58919f0,0x00000006c6900000)
 Metaspace       used 6409K, capacity 7280K, committed 7552K, reserved 1056768K
  class space    used 582K, capacity 616K, committed 640K, reserved 1048576K
Event: 33.035 GC heap after
Heap after GC invocations=13 (full 2):
 PSYoungGen      total 326656K, used 25669K [0x000000076ab00000, 0x000000078bb00000, 0x00000007c0000000)
  eden space 282624K, 0% used [0x000000076ab00000,0x000000076ab00000,0x000000077bf00000)
  from space 44032K, 58% used [0x000000077bf00000,0x000000077d811598,0x000000077ea00000)
  to   space 51200K, 0% used [0x0000000788900000,0x0000000788900000,0x000000078bb00000)
 ParOldGen       total 163328K, used 107422K [0x00000006c0000000, 0x00000006c9f80000, 0x000000076ab00000)
  object space 163328K, 65% used [0x00000006c0000000,0x00000006c68e7870,0x00000006c9f80000)
 Metaspace       used 6409K, capacity 7280K, committed 7552K, reserved 1056768K
  class space    used 582K, capacity 616K, committed 640K, reserved 1048576K
}
Event: 34.008 GC heap before
{Heap before GC invocations=14 (full 2):
 PSYoungGen      total 326656K, used 308293K [0x000000076ab00000, 0x000000078bb00000, 0x00000007c0000000)
  eden space 282624K, 100% used [0x000000076ab00000,0x000000077bf00000,0x000000077bf00000)
  from space 44032K, 58% used [0x000000077bf00000,0x000000077d811598,0x000000077ea00000)
  to   space 51200K, 0% used [0x0000000788900000,0x0000000788900000,0x000000078bb00000)
 ParOldGen       total 163328K, used 107422K [0x00000006c0000000, 0x00000006c9f80000, 0x000000076ab00000)
  object space 163328K, 65% used [0x00000006c0000000,0x00000006c68e7870,0x00000006c9f80000)
 Metaspace       used 6425K, capacity 7344K, committed 7552K, reserved 1056768K
  class space    used 582K, capacity 616K, committed 640K, reserved 1048576K
Event: 34.264 GC heap after
Heap after GC invocations=14 (full 2):
 PSYoungGen      total 464896K, used 27770K [0x000000076ab00000, 0x000000078af00000, 0x00000007c0000000)
  eden space 425984K, 0% used [0x000000076ab00000,0x000000076ab00000,0x0000000784b00000)
  from space 38912K, 71% used [0x0000000788900000,0x000000078a41e900,0x000000078af00000)
  to   space 51200K, 0% used [0x0000000784b00000,0x0000000784b00000,0x0000000787d00000)
 ParOldGen       total 163328K, used 131900K [0x00000006c0000000, 0x00000006c9f80000, 0x000000076ab00000)
  object space 163328K, 80% used [0x00000006c0000000,0x00000006c80cf088,0x00000006c9f80000)
 Metaspace       used 6425K, capacity 7344K, committed 7552K, reserved 1056768K
  class space    used 582K, capacity 616K, committed 640K, reserved 1048576K
}
Event: 36.088 GC heap before
{Heap before GC invocations=15 (full 2):
 PSYoungGen      total 464896K, used 453754K [0x000000076ab00000, 0x000000078af00000, 0x00000007c0000000)
  eden space 425984K, 100% used [0x000000076ab00000,0x0000000784b00000,0x0000000784b00000)
  from space 38912K, 71% used [0x0000000788900000,0x000000078a41e900,0x000000078af00000)
  to   space 51200K, 0% used [0x0000000784b00000,0x0000000784b00000,0x0000000787d00000)
 ParOldGen       total 163328K, used 131979K [0x00000006c0000000, 0x00000006c9f80000, 0x000000076ab00000)
  object space 163328K, 80% used [0x00000006c0000000,0x00000006c80e2e68,0x00000006c9f80000)
 Metaspace       used 6436K, capacity 7344K, committed 7552K, reserved 1056768K
  class space    used 582K, capacity 616K, committed 640K, reserved 1048576K

