# JRE version: OpenJDK Runtime Environment (8.0_202) (build 1.8.0_202-release-1483-b49-5587405)
# Java VM: OpenJDK 64-Bit Server VM (25.202-b49-5587405 mixed mode linux-amd64 compressed oops)
Heap:
 PSYoungGen      total 657408K, used 80900K [0x000000076ab00000, 0x000000079ad00000, 0x00000007c0000000)
  eden space 526336K, 0% used [0x000000076ab00000,0x000000076ab00000,0x000000078ad00000)
  from space 131072K, 61% used [0x000000078ad00000,0x000000078fc01388,0x0000000792d00000)
  to   space 126464K, 0% used [0x0000000793180000,0x0000000793180000,0x000000079ad00000)
 ParOldGen       total 430080K, used 418006K [0x00000006c0000000, 0x00000006da400000, 0x000000076ab00000)
  object space 430080K, 97% used [0x00000006c0000000,0x00000006d98358d0,0x00000006da400000)
 Metaspace       used 6601K, capacity 7344K, committed 7552K, reserved 1056768K
  class space    used 597K, capacity 616K, committed 640K, reserved 1048576K
GC Heap History (10 events):
Event: 15.402 GC heap after
Heap after GC invocations=16 (full 3):
 PSYoungGen      total 434688K, used 73207K [0x000000076ab00000, 0x0000000790c80000, 0x00000007c0000000)
  eden space 339456K, 0% used [0x000000076ab00000,0x000000076ab00000,0x000000077f680000)
  from space 95232K, 76% used [0x000000077f680000,0x0000000783dfdd98,0x0000000785380000)
  to   space 102400K, 0% used [0x000000078a880000,0x000000078a880000,0x0000000790c80000)
 ParOldGen       total 285696K, used 189918K [0x00000006c0000000, 0x00000006d1700000, 0x000000076ab00000)
  object space 285696K, 66% used [0x00000006c0000000,0x00000006cb977b40,0x00000006d1700000)
 Metaspace       used 6575K, capacity 7280K, committed 7552K, reserved 1056768K
  class space    used 597K, capacity 616K, committed 640K, reserved 1048576K
}
Event: 17.091 GC heap before
{Heap before GC invocations=17 (full 3):
 PSYoungGen      total 434688K, used 412663K [0x000000076ab00000, 0x0000000790c80000, 0x00000007c0000000)
  eden space 339456K, 100% used [0x000000076ab00000,0x000000077f680000,0x000000077f680000)
  from space 95232K, 76% used [0x000000077f680000,0x0000000783dfdd98,0x0000000785380000)
  to   space 102400K, 0% used [0x000000078a880000,0x000000078a880000,0x0000000790c80000)
 ParOldGen       total 285696K, used 189918K [0x00000006c0000000, 0x00000006d1700000, 0x000000076ab00000)
  object space 285696K, 66% used [0x00000006c0000000,0x00000006cb977b40,0x00000006d1700000)
 Metaspace       used 6586K, capacity 7280K, committed 7552K, reserved 1056768K
  class space    used 597K, capacity 616K, committed 640K, reserved 1048576K
Event: 18.280 GC heap after
Heap after GC invocations=17 (full 3):
 PSYoungGen      total 497664K, used 102395K [0x000000076ab00000, 0x0000000795280000, 0x00000007c0000000)
  eden space 395264K, 0% used [0x000000076ab00000,0x000000076ab00000,0x0000000782d00000)
  from space 102400K, 99% used [0x000000078a880000,0x0000000790c7ec90,0x0000000790c80000)
  to   space 126464K, 0% used [0x0000000782d00000,0x0000000782d00000,0x000000078a880000)
 ParOldGen       total 285696K, used 209432K [0x00000006c0000000, 0x00000006d1700000, 0x000000076ab00000)
  object space 285696K, 73% used [0x00000006c0000000,0x00000006ccc862f0,0x00000006d1700000)
 Metaspace       used 6586K, capacity 7280K, committed 7552K, reserved 1056768K
  class space    used 597K, capacity 616K, committed 640K, reserved 1048576K
}
Event: 22.073 GC heap before
{Heap before GC invocations=18 (full 3):
 PSYoungGen      total 497664K, used 497659K [0x000000076ab00000, 0x0000000795280000, 0x00000007c0000000)
  eden space 395264K, 100% used [0x000000076ab00000,0x0000000782d00000,0x0000000782d00000)
  from space 102400K, 99% used [0x000000078a880000,0x0000000790c7ec90,0x0000000790c80000)
  to   space 126464K, 0% used [0x0000000782d00000,0x0000000782d00000,0x000000078a880000)
 ParOldGen       total 285696K, used 209432K [0x00000006c0000000, 0x00000006d1700000, 0x000000076ab00000)
  object space 285696K, 73% used [0x00000006c0000000,0x00000006ccc862f0,0x00000006d1700000)
 Metaspace       used 6595K, capacity 7280K, committed 7552K, reserved 1056768K
  class space    used 597K, capacity 616K, committed 640K, reserved 1048576K
Event: 23.613 GC heap after
Heap after GC invocations=18 (full 3):
 PSYoungGen      total 521728K, used 102381K [0x000000076ab00000, 0x000000079b880000, 0x00000007c0000000)
  eden space 395264K, 0% used [0x000000076ab00000,0x000000076ab00000,0x0000000782d00000)
  from space 126464K, 80% used [0x0000000782d00000,0x00000007890fb418,0x000000078a880000)
  to   space 138240K, 0% used [0x0000000793180000,0x0000000793180000,0x000000079b880000)
 ParOldGen       total 285696K, used 266755K [0x00000006c0000000, 0x00000006d1700000, 0x000000076ab00000)
  object space 285696K, 93% used [0x00000006c0000000,0x00000006d0480cd0,0x00000006d1700000)
 Metaspace       used 6595K, capacity 7280K, committed 7552K, reserved 1056768K
  class space    used 597K, capacity 616K, committed 640K, reserved 1048576K
}
Event: 23.613 GC heap before
{Heap before GC invocations=19 (full 4):
 PSYoungGen      total 521728K, used 102381K [0x000000076ab00000, 0x000000079b880000, 0x00000007c0000000)
  eden space 395264K, 0% used [0x000000076ab00000,0x000000076ab00000,0x0000000782d00000)
  from space 126464K, 80% used [0x0000000782d00000,0x00000007890fb418,0x000000078a880000)
  to   space 138240K, 0% used [0x0000000793180000,0x0000000793180000,0x000000079b880000)
 ParOldGen       total 285696K, used 266755K [0x00000006c0000000, 0x00000006d1700000, 0x000000076ab00000)
  object space 285696K, 93% used [0x00000006c0000000,0x00000006d0480cd0,0x00000006d1700000)
 Metaspace       used 6595K, capacity 7280K, committed 7552K, reserved 1056768K
  class space    used 597K, capacity 616K, committed 640K, reserved 1048576K
Event: 28.051 GC heap after
Heap after GC invocations=19 (full 4):
 PSYoungGen      total 521728K, used 78933K [0x000000076ab00000, 0x000000079b880000, 0x00000007c0000000)
  eden space 395264K, 0% used [0x000000076ab00000,0x000000076ab00000,0x0000000782d00000)
  from space 126464K, 62% used [0x0000000782d00000,0x0000000787a154d8,0x000000078a880000)
  to   space 138240K, 0% used [0x0000000793180000,0x0000000793180000,0x000000079b880000)
 ParOldGen       total 430080K, used 285207K [0x00000006c0000000, 0x00000006da400000, 0x000000076ab00000)
  object space 430080K, 66% used [0x00000006c0000000,0x00000006d1685f70,0x00000006da400000)
 Metaspace       used 6595K, capacity 7280K, committed 7552K, reserved 1056768K
  class space    used 597K, capacity 616K, committed 640K, reserved 1048576K
}
Event: 31.181 GC heap before
{Heap before GC invocations=20 (full 4):
 PSYoungGen      total 521728K, used 474197K [0x000000076ab00000, 0x000000079b880000, 0x00000007c0000000)
  eden space 395264K, 100% used [0x000000076ab00000,0x0000000782d00000,0x0000000782d00000)
  from space 126464K, 62% used [0x0000000782d00000,0x0000000787a154d8,0x000000078a880000)
  to   space 138240K, 0% used [0x0000000793180000,0x0000000793180000,0x000000079b880000)
 ParOldGen       total 430080K, used 285207K [0x00000006c0000000, 0x00000006da400000, 0x000000076ab00000)
  object space 430080K, 66% used [0x00000006c0000000,0x00000006d1685f70,0x00000006da400000)
 Metaspace       used 6597K, capacity 7280K, committed 7552K, reserved 1056768K
  class space    used 597K, capacity 616K, committed 640K, reserved 1048576K
Event: 36.435 GC heap after
Heap after GC invocations=20 (full 4):
 PSYoungGen      total 652800K, used 57716K [0x000000076ab00000, 0x000000079ad00000, 0x00000007c0000000)
  eden space 526336K, 0% used [0x000000076ab00000,0x000000076ab00000,0x000000078ad00000)
  from space 126464K, 45% used [0x0000000793180000,0x00000007969dd2b8,0x000000079ad00000)
  to   space 131072K, 0% used [0x000000078ad00000,0x000000078ad00000,0x0000000792d00000)
 ParOldGen       total 430080K, used 362455K [0x00000006c0000000, 0x00000006da400000, 0x000000076ab00000)
  object space 430080K, 84% used [0x00000006c0000000,0x00000006d61f5cb0,0x00000006da400000)
 Metaspace       used 6597K, capacity 7280K, committed 7552K, reserved 1056768K
  class space    used 597K, capacity 616K, committed 640K, reserved 1048576K
}
Event: 40.431 GC heap before
{Heap before GC invocations=21 (full 4):
 PSYoungGen      total 652800K, used 584052K [0x000000076ab00000, 0x000000079ad00000, 0x00000007c0000000)
  eden space 526336K, 100% used [0x000000076ab00000,0x000000078ad00000,0x000000078ad00000)
  from space 126464K, 45% used [0x0000000793180000,0x00000007969dd2b8,0x000000079ad00000)
  to   space 131072K, 0% used [0x000000078ad00000,0x000000078ad00000,0x0000000792d00000)
 ParOldGen       total 430080K, used 362455K [0x00000006c0000000, 0x00000006da400000, 0x000000076ab00000)
  object space 430080K, 84% used [0x00000006c0000000,0x00000006d61f5cb0,0x00000006da400000)
 Metaspace       used 6601K, capacity 7344K, committed 7552K, reserved 1056768K
  class space    used 597K, capacity 616K, committed 640K, reserved 1048576K

