# JRE version: OpenJDK Runtime Environment (8.0_202) (build 1.8.0_202-release-1483-b49-5587405)
# Java VM: OpenJDK 64-Bit Server VM (25.202-b49-5587405 mixed mode linux-amd64 compressed oops)
Heap:
 PSYoungGen      total 838656K, used 108677K [0x000000076ab00000, 0x00000007a6600000, 0x00000007c0000000)
  eden space 699392K, 0% used [0x000000076ab00000,0x000000076ab00000,0x0000000795600000)
  from space 139264K, 78% used [0x0000000795600000,0x000000079c0216a0,0x000000079de00000)
  to   space 124928K, 0% used [0x000000079ec00000,0x000000079ec00000,0x00000007a6600000)
 ParOldGen       total 590848K, used 550975K [0x00000006c0000000, 0x00000006e4100000, 0x000000076ab00000)
  object space 590848K, 93% used [0x00000006c0000000,0x00000006e1a0fed0,0x00000006e4100000)
 Metaspace       used 6667K, capacity 7344K, committed 7552K, reserved 1056768K
  class space    used 599K, capacity 616K, committed 640K, reserved 1048576K
GC Heap History (10 events):
Event: 30.362 GC heap after
Heap after GC invocations=16 (full 3):
 PSYoungGen      total 526848K, used 92153K [0x000000076ab00000, 0x000000079a300000, 0x00000007c0000000)
  eden space 434688K, 0% used [0x000000076ab00000,0x000000076ab00000,0x0000000785380000)
  from space 92160K, 99% used [0x0000000785380000,0x000000078ad7e748,0x000000078ad80000)
  to   space 117248K, 0% used [0x0000000793080000,0x0000000793080000,0x000000079a300000)
 ParOldGen       total 350720K, used 247483K [0x00000006c0000000, 0x00000006d5680000, 0x000000076ab00000)
  object space 350720K, 70% used [0x00000006c0000000,0x00000006cf1aeeb8,0x00000006d5680000)
 Metaspace       used 6634K, capacity 7344K, committed 7552K, reserved 1056768K
  class space    used 597K, capacity 616K, committed 640K, reserved 1048576K
}
Event: 31.691 GC heap before
{Heap before GC invocations=17 (full 3):
 PSYoungGen      total 526848K, used 526841K [0x000000076ab00000, 0x000000079a300000, 0x00000007c0000000)
  eden space 434688K, 100% used [0x000000076ab00000,0x0000000785380000,0x0000000785380000)
  from space 92160K, 99% used [0x0000000785380000,0x000000078ad7e748,0x000000078ad80000)
  to   space 117248K, 0% used [0x0000000793080000,0x0000000793080000,0x000000079a300000)
 ParOldGen       total 350720K, used 247483K [0x00000006c0000000, 0x00000006d5680000, 0x000000076ab00000)
  object space 350720K, 70% used [0x00000006c0000000,0x00000006cf1aeeb8,0x00000006d5680000)
 Metaspace       used 6642K, capacity 7344K, committed 7552K, reserved 1056768K
  class space    used 597K, capacity 616K, committed 640K, reserved 1048576K
Event: 33.683 GC heap after
Heap after GC invocations=17 (full 3):
 PSYoungGen      total 642560K, used 115854K [0x000000076ab00000, 0x000000079fd80000, 0x00000007c0000000)
  eden space 525312K, 0% used [0x000000076ab00000,0x000000076ab00000,0x000000078ac00000)
  from space 117248K, 98% used [0x0000000793080000,0x000000079a1a3a60,0x000000079a300000)
  to   space 135680K, 0% used [0x000000078ac00000,0x000000078ac00000,0x0000000793080000)
 ParOldGen       total 350720K, used 288284K [0x00000006c0000000, 0x00000006d5680000, 0x000000076ab00000)
  object space 350720K, 82% used [0x00000006c0000000,0x00000006d1987330,0x00000006d5680000)
 Metaspace       used 6642K, capacity 7344K, committed 7552K, reserved 1056768K
  class space    used 597K, capacity 616K, committed 640K, reserved 1048576K
}
Event: 36.122 GC heap before
{Heap before GC invocations=18 (full 3):
 PSYoungGen      total 642560K, used 641166K [0x000000076ab00000, 0x000000079fd80000, 0x00000007c0000000)
  eden space 525312K, 100% used [0x000000076ab00000,0x000000078ac00000,0x000000078ac00000)
  from space 117248K, 98% used [0x0000000793080000,0x000000079a1a3a60,0x000000079a300000)
  to   space 135680K, 0% used [0x000000078ac00000,0x000000078ac00000,0x0000000793080000)
 ParOldGen       total 350720K, used 288284K [0x00000006c0000000, 0x00000006d5680000, 0x000000076ab00000)
  object space 350720K, 82% used [0x00000006c0000000,0x00000006d1987330,0x00000006d5680000)
 Metaspace       used 6657K, capacity 7344K, committed 7552K, reserved 1056768K
  class space    used 599K, capacity 616K, committed 640K, reserved 1048576K
Event: 36.454 GC heap after
Heap after GC invocations=18 (full 3):
 PSYoungGen      total 660992K, used 80546K [0x000000076ab00000, 0x00000007a7280000, 0x00000007c0000000)
  eden space 525312K, 0% used [0x000000076ab00000,0x000000076ab00000,0x000000078ac00000)
  from space 135680K, 59% used [0x000000078ac00000,0x000000078faa8ae8,0x0000000793080000)
  to   space 137728K, 0% used [0x000000079ec00000,0x000000079ec00000,0x00000007a7280000)
 ParOldGen       total 402432K, used 401854K [0x00000006c0000000, 0x00000006d8900000, 0x000000076ab00000)
  object space 402432K, 99% used [0x00000006c0000000,0x00000006d886f9b0,0x00000006d8900000)
 Metaspace       used 6657K, capacity 7344K, committed 7552K, reserved 1056768K
  class space    used 599K, capacity 616K, committed 640K, reserved 1048576K
}
Event: 36.455 GC heap before
{Heap before GC invocations=19 (full 4):
 PSYoungGen      total 660992K, used 80546K [0x000000076ab00000, 0x00000007a7280000, 0x00000007c0000000)
  eden space 525312K, 0% used [0x000000076ab00000,0x000000076ab00000,0x000000078ac00000)
  from space 135680K, 59% used [0x000000078ac00000,0x000000078faa8ae8,0x0000000793080000)
  to   space 137728K, 0% used [0x000000079ec00000,0x000000079ec00000,0x00000007a7280000)
 ParOldGen       total 402432K, used 401854K [0x00000006c0000000, 0x00000006d8900000, 0x000000076ab00000)
  object space 402432K, 99% used [0x00000006c0000000,0x00000006d886f9b0,0x00000006d8900000)
 Metaspace       used 6657K, capacity 7344K, committed 7552K, reserved 1056768K
  class space    used 599K, capacity 616K, committed 640K, reserved 1048576K
Event: 39.766 GC heap after
Heap after GC invocations=19 (full 4):
 PSYoungGen      total 660992K, used 73400K [0x000000076ab00000, 0x00000007a7280000, 0x00000007c0000000)
  eden space 525312K, 0% used [0x000000076ab00000,0x000000076ab00000,0x000000078ac00000)
  from space 135680K, 54% used [0x000000078ac00000,0x000000078f3ae3d0,0x0000000793080000)
  to   space 137728K, 0% used [0x000000079ec00000,0x000000079ec00000,0x00000007a7280000)
 ParOldGen       total 590848K, used 402259K [0x00000006c0000000, 0x00000006e4100000, 0x000000076ab00000)
  object space 590848K, 68% used [0x00000006c0000000,0x00000006d88d4f00,0x00000006e4100000)
 Metaspace       used 6657K, capacity 7344K, committed 7552K, reserved 1056768K
  class space    used 599K, capacity 616K, committed 640K, reserved 1048576K
}
Event: 41.163 GC heap before
{Heap before GC invocations=20 (full 4):
 PSYoungGen      total 660992K, used 598712K [0x000000076ab00000, 0x00000007a7280000, 0x00000007c0000000)
  eden space 525312K, 100% used [0x000000076ab00000,0x000000078ac00000,0x000000078ac00000)
  from space 135680K, 54% used [0x000000078ac00000,0x000000078f3ae3d0,0x0000000793080000)
  to   space 137728K, 0% used [0x000000079ec00000,0x000000079ec00000,0x00000007a7280000)
 ParOldGen       total 590848K, used 402259K [0x00000006c0000000, 0x00000006e4100000, 0x000000076ab00000)
  object space 590848K, 68% used [0x00000006c0000000,0x00000006d88d4f00,0x00000006e4100000)
 Metaspace       used 6661K, capacity 7344K, committed 7552K, reserved 1056768K
  class space    used 599K, capacity 616K, committed 640K, reserved 1048576K
Event: 42.512 GC heap after
Heap after GC invocations=20 (full 4):
 PSYoungGen      total 824320K, used 80847K [0x000000076ab00000, 0x00000007a6600000, 0x00000007c0000000)
  eden space 699392K, 0% used [0x000000076ab00000,0x000000076ab00000,0x0000000795600000)
  from space 124928K, 64% used [0x000000079ec00000,0x00000007a3af3d40,0x00000007a6600000)
  to   space 139264K, 0% used [0x0000000795600000,0x0000000795600000,0x000000079de00000)
 ParOldGen       total 590848K, used 473177K [0x00000006c0000000, 0x00000006e4100000, 0x000000076ab00000)
  object space 590848K, 80% used [0x00000006c0000000,0x00000006dce16550,0x00000006e4100000)
 Metaspace       used 6661K, capacity 7344K, committed 7552K, reserved 1056768K
  class space    used 599K, capacity 616K, committed 640K, reserved 1048576K
}
Event: 103.406 GC heap before
{Heap before GC invocations=21 (full 4):
 PSYoungGen      total 824320K, used 780239K [0x000000076ab00000, 0x00000007a6600000, 0x00000007c0000000)
  eden space 699392K, 100% used [0x000000076ab00000,0x0000000795600000,0x0000000795600000)
  from space 124928K, 64% used [0x000000079ec00000,0x00000007a3af3d40,0x00000007a6600000)
  to   space 139264K, 0% used [0x0000000795600000,0x0000000795600000,0x000000079de00000)
 ParOldGen       total 590848K, used 473177K [0x00000006c0000000, 0x00000006e4100000, 0x000000076ab00000)
  object space 590848K, 80% used [0x00000006c0000000,0x00000006dce16550,0x00000006e4100000)
 Metaspace       used 6667K, capacity 7344K, committed 7552K, reserved 1056768K
  class space    used 599K, capacity 616K, committed 640K, reserved 1048576K

