# JRE version: OpenJDK Runtime Environment (8.0_202) (build 1.8.0_202-release-1483-b49-5587405)
# Java VM: OpenJDK 64-Bit Server VM (25.202-b49-5587405 mixed mode linux-amd64 compressed oops)
Heap:
 PSYoungGen      total 822784K, used 141583K [0x000000076ab00000, 0x00000007b8200000, 0x00000007c0000000)
  eden space 538624K, 0% used [0x000000076ab00000,0x000000076ab00000,0x000000078b900000)
  from space 284160K, 49% used [0x000000078b900000,0x0000000794343e40,0x000000079ce80000)
  to   space 300032K, 0% used [0x00000007a5d00000,0x00000007a5d00000,0x00000007b8200000)
 ParOldGen       total 580608K, used 580153K [0x00000006c0000000, 0x00000006e3700000, 0x000000076ab00000)
  object space 580608K, 99% used [0x00000006c0000000,0x00000006e368e6f0,0x00000006e3700000)
 Metaspace       used 6617K, capacity 7344K, committed 7552K, reserved 1056768K
  class space    used 598K, capacity 616K, committed 640K, reserved 1048576K
GC Heap History (10 events):
Event: 17.552 GC heap after
Heap after GC invocations=19 (full 3):
 PSYoungGen      total 701952K, used 126324K [0x000000076ab00000, 0x00000007a3680000, 0x00000007c0000000)
  eden space 515072K, 0% used [0x000000076ab00000,0x000000076ab00000,0x000000078a200000)
  from space 186880K, 67% used [0x0000000796200000,0x000000079dd5d1f8,0x00000007a1880000)
  to   space 196608K, 0% used [0x000000078a200000,0x000000078a200000,0x0000000796200000)
 ParOldGen       total 379392K, used 379145K [0x00000006c0000000, 0x00000006d7280000, 0x000000076ab00000)
  object space 379392K, 99% used [0x00000006c0000000,0x00000006d72427b0,0x00000006d7280000)
 Metaspace       used 6607K, capacity 7344K, committed 7552K, reserved 1056768K
  class space    used 597K, capacity 616K, committed 640K, reserved 1048576K
}
Event: 17.552 GC heap before
{Heap before GC invocations=20 (full 4):
 PSYoungGen      total 701952K, used 126324K [0x000000076ab00000, 0x00000007a3680000, 0x00000007c0000000)
  eden space 515072K, 0% used [0x000000076ab00000,0x000000076ab00000,0x000000078a200000)
  from space 186880K, 67% used [0x0000000796200000,0x000000079dd5d1f8,0x00000007a1880000)
  to   space 196608K, 0% used [0x000000078a200000,0x000000078a200000,0x0000000796200000)
 ParOldGen       total 379392K, used 379145K [0x00000006c0000000, 0x00000006d7280000, 0x000000076ab00000)
  object space 379392K, 99% used [0x00000006c0000000,0x00000006d72427b0,0x00000006d7280000)
 Metaspace       used 6607K, capacity 7344K, committed 7552K, reserved 1056768K
  class space    used 597K, capacity 616K, committed 640K, reserved 1048576K
Event: 19.905 GC heap after
Heap after GC invocations=20 (full 4):
 PSYoungGen      total 701952K, used 116929K [0x000000076ab00000, 0x00000007a3680000, 0x00000007c0000000)
  eden space 515072K, 0% used [0x000000076ab00000,0x000000076ab00000,0x000000078a200000)
  from space 186880K, 62% used [0x0000000796200000,0x000000079d4306f0,0x00000007a1880000)
  to   space 196608K, 0% used [0x000000078a200000,0x000000078a200000,0x0000000796200000)
 ParOldGen       total 580608K, used 379356K [0x00000006c0000000, 0x00000006e3700000, 0x000000076ab00000)
  object space 580608K, 65% used [0x00000006c0000000,0x00000006d7277030,0x00000006e3700000)
 Metaspace       used 6607K, capacity 7344K, committed 7552K, reserved 1056768K
  class space    used 597K, capacity 616K, committed 640K, reserved 1048576K
}
Event: 21.328 GC heap before
{Heap before GC invocations=21 (full 4):
 PSYoungGen      total 701952K, used 632001K [0x000000076ab00000, 0x00000007a3680000, 0x00000007c0000000)
  eden space 515072K, 100% used [0x000000076ab00000,0x000000078a200000,0x000000078a200000)
  from space 186880K, 62% used [0x0000000796200000,0x000000079d4306f0,0x00000007a1880000)
  to   space 196608K, 0% used [0x000000078a200000,0x000000078a200000,0x0000000796200000)
 ParOldGen       total 580608K, used 379356K [0x00000006c0000000, 0x00000006e3700000, 0x000000076ab00000)
  object space 580608K, 65% used [0x00000006c0000000,0x00000006d7277030,0x00000006e3700000)
 Metaspace       used 6610K, capacity 7344K, committed 7552K, reserved 1056768K
  class space    used 597K, capacity 616K, committed 640K, reserved 1048576K
Event: 21.702 GC heap after
Heap after GC invocations=21 (full 4):
 PSYoungGen      total 711680K, used 194592K [0x000000076ab00000, 0x00000007aae00000, 0x00000007c0000000)
  eden space 515072K, 0% used [0x000000076ab00000,0x000000076ab00000,0x000000078a200000)
  from space 196608K, 98% used [0x000000078a200000,0x00000007960081d8,0x0000000796200000)
  to   space 228864K, 0% used [0x000000079ce80000,0x000000079ce80000,0x00000007aae00000)
 ParOldGen       total 580608K, used 379356K [0x00000006c0000000, 0x00000006e3700000, 0x000000076ab00000)
  object space 580608K, 65% used [0x00000006c0000000,0x00000006d7277030,0x00000006e3700000)
 Metaspace       used 6610K, capacity 7344K, committed 7552K, reserved 1056768K
  class space    used 597K, capacity 616K, committed 640K, reserved 1048576K
}
Event: 23.116 GC heap before
{Heap before GC invocations=22 (full 4):
 PSYoungGen      total 711680K, used 709664K [0x000000076ab00000, 0x00000007aae00000, 0x00000007c0000000)
  eden space 515072K, 100% used [0x000000076ab00000,0x000000078a200000,0x000000078a200000)
  from space 196608K, 98% used [0x000000078a200000,0x00000007960081d8,0x0000000796200000)
  to   space 228864K, 0% used [0x000000079ce80000,0x000000079ce80000,0x00000007aae00000)
 ParOldGen       total 580608K, used 379356K [0x00000006c0000000, 0x00000006e3700000, 0x000000076ab00000)
  object space 580608K, 65% used [0x00000006c0000000,0x00000006d7277030,0x00000006e3700000)
 Metaspace       used 6617K, capacity 7344K, committed 7552K, reserved 1056768K
  class space    used 598K, capacity 616K, committed 640K, reserved 1048576K
Event: 37.200 GC heap after
Heap after GC invocations=22 (full 4):
 PSYoungGen      total 767488K, used 228838K [0x000000076ab00000, 0x00000007b4600000, 0x00000007c0000000)
  eden space 538624K, 0% used [0x000000076ab00000,0x000000076ab00000,0x000000078b900000)
  from space 228864K, 99% used [0x000000079ce80000,0x00000007aadf98e8,0x00000007aae00000)
  to   space 284160K, 0% used [0x000000078b900000,0x000000078b900000,0x000000079ce80000)
 ParOldGen       total 580608K, used 423618K [0x00000006c0000000, 0x00000006e3700000, 0x000000076ab00000)
  object space 580608K, 72% used [0x00000006c0000000,0x00000006d9db0800,0x00000006e3700000)
 Metaspace       used 6617K, capacity 7344K, committed 7552K, reserved 1056768K
  class space    used 598K, capacity 616K, committed 640K, reserved 1048576K
}
Event: 38.925 GC heap before
{Heap before GC invocations=23 (full 4):
 PSYoungGen      total 767488K, used 767462K [0x000000076ab00000, 0x00000007b4600000, 0x00000007c0000000)
  eden space 538624K, 100% used [0x000000076ab00000,0x000000078b900000,0x000000078b900000)
  from space 228864K, 99% used [0x000000079ce80000,0x00000007aadf98e8,0x00000007aae00000)
  to   space 284160K, 0% used [0x000000078b900000,0x000000078b900000,0x000000079ce80000)
 ParOldGen       total 580608K, used 423618K [0x00000006c0000000, 0x00000006e3700000, 0x000000076ab00000)
  object space 580608K, 72% used [0x00000006c0000000,0x00000006d9db0800,0x00000006e3700000)
 Metaspace       used 6617K, capacity 7344K, committed 7552K, reserved 1056768K
  class space    used 598K, capacity 616K, committed 640K, reserved 1048576K
Event: 39.818 GC heap after
Heap after GC invocations=23 (full 4):
 PSYoungGen      total 822784K, used 197040K [0x000000076ab00000, 0x00000007b8200000, 0x00000007c0000000)
  eden space 538624K, 0% used [0x000000076ab00000,0x000000076ab00000,0x000000078b900000)
  from space 284160K, 69% used [0x000000078b900000,0x000000079796c1e8,0x000000079ce80000)
  to   space 300032K, 0% used [0x00000007a5d00000,0x00000007a5d00000,0x00000007b8200000)
 ParOldGen       total 580608K, used 532713K [0x00000006c0000000, 0x00000006e3700000, 0x000000076ab00000)
  object space 580608K, 91% used [0x00000006c0000000,0x00000006e083a518,0x00000006e3700000)
 Metaspace       used 6617K, capacity 7344K, committed 7552K, reserved 1056768K
  class space    used 598K, capacity 616K, committed 640K, reserved 1048576K
}
Event: 39.818 GC heap before
{Heap before GC invocations=24 (full 5):
 PSYoungGen      total 822784K, used 197040K [0x000000076ab00000, 0x00000007b8200000, 0x00000007c0000000)
  eden space 538624K, 0% used [0x000000076ab00000,0x000000076ab00000,0x000000078b900000)
  from space 284160K, 69% used [0x000000078b900000,0x000000079796c1e8,0x000000079ce80000)
  to   space 300032K, 0% used [0x00000007a5d00000,0x00000007a5d00000,0x00000007b8200000)
 ParOldGen       total 580608K, used 532713K [0x00000006c0000000, 0x00000006e3700000, 0x000000076ab00000)
  object space 580608K, 91% used [0x00000006c0000000,0x00000006e083a518,0x00000006e3700000)
 Metaspace       used 6617K, capacity 7344K, committed 7552K, reserved 1056768K
  class space    used 598K, capacity 616K, committed 640K, reserved 1048576K

