# JRE version: OpenJDK Runtime Environment (8.0_202) (build 1.8.0_202-release-1483-b49-5587405)
# Java VM: OpenJDK 64-Bit Server VM (25.202-b49-5587405 mixed mode linux-amd64 compressed oops)
Heap:
 PSYoungGen      total 605696K, used 92749K [0x000000076ab00000, 0x000000079c380000, 0x00000007c0000000)
  eden space 442880K, 0% used [0x000000076ab00000,0x000000076ab00000,0x0000000785b80000)
  from space 162816K, 56% used [0x000000078fe80000,0x00000007959134e8,0x0000000799d80000)
  to   space 166912K, 0% used [0x0000000785b80000,0x0000000785b80000,0x000000078fe80000)
 ParOldGen       total 355840K, used 355365K [0x00000006c0000000, 0x00000006d5b80000, 0x000000076ab00000)
  object space 355840K, 99% used [0x00000006c0000000,0x00000006d5b094b0,0x00000006d5b80000)
 Metaspace       used 6609K, capacity 7344K, committed 7552K, reserved 1056768K
  class space    used 595K, capacity 616K, committed 640K, reserved 1048576K
GC Heap History (10 events):
Event: 13.752 GC heap after
Heap after GC invocations=17 (full 3):
 PSYoungGen      total 418816K, used 32128K [0x000000076ab00000, 0x000000078ae80000, 0x00000007c0000000)
  eden space 334848K, 0% used [0x000000076ab00000,0x000000076ab00000,0x000000077f200000)
  from space 83968K, 38% used [0x0000000784a80000,0x00000007869e00b0,0x0000000789c80000)
  to   space 90624K, 0% used [0x000000077f200000,0x000000077f200000,0x0000000784a80000)
 ParOldGen       total 332288K, used 207551K [0x00000006c0000000, 0x00000006d4480000, 0x000000076ab00000)
  object space 332288K, 62% used [0x00000006c0000000,0x00000006ccaafdd0,0x00000006d4480000)
 Metaspace       used 6583K, capacity 7280K, committed 7552K, reserved 1056768K
  class space    used 595K, capacity 616K, committed 640K, reserved 1048576K
}
Event: 14.924 GC heap before
{Heap before GC invocations=18 (full 3):
 PSYoungGen      total 418816K, used 366597K [0x000000076ab00000, 0x000000078ae80000, 0x00000007c0000000)
  eden space 334848K, 99% used [0x000000076ab00000,0x000000077f1a1400,0x000000077f200000)
  from space 83968K, 38% used [0x0000000784a80000,0x00000007869e00b0,0x0000000789c80000)
  to   space 90624K, 0% used [0x000000077f200000,0x000000077f200000,0x0000000784a80000)
 ParOldGen       total 332288K, used 207551K [0x00000006c0000000, 0x00000006d4480000, 0x000000076ab00000)
  object space 332288K, 62% used [0x00000006c0000000,0x00000006ccaafdd0,0x00000006d4480000)
 Metaspace       used 6588K, capacity 7280K, committed 7552K, reserved 1056768K
  class space    used 595K, capacity 616K, committed 640K, reserved 1048576K
Event: 15.188 GC heap after
Heap after GC invocations=18 (full 3):
 PSYoungGen      total 425472K, used 82606K [0x000000076ab00000, 0x0000000790480000, 0x00000007c0000000)
  eden space 334848K, 0% used [0x000000076ab00000,0x000000076ab00000,0x000000077f200000)
  from space 90624K, 91% used [0x000000077f200000,0x00000007842aba60,0x0000000784a80000)
  to   space 102912K, 0% used [0x000000078a000000,0x000000078a000000,0x0000000790480000)
 ParOldGen       total 332288K, used 207551K [0x00000006c0000000, 0x00000006d4480000, 0x000000076ab00000)
  object space 332288K, 62% used [0x00000006c0000000,0x00000006ccaafdd0,0x00000006d4480000)
 Metaspace       used 6588K, capacity 7280K, committed 7552K, reserved 1056768K
  class space    used 595K, capacity 616K, committed 640K, reserved 1048576K
}
Event: 16.370 GC heap before
{Heap before GC invocations=19 (full 3):
 PSYoungGen      total 425472K, used 417454K [0x000000076ab00000, 0x0000000790480000, 0x00000007c0000000)
  eden space 334848K, 100% used [0x000000076ab00000,0x000000077f200000,0x000000077f200000)
  from space 90624K, 91% used [0x000000077f200000,0x00000007842aba60,0x0000000784a80000)
  to   space 102912K, 0% used [0x000000078a000000,0x000000078a000000,0x0000000790480000)
 ParOldGen       total 332288K, used 207551K [0x00000006c0000000, 0x00000006d4480000, 0x000000076ab00000)
  object space 332288K, 62% used [0x00000006c0000000,0x00000006ccaafdd0,0x00000006d4480000)
 Metaspace       used 6598K, capacity 7280K, committed 7552K, reserved 1056768K
  class space    used 595K, capacity 616K, committed 640K, reserved 1048576K
Event: 16.622 GC heap after
Heap after GC invocations=19 (full 3):
 PSYoungGen      total 485376K, used 102893K [0x000000076ab00000, 0x0000000794000000, 0x00000007c0000000)
  eden space 382464K, 0% used [0x000000076ab00000,0x000000076ab00000,0x0000000782080000)
  from space 102912K, 99% used [0x000000078a000000,0x000000079047b608,0x0000000790480000)
  to   space 130560K, 0% used [0x0000000782080000,0x0000000782080000,0x000000078a000000)
 ParOldGen       total 332288K, used 236700K [0x00000006c0000000, 0x00000006d4480000, 0x000000076ab00000)
  object space 332288K, 71% used [0x00000006c0000000,0x00000006ce7270d0,0x00000006d4480000)
 Metaspace       used 6598K, capacity 7280K, committed 7552K, reserved 1056768K
  class space    used 595K, capacity 616K, committed 640K, reserved 1048576K
}
Event: 17.780 GC heap before
{Heap before GC invocations=20 (full 3):
 PSYoungGen      total 485376K, used 485357K [0x000000076ab00000, 0x0000000794000000, 0x00000007c0000000)
  eden space 382464K, 100% used [0x000000076ab00000,0x0000000782080000,0x0000000782080000)
  from space 102912K, 99% used [0x000000078a000000,0x000000079047b608,0x0000000790480000)
  to   space 130560K, 0% used [0x0000000782080000,0x0000000782080000,0x000000078a000000)
 ParOldGen       total 332288K, used 236700K [0x00000006c0000000, 0x00000006d4480000, 0x000000076ab00000)
  object space 332288K, 71% used [0x00000006c0000000,0x00000006ce7270d0,0x00000006d4480000)
 Metaspace       used 6603K, capacity 7280K, committed 7552K, reserved 1056768K
  class space    used 595K, capacity 616K, committed 640K, reserved 1048576K
Event: 18.030 GC heap after
Heap after GC invocations=20 (full 3):
 PSYoungGen      total 513024K, used 130537K [0x000000076ab00000, 0x0000000799d80000, 0x00000007c0000000)
  eden space 382464K, 0% used [0x000000076ab00000,0x000000076ab00000,0x0000000782080000)
  from space 130560K, 99% used [0x0000000782080000,0x0000000789ffa400,0x000000078a000000)
  to   space 162816K, 0% used [0x000000078fe80000,0x000000078fe80000,0x0000000799d80000)
 ParOldGen       total 332288K, used 264197K [0x00000006c0000000, 0x00000006d4480000, 0x000000076ab00000)
  object space 332288K, 79% used [0x00000006c0000000,0x00000006d0201450,0x00000006d4480000)
 Metaspace       used 6603K, capacity 7280K, committed 7552K, reserved 1056768K
  class space    used 595K, capacity 616K, committed 640K, reserved 1048576K
}
Event: 19.340 GC heap before
{Heap before GC invocations=21 (full 3):
 PSYoungGen      total 513024K, used 513001K [0x000000076ab00000, 0x0000000799d80000, 0x00000007c0000000)
  eden space 382464K, 100% used [0x000000076ab00000,0x0000000782080000,0x0000000782080000)
  from space 130560K, 99% used [0x0000000782080000,0x0000000789ffa400,0x000000078a000000)
  to   space 162816K, 0% used [0x000000078fe80000,0x000000078fe80000,0x0000000799d80000)
 ParOldGen       total 332288K, used 264197K [0x00000006c0000000, 0x00000006d4480000, 0x000000076ab00000)
  object space 332288K, 79% used [0x00000006c0000000,0x00000006d0201450,0x00000006d4480000)
 Metaspace       used 6609K, capacity 7344K, committed 7552K, reserved 1056768K
  class space    used 595K, capacity 616K, committed 640K, reserved 1048576K
Event: 28.430 GC heap after
Heap after GC invocations=21 (full 3):
 PSYoungGen      total 605696K, used 98859K [0x000000076ab00000, 0x000000079c380000, 0x00000007c0000000)
  eden space 442880K, 0% used [0x000000076ab00000,0x000000076ab00000,0x0000000785b80000)
  from space 162816K, 60% used [0x000000078fe80000,0x0000000795f0acf8,0x0000000799d80000)
  to   space 166912K, 0% used [0x0000000785b80000,0x0000000785b80000,0x000000078fe80000)
 ParOldGen       total 355840K, used 355342K [0x00000006c0000000, 0x00000006d5b80000, 0x000000076ab00000)
  object space 355840K, 99% used [0x00000006c0000000,0x00000006d5b03ab0,0x00000006d5b80000)
 Metaspace       used 6609K, capacity 7344K, committed 7552K, reserved 1056768K
  class space    used 595K, capacity 616K, committed 640K, reserved 1048576K
}
Event: 28.442 GC heap before
{Heap before GC invocations=22 (full 4):
 PSYoungGen      total 605696K, used 98859K [0x000000076ab00000, 0x000000079c380000, 0x00000007c0000000)
  eden space 442880K, 0% used [0x000000076ab00000,0x000000076ab00000,0x0000000785b80000)
  from space 162816K, 60% used [0x000000078fe80000,0x0000000795f0acf8,0x0000000799d80000)
  to   space 166912K, 0% used [0x0000000785b80000,0x0000000785b80000,0x000000078fe80000)
 ParOldGen       total 355840K, used 355342K [0x00000006c0000000, 0x00000006d5b80000, 0x000000076ab00000)
  object space 355840K, 99% used [0x00000006c0000000,0x00000006d5b03ab0,0x00000006d5b80000)
 Metaspace       used 6609K, capacity 7344K, committed 7552K, reserved 1056768K
  class space    used 595K, capacity 616K, committed 640K, reserved 1048576K

