# JRE version: OpenJDK Runtime Environment (8.0_202) (build 1.8.0_202-release-1483-b49-5587405)
# Java VM: OpenJDK 64-Bit Server VM (25.202-b49-5587405 mixed mode linux-amd64 compressed oops)
Heap:
 PSYoungGen      total 798208K, used 65639K [0x000000076ab00000, 0x00000007ac500000, 0x00000007c0000000)
  eden space 575488K, 0% used [0x000000076ab00000,0x000000076ab00000,0x000000078dd00000)
  from space 222720K, 29% used [0x000000079c380000,0x00000007a0399e40,0x00000007a9d00000)
  to   space 236032K, 0% used [0x000000078dd00000,0x000000078dd00000,0x000000079c380000)
 ParOldGen       total 596992K, used 596748K [0x00000006c0000000, 0x00000006e4700000, 0x000000076ab00000)
  object space 596992K, 99% used [0x00000006c0000000,0x00000006e46c3080,0x00000006e4700000)
 Metaspace       used 6655K, capacity 7344K, committed 7552K, reserved 1056768K
  class space    used 599K, capacity 616K, committed 640K, reserved 1048576K
GC Heap History (10 events):
Event: 16.985 GC heap after
Heap after GC invocations=18 (full 3):
 PSYoungGen      total 600064K, used 144882K [0x000000076ab00000, 0x00000007a1080000, 0x00000007c0000000)
  eden space 455168K, 0% used [0x000000076ab00000,0x000000076ab00000,0x0000000786780000)
  from space 144896K, 99% used [0x0000000786780000,0x000000078f4fcb40,0x000000078f500000)
  to   space 173568K, 0% used [0x0000000796700000,0x0000000796700000,0x00000007a1080000)
 ParOldGen       total 363008K, used 297947K [0x00000006c0000000, 0x00000006d6280000, 0x000000076ab00000)
  object space 363008K, 82% used [0x00000006c0000000,0x00000006d22f6fc0,0x00000006d6280000)
 Metaspace       used 6632K, capacity 7344K, committed 7552K, reserved 1056768K
  class space    used 597K, capacity 616K, committed 640K, reserved 1048576K
}
Event: 18.418 GC heap before
{Heap before GC invocations=19 (full 3):
 PSYoungGen      total 600064K, used 600050K [0x000000076ab00000, 0x00000007a1080000, 0x00000007c0000000)
  eden space 455168K, 100% used [0x000000076ab00000,0x0000000786780000,0x0000000786780000)
  from space 144896K, 99% used [0x0000000786780000,0x000000078f4fcb40,0x000000078f500000)
  to   space 173568K, 0% used [0x0000000796700000,0x0000000796700000,0x00000007a1080000)
 ParOldGen       total 363008K, used 297947K [0x00000006c0000000, 0x00000006d6280000, 0x000000076ab00000)
  object space 363008K, 82% used [0x00000006c0000000,0x00000006d22f6fc0,0x00000006d6280000)
 Metaspace       used 6644K, capacity 7344K, committed 7552K, reserved 1056768K
  class space    used 598K, capacity 616K, committed 640K, reserved 1048576K
Event: 18.662 GC heap after
Heap after GC invocations=19 (full 3):
 PSYoungGen      total 704000K, used 128663K [0x000000076ab00000, 0x00000007a3100000, 0x00000007c0000000)
  eden space 530432K, 0% used [0x000000076ab00000,0x000000076ab00000,0x000000078b100000)
  from space 173568K, 74% used [0x0000000796700000,0x000000079e4a5ce8,0x00000007a1080000)
  to   space 186368K, 0% used [0x000000078b100000,0x000000078b100000,0x0000000796700000)
 ParOldGen       total 383488K, used 383481K [0x00000006c0000000, 0x00000006d7680000, 0x000000076ab00000)
  object space 383488K, 99% used [0x00000006c0000000,0x00000006d767e420,0x00000006d7680000)
 Metaspace       used 6644K, capacity 7344K, committed 7552K, reserved 1056768K
  class space    used 598K, capacity 616K, committed 640K, reserved 1048576K
}
Event: 18.662 GC heap before
{Heap before GC invocations=20 (full 4):
 PSYoungGen      total 704000K, used 128663K [0x000000076ab00000, 0x00000007a3100000, 0x00000007c0000000)
  eden space 530432K, 0% used [0x000000076ab00000,0x000000076ab00000,0x000000078b100000)
  from space 173568K, 74% used [0x0000000796700000,0x000000079e4a5ce8,0x00000007a1080000)
  to   space 186368K, 0% used [0x000000078b100000,0x000000078b100000,0x0000000796700000)
 ParOldGen       total 383488K, used 383481K [0x00000006c0000000, 0x00000006d7680000, 0x000000076ab00000)
  object space 383488K, 99% used [0x00000006c0000000,0x00000006d767e420,0x00000006d7680000)
 Metaspace       used 6644K, capacity 7344K, committed 7552K, reserved 1056768K
  class space    used 598K, capacity 616K, committed 640K, reserved 1048576K
Event: 22.021 GC heap after
Heap after GC invocations=20 (full 4):
 PSYoungGen      total 704000K, used 120442K [0x000000076ab00000, 0x00000007a3100000, 0x00000007c0000000)
  eden space 530432K, 0% used [0x000000076ab00000,0x000000076ab00000,0x000000078b100000)
  from space 173568K, 69% used [0x0000000796700000,0x000000079dc9eaf0,0x00000007a1080000)
  to   space 186368K, 0% used [0x000000078b100000,0x000000078b100000,0x0000000796700000)
 ParOldGen       total 596992K, used 383170K [0x00000006c0000000, 0x00000006e4700000, 0x000000076ab00000)
  object space 596992K, 64% used [0x00000006c0000000,0x00000006d7630b78,0x00000006e4700000)
 Metaspace       used 6644K, capacity 7344K, committed 7552K, reserved 1056768K
  class space    used 598K, capacity 616K, committed 640K, reserved 1048576K
}
Event: 23.732 GC heap before
{Heap before GC invocations=21 (full 4):
 PSYoungGen      total 704000K, used 650874K [0x000000076ab00000, 0x00000007a3100000, 0x00000007c0000000)
  eden space 530432K, 100% used [0x000000076ab00000,0x000000078b100000,0x000000078b100000)
  from space 173568K, 69% used [0x0000000796700000,0x000000079dc9eaf0,0x00000007a1080000)
  to   space 186368K, 0% used [0x000000078b100000,0x000000078b100000,0x0000000796700000)
 ParOldGen       total 596992K, used 383170K [0x00000006c0000000, 0x00000006e4700000, 0x000000076ab00000)
  object space 596992K, 64% used [0x00000006c0000000,0x00000006d7630b78,0x00000006e4700000)
 Metaspace       used 6646K, capacity 7344K, committed 7552K, reserved 1056768K
  class space    used 598K, capacity 616K, committed 640K, reserved 1048576K
Event: 24.042 GC heap after
Heap after GC invocations=21 (full 4):
 PSYoungGen      total 716800K, used 186351K [0x000000076ab00000, 0x00000007a9d00000, 0x00000007c0000000)
  eden space 530432K, 0% used [0x000000076ab00000,0x000000076ab00000,0x000000078b100000)
  from space 186368K, 99% used [0x000000078b100000,0x00000007966fbd28,0x0000000796700000)
  to   space 222720K, 0% used [0x000000079c380000,0x000000079c380000,0x00000007a9d00000)
 ParOldGen       total 596992K, used 397111K [0x00000006c0000000, 0x00000006e4700000, 0x000000076ab00000)
  object space 596992K, 66% used [0x00000006c0000000,0x00000006d83cdef8,0x00000006e4700000)
 Metaspace       used 6646K, capacity 7344K, committed 7552K, reserved 1056768K
  class space    used 598K, capacity 616K, committed 640K, reserved 1048576K
}
Event: 25.715 GC heap before
{Heap before GC invocations=22 (full 4):
 PSYoungGen      total 716800K, used 716783K [0x000000076ab00000, 0x00000007a9d00000, 0x00000007c0000000)
  eden space 530432K, 100% used [0x000000076ab00000,0x000000078b100000,0x000000078b100000)
  from space 186368K, 99% used [0x000000078b100000,0x00000007966fbd28,0x0000000796700000)
  to   space 222720K, 0% used [0x000000079c380000,0x000000079c380000,0x00000007a9d00000)
 ParOldGen       total 596992K, used 397111K [0x00000006c0000000, 0x00000006e4700000, 0x000000076ab00000)
  object space 596992K, 66% used [0x00000006c0000000,0x00000006d83cdef8,0x00000006e4700000)
 Metaspace       used 6655K, capacity 7344K, committed 7552K, reserved 1056768K
  class space    used 599K, capacity 616K, committed 640K, reserved 1048576K
Event: 26.235 GC heap after
Heap after GC invocations=22 (full 4):
 PSYoungGen      total 798208K, used 157994K [0x000000076ab00000, 0x00000007ac500000, 0x00000007c0000000)
  eden space 575488K, 0% used [0x000000076ab00000,0x000000076ab00000,0x000000078dd00000)
  from space 222720K, 70% used [0x000000079c380000,0x00000007a5dcaa18,0x00000007a9d00000)
  to   space 236032K, 0% used [0x000000078dd00000,0x000000078dd00000,0x000000079c380000)
 ParOldGen       total 596992K, used 510326K [0x00000006c0000000, 0x00000006e4700000, 0x000000076ab00000)
  object space 596992K, 85% used [0x00000006c0000000,0x00000006df25d9d8,0x00000006e4700000)
 Metaspace       used 6655K, capacity 7344K, committed 7552K, reserved 1056768K
  class space    used 599K, capacity 616K, committed 640K, reserved 1048576K
}
Event: 26.235 GC heap before
{Heap before GC invocations=23 (full 5):
 PSYoungGen      total 798208K, used 157994K [0x000000076ab00000, 0x00000007ac500000, 0x00000007c0000000)
  eden space 575488K, 0% used [0x000000076ab00000,0x000000076ab00000,0x000000078dd00000)
  from space 222720K, 70% used [0x000000079c380000,0x00000007a5dcaa18,0x00000007a9d00000)
  to   space 236032K, 0% used [0x000000078dd00000,0x000000078dd00000,0x000000079c380000)
 ParOldGen       total 596992K, used 510326K [0x00000006c0000000, 0x00000006e4700000, 0x000000076ab00000)
  object space 596992K, 85% used [0x00000006c0000000,0x00000006df25d9d8,0x00000006e4700000)
 Metaspace       used 6655K, capacity 7344K, committed 7552K, reserved 1056768K
  class space    used 599K, capacity 616K, committed 640K, reserved 1048576K

