# JRE version: OpenJDK Runtime Environment (8.0_202) (build 1.8.0_202-release-1483-b49-5587405)
# Java VM: OpenJDK 64-Bit Server VM (25.202-b49-5587405 mixed mode linux-amd64 compressed oops)
Heap:
 PSYoungGen      total 782336K, used 0K [0x000000076ab00000, 0x00000007aa680000, 0x00000007c0000000)
  eden space 595968K, 0% used [0x000000076ab00000,0x000000076ab00000,0x000000078f100000)
  from space 186368K, 0% used [0x000000078f100000,0x000000078f100000,0x000000079a700000)
  to   space 177152K, 0% used [0x000000079f980000,0x000000079f980000,0x00000007aa680000)
 ParOldGen       total 811008K, used 804327K [0x00000006c0000000, 0x00000006f1800000, 0x000000076ab00000)
  object space 811008K, 99% used [0x00000006c0000000,0x00000006f1179f18,0x00000006f1800000)
 Metaspace       used 6773K, capacity 7410K, committed 7552K, reserved 1056768K
  class space    used 605K, capacity 618K, committed 640K, reserved 1048576K
GC Heap History (10 events):
Event: 28.954 GC heap after
Heap after GC invocations=26 (full 4):
 PSYoungGen      total 682496K, used 55570K [0x000000076ab00000, 0x00000007a1b80000, 0x00000007c0000000)
  eden space 488960K, 0% used [0x000000076ab00000,0x000000076ab00000,0x0000000788880000)
  from space 193536K, 28% used [0x0000000795e80000,0x00000007994c49b8,0x00000007a1b80000)
  to   space 206336K, 0% used [0x0000000788880000,0x0000000788880000,0x0000000795200000)
 ParOldGen       total 547328K, used 541799K [0x00000006c0000000, 0x00000006e1680000, 0x000000076ab00000)
  object space 547328K, 98% used [0x00000006c0000000,0x00000006e1119e78,0x00000006e1680000)
 Metaspace       used 6628K, capacity 7344K, committed 7552K, reserved 1056768K
  class space    used 598K, capacity 616K, committed 640K, reserved 1048576K
}
Event: 28.956 GC heap before
{Heap before GC invocations=27 (full 5):
 PSYoungGen      total 682496K, used 55570K [0x000000076ab00000, 0x00000007a1b80000, 0x00000007c0000000)
  eden space 488960K, 0% used [0x000000076ab00000,0x000000076ab00000,0x0000000788880000)
  from space 193536K, 28% used [0x0000000795e80000,0x00000007994c49b8,0x00000007a1b80000)
  to   space 206336K, 0% used [0x0000000788880000,0x0000000788880000,0x0000000795200000)
 ParOldGen       total 547328K, used 541799K [0x00000006c0000000, 0x00000006e1680000, 0x000000076ab00000)
  object space 547328K, 98% used [0x00000006c0000000,0x00000006e1119e78,0x00000006e1680000)
 Metaspace       used 6628K, capacity 7344K, committed 7552K, reserved 1056768K
  class space    used 598K, capacity 616K, committed 640K, reserved 1048576K
Event: 32.144 GC heap after
Heap after GC invocations=27 (full 5):
 PSYoungGen      total 682496K, used 45503K [0x000000076ab00000, 0x00000007a1b80000, 0x00000007c0000000)
  eden space 488960K, 0% used [0x000000076ab00000,0x000000076ab00000,0x0000000788880000)
  from space 193536K, 23% used [0x0000000795e80000,0x0000000798aeffb8,0x00000007a1b80000)
  to   space 206336K, 0% used [0x0000000788880000,0x0000000788880000,0x0000000795200000)
 ParOldGen       total 811008K, used 546926K [0x00000006c0000000, 0x00000006f1800000, 0x000000076ab00000)
  object space 811008K, 67% used [0x00000006c0000000,0x00000006e161b9f0,0x00000006f1800000)
 Metaspace       used 6628K, capacity 7344K, committed 7552K, reserved 1056768K
  class space    used 598K, capacity 616K, committed 640K, reserved 1048576K
}
Event: 34.317 GC heap before
{Heap before GC invocations=28 (full 5):
 PSYoungGen      total 682496K, used 534463K [0x000000076ab00000, 0x00000007a1b80000, 0x00000007c0000000)
  eden space 488960K, 100% used [0x000000076ab00000,0x0000000788880000,0x0000000788880000)
  from space 193536K, 23% used [0x0000000795e80000,0x0000000798aeffb8,0x00000007a1b80000)
  to   space 206336K, 0% used [0x0000000788880000,0x0000000788880000,0x0000000795200000)
 ParOldGen       total 811008K, used 546926K [0x00000006c0000000, 0x00000006f1800000, 0x000000076ab00000)
  object space 811008K, 67% used [0x00000006c0000000,0x00000006e161b9f0,0x00000006f1800000)
 Metaspace       used 6633K, capacity 7344K, committed 7552K, reserved 1056768K
  class space    used 598K, capacity 616K, committed 640K, reserved 1048576K
Event: 34.728 GC heap after
Heap after GC invocations=28 (full 5):
 PSYoungGen      total 695296K, used 76965K [0x000000076ab00000, 0x00000007a6580000, 0x00000007c0000000)
  eden space 488960K, 0% used [0x000000076ab00000,0x000000076ab00000,0x0000000788880000)
  from space 206336K, 37% used [0x0000000788880000,0x000000078d3a94e0,0x0000000795200000)
  to   space 195072K, 0% used [0x000000079a700000,0x000000079a700000,0x00000007a6580000)
 ParOldGen       total 811008K, used 590094K [0x00000006c0000000, 0x00000006f1800000, 0x000000076ab00000)
  object space 811008K, 72% used [0x00000006c0000000,0x00000006e4043858,0x00000006f1800000)
 Metaspace       used 6633K, capacity 7344K, committed 7552K, reserved 1056768K
  class space    used 598K, capacity 616K, committed 640K, reserved 1048576K
}
Event: 36.316 GC heap before
{Heap before GC invocations=29 (full 5):
 PSYoungGen      total 695296K, used 565925K [0x000000076ab00000, 0x00000007a6580000, 0x00000007c0000000)
  eden space 488960K, 100% used [0x000000076ab00000,0x0000000788880000,0x0000000788880000)
  from space 206336K, 37% used [0x0000000788880000,0x000000078d3a94e0,0x0000000795200000)
  to   space 195072K, 0% used [0x000000079a700000,0x000000079a700000,0x00000007a6580000)
 ParOldGen       total 811008K, used 590094K [0x00000006c0000000, 0x00000006f1800000, 0x000000076ab00000)
  object space 811008K, 72% used [0x00000006c0000000,0x00000006e4043858,0x00000006f1800000)
 Metaspace       used 6633K, capacity 7344K, committed 7552K, reserved 1056768K
  class space    used 598K, capacity 616K, committed 640K, reserved 1048576K
Event: 40.411 GC heap after
Heap after GC invocations=29 (full 5):
 PSYoungGen      total 788992K, used 68410K [0x000000076ab00000, 0x00000007a6380000, 0x00000007c0000000)
  eden space 595968K, 0% used [0x000000076ab00000,0x000000076ab00000,0x000000078f100000)
  from space 193024K, 35% used [0x000000079a700000,0x000000079e9ce8b0,0x00000007a6380000)
  to   space 186368K, 0% used [0x000000078f100000,0x000000078f100000,0x000000079a700000)
 ParOldGen       total 811008K, used 664687K [0x00000006c0000000, 0x00000006f1800000, 0x000000076ab00000)
  object space 811008K, 81% used [0x00000006c0000000,0x00000006e891bda0,0x00000006f1800000)
 Metaspace       used 6633K, capacity 7344K, committed 7552K, reserved 1056768K
  class space    used 598K, capacity 616K, committed 640K, reserved 1048576K
}
Event: 43.823 GC heap before
{Heap before GC invocations=30 (full 5):
 PSYoungGen      total 788992K, used 664378K [0x000000076ab00000, 0x00000007a6380000, 0x00000007c0000000)
  eden space 595968K, 100% used [0x000000076ab00000,0x000000078f100000,0x000000078f100000)
  from space 193024K, 35% used [0x000000079a700000,0x000000079e9ce8b0,0x00000007a6380000)
  to   space 186368K, 0% used [0x000000078f100000,0x000000078f100000,0x000000079a700000)
 ParOldGen       total 811008K, used 664687K [0x00000006c0000000, 0x00000006f1800000, 0x000000076ab00000)
  object space 811008K, 81% used [0x00000006c0000000,0x00000006e891bda0,0x00000006f1800000)
 Metaspace       used 6773K, capacity 7410K, committed 7552K, reserved 1056768K
  class space    used 605K, capacity 618K, committed 640K, reserved 1048576K
Event: 44.058 GC heap after
Heap after GC invocations=30 (full 5):
 PSYoungGen      total 782336K, used 84572K [0x000000076ab00000, 0x00000007aa680000, 0x00000007c0000000)
  eden space 595968K, 0% used [0x000000076ab00000,0x000000076ab00000,0x000000078f100000)
  from space 186368K, 45% used [0x000000078f100000,0x0000000794397080,0x000000079a700000)
  to   space 177152K, 0% used [0x000000079f980000,0x000000079f980000,0x00000007aa680000)
 ParOldGen       total 811008K, used 730101K [0x00000006c0000000, 0x00000006f1800000, 0x000000076ab00000)
  object space 811008K, 90% used [0x00000006c0000000,0x00000006ec8fd718,0x00000006f1800000)
 Metaspace       used 6773K, capacity 7410K, committed 7552K, reserved 1056768K
  class space    used 605K, capacity 618K, committed 640K, reserved 1048576K
}
Event: 44.058 GC heap before
{Heap before GC invocations=31 (full 6):
 PSYoungGen      total 782336K, used 84572K [0x000000076ab00000, 0x00000007aa680000, 0x00000007c0000000)
  eden space 595968K, 0% used [0x000000076ab00000,0x000000076ab00000,0x000000078f100000)
  from space 186368K, 45% used [0x000000078f100000,0x0000000794397080,0x000000079a700000)
  to   space 177152K, 0% used [0x000000079f980000,0x000000079f980000,0x00000007aa680000)
 ParOldGen       total 811008K, used 730101K [0x00000006c0000000, 0x00000006f1800000, 0x000000076ab00000)
  object space 811008K, 90% used [0x00000006c0000000,0x00000006ec8fd718,0x00000006f1800000)
 Metaspace       used 6773K, capacity 7410K, committed 7552K, reserved 1056768K
  class space    used 605K, capacity 618K, committed 640K, reserved 1048576K

