# JRE version: OpenJDK Runtime Environment (8.0_202) (build 1.8.0_202-release-1483-b49-5587405)
# Java VM: OpenJDK 64-Bit Server VM (25.202-b49-5587405 mixed mode linux-amd64 compressed oops)
Heap:
 PSYoungGen      total 943104K, used 9281K [0x000000076ab00000, 0x00000007aff80000, 0x00000007c0000000)
  eden space 753152K, 0% used [0x000000076ab00000,0x000000076ab00000,0x0000000798a80000)
  from space 189952K, 4% used [0x00000007a4600000,0x00000007a4f105e0,0x00000007aff80000)
  to   space 190976K, 0% used [0x0000000798a80000,0x0000000798a80000,0x00000007a4500000)
 ParOldGen       total 795648K, used 795469K [0x00000006c0000000, 0x00000006f0900000, 0x000000076ab00000)
  object space 795648K, 99% used [0x00000006c0000000,0x00000006f08d3408,0x00000006f0900000)
 Metaspace       used 6701K, capacity 7344K, committed 7552K, reserved 1056768K
  class space    used 600K, capacity 616K, committed 640K, reserved 1048576K
GC Heap History (10 events):
Event: 33.157 GC heap after
Heap after GC invocations=21 (full 4):
 PSYoungGen      total 719360K, used 79999K [0x000000076ab00000, 0x00000007a8b00000, 0x00000007c0000000)
  eden space 523776K, 0% used [0x000000076ab00000,0x000000076ab00000,0x000000078aa80000)
  from space 195584K, 40% used [0x000000078aa80000,0x000000078f89ffa0,0x0000000796980000)
  to   space 185856K, 0% used [0x000000079d580000,0x000000079d580000,0x00000007a8b00000)
 ParOldGen       total 558080K, used 483762K [0x00000006c0000000, 0x00000006e2100000, 0x000000076ab00000)
  object space 558080K, 86% used [0x00000006c0000000,0x00000006dd86c868,0x00000006e2100000)
 Metaspace       used 6640K, capacity 7344K, committed 7552K, reserved 1056768K
  class space    used 598K, capacity 616K, committed 640K, reserved 1048576K
}
Event: 33.157 GC heap before
{Heap before GC invocations=22 (full 5):
 PSYoungGen      total 719360K, used 79999K [0x000000076ab00000, 0x00000007a8b00000, 0x00000007c0000000)
  eden space 523776K, 0% used [0x000000076ab00000,0x000000076ab00000,0x000000078aa80000)
  from space 195584K, 40% used [0x000000078aa80000,0x000000078f89ffa0,0x0000000796980000)
  to   space 185856K, 0% used [0x000000079d580000,0x000000079d580000,0x00000007a8b00000)
 ParOldGen       total 558080K, used 483762K [0x00000006c0000000, 0x00000006e2100000, 0x000000076ab00000)
  object space 558080K, 86% used [0x00000006c0000000,0x00000006dd86c868,0x00000006e2100000)
 Metaspace       used 6640K, capacity 7344K, committed 7552K, reserved 1056768K
  class space    used 598K, capacity 616K, committed 640K, reserved 1048576K
Event: 36.277 GC heap after
Heap after GC invocations=22 (full 5):
 PSYoungGen      total 719360K, used 3947K [0x000000076ab00000, 0x00000007a8b00000, 0x00000007c0000000)
  eden space 523776K, 0% used [0x000000076ab00000,0x000000076ab00000,0x000000078aa80000)
  from space 195584K, 2% used [0x000000078aa80000,0x000000078ae5af88,0x0000000796980000)
  to   space 185856K, 0% used [0x000000079d580000,0x000000079d580000,0x00000007a8b00000)
 ParOldGen       total 795648K, used 558039K [0x00000006c0000000, 0x00000006f0900000, 0x000000076ab00000)
  object space 795648K, 70% used [0x00000006c0000000,0x00000006e20f5e40,0x00000006f0900000)
 Metaspace       used 6640K, capacity 7344K, committed 7552K, reserved 1056768K
  class space    used 598K, capacity 616K, committed 640K, reserved 1048576K
}
Event: 37.696 GC heap before
{Heap before GC invocations=23 (full 5):
 PSYoungGen      total 719360K, used 527723K [0x000000076ab00000, 0x00000007a8b00000, 0x00000007c0000000)
  eden space 523776K, 100% used [0x000000076ab00000,0x000000078aa80000,0x000000078aa80000)
  from space 195584K, 2% used [0x000000078aa80000,0x000000078ae5af88,0x0000000796980000)
  to   space 185856K, 0% used [0x000000079d580000,0x000000079d580000,0x00000007a8b00000)
 ParOldGen       total 795648K, used 558039K [0x00000006c0000000, 0x00000006f0900000, 0x000000076ab00000)
  object space 795648K, 70% used [0x00000006c0000000,0x00000006e20f5e40,0x00000006f0900000)
 Metaspace       used 6648K, capacity 7344K, committed 7552K, reserved 1056768K
  class space    used 598K, capacity 616K, committed 640K, reserved 1048576K
Event: 38.049 GC heap after
Heap after GC invocations=23 (full 5):
 PSYoungGen      total 754176K, used 80565K [0x000000076ab00000, 0x00000007a5d80000, 0x00000007c0000000)
  eden space 614912K, 0% used [0x000000076ab00000,0x000000076ab00000,0x0000000790380000)
  from space 139264K, 57% used [0x000000079d580000,0x00000007a242d558,0x00000007a5d80000)
  to   space 177152K, 0% used [0x0000000790380000,0x0000000790380000,0x000000079b080000)
 ParOldGen       total 795648K, used 559543K [0x00000006c0000000, 0x00000006f0900000, 0x000000076ab00000)
  object space 795648K, 70% used [0x00000006c0000000,0x00000006e226de40,0x00000006f0900000)
 Metaspace       used 6648K, capacity 7344K, committed 7552K, reserved 1056768K
  class space    used 598K, capacity 616K, committed 640K, reserved 1048576K
}
Event: 39.764 GC heap before
{Heap before GC invocations=24 (full 5):
 PSYoungGen      total 754176K, used 695477K [0x000000076ab00000, 0x00000007a5d80000, 0x00000007c0000000)
  eden space 614912K, 100% used [0x000000076ab00000,0x0000000790380000,0x0000000790380000)
  from space 139264K, 57% used [0x000000079d580000,0x00000007a242d558,0x00000007a5d80000)
  to   space 177152K, 0% used [0x0000000790380000,0x0000000790380000,0x000000079b080000)
 ParOldGen       total 795648K, used 559543K [0x00000006c0000000, 0x00000006f0900000, 0x000000076ab00000)
  object space 795648K, 70% used [0x00000006c0000000,0x00000006e226de40,0x00000006f0900000)
 Metaspace       used 6650K, capacity 7344K, committed 7552K, reserved 1056768K
  class space    used 599K, capacity 616K, committed 640K, reserved 1048576K
Event: 45.224 GC heap after
Heap after GC invocations=24 (full 5):
 PSYoungGen      total 792064K, used 167034K [0x000000076ab00000, 0x00000007b0a00000, 0x00000007c0000000)
  eden space 614912K, 0% used [0x000000076ab00000,0x000000076ab00000,0x0000000790380000)
  from space 177152K, 94% used [0x0000000790380000,0x000000079a69eb40,0x000000079b080000)
  to   space 200704K, 0% used [0x00000007a4600000,0x00000007a4600000,0x00000007b0a00000)
 ParOldGen       total 795648K, used 559543K [0x00000006c0000000, 0x00000006f0900000, 0x000000076ab00000)
  object space 795648K, 70% used [0x00000006c0000000,0x00000006e226de40,0x00000006f0900000)
 Metaspace       used 6650K, capacity 7344K, committed 7552K, reserved 1056768K
  class space    used 599K, capacity 616K, committed 640K, reserved 1048576K
}
Event: 48.475 GC heap before
{Heap before GC invocations=25 (full 5):
 PSYoungGen      total 792064K, used 781946K [0x000000076ab00000, 0x00000007b0a00000, 0x00000007c0000000)
  eden space 614912K, 100% used [0x000000076ab00000,0x0000000790380000,0x0000000790380000)
  from space 177152K, 94% used [0x0000000790380000,0x000000079a69eb40,0x000000079b080000)
  to   space 200704K, 0% used [0x00000007a4600000,0x00000007a4600000,0x00000007b0a00000)
 ParOldGen       total 795648K, used 559543K [0x00000006c0000000, 0x00000006f0900000, 0x000000076ab00000)
  object space 795648K, 70% used [0x00000006c0000000,0x00000006e226de40,0x00000006f0900000)
 Metaspace       used 6701K, capacity 7344K, committed 7552K, reserved 1056768K
  class space    used 600K, capacity 616K, committed 640K, reserved 1048576K
Event: 54.280 GC heap after
Heap after GC invocations=25 (full 5):
 PSYoungGen      total 943104K, used 88334K [0x000000076ab00000, 0x00000007aff80000, 0x00000007c0000000)
  eden space 753152K, 0% used [0x000000076ab00000,0x000000076ab00000,0x0000000798a80000)
  from space 189952K, 46% used [0x00000007a4600000,0x00000007a9c439d8,0x00000007aff80000)
  to   space 190976K, 0% used [0x0000000798a80000,0x0000000798a80000,0x00000007a4500000)
 ParOldGen       total 795648K, used 723341K [0x00000006c0000000, 0x00000006f0900000, 0x000000076ab00000)
  object space 795648K, 90% used [0x00000006c0000000,0x00000006ec2635a8,0x00000006f0900000)
 Metaspace       used 6701K, capacity 7344K, committed 7552K, reserved 1056768K
  class space    used 600K, capacity 616K, committed 640K, reserved 1048576K
}
Event: 54.302 GC heap before
{Heap before GC invocations=26 (full 6):
 PSYoungGen      total 943104K, used 88334K [0x000000076ab00000, 0x00000007aff80000, 0x00000007c0000000)
  eden space 753152K, 0% used [0x000000076ab00000,0x000000076ab00000,0x0000000798a80000)
  from space 189952K, 46% used [0x00000007a4600000,0x00000007a9c439d8,0x00000007aff80000)
  to   space 190976K, 0% used [0x0000000798a80000,0x0000000798a80000,0x00000007a4500000)
 ParOldGen       total 795648K, used 723341K [0x00000006c0000000, 0x00000006f0900000, 0x000000076ab00000)
  object space 795648K, 90% used [0x00000006c0000000,0x00000006ec2635a8,0x00000006f0900000)
 Metaspace       used 6701K, capacity 7344K, committed 7552K, reserved 1056768K
  class space    used 600K, capacity 616K, committed 640K, reserved 1048576K

