# JRE version: OpenJDK Runtime Environment (8.0_202) (build 1.8.0_202-release-1483-b49-5587405)
# Java VM: OpenJDK 64-Bit Server VM (25.202-b49-5587405 mixed mode linux-amd64 compressed oops)
Heap:
 PSYoungGen      total 669696K, used 91125K [0x000000076ab00000, 0x0000000799200000, 0x00000007c0000000)
  eden space 578560K, 0% used [0x000000076ab00000,0x000000076ab00000,0x000000078e000000)
  from space 91136K, 99% used [0x000000078e000000,0x00000007938fd5e0,0x0000000793900000)
  to   space 87040K, 0% used [0x0000000793b80000,0x0000000793b80000,0x0000000799080000)
 ParOldGen       total 440320K, used 372661K [0x00000006c0000000, 0x00000006dae00000, 0x000000076ab00000)
  object space 440320K, 84% used [0x00000006c0000000,0x00000006d6bed5c0,0x00000006dae00000)
 Metaspace       used 6642K, capacity 7344K, committed 7552K, reserved 1056768K
  class space    used 598K, capacity 616K, committed 640K, reserved 1048576K
GC Heap History (10 events):
Event: 16.412 GC heap after
Heap after GC invocations=16 (full 3):
 PSYoungGen      total 402944K, used 16528K [0x000000076ab00000, 0x000000078fd00000, 0x00000007c0000000)
  eden space 330240K, 0% used [0x000000076ab00000,0x000000076ab00000,0x000000077ed80000)
  from space 72704K, 22% used [0x000000077ed80000,0x000000077fda4018,0x0000000783480000)
  to   space 76288K, 0% used [0x000000078b280000,0x000000078b280000,0x000000078fd00000)
 ParOldGen       total 308224K, used 199506K [0x00000006c0000000, 0x00000006d2d00000, 0x000000076ab00000)
  object space 308224K, 64% used [0x00000006c0000000,0x00000006cc2d49c0,0x00000006d2d00000)
 Metaspace       used 6583K, capacity 7280K, committed 7552K, reserved 1056768K
  class space    used 596K, capacity 616K, committed 640K, reserved 1048576K
}
Event: 17.787 GC heap before
{Heap before GC invocations=17 (full 3):
 PSYoungGen      total 402944K, used 346768K [0x000000076ab00000, 0x000000078fd00000, 0x00000007c0000000)
  eden space 330240K, 100% used [0x000000076ab00000,0x000000077ed80000,0x000000077ed80000)
  from space 72704K, 22% used [0x000000077ed80000,0x000000077fda4018,0x0000000783480000)
  to   space 76288K, 0% used [0x000000078b280000,0x000000078b280000,0x000000078fd00000)
 ParOldGen       total 308224K, used 199506K [0x00000006c0000000, 0x00000006d2d00000, 0x000000076ab00000)
  object space 308224K, 64% used [0x00000006c0000000,0x00000006cc2d49c0,0x00000006d2d00000)
 Metaspace       used 6598K, capacity 7280K, committed 7552K, reserved 1056768K
  class space    used 596K, capacity 616K, committed 640K, reserved 1048576K
Event: 18.352 GC heap after
Heap after GC invocations=17 (full 3):
 PSYoungGen      total 483840K, used 48934K [0x000000076ab00000, 0x000000078e800000, 0x00000007c0000000)
  eden space 429056K, 0% used [0x000000076ab00000,0x000000076ab00000,0x0000000784e00000)
  from space 54784K, 89% used [0x000000078b280000,0x000000078e2499e0,0x000000078e800000)
  to   space 78848K, 0% used [0x0000000784e00000,0x0000000784e00000,0x0000000789b00000)
 ParOldGen       total 308224K, used 215239K [0x00000006c0000000, 0x00000006d2d00000, 0x000000076ab00000)
  object space 308224K, 69% used [0x00000006c0000000,0x00000006cd231e78,0x00000006d2d00000)
 Metaspace       used 6598K, capacity 7280K, committed 7552K, reserved 1056768K
  class space    used 596K, capacity 616K, committed 640K, reserved 1048576K
}
Event: 20.323 GC heap before
{Heap before GC invocations=18 (full 3):
 PSYoungGen      total 483840K, used 477990K [0x000000076ab00000, 0x000000078e800000, 0x00000007c0000000)
  eden space 429056K, 100% used [0x000000076ab00000,0x0000000784e00000,0x0000000784e00000)
  from space 54784K, 89% used [0x000000078b280000,0x000000078e2499e0,0x000000078e800000)
  to   space 78848K, 0% used [0x0000000784e00000,0x0000000784e00000,0x0000000789b00000)
 ParOldGen       total 308224K, used 215239K [0x00000006c0000000, 0x00000006d2d00000, 0x000000076ab00000)
  object space 308224K, 69% used [0x00000006c0000000,0x00000006cd231e78,0x00000006d2d00000)
 Metaspace       used 6615K, capacity 7344K, committed 7552K, reserved 1056768K
  class space    used 597K, capacity 616K, committed 640K, reserved 1048576K
Event: 30.025 GC heap after
Heap after GC invocations=18 (full 3):
 PSYoungGen      total 507904K, used 66285K [0x000000076ab00000, 0x0000000799080000, 0x00000007c0000000)
  eden space 429056K, 0% used [0x000000076ab00000,0x000000076ab00000,0x0000000784e00000)
  from space 78848K, 84% used [0x0000000784e00000,0x0000000788ebb748,0x0000000789b00000)
  to   space 87040K, 0% used [0x0000000793b80000,0x0000000793b80000,0x0000000799080000)
 ParOldGen       total 308224K, used 262918K [0x00000006c0000000, 0x00000006d2d00000, 0x000000076ab00000)
  object space 308224K, 85% used [0x00000006c0000000,0x00000006d00c1aa0,0x00000006d2d00000)
 Metaspace       used 6615K, capacity 7344K, committed 7552K, reserved 1056768K
  class space    used 597K, capacity 616K, committed 640K, reserved 1048576K
}
Event: 30.027 GC heap before
{Heap before GC invocations=19 (full 4):
 PSYoungGen      total 507904K, used 66285K [0x000000076ab00000, 0x0000000799080000, 0x00000007c0000000)
  eden space 429056K, 0% used [0x000000076ab00000,0x000000076ab00000,0x0000000784e00000)
  from space 78848K, 84% used [0x0000000784e00000,0x0000000788ebb748,0x0000000789b00000)
  to   space 87040K, 0% used [0x0000000793b80000,0x0000000793b80000,0x0000000799080000)
 ParOldGen       total 308224K, used 262918K [0x00000006c0000000, 0x00000006d2d00000, 0x000000076ab00000)
  object space 308224K, 85% used [0x00000006c0000000,0x00000006d00c1aa0,0x00000006d2d00000)
 Metaspace       used 6615K, capacity 7344K, committed 7552K, reserved 1056768K
  class space    used 597K, capacity 616K, committed 640K, reserved 1048576K
Event: 31.809 GC heap after
Heap after GC invocations=19 (full 4):
 PSYoungGen      total 507904K, used 8150K [0x000000076ab00000, 0x0000000799080000, 0x00000007c0000000)
  eden space 429056K, 0% used [0x000000076ab00000,0x000000076ab00000,0x0000000784e00000)
  from space 78848K, 10% used [0x0000000784e00000,0x00000007855f5a80,0x0000000789b00000)
  to   space 87040K, 0% used [0x0000000793b80000,0x0000000793b80000,0x0000000799080000)
 ParOldGen       total 440320K, used 307988K [0x00000006c0000000, 0x00000006dae00000, 0x000000076ab00000)
  object space 440320K, 69% used [0x00000006c0000000,0x00000006d2cc5010,0x00000006dae00000)
 Metaspace       used 6615K, capacity 7344K, committed 7552K, reserved 1056768K
  class space    used 597K, capacity 616K, committed 640K, reserved 1048576K
}
Event: 33.682 GC heap before
{Heap before GC invocations=20 (full 4):
 PSYoungGen      total 507904K, used 437206K [0x000000076ab00000, 0x0000000799080000, 0x00000007c0000000)
  eden space 429056K, 100% used [0x000000076ab00000,0x0000000784e00000,0x0000000784e00000)
  from space 78848K, 10% used [0x0000000784e00000,0x00000007855f5a80,0x0000000789b00000)
  to   space 87040K, 0% used [0x0000000793b80000,0x0000000793b80000,0x0000000799080000)
 ParOldGen       total 440320K, used 307988K [0x00000006c0000000, 0x00000006dae00000, 0x000000076ab00000)
  object space 440320K, 69% used [0x00000006c0000000,0x00000006d2cc5010,0x00000006dae00000)
 Metaspace       used 6626K, capacity 7344K, committed 7552K, reserved 1056768K
  class space    used 597K, capacity 616K, committed 640K, reserved 1048576K
Event: 33.833 GC heap after
Heap after GC invocations=20 (full 4):
 PSYoungGen      total 665600K, used 61072K [0x000000076ab00000, 0x0000000799200000, 0x00000007c0000000)
  eden space 578560K, 0% used [0x000000076ab00000,0x000000076ab00000,0x000000078e000000)
  from space 87040K, 70% used [0x0000000793b80000,0x00000007977240e0,0x0000000799080000)
  to   space 91136K, 0% used [0x000000078e000000,0x000000078e000000,0x0000000793900000)
 ParOldGen       total 440320K, used 313851K [0x00000006c0000000, 0x00000006dae00000, 0x000000076ab00000)
  object space 440320K, 71% used [0x00000006c0000000,0x00000006d327efe8,0x00000006dae00000)
 Metaspace       used 6626K, capacity 7344K, committed 7552K, reserved 1056768K
  class space    used 597K, capacity 616K, committed 640K, reserved 1048576K
}
Event: 35.747 GC heap before
{Heap before GC invocations=21 (full 4):
 PSYoungGen      total 665600K, used 639632K [0x000000076ab00000, 0x0000000799200000, 0x00000007c0000000)
  eden space 578560K, 100% used [0x000000076ab00000,0x000000078e000000,0x000000078e000000)
  from space 87040K, 70% used [0x0000000793b80000,0x00000007977240e0,0x0000000799080000)
  to   space 91136K, 0% used [0x000000078e000000,0x000000078e000000,0x0000000793900000)
 ParOldGen       total 440320K, used 313851K [0x00000006c0000000, 0x00000006dae00000, 0x000000076ab00000)
  object space 440320K, 71% used [0x00000006c0000000,0x00000006d327efe8,0x00000006dae00000)
 Metaspace       used 6642K, capacity 7344K, committed 7552K, reserved 1056768K
  class space    used 598K, capacity 616K, committed 640K, reserved 1048576K

