# JRE version: OpenJDK Runtime Environment (8.0_202) (build 1.8.0_202-release-1483-b49-5587405)
# Java VM: OpenJDK 64-Bit Server VM (25.202-b49-5587405 mixed mode linux-amd64 compressed oops)
Heap:
 PSYoungGen      total 847360K, used 226937K [0x000000076ab00000, 0x00000007b8200000, 0x00000007c0000000)
  eden space 503296K, 0% used [0x000000076ab00000,0x000000076ab00000,0x0000000789680000)
  from space 344064K, 65% used [0x000000079f880000,0x00000007ad61e658,0x00000007b4880000)
  to   space 362496K, 0% used [0x0000000789680000,0x0000000789680000,0x000000079f880000)
 ParOldGen       total 572416K, used 572364K [0x00000006c0000000, 0x00000006e2f00000, 0x000000076ab00000)
  object space 572416K, 99% used [0x00000006c0000000,0x00000006e2ef33f8,0x00000006e2f00000)
 Metaspace       used 6695K, capacity 7344K, committed 7552K, reserved 1056768K
  class space    used 600K, capacity 616K, committed 640K, reserved 1048576K
GC Heap History (10 events):
Event: 23.876 GC heap after
Heap after GC invocations=24 (full 4):
 PSYoungGen      total 609280K, used 197109K [0x000000076ab00000, 0x00000007a3400000, 0x00000007c0000000)
  eden space 412160K, 0% used [0x000000076ab00000,0x000000076ab00000,0x0000000783d80000)
  from space 197120K, 99% used [0x0000000792400000,0x000000079e47d500,0x000000079e480000)
  to   space 236032K, 0% used [0x0000000783d80000,0x0000000783d80000,0x0000000792400000)
 ParOldGen       total 541184K, used 364367K [0x00000006c0000000, 0x00000006e1080000, 0x000000076ab00000)
  object space 541184K, 67% used [0x00000006c0000000,0x00000006d63d3d30,0x00000006e1080000)
 Metaspace       used 6638K, capacity 7344K, committed 7552K, reserved 1056768K
  class space    used 598K, capacity 616K, committed 640K, reserved 1048576K
}
Event: 25.042 GC heap before
{Heap before GC invocations=25 (full 4):
 PSYoungGen      total 609280K, used 609269K [0x000000076ab00000, 0x00000007a3400000, 0x00000007c0000000)
  eden space 412160K, 100% used [0x000000076ab00000,0x0000000783d80000,0x0000000783d80000)
  from space 197120K, 99% used [0x0000000792400000,0x000000079e47d500,0x000000079e480000)
  to   space 236032K, 0% used [0x0000000783d80000,0x0000000783d80000,0x0000000792400000)
 ParOldGen       total 541184K, used 364367K [0x00000006c0000000, 0x00000006e1080000, 0x000000076ab00000)
  object space 541184K, 67% used [0x00000006c0000000,0x00000006d63d3d30,0x00000006e1080000)
 Metaspace       used 6645K, capacity 7344K, committed 7552K, reserved 1056768K
  class space    used 598K, capacity 616K, committed 640K, reserved 1048576K
Event: 25.634 GC heap after
Heap after GC invocations=25 (full 4):
 PSYoungGen      total 648192K, used 181938K [0x000000076ab00000, 0x00000007a7480000, 0x00000007c0000000)
  eden space 412160K, 0% used [0x000000076ab00000,0x000000076ab00000,0x0000000783d80000)
  from space 236032K, 77% used [0x0000000783d80000,0x000000078ef2ca30,0x0000000792400000)
  to   space 256000K, 0% used [0x0000000797a80000,0x0000000797a80000,0x00000007a7480000)
 ParOldGen       total 541184K, used 446068K [0x00000006c0000000, 0x00000006e1080000, 0x000000076ab00000)
  object space 541184K, 82% used [0x00000006c0000000,0x00000006db39d158,0x00000006e1080000)
 Metaspace       used 6645K, capacity 7344K, committed 7552K, reserved 1056768K
  class space    used 598K, capacity 616K, committed 640K, reserved 1048576K
}
Event: 26.857 GC heap before
{Heap before GC invocations=26 (full 4):
 PSYoungGen      total 648192K, used 594098K [0x000000076ab00000, 0x00000007a7480000, 0x00000007c0000000)
  eden space 412160K, 100% used [0x000000076ab00000,0x0000000783d80000,0x0000000783d80000)
  from space 236032K, 77% used [0x0000000783d80000,0x000000078ef2ca30,0x0000000792400000)
  to   space 256000K, 0% used [0x0000000797a80000,0x0000000797a80000,0x00000007a7480000)
 ParOldGen       total 541184K, used 446068K [0x00000006c0000000, 0x00000006e1080000, 0x000000076ab00000)
  object space 541184K, 82% used [0x00000006c0000000,0x00000006db39d158,0x00000006e1080000)
 Metaspace       used 6647K, capacity 7344K, committed 7552K, reserved 1056768K
  class space    used 599K, capacity 616K, committed 640K, reserved 1048576K
Event: 27.145 GC heap after
Heap after GC invocations=26 (full 4):
 PSYoungGen      total 700928K, used 238403K [0x000000076ab00000, 0x00000007abb80000, 0x00000007c0000000)
  eden space 444928K, 0% used [0x000000076ab00000,0x000000076ab00000,0x0000000785d80000)
  from space 256000K, 93% used [0x0000000797a80000,0x00000007a6350c60,0x00000007a7480000)
  to   space 291840K, 0% used [0x0000000785d80000,0x0000000785d80000,0x0000000797a80000)
 ParOldGen       total 541184K, used 446068K [0x00000006c0000000, 0x00000006e1080000, 0x000000076ab00000)
  object space 541184K, 82% used [0x00000006c0000000,0x00000006db39d158,0x00000006e1080000)
 Metaspace       used 6647K, capacity 7344K, committed 7552K, reserved 1056768K
  class space    used 599K, capacity 616K, committed 640K, reserved 1048576K
}
Event: 28.288 GC heap before
{Heap before GC invocations=27 (full 4):
 PSYoungGen      total 700928K, used 683331K [0x000000076ab00000, 0x00000007abb80000, 0x00000007c0000000)
  eden space 444928K, 100% used [0x000000076ab00000,0x0000000785d80000,0x0000000785d80000)
  from space 256000K, 93% used [0x0000000797a80000,0x00000007a6350c60,0x00000007a7480000)
  to   space 291840K, 0% used [0x0000000785d80000,0x0000000785d80000,0x0000000797a80000)
 ParOldGen       total 541184K, used 446068K [0x00000006c0000000, 0x00000006e1080000, 0x000000076ab00000)
  object space 541184K, 82% used [0x00000006c0000000,0x00000006db39d158,0x00000006e1080000)
 Metaspace       used 6647K, capacity 7344K, committed 7552K, reserved 1056768K
  class space    used 599K, capacity 616K, committed 640K, reserved 1048576K
Event: 28.599 GC heap after
Heap after GC invocations=27 (full 4):
 PSYoungGen      total 736768K, used 291828K [0x000000076ab00000, 0x00000007b4880000, 0x00000007c0000000)
  eden space 444928K, 0% used [0x000000076ab00000,0x000000076ab00000,0x0000000785d80000)
  from space 291840K, 99% used [0x0000000785d80000,0x0000000797a7d0e8,0x0000000797a80000)
  to   space 344064K, 0% used [0x000000079f880000,0x000000079f880000,0x00000007b4880000)
 ParOldGen       total 541184K, used 456469K [0x00000006c0000000, 0x00000006e1080000, 0x000000076ab00000)
  object space 541184K, 84% used [0x00000006c0000000,0x00000006dbdc5580,0x00000006e1080000)
 Metaspace       used 6647K, capacity 7344K, committed 7552K, reserved 1056768K
  class space    used 599K, capacity 616K, committed 640K, reserved 1048576K
}
Event: 30.397 GC heap before
{Heap before GC invocations=28 (full 4):
 PSYoungGen      total 736768K, used 736756K [0x000000076ab00000, 0x00000007b4880000, 0x00000007c0000000)
  eden space 444928K, 100% used [0x000000076ab00000,0x0000000785d80000,0x0000000785d80000)
  from space 291840K, 99% used [0x0000000785d80000,0x0000000797a7d0e8,0x0000000797a80000)
  to   space 344064K, 0% used [0x000000079f880000,0x000000079f880000,0x00000007b4880000)
 ParOldGen       total 541184K, used 456469K [0x00000006c0000000, 0x00000006e1080000, 0x000000076ab00000)
  object space 541184K, 84% used [0x00000006c0000000,0x00000006dbdc5580,0x00000006e1080000)
 Metaspace       used 6695K, capacity 7344K, committed 7552K, reserved 1056768K
  class space    used 600K, capacity 616K, committed 640K, reserved 1048576K
Event: 34.365 GC heap after
Heap after GC invocations=28 (full 4):
 PSYoungGen      total 847360K, used 238293K [0x000000076ab00000, 0x00000007b8200000, 0x00000007c0000000)
  eden space 503296K, 0% used [0x000000076ab00000,0x000000076ab00000,0x0000000789680000)
  from space 344064K, 69% used [0x000000079f880000,0x00000007ae135628,0x00000007b4880000)
  to   space 362496K, 0% used [0x0000000789680000,0x0000000789680000,0x000000079f880000)
 ParOldGen       total 572416K, used 572390K [0x00000006c0000000, 0x00000006e2f00000, 0x000000076ab00000)
  object space 572416K, 99% used [0x00000006c0000000,0x00000006e2ef9a70,0x00000006e2f00000)
 Metaspace       used 6695K, capacity 7344K, committed 7552K, reserved 1056768K
  class space    used 600K, capacity 616K, committed 640K, reserved 1048576K
}
Event: 34.382 GC heap before
{Heap before GC invocations=29 (full 5):
 PSYoungGen      total 847360K, used 238293K [0x000000076ab00000, 0x00000007b8200000, 0x00000007c0000000)
  eden space 503296K, 0% used [0x000000076ab00000,0x000000076ab00000,0x0000000789680000)
  from space 344064K, 69% used [0x000000079f880000,0x00000007ae135628,0x00000007b4880000)
  to   space 362496K, 0% used [0x0000000789680000,0x0000000789680000,0x000000079f880000)
 ParOldGen       total 572416K, used 572390K [0x00000006c0000000, 0x00000006e2f00000, 0x000000076ab00000)
  object space 572416K, 99% used [0x00000006c0000000,0x00000006e2ef9a70,0x00000006e2f00000)
 Metaspace       used 6695K, capacity 7344K, committed 7552K, reserved 1056768K
  class space    used 600K, capacity 616K, committed 640K, reserved 1048576K

