# JRE version: OpenJDK Runtime Environment (8.0_202) (build 1.8.0_202-release-1483-b49-5587405)
# Java VM: OpenJDK 64-Bit Server VM (25.202-b49-5587405 mixed mode linux-amd64 compressed oops)
Heap:
 PSYoungGen      total 715264K, used 9415K [0x000000076ab00000, 0x00000007a0300000, 0x00000007c0000000)
  eden space 564224K, 0% used [0x000000076ab00000,0x000000076ab00000,0x000000078d200000)
  from space 151040K, 6% used [0x0000000796f80000,0x00000007978b1fd8,0x00000007a0300000)
  to   space 156160K, 0% used [0x000000078d200000,0x000000078d200000,0x0000000796a80000)
 ParOldGen       total 678912K, used 678874K [0x00000006c0000000, 0x00000006e9700000, 0x000000076ab00000)
  object space 678912K, 99% used [0x00000006c0000000,0x00000006e96f6998,0x00000006e9700000)
 Metaspace       used 6627K, capacity 7344K, committed 7552K, reserved 1056768K
  class space    used 598K, capacity 616K, committed 640K, reserved 1048576K
GC Heap History (10 events):
Event: 30.138 GC heap after
Heap after GC invocations=23 (full 4):
 PSYoungGen      total 541696K, used 135666K [0x000000076ab00000, 0x000000079b200000, 0x00000007c0000000)
  eden space 406016K, 0% used [0x000000076ab00000,0x000000076ab00000,0x0000000783780000)
  from space 135680K, 99% used [0x0000000783780000,0x000000078bbfc948,0x000000078bc00000)
  to   space 159232K, 0% used [0x0000000791680000,0x0000000791680000,0x000000079b200000)
 ParOldGen       total 478720K, used 360826K [0x00000006c0000000, 0x00000006dd380000, 0x000000076ab00000)
  object space 478720K, 75% used [0x00000006c0000000,0x00000006d605e8e8,0x00000006dd380000)
 Metaspace       used 6618K, capacity 7344K, committed 7552K, reserved 1056768K
  class space    used 598K, capacity 616K, committed 640K, reserved 1048576K
}
Event: 31.469 GC heap before
{Heap before GC invocations=24 (full 4):
 PSYoungGen      total 541696K, used 541682K [0x000000076ab00000, 0x000000079b200000, 0x00000007c0000000)
  eden space 406016K, 100% used [0x000000076ab00000,0x0000000783780000,0x0000000783780000)
  from space 135680K, 99% used [0x0000000783780000,0x000000078bbfc948,0x000000078bc00000)
  to   space 159232K, 0% used [0x0000000791680000,0x0000000791680000,0x000000079b200000)
 ParOldGen       total 478720K, used 360826K [0x00000006c0000000, 0x00000006dd380000, 0x000000076ab00000)
  object space 478720K, 75% used [0x00000006c0000000,0x00000006d605e8e8,0x00000006dd380000)
 Metaspace       used 6621K, capacity 7344K, committed 7552K, reserved 1056768K
  class space    used 598K, capacity 616K, committed 640K, reserved 1048576K
Event: 37.070 GC heap after
Heap after GC invocations=24 (full 4):
 PSYoungGen      total 622592K, used 120549K [0x000000076ab00000, 0x000000079dd80000, 0x00000007c0000000)
  eden space 463360K, 0% used [0x000000076ab00000,0x000000076ab00000,0x0000000786f80000)
  from space 159232K, 75% used [0x0000000791680000,0x0000000798c39550,0x000000079b200000)
  to   space 171008K, 0% used [0x0000000786f80000,0x0000000786f80000,0x0000000791680000)
 ParOldGen       total 478720K, used 434702K [0x00000006c0000000, 0x00000006dd380000, 0x000000076ab00000)
  object space 478720K, 90% used [0x00000006c0000000,0x00000006da883ad8,0x00000006dd380000)
 Metaspace       used 6621K, capacity 7344K, committed 7552K, reserved 1056768K
  class space    used 598K, capacity 616K, committed 640K, reserved 1048576K
}
Event: 37.078 GC heap before
{Heap before GC invocations=25 (full 5):
 PSYoungGen      total 622592K, used 120549K [0x000000076ab00000, 0x000000079dd80000, 0x00000007c0000000)
  eden space 463360K, 0% used [0x000000076ab00000,0x000000076ab00000,0x0000000786f80000)
  from space 159232K, 75% used [0x0000000791680000,0x0000000798c39550,0x000000079b200000)
  to   space 171008K, 0% used [0x0000000786f80000,0x0000000786f80000,0x0000000791680000)
 ParOldGen       total 478720K, used 434702K [0x00000006c0000000, 0x00000006dd380000, 0x000000076ab00000)
  object space 478720K, 90% used [0x00000006c0000000,0x00000006da883ad8,0x00000006dd380000)
 Metaspace       used 6621K, capacity 7344K, committed 7552K, reserved 1056768K
  class space    used 598K, capacity 616K, committed 640K, reserved 1048576K
Event: 40.643 GC heap after
Heap after GC invocations=25 (full 5):
 PSYoungGen      total 622592K, used 70022K [0x000000076ab00000, 0x000000079dd80000, 0x00000007c0000000)
  eden space 463360K, 0% used [0x000000076ab00000,0x000000076ab00000,0x0000000786f80000)
  from space 159232K, 43% used [0x0000000791680000,0x0000000795ae1900,0x000000079b200000)
  to   space 171008K, 0% used [0x0000000786f80000,0x0000000786f80000,0x0000000791680000)
 ParOldGen       total 678912K, used 478379K [0x00000006c0000000, 0x00000006e9700000, 0x000000076ab00000)
  object space 678912K, 70% used [0x00000006c0000000,0x00000006dd32aef8,0x00000006e9700000)
 Metaspace       used 6621K, capacity 7344K, committed 7552K, reserved 1056768K
  class space    used 598K, capacity 616K, committed 640K, reserved 1048576K
}
Event: 42.158 GC heap before
{Heap before GC invocations=26 (full 5):
 PSYoungGen      total 622592K, used 533382K [0x000000076ab00000, 0x000000079dd80000, 0x00000007c0000000)
  eden space 463360K, 100% used [0x000000076ab00000,0x0000000786f80000,0x0000000786f80000)
  from space 159232K, 43% used [0x0000000791680000,0x0000000795ae1900,0x000000079b200000)
  to   space 171008K, 0% used [0x0000000786f80000,0x0000000786f80000,0x0000000791680000)
 ParOldGen       total 678912K, used 478379K [0x00000006c0000000, 0x00000006e9700000, 0x000000076ab00000)
  object space 678912K, 70% used [0x00000006c0000000,0x00000006dd32aef8,0x00000006e9700000)
 Metaspace       used 6627K, capacity 7344K, committed 7552K, reserved 1056768K
  class space    used 598K, capacity 616K, committed 640K, reserved 1048576K
Event: 43.137 GC heap after
Heap after GC invocations=26 (full 5):
 PSYoungGen      total 634368K, used 72604K [0x000000076ab00000, 0x00000007a0e00000, 0x00000007c0000000)
  eden space 463360K, 0% used [0x000000076ab00000,0x000000076ab00000,0x0000000786f80000)
  from space 171008K, 42% used [0x0000000786f80000,0x000000078b667048,0x0000000791680000)
  to   space 162304K, 0% used [0x0000000796f80000,0x0000000796f80000,0x00000007a0e00000)
 ParOldGen       total 678912K, used 546580K [0x00000006c0000000, 0x00000006e9700000, 0x000000076ab00000)
  object space 678912K, 80% used [0x00000006c0000000,0x00000006e15c5038,0x00000006e9700000)
 Metaspace       used 6627K, capacity 7344K, committed 7552K, reserved 1056768K
  class space    used 598K, capacity 616K, committed 640K, reserved 1048576K
}
Event: 44.592 GC heap before
{Heap before GC invocations=27 (full 5):
 PSYoungGen      total 634368K, used 535964K [0x000000076ab00000, 0x00000007a0e00000, 0x00000007c0000000)
  eden space 463360K, 100% used [0x000000076ab00000,0x0000000786f80000,0x0000000786f80000)
  from space 171008K, 42% used [0x0000000786f80000,0x000000078b667048,0x0000000791680000)
  to   space 162304K, 0% used [0x0000000796f80000,0x0000000796f80000,0x00000007a0e00000)
 ParOldGen       total 678912K, used 546580K [0x00000006c0000000, 0x00000006e9700000, 0x000000076ab00000)
  object space 678912K, 80% used [0x00000006c0000000,0x00000006e15c5038,0x00000006e9700000)
 Metaspace       used 6627K, capacity 7344K, committed 7552K, reserved 1056768K
  class space    used 598K, capacity 616K, committed 640K, reserved 1048576K
Event: 45.361 GC heap after
Heap after GC invocations=27 (full 5):
 PSYoungGen      total 715264K, used 76285K [0x000000076ab00000, 0x00000007a0300000, 0x00000007c0000000)
  eden space 564224K, 0% used [0x000000076ab00000,0x000000076ab00000,0x000000078d200000)
  from space 151040K, 50% used [0x0000000796f80000,0x000000079b9ff610,0x00000007a0300000)
  to   space 156160K, 0% used [0x000000078d200000,0x000000078d200000,0x0000000796a80000)
 ParOldGen       total 678912K, used 616839K [0x00000006c0000000, 0x00000006e9700000, 0x000000076ab00000)
  object space 678912K, 90% used [0x00000006c0000000,0x00000006e5a61e20,0x00000006e9700000)
 Metaspace       used 6627K, capacity 7344K, committed 7552K, reserved 1056768K
  class space    used 598K, capacity 616K, committed 640K, reserved 1048576K
}
Event: 45.361 GC heap before
{Heap before GC invocations=28 (full 6):
 PSYoungGen      total 715264K, used 76285K [0x000000076ab00000, 0x00000007a0300000, 0x00000007c0000000)
  eden space 564224K, 0% used [0x000000076ab00000,0x000000076ab00000,0x000000078d200000)
  from space 151040K, 50% used [0x0000000796f80000,0x000000079b9ff610,0x00000007a0300000)
  to   space 156160K, 0% used [0x000000078d200000,0x000000078d200000,0x0000000796a80000)
 ParOldGen       total 678912K, used 616839K [0x00000006c0000000, 0x00000006e9700000, 0x000000076ab00000)
  object space 678912K, 90% used [0x00000006c0000000,0x00000006e5a61e20,0x00000006e9700000)
 Metaspace       used 6627K, capacity 7344K, committed 7552K, reserved 1056768K
  class space    used 598K, capacity 616K, committed 640K, reserved 1048576K

