# JRE version: OpenJDK Runtime Environment (8.0_202) (build 1.8.0_202-release-1483-b49-5587405)
# Java VM: OpenJDK 64-Bit Server VM (25.202-b49-5587405 mixed mode linux-amd64 compressed oops)
Heap:
 PSYoungGen      total 568832K, used 65025K [0x000000076ab00000, 0x0000000797980000, 0x00000007c0000000)
  eden space 437760K, 0% used [0x000000076ab00000,0x000000076ab00000,0x0000000785680000)
  from space 131072K, 49% used [0x0000000785680000,0x00000007896004e0,0x000000078d680000)
  to   space 101888K, 0% used [0x000000078d680000,0x000000078d680000,0x0000000793a00000)
 ParOldGen       total 318976K, used 272237K [0x00000006c0000000, 0x00000006d3780000, 0x000000076ab00000)
  object space 318976K, 85% used [0x00000006c0000000,0x00000006d09db700,0x00000006d3780000)
 Metaspace       used 6577K, capacity 7280K, committed 7552K, reserved 1056768K
  class space    used 597K, capacity 616K, committed 640K, reserved 1048576K
GC Heap History (10 events):
Event: 21.470 GC heap after
Heap after GC invocations=11 (full 1):
 PSYoungGen      total 410112K, used 63973K [0x000000076ab00000, 0x0000000793f80000, 0x00000007c0000000)
  eden space 346112K, 0% used [0x000000076ab00000,0x000000076ab00000,0x000000077fd00000)
  from space 64000K, 99% used [0x0000000785400000,0x00000007892796d0,0x0000000789280000)
  to   space 89088K, 0% used [0x000000077fd00000,0x000000077fd00000,0x0000000785400000)
 ParOldGen       total 122880K, used 122430K [0x00000006c0000000, 0x00000006c7800000, 0x000000076ab00000)
  object space 122880K, 99% used [0x00000006c0000000,0x00000006c778fb18,0x00000006c7800000)
 Metaspace       used 6498K, capacity 7280K, committed 7552K, reserved 1056768K
  class space    used 595K, capacity 616K, committed 640K, reserved 1048576K
}
Event: 21.514 GC heap before
{Heap before GC invocations=12 (full 2):
 PSYoungGen      total 410112K, used 63973K [0x000000076ab00000, 0x0000000793f80000, 0x00000007c0000000)
  eden space 346112K, 0% used [0x000000076ab00000,0x000000076ab00000,0x000000077fd00000)
  from space 64000K, 99% used [0x0000000785400000,0x00000007892796d0,0x0000000789280000)
  to   space 89088K, 0% used [0x000000077fd00000,0x000000077fd00000,0x0000000785400000)
 ParOldGen       total 122880K, used 122430K [0x00000006c0000000, 0x00000006c7800000, 0x000000076ab00000)
  object space 122880K, 99% used [0x00000006c0000000,0x00000006c778fb18,0x00000006c7800000)
 Metaspace       used 6498K, capacity 7280K, committed 7552K, reserved 1056768K
  class space    used 595K, capacity 616K, committed 640K, reserved 1048576K
Event: 23.255 GC heap after
Heap after GC invocations=12 (full 2):
 PSYoungGen      total 410112K, used 49986K [0x000000076ab00000, 0x0000000793f80000, 0x00000007c0000000)
  eden space 346112K, 0% used [0x000000076ab00000,0x000000076ab00000,0x000000077fd00000)
  from space 64000K, 78% used [0x0000000785400000,0x00000007884d0b18,0x0000000789280000)
  to   space 89088K, 0% used [0x000000077fd00000,0x000000077fd00000,0x0000000785400000)
 ParOldGen       total 210432K, used 122830K [0x00000006c0000000, 0x00000006ccd80000, 0x000000076ab00000)
  object space 210432K, 58% used [0x00000006c0000000,0x00000006c77f3ac0,0x00000006ccd80000)
 Metaspace       used 6498K, capacity 7280K, committed 7552K, reserved 1056768K
  class space    used 595K, capacity 616K, committed 640K, reserved 1048576K
}
Event: 26.610 GC heap before
{Heap before GC invocations=13 (full 2):
 PSYoungGen      total 410112K, used 396098K [0x000000076ab00000, 0x0000000793f80000, 0x00000007c0000000)
  eden space 346112K, 100% used [0x000000076ab00000,0x000000077fd00000,0x000000077fd00000)
  from space 64000K, 78% used [0x0000000785400000,0x00000007884d0b18,0x0000000789280000)
  to   space 89088K, 0% used [0x000000077fd00000,0x000000077fd00000,0x0000000785400000)
 ParOldGen       total 210432K, used 122830K [0x00000006c0000000, 0x00000006ccd80000, 0x000000076ab00000)
  object space 210432K, 58% used [0x00000006c0000000,0x00000006c77f3ac0,0x00000006ccd80000)
 Metaspace       used 6533K, capacity 7280K, committed 7552K, reserved 1056768K
  class space    used 596K, capacity 616K, committed 640K, reserved 1048576K
Event: 26.822 GC heap after
Heap after GC invocations=13 (full 2):
 PSYoungGen      total 435200K, used 82843K [0x000000076ab00000, 0x0000000793a00000, 0x00000007c0000000)
  eden space 346112K, 0% used [0x000000076ab00000,0x000000076ab00000,0x000000077fd00000)
  from space 89088K, 92% used [0x000000077fd00000,0x0000000784de6f08,0x0000000785400000)
  to   space 101888K, 0% used [0x000000078d680000,0x000000078d680000,0x0000000793a00000)
 ParOldGen       total 210432K, used 142674K [0x00000006c0000000, 0x00000006ccd80000, 0x000000076ab00000)
  object space 210432K, 67% used [0x00000006c0000000,0x00000006c8b54a68,0x00000006ccd80000)
 Metaspace       used 6533K, capacity 7280K, committed 7552K, reserved 1056768K
  class space    used 596K, capacity 616K, committed 640K, reserved 1048576K
}
Event: 28.654 GC heap before
{Heap before GC invocations=14 (full 2):
 PSYoungGen      total 435200K, used 428955K [0x000000076ab00000, 0x0000000793a00000, 0x00000007c0000000)
  eden space 346112K, 100% used [0x000000076ab00000,0x000000077fd00000,0x000000077fd00000)
  from space 89088K, 92% used [0x000000077fd00000,0x0000000784de6f08,0x0000000785400000)
  to   space 101888K, 0% used [0x000000078d680000,0x000000078d680000,0x0000000793a00000)
 ParOldGen       total 210432K, used 142674K [0x00000006c0000000, 0x00000006ccd80000, 0x000000076ab00000)
  object space 210432K, 67% used [0x00000006c0000000,0x00000006c8b54a68,0x00000006ccd80000)
 Metaspace       used 6541K, capacity 7280K, committed 7552K, reserved 1056768K
  class space    used 596K, capacity 616K, committed 640K, reserved 1048576K
Event: 29.095 GC heap after
Heap after GC invocations=14 (full 2):
 PSYoungGen      total 539648K, used 101860K [0x000000076ab00000, 0x0000000797980000, 0x00000007c0000000)
  eden space 437760K, 0% used [0x000000076ab00000,0x000000076ab00000,0x0000000785680000)
  from space 101888K, 99% used [0x000000078d680000,0x00000007939f9328,0x0000000793a00000)
  to   space 131072K, 0% used [0x0000000785680000,0x0000000785680000,0x000000078d680000)
 ParOldGen       total 210432K, used 174995K [0x00000006c0000000, 0x00000006ccd80000, 0x000000076ab00000)
  object space 210432K, 83% used [0x00000006c0000000,0x00000006caae4c58,0x00000006ccd80000)
 Metaspace       used 6541K, capacity 7280K, committed 7552K, reserved 1056768K
  class space    used 596K, capacity 616K, committed 640K, reserved 1048576K
}
Event: 29.097 GC heap before
{Heap before GC invocations=15 (full 3):
 PSYoungGen      total 539648K, used 101860K [0x000000076ab00000, 0x0000000797980000, 0x00000007c0000000)
  eden space 437760K, 0% used [0x000000076ab00000,0x000000076ab00000,0x0000000785680000)
  from space 101888K, 99% used [0x000000078d680000,0x00000007939f9328,0x0000000793a00000)
  to   space 131072K, 0% used [0x0000000785680000,0x0000000785680000,0x000000078d680000)
 ParOldGen       total 210432K, used 174995K [0x00000006c0000000, 0x00000006ccd80000, 0x000000076ab00000)
  object space 210432K, 83% used [0x00000006c0000000,0x00000006caae4c58,0x00000006ccd80000)
 Metaspace       used 6541K, capacity 7280K, committed 7552K, reserved 1056768K
  class space    used 596K, capacity 616K, committed 640K, reserved 1048576K
Event: 30.952 GC heap after
Heap after GC invocations=15 (full 3):
 PSYoungGen      total 539648K, used 61487K [0x000000076ab00000, 0x0000000797980000, 0x00000007c0000000)
  eden space 437760K, 0% used [0x000000076ab00000,0x000000076ab00000,0x0000000785680000)
  from space 101888K, 60% used [0x000000078d680000,0x000000079128bcd0,0x0000000793a00000)
  to   space 131072K, 0% used [0x0000000785680000,0x0000000785680000,0x000000078d680000)
 ParOldGen       total 318976K, used 210256K [0x00000006c0000000, 0x00000006d3780000, 0x000000076ab00000)
  object space 318976K, 65% used [0x00000006c0000000,0x00000006ccd541c0,0x00000006d3780000)
 Metaspace       used 6541K, capacity 7280K, committed 7552K, reserved 1056768K
  class space    used 596K, capacity 616K, committed 640K, reserved 1048576K
}
Event: 34.500 GC heap before
{Heap before GC invocations=16 (full 3):
 PSYoungGen      total 539648K, used 499247K [0x000000076ab00000, 0x0000000797980000, 0x00000007c0000000)
  eden space 437760K, 100% used [0x000000076ab00000,0x0000000785680000,0x0000000785680000)
  from space 101888K, 60% used [0x000000078d680000,0x000000079128bcd0,0x0000000793a00000)
  to   space 131072K, 0% used [0x0000000785680000,0x0000000785680000,0x000000078d680000)
 ParOldGen       total 318976K, used 210256K [0x00000006c0000000, 0x00000006d3780000, 0x000000076ab00000)
  object space 318976K, 65% used [0x00000006c0000000,0x00000006ccd541c0,0x00000006d3780000)
 Metaspace       used 6577K, capacity 7280K, committed 7552K, reserved 1056768K
  class space    used 597K, capacity 616K, committed 640K, reserved 1048576K

