# JRE version: OpenJDK Runtime Environment (8.0_202) (build 1.8.0_202-release-1483-b49-5587405)
# Java VM: OpenJDK 64-Bit Server VM (25.202-b49-5587405 mixed mode linux-amd64 compressed oops)
Heap:
 PSYoungGen      total 787456K, used 117380K [0x000000076ab00000, 0x00000007b2c00000, 0x00000007c0000000)
  eden space 514560K, 0% used [0x000000076ab00000,0x000000076ab00000,0x000000078a180000)
  from space 272896K, 43% used [0x000000078a180000,0x0000000791421360,0x000000079ac00000)
  to   space 292864K, 0% used [0x00000007a0e00000,0x00000007a0e00000,0x00000007b2c00000)
 ParOldGen       total 584192K, used 583771K [0x00000006c0000000, 0x00000006e3a80000, 0x000000076ab00000)
  object space 584192K, 99% used [0x00000006c0000000,0x00000006e3a16f70,0x00000006e3a80000)
 Metaspace       used 6632K, capacity 7344K, committed 7552K, reserved 1056768K
  class space    used 599K, capacity 616K, committed 640K, reserved 1048576K
GC Heap History (10 events):
Event: 20.294 GC heap after
Heap after GC invocations=19 (full 3):
 PSYoungGen      total 681984K, used 129623K [0x000000076ab00000, 0x00000007a2b80000, 0x00000007c0000000)
  eden space 496128K, 0% used [0x000000076ab00000,0x000000076ab00000,0x0000000788f80000)
  from space 185856K, 69% used [0x0000000794f80000,0x000000079ce15d98,0x00000007a0500000)
  to   space 196608K, 0% used [0x0000000788f80000,0x0000000788f80000,0x0000000794f80000)
 ParOldGen       total 379392K, used 378357K [0x00000006c0000000, 0x00000006d7280000, 0x000000076ab00000)
  object space 379392K, 99% used [0x00000006c0000000,0x00000006d717d768,0x00000006d7280000)
 Metaspace       used 6622K, capacity 7344K, committed 7552K, reserved 1056768K
  class space    used 598K, capacity 616K, committed 640K, reserved 1048576K
}
Event: 20.294 GC heap before
{Heap before GC invocations=20 (full 4):
 PSYoungGen      total 681984K, used 129623K [0x000000076ab00000, 0x00000007a2b80000, 0x00000007c0000000)
  eden space 496128K, 0% used [0x000000076ab00000,0x000000076ab00000,0x0000000788f80000)
  from space 185856K, 69% used [0x0000000794f80000,0x000000079ce15d98,0x00000007a0500000)
  to   space 196608K, 0% used [0x0000000788f80000,0x0000000788f80000,0x0000000794f80000)
 ParOldGen       total 379392K, used 378357K [0x00000006c0000000, 0x00000006d7280000, 0x000000076ab00000)
  object space 379392K, 99% used [0x00000006c0000000,0x00000006d717d768,0x00000006d7280000)
 Metaspace       used 6622K, capacity 7344K, committed 7552K, reserved 1056768K
  class space    used 598K, capacity 616K, committed 640K, reserved 1048576K
Event: 23.637 GC heap after
Heap after GC invocations=20 (full 4):
 PSYoungGen      total 681984K, used 119538K [0x000000076ab00000, 0x00000007a2b80000, 0x00000007c0000000)
  eden space 496128K, 0% used [0x000000076ab00000,0x000000076ab00000,0x0000000788f80000)
  from space 185856K, 64% used [0x0000000794f80000,0x000000079c43c818,0x00000007a0500000)
  to   space 196608K, 0% used [0x0000000788f80000,0x0000000788f80000,0x0000000794f80000)
 ParOldGen       total 584192K, used 379273K [0x00000006c0000000, 0x00000006e3a80000, 0x000000076ab00000)
  object space 584192K, 64% used [0x00000006c0000000,0x00000006d72626e0,0x00000006e3a80000)
 Metaspace       used 6622K, capacity 7344K, committed 7552K, reserved 1056768K
  class space    used 598K, capacity 616K, committed 640K, reserved 1048576K
}
Event: 25.417 GC heap before
{Heap before GC invocations=21 (full 4):
 PSYoungGen      total 681984K, used 615666K [0x000000076ab00000, 0x00000007a2b80000, 0x00000007c0000000)
  eden space 496128K, 100% used [0x000000076ab00000,0x0000000788f80000,0x0000000788f80000)
  from space 185856K, 64% used [0x0000000794f80000,0x000000079c43c818,0x00000007a0500000)
  to   space 196608K, 0% used [0x0000000788f80000,0x0000000788f80000,0x0000000794f80000)
 ParOldGen       total 584192K, used 379273K [0x00000006c0000000, 0x00000006e3a80000, 0x000000076ab00000)
  object space 584192K, 64% used [0x00000006c0000000,0x00000006d72626e0,0x00000006e3a80000)
 Metaspace       used 6625K, capacity 7344K, committed 7552K, reserved 1056768K
  class space    used 598K, capacity 616K, committed 640K, reserved 1048576K
Event: 25.776 GC heap after
Heap after GC invocations=21 (full 4):
 PSYoungGen      total 692736K, used 181456K [0x000000076ab00000, 0x00000007a8700000, 0x00000007c0000000)
  eden space 496128K, 0% used [0x000000076ab00000,0x000000076ab00000,0x0000000788f80000)
  from space 196608K, 92% used [0x0000000788f80000,0x00000007940b4190,0x0000000794f80000)
  to   space 224256K, 0% used [0x000000079ac00000,0x000000079ac00000,0x00000007a8700000)
 ParOldGen       total 584192K, used 379273K [0x00000006c0000000, 0x00000006e3a80000, 0x000000076ab00000)
  object space 584192K, 64% used [0x00000006c0000000,0x00000006d72626e0,0x00000006e3a80000)
 Metaspace       used 6625K, capacity 7344K, committed 7552K, reserved 1056768K
  class space    used 598K, capacity 616K, committed 640K, reserved 1048576K
}
Event: 27.429 GC heap before
{Heap before GC invocations=22 (full 4):
 PSYoungGen      total 692736K, used 677584K [0x000000076ab00000, 0x00000007a8700000, 0x00000007c0000000)
  eden space 496128K, 100% used [0x000000076ab00000,0x0000000788f80000,0x0000000788f80000)
  from space 196608K, 92% used [0x0000000788f80000,0x00000007940b4190,0x0000000794f80000)
  to   space 224256K, 0% used [0x000000079ac00000,0x000000079ac00000,0x00000007a8700000)
 ParOldGen       total 584192K, used 379273K [0x00000006c0000000, 0x00000006e3a80000, 0x000000076ab00000)
  object space 584192K, 64% used [0x00000006c0000000,0x00000006d72626e0,0x00000006e3a80000)
 Metaspace       used 6631K, capacity 7344K, committed 7552K, reserved 1056768K
  class space    used 598K, capacity 616K, committed 640K, reserved 1048576K
Event: 27.880 GC heap after
Heap after GC invocations=22 (full 4):
 PSYoungGen      total 738816K, used 224226K [0x000000076ab00000, 0x00000007aed00000, 0x00000007c0000000)
  eden space 514560K, 0% used [0x000000076ab00000,0x000000076ab00000,0x000000078a180000)
  from space 224256K, 99% used [0x000000079ac00000,0x00000007a86f8980,0x00000007a8700000)
  to   space 272896K, 0% used [0x000000078a180000,0x000000078a180000,0x000000079ac00000)
 ParOldGen       total 584192K, used 408189K [0x00000006c0000000, 0x00000006e3a80000, 0x000000076ab00000)
  object space 584192K, 69% used [0x00000006c0000000,0x00000006d8e9f4d8,0x00000006e3a80000)
 Metaspace       used 6631K, capacity 7344K, committed 7552K, reserved 1056768K
  class space    used 598K, capacity 616K, committed 640K, reserved 1048576K
}
Event: 29.579 GC heap before
{Heap before GC invocations=23 (full 4):
 PSYoungGen      total 738816K, used 738786K [0x000000076ab00000, 0x00000007aed00000, 0x00000007c0000000)
  eden space 514560K, 100% used [0x000000076ab00000,0x000000078a180000,0x000000078a180000)
  from space 224256K, 99% used [0x000000079ac00000,0x00000007a86f8980,0x00000007a8700000)
  to   space 272896K, 0% used [0x000000078a180000,0x000000078a180000,0x000000079ac00000)
 ParOldGen       total 584192K, used 408189K [0x00000006c0000000, 0x00000006e3a80000, 0x000000076ab00000)
  object space 584192K, 69% used [0x00000006c0000000,0x00000006d8e9f4d8,0x00000006e3a80000)
 Metaspace       used 6632K, capacity 7344K, committed 7552K, reserved 1056768K
  class space    used 599K, capacity 616K, committed 640K, reserved 1048576K
Event: 29.983 GC heap after
Heap after GC invocations=23 (full 4):
 PSYoungGen      total 787456K, used 202541K [0x000000076ab00000, 0x00000007b2c00000, 0x00000007c0000000)
  eden space 514560K, 0% used [0x000000076ab00000,0x000000076ab00000,0x000000078a180000)
  from space 272896K, 74% used [0x000000078a180000,0x000000079674b638,0x000000079ac00000)
  to   space 292864K, 0% used [0x00000007a0e00000,0x00000007a0e00000,0x00000007b2c00000)
 ParOldGen       total 584192K, used 506752K [0x00000006c0000000, 0x00000006e3a80000, 0x000000076ab00000)
  object space 584192K, 86% used [0x00000006c0000000,0x00000006deee01b8,0x00000006e3a80000)
 Metaspace       used 6632K, capacity 7344K, committed 7552K, reserved 1056768K
  class space    used 599K, capacity 616K, committed 640K, reserved 1048576K
}
Event: 29.983 GC heap before
{Heap before GC invocations=24 (full 5):
 PSYoungGen      total 787456K, used 202541K [0x000000076ab00000, 0x00000007b2c00000, 0x00000007c0000000)
  eden space 514560K, 0% used [0x000000076ab00000,0x000000076ab00000,0x000000078a180000)
  from space 272896K, 74% used [0x000000078a180000,0x000000079674b638,0x000000079ac00000)
  to   space 292864K, 0% used [0x00000007a0e00000,0x00000007a0e00000,0x00000007b2c00000)
 ParOldGen       total 584192K, used 506752K [0x00000006c0000000, 0x00000006e3a80000, 0x000000076ab00000)
  object space 584192K, 86% used [0x00000006c0000000,0x00000006deee01b8,0x00000006e3a80000)
 Metaspace       used 6632K, capacity 7344K, committed 7552K, reserved 1056768K
  class space    used 599K, capacity 616K, committed 640K, reserved 1048576K

