# JRE version: OpenJDK Runtime Environment (8.0_202) (build 1.8.0_202-release-1483-b49-5587405)
# Java VM: OpenJDK 64-Bit Server VM (25.202-b49-5587405 mixed mode linux-amd64 compressed oops)
Heap:
 PSYoungGen      total 694784K, used 187074K [0x000000076ab00000, 0x00000007a7080000, 0x00000007c0000000)
  eden space 478208K, 0% used [0x000000076ab00000,0x000000076ab00000,0x0000000787e00000)
  from space 216576K, 86% used [0x0000000787e00000,0x00000007934b0b90,0x0000000795180000)
  to   space 175104K, 0% used [0x0000000795180000,0x0000000795180000,0x000000079fc80000)
 ParOldGen       total 507904K, used 466088K [0x00000006c0000000, 0x00000006df000000, 0x000000076ab00000)
  object space 507904K, 91% used [0x00000006c0000000,0x00000006dc72a240,0x00000006df000000)
 Metaspace       used 6650K, capacity 7344K, committed 7552K, reserved 1056768K
  class space    used 599K, capacity 616K, committed 640K, reserved 1048576K
GC Heap History (10 events):
Event: 17.345 GC heap after
Heap after GC invocations=20 (full 3):
 PSYoungGen      total 501760K, used 117755K [0x000000076ab00000, 0x0000000798980000, 0x00000007c0000000)
  eden space 384000K, 0% used [0x000000076ab00000,0x000000076ab00000,0x0000000782200000)
  from space 117760K, 99% used [0x0000000782200000,0x00000007894fef08,0x0000000789500000)
  to   space 150016K, 0% used [0x000000078f700000,0x000000078f700000,0x0000000798980000)
 ParOldGen       total 338432K, used 297155K [0x00000006c0000000, 0x00000006d4a80000, 0x000000076ab00000)
  object space 338432K, 87% used [0x00000006c0000000,0x00000006d2230d98,0x00000006d4a80000)
 Metaspace       used 6624K, capacity 7344K, committed 7552K, reserved 1056768K
  class space    used 597K, capacity 616K, committed 640K, reserved 1048576K
}
Event: 17.345 GC heap before
{Heap before GC invocations=21 (full 4):
 PSYoungGen      total 501760K, used 117755K [0x000000076ab00000, 0x0000000798980000, 0x00000007c0000000)
  eden space 384000K, 0% used [0x000000076ab00000,0x000000076ab00000,0x0000000782200000)
  from space 117760K, 99% used [0x0000000782200000,0x00000007894fef08,0x0000000789500000)
  to   space 150016K, 0% used [0x000000078f700000,0x000000078f700000,0x0000000798980000)
 ParOldGen       total 338432K, used 297155K [0x00000006c0000000, 0x00000006d4a80000, 0x000000076ab00000)
  object space 338432K, 87% used [0x00000006c0000000,0x00000006d2230d98,0x00000006d4a80000)
 Metaspace       used 6624K, capacity 7344K, committed 7552K, reserved 1056768K
  class space    used 597K, capacity 616K, committed 640K, reserved 1048576K
Event: 19.156 GC heap after
Heap after GC invocations=21 (full 4):
 PSYoungGen      total 501760K, used 54065K [0x000000076ab00000, 0x0000000798980000, 0x00000007c0000000)
  eden space 384000K, 0% used [0x000000076ab00000,0x000000076ab00000,0x0000000782200000)
  from space 117760K, 45% used [0x0000000782200000,0x00000007856cc450,0x0000000789500000)
  to   space 150016K, 0% used [0x000000078f700000,0x000000078f700000,0x0000000798980000)
 ParOldGen       total 507904K, used 338073K [0x00000006c0000000, 0x00000006df000000, 0x000000076ab00000)
  object space 507904K, 66% used [0x00000006c0000000,0x00000006d4a26758,0x00000006df000000)
 Metaspace       used 6624K, capacity 7344K, committed 7552K, reserved 1056768K
  class space    used 597K, capacity 616K, committed 640K, reserved 1048576K
}
Event: 20.272 GC heap before
{Heap before GC invocations=22 (full 4):
 PSYoungGen      total 501760K, used 438065K [0x000000076ab00000, 0x0000000798980000, 0x00000007c0000000)
  eden space 384000K, 100% used [0x000000076ab00000,0x0000000782200000,0x0000000782200000)
  from space 117760K, 45% used [0x0000000782200000,0x00000007856cc450,0x0000000789500000)
  to   space 150016K, 0% used [0x000000078f700000,0x000000078f700000,0x0000000798980000)
 ParOldGen       total 507904K, used 338073K [0x00000006c0000000, 0x00000006df000000, 0x000000076ab00000)
  object space 507904K, 66% used [0x00000006c0000000,0x00000006d4a26758,0x00000006df000000)
 Metaspace       used 6639K, capacity 7344K, committed 7552K, reserved 1056768K
  class space    used 598K, capacity 616K, committed 640K, reserved 1048576K
Event: 20.598 GC heap after
Heap after GC invocations=22 (full 4):
 PSYoungGen      total 598016K, used 86619K [0x000000076ab00000, 0x0000000798980000, 0x00000007c0000000)
  eden space 448000K, 0% used [0x000000076ab00000,0x000000076ab00000,0x0000000786080000)
  from space 150016K, 57% used [0x000000078f700000,0x0000000794b96e90,0x0000000798980000)
  to   space 152064K, 0% used [0x0000000786080000,0x0000000786080000,0x000000078f500000)
 ParOldGen       total 507904K, used 368587K [0x00000006c0000000, 0x00000006df000000, 0x000000076ab00000)
  object space 507904K, 72% used [0x00000006c0000000,0x00000006d67f2d90,0x00000006df000000)
 Metaspace       used 6639K, capacity 7344K, committed 7552K, reserved 1056768K
  class space    used 598K, capacity 616K, committed 640K, reserved 1048576K
}
Event: 22.003 GC heap before
{Heap before GC invocations=23 (full 4):
 PSYoungGen      total 598016K, used 534619K [0x000000076ab00000, 0x0000000798980000, 0x00000007c0000000)
  eden space 448000K, 100% used [0x000000076ab00000,0x0000000786080000,0x0000000786080000)
  from space 150016K, 57% used [0x000000078f700000,0x0000000794b96e90,0x0000000798980000)
  to   space 152064K, 0% used [0x0000000786080000,0x0000000786080000,0x000000078f500000)
 ParOldGen       total 507904K, used 368587K [0x00000006c0000000, 0x00000006df000000, 0x000000076ab00000)
  object space 507904K, 72% used [0x00000006c0000000,0x00000006d67f2d90,0x00000006df000000)
 Metaspace       used 6642K, capacity 7344K, committed 7552K, reserved 1056768K
  class space    used 598K, capacity 616K, committed 640K, reserved 1048576K
Event: 22.193 GC heap after
Heap after GC invocations=23 (full 4):
 PSYoungGen      total 600064K, used 146490K [0x000000076ab00000, 0x000000079fc80000, 0x00000007c0000000)
  eden space 448000K, 0% used [0x000000076ab00000,0x000000076ab00000,0x0000000786080000)
  from space 152064K, 96% used [0x0000000786080000,0x000000078ef8e980,0x000000078f500000)
  to   space 175104K, 0% used [0x0000000795180000,0x0000000795180000,0x000000079fc80000)
 ParOldGen       total 507904K, used 368587K [0x00000006c0000000, 0x00000006df000000, 0x000000076ab00000)
  object space 507904K, 72% used [0x00000006c0000000,0x00000006d67f2d90,0x00000006df000000)
 Metaspace       used 6642K, capacity 7344K, committed 7552K, reserved 1056768K
  class space    used 598K, capacity 616K, committed 640K, reserved 1048576K
}
Event: 23.445 GC heap before
{Heap before GC invocations=24 (full 4):
 PSYoungGen      total 600064K, used 594490K [0x000000076ab00000, 0x000000079fc80000, 0x00000007c0000000)
  eden space 448000K, 100% used [0x000000076ab00000,0x0000000786080000,0x0000000786080000)
  from space 152064K, 96% used [0x0000000786080000,0x000000078ef8e980,0x000000078f500000)
  to   space 175104K, 0% used [0x0000000795180000,0x0000000795180000,0x000000079fc80000)
 ParOldGen       total 507904K, used 368587K [0x00000006c0000000, 0x00000006df000000, 0x000000076ab00000)
  object space 507904K, 72% used [0x00000006c0000000,0x00000006d67f2d90,0x00000006df000000)
 Metaspace       used 6643K, capacity 7344K, committed 7552K, reserved 1056768K
  class space    used 598K, capacity 616K, committed 640K, reserved 1048576K
Event: 35.264 GC heap after
Heap after GC invocations=24 (full 4):
 PSYoungGen      total 653312K, used 175085K [0x000000076ab00000, 0x00000007a7080000, 0x00000007c0000000)
  eden space 478208K, 0% used [0x000000076ab00000,0x000000076ab00000,0x0000000787e00000)
  from space 175104K, 99% used [0x0000000795180000,0x000000079fc7b4c0,0x000000079fc80000)
  to   space 216576K, 0% used [0x0000000787e00000,0x0000000787e00000,0x0000000795180000)
 ParOldGen       total 507904K, used 402369K [0x00000006c0000000, 0x00000006df000000, 0x000000076ab00000)
  object space 507904K, 79% used [0x00000006c0000000,0x00000006d88f04f8,0x00000006df000000)
 Metaspace       used 6643K, capacity 7344K, committed 7552K, reserved 1056768K
  class space    used 598K, capacity 616K, committed 640K, reserved 1048576K
}
Event: 37.464 GC heap before
{Heap before GC invocations=25 (full 4):
 PSYoungGen      total 653312K, used 653293K [0x000000076ab00000, 0x00000007a7080000, 0x00000007c0000000)
  eden space 478208K, 100% used [0x000000076ab00000,0x0000000787e00000,0x0000000787e00000)
  from space 175104K, 99% used [0x0000000795180000,0x000000079fc7b4c0,0x000000079fc80000)
  to   space 216576K, 0% used [0x0000000787e00000,0x0000000787e00000,0x0000000795180000)
 ParOldGen       total 507904K, used 402369K [0x00000006c0000000, 0x00000006df000000, 0x000000076ab00000)
  object space 507904K, 79% used [0x00000006c0000000,0x00000006d88f04f8,0x00000006df000000)
 Metaspace       used 6650K, capacity 7344K, committed 7552K, reserved 1056768K
  class space    used 599K, capacity 616K, committed 640K, reserved 1048576K

